
     program ld1 starts. version 11-Feb-05
     today is 21Dec2005 at 16:47:33 

     -------------------- All-electron run ------------------------------

     O                                                                          

     atomic number is  8.00
     dft =PBE   lsd =0 sic =0 latt =0  beta=0.50 tr2=1.0E-14
     mesh =1095 r(mesh) =  99.04343 xmin = -7.00 dx = 0.01250

     n l     nl                  e(Ryd)         e(Ha)          e(eV)
     1 0     1S 1( 2.00)       -37.7973       -18.8987      -514.2629
     2 0     2S 1( 2.00)        -1.7577        -0.8788       -23.9149
     2 1     2P 1( 4.00)        -0.6643        -0.3321        -9.0378
     3 2     3D 1(-1.00)         0.0000         0.0000         0.0000

     eps = 1.3E-15  iter = 20
 
     Etot =    -149.890991 Ry,     -74.945496 Ha,   -2039.386845 eV

     Ekin =     149.468706 Ry,      74.734353 Ha,    2033.641324 eV
     Encl =    -355.645089 Ry,    -177.822544 Ha,   -4838.835950 eV
     Eh   =      72.821012 Ry,      36.410506 Ha,     990.788123 eV
     Exc  =     -16.535620 Ry,      -8.267810 Ha,    -224.980343 eV
     Evxt =       0.000000 Ry,       0.000000 Ha,       0.000000 eV
     Epseu=       0.000000 Ry,       0.000000 Ha,       0.000000 eV


     normalization and overlap integrals

     s(1S/1S) =  1.000000  <r> =   0.1997  <r2> =    0.0539  r(max) =   0.1298
     s(1S/2S) =  0.000000
     s(2S/2S) =  1.000000  <r> =   1.1407  <r2> =    1.5839  r(max) =   0.8677
     s(2P/2P) =  1.000000  <r> =   1.2656  <r2> =    2.1371  r(max) =   0.8151
     s(3D/3D) =  0.000000  <r> =   0.0000  <r2> =    0.0000  r(max) =  99.0434

     -------------------- End of All-electron run ----------------------

 eh   27.2110992020378     
 exc  -7.06661365535204     
 eh   27.2110992195351     
 exc  -7.06661365700585     
 eh   27.2110992202171     
 exc  -7.06661365711168     
 eh   27.2115432668299     
 exc  -7.06673010725065     
 eh   27.2046373742055     
 exc  -7.06610843437814     
 eh   27.2046373748874     
 exc  -7.06610843448396     
 eh   27.2111976761813     
 exc  -7.06664806834971     
 eh   27.2053284659766     
 exc  -7.06610764259097     
 eh   27.2053284666586     
 exc  -7.06610764269679     
 eh   27.2112250724132     
 exc  -7.06665426258713     
 eh   27.2053422628398     
 exc  -7.06611287731812     
 eh   27.2053422635218     
 exc  -7.06611287742394     
 eh   27.2112255695993     
 exc  -7.06665414435285     
 eh   27.2053905674423     
 exc  -7.06611654597570     
 eh   27.2053905681243     
 exc  -7.06611654608152     
 eh   27.2112255483310     
 exc  -7.06665413888918     
 eh   27.2053890374719     
 exc  -7.06611640392598     
 eh   27.2053890381539     
 exc  -7.06611640403180     
 eh   27.2112255483310     
 exc  -7.06665413888918     
 eh   27.2053890374719     
 exc  -7.06611640392598     
 eh   27.2053890381539     
 exc  -7.06611640403180     

     -------------- Testing the pseudopotential ------------------------

     O                                                                          

     atomic number is  8.00   valence charge is  6.00
     dft =PBE   lsd =0 sic =0 latt =0  beta=0.50 tr2=1.0E-14
     mesh =1095 r(mesh) =  99.04343 xmin = -7.00 dx = 0.01250

     n l     nl             e AE (Ryd)       e PS (Ryd)   De AE-PS (Ryd) 
     1 0     2S   1( 2.00)       -1.75770       -1.75781        0.00011
     2 1     2P   1( 4.00)       -0.66426       -0.66421       -0.00005

     eps = 7.9E-15  iter =  5
 
     Etot =    -149.890991 Ry,     -74.945496 Ha,   -2039.386845 eV
     Etotps =   -31.921036 Ry,     -15.960518 Ha,    -434.311231 eV
     dEtot_ae =       0.000000 Ry
     dEtot_ps =       0.000000 Ry,   Delta E=       0.000000

     Ekin =     149.468706 Ry,      74.734353 Ha,    2033.641324 eV
     Encl =    -355.645089 Ry,    -177.822544 Ha,   -4838.835950 eV
     Ehrt =      72.821012 Ry,      36.410506 Ha,     990.788123 eV
     Ecxc =     -16.535620 Ry,      -8.267810 Ha,    -224.980343 eV
     Evxt =       0.000000 Ry,       0.000000 Ha,       0.000000 eV
     Epseu=       0.000000 Ry,       0.000000 Ha,       0.000000 eV

     -------------- End of pseudopotential test ------------------------

     -------------------- All-electron run ------------------------------

     O                                                                          

     atomic number is  8.00
     dft =PBE   lsd =0 sic =0 latt =0  beta=0.50 tr2=1.0E-14
     mesh =1095 r(mesh) =  99.04343 xmin = -7.00 dx = 0.01250

     n l     nl                  e(Ryd)         e(Ha)          e(eV)
     1 0     1S 1( 2.00)       -38.8879       -19.4439      -529.1007
     2 0     2S 1( 1.20)        -2.6736        -1.3368       -36.3760
     2 1     2P 1( 4.00)        -1.5601        -0.7800       -21.2263
     3 2     3D 1(-1.00)         0.0000         0.0000         0.0000

     eps = 3.7E-15  iter = 17
 
     Etot =    -148.127165 Ry,     -74.063582 Ha,   -2015.388576 eV

     Ekin =     147.750787 Ry,      73.875394 Ha,    2010.267662 eV
     Encl =    -345.493692 Ry,    -172.746846 Ha,   -4700.718074 eV
     Eh   =      65.362128 Ry,      32.681064 Ha,     889.304042 eV
     Exc  =     -15.746388 Ry,      -7.873194 Ha,    -214.242206 eV
     Evxt =       0.000000 Ry,       0.000000 Ha,       0.000000 eV
     Epseu=       0.000000 Ry,       0.000000 Ha,       0.000000 eV


     normalization and overlap integrals

     s(1S/1S) =  1.000000  <r> =   0.1996  <r2> =    0.0538  r(max) =   0.1298
     s(1S/2S) =  0.000000
     s(2S/2S) =  1.000000  <r> =   1.0976  <r2> =    1.4504  r(max) =   0.8569
     s(2P/2P) =  1.000000  <r> =   1.1374  <r2> =    1.6623  r(max) =   0.7950
     s(3D/3D) =  0.000000  <r> =   0.0000  <r2> =    0.0000  r(max) =  99.0434

     -------------------- End of All-electron run ----------------------

 eh   20.4385589561973     
 exc  -5.95211082969430     
 eh   20.4385589693397     
 exc  -5.95211083106553     
 eh   20.4385589698520     
 exc  -5.95211083115412     
 eh   22.9707431221896     
 exc  -6.62141649105354     
 eh   1937.46377841082     
 exc  -51.1446129847253     
 eh   1937.46377841177     
 exc  -51.1446129847738     
 eh   22.1175640134386     
 exc  -6.39342601907677     
 eh   239.101396770162     
 exc  -16.3356329662520     
 eh   239.101396770920     
 exc  -16.3356329663242     
 eh   21.9392586436200     
 exc  -6.34594646433737     
 eh   143.039470419701     
 exc  -12.8706771739941     
 eh   143.039470420404     
 exc  -12.8706771740705     
 eh   21.9478370161706     
 exc  -6.34827244397830     
 eh   148.572808505243     
 exc  -13.0892591668509     
 eh   148.572808505950     
 exc  -13.0892591669269     
 eh   21.9447370200810     
 exc  -6.34745624189259     
 eh   147.639033356714     
 exc  -13.0521321502681     
 eh   147.639033357419     
 exc  -13.0521321503442     
 eh   21.9447770872227     
 exc  -6.34746646492149     
 eh   147.646511594360     
 exc  -13.0524348294928     
 eh   147.646511595066     
 exc  -13.0524348295689     
 eh   21.9447904331180     
 exc  -6.34746966301212     
 eh   147.646241827080     
 exc  -13.0524287579276     
 eh   147.646241827786     
 exc  -13.0524287580037     
 eh   21.9447904166054     
 exc  -6.34746965721113     
 eh   147.646291974403     
 exc  -13.0524306889649     
 eh   147.646291975108     
 exc  -13.0524306890410     
 eh   21.9447904016308     
 exc  -6.34746965182528     
 eh   147.646350546209     
 exc  -13.0524329475555     
 eh   147.646350546914     
 exc  -13.0524329476315     
 eh   21.9447904016308     
 exc  -6.34746965182528     
 eh   147.646350546209     
 exc  -13.0524329475555     
 eh   147.646350546914     
 exc  -13.0524329476315     

     -------------- Testing the pseudopotential ------------------------

     O                                                                          

     atomic number is  8.00   valence charge is  6.00
     dft =PBE   lsd =0 sic =0 latt =0  beta=0.50 tr2=1.0E-14
     mesh =1095 r(mesh) =  99.04343 xmin = -7.00 dx = 0.01250

     n l     nl             e AE (Ryd)       e PS (Ryd)   De AE-PS (Ryd) 
     1 0     2S   1( 1.20)       -2.67357       -2.67466        0.00109
     2 1     2P   1( 4.00)       -1.56009       -1.56112        0.00103

     eps = 7.2E-17  iter =  9
 
     Etot =    -148.127165 Ry,     -74.063582 Ha,   -2015.388576 eV
     Etotps =   -30.156843 Ry,     -15.078422 Ha,    -410.307975 eV
     dEtot_ae =       1.763826 Ry
     dEtot_ps =       1.764193 Ry,   Delta E=      -0.000366

     Ekin =     147.750787 Ry,      73.875394 Ha,    2010.267662 eV
     Encl =    -345.493692 Ry,    -172.746846 Ha,   -4700.718074 eV
     Ehrt =      65.362128 Ry,      32.681064 Ha,     889.304042 eV
     Ecxc =     -15.746388 Ry,      -7.873194 Ha,    -214.242206 eV
     Evxt =       0.000000 Ry,       0.000000 Ha,       0.000000 eV
     Epseu=       0.000000 Ry,       0.000000 Ha,       0.000000 eV

     -------------- End of pseudopotential test ------------------------

