
     program ld1 starts. version 11-Feb-05
     today is 21Dec2005 at 16:47:28 

     -------------------- All-electron run ------------------------------

     O                                                                          

     atomic number is  8.00
     dft =PBE   lsd =0 sic =0 latt =0  beta=0.50 tr2=1.0E-14
     mesh =1095 r(mesh) =  99.04343 xmin = -7.00 dx = 0.01250

     n l     nl                  e(Ryd)         e(Ha)          e(eV)
     1 0     1S 1( 2.00)       -37.7973       -18.8987      -514.2629
     2 0     2S 1( 2.00)        -1.7577        -0.8788       -23.9149
     2 1     2P 1( 4.00)        -0.6643        -0.3321        -9.0378
     3 2     3D 1(-1.00)         0.0000         0.0000         0.0000

     eps = 1.3E-15  iter = 20
 
     Etot =    -149.890991 Ry,     -74.945496 Ha,   -2039.386845 eV

     Ekin =     149.468706 Ry,      74.734353 Ha,    2033.641324 eV
     Encl =    -355.645089 Ry,    -177.822544 Ha,   -4838.835950 eV
     Eh   =      72.821012 Ry,      36.410506 Ha,     990.788123 eV
     Exc  =     -16.535620 Ry,      -8.267810 Ha,    -224.980343 eV
     Evxt =       0.000000 Ry,       0.000000 Ha,       0.000000 eV
     Epseu=       0.000000 Ry,       0.000000 Ha,       0.000000 eV


     normalization and overlap integrals

     s(1S/1S) =  1.000000  <r> =   0.1997  <r2> =    0.0539  r(max) =   0.1298
     s(1S/2S) =  0.000000
     s(2S/2S) =  1.000000  <r> =   1.1407  <r2> =    1.5839  r(max) =   0.8677
     s(2P/2P) =  1.000000  <r> =   1.2656  <r2> =    2.1371  r(max) =   0.8151
     s(3D/3D) =  0.000000  <r> =   0.0000  <r2> =    0.0000  r(max) =  99.0434

     -------------------- End of All-electron run ----------------------

 eh   27.2110992020378     
 exc  -7.06661365535204     
 eh   27.2110992195351     
 exc  -7.06661365700585     
 eh   27.2110992202171     
 exc  -7.06661365711168     
 eh   27.2115432668299     
 exc  -7.06673010725065     
 eh   27.2046373742055     
 exc  -7.06610843437814     
 eh   27.2046373748874     
 exc  -7.06610843448396     
 eh   27.2111976761813     
 exc  -7.06664806834971     
 eh   27.2053284659766     
 exc  -7.06610764259097     
 eh   27.2053284666586     
 exc  -7.06610764269679     
 eh   27.2112250724132     
 exc  -7.06665426258713     
 eh   27.2053422628398     
 exc  -7.06611287731812     
 eh   27.2053422635218     
 exc  -7.06611287742394     
 eh   27.2112255695993     
 exc  -7.06665414435285     
 eh   27.2053905674423     
 exc  -7.06611654597570     
 eh   27.2053905681243     
 exc  -7.06611654608152     
 eh   27.2112255483310     
 exc  -7.06665413888918     
 eh   27.2053890374719     
 exc  -7.06611640392598     
 eh   27.2053890381539     
 exc  -7.06611640403180     
 eh   27.2112255483310     
 exc  -7.06665413888918     
 eh   27.2053890374719     
 exc  -7.06611640392598     
 eh   27.2053890381539     
 exc  -7.06611640403180     

     -------------- Testing the pseudopotential ------------------------

     O                                                                          

     atomic number is  8.00   valence charge is  6.00
     dft =PBE   lsd =0 sic =0 latt =0  beta=0.50 tr2=1.0E-14
     mesh =1095 r(mesh) =  99.04343 xmin = -7.00 dx = 0.01250

     n l     nl             e AE (Ryd)       e PS (Ryd)   De AE-PS (Ryd) 
     1 0     2S   1( 2.00)       -1.75770       -1.75781        0.00011
     2 1     2P   1( 4.00)       -0.66426       -0.66421       -0.00005

     eps = 7.9E-15  iter =  5
 
     Etot =    -149.890991 Ry,     -74.945496 Ha,   -2039.386845 eV
     Etotps =   -31.921036 Ry,     -15.960518 Ha,    -434.311231 eV
     dEtot_ae =       0.000000 Ry
     dEtot_ps =       0.000000 Ry,   Delta E=       0.000000

     Ekin =     149.468706 Ry,      74.734353 Ha,    2033.641324 eV
     Encl =    -355.645089 Ry,    -177.822544 Ha,   -4838.835950 eV
     Ehrt =      72.821012 Ry,      36.410506 Ha,     990.788123 eV
     Ecxc =     -16.535620 Ry,      -8.267810 Ha,    -224.980343 eV
     Evxt =       0.000000 Ry,       0.000000 Ha,       0.000000 eV
     Epseu=       0.000000 Ry,       0.000000 Ha,       0.000000 eV

     -------------- End of pseudopotential test ------------------------

     -------------------- All-electron run ------------------------------

     O                                                                          

     atomic number is  8.00
     dft =PBE   lsd =0 sic =0 latt =0  beta=0.50 tr2=1.0E-14
     mesh =1095 r(mesh) =  99.04343 xmin = -7.00 dx = 0.01250

     n l     nl                  e(Ryd)         e(Ha)          e(eV)
     1 0     1S 1( 2.00)       -38.3167       -19.1583      -521.3292
     2 0     2S 1( 1.60)        -2.1994        -1.0997       -29.9239
     2 1     2P 1( 4.00)        -1.0939        -0.5470       -14.8840
     3 2     3D 1(-1.00)         0.0000         0.0000         0.0000

     eps = 2.0E-15  iter = 18
 
     Etot =    -149.100773 Ry,     -74.550386 Ha,   -2028.635291 eV

     Ekin =     148.700753 Ry,      74.350376 Ha,    2023.192703 eV
     Encl =    -350.800394 Ry,    -175.400197 Ha,   -4772.919999 eV
     Eh   =      69.155859 Ry,      34.577929 Ha,     940.920785 eV
     Exc  =     -16.156990 Ry,      -8.078495 Ha,    -219.828780 eV
     Evxt =       0.000000 Ry,       0.000000 Ha,       0.000000 eV
     Epseu=       0.000000 Ry,       0.000000 Ha,       0.000000 eV


     normalization and overlap integrals

     s(1S/1S) =  1.000000  <r> =   0.1997  <r2> =    0.0539  r(max) =   0.1298
     s(1S/2S) =  0.000000
     s(2S/2S) =  1.000000  <r> =   1.1191  <r2> =    1.5158  r(max) =   0.8677
     s(2P/2P) =  1.000000  <r> =   1.1940  <r2> =    1.8603  r(max) =   0.8050
     s(3D/3D) =  0.000000  <r> =   0.0000  <r2> =    0.0000  r(max) =  99.0434

     -------------------- End of All-electron run ----------------------

 eh   23.7038908604419     
 exc  -6.50358359739812     
 eh   23.7038908756838     
 exc  -6.50358359890908     
 eh   23.7038908762780     
 exc  -6.50358359900620     
 eh   25.3422475061973     
 exc  -6.91101283585564     
 eh   183.310114519398     
 exc  -14.6944879742696     
 eh   183.310114520182     
 exc  -14.6944879743493     
 eh   24.6467952271869     
 exc  -6.73642229241342     
 eh   37.3033453700244     
 exc  -7.77940496527950     
 eh   37.3033453706595     
 exc  -7.77940496537155     
 eh   24.5896594680089     
 exc  -6.72213497262366     
 eh   34.3436745410095     
 exc  -7.54716954583478     
 eh   34.3436745416382     
 exc  -7.54716954592763     
 eh   24.5920943164538     
 exc  -6.72277121951232     
 eh   34.6262493646331     
 exc  -7.56926920606089     
 eh   34.6262493652620     
 exc  -7.56926920615363     
 eh   24.5909219368252     
 exc  -6.72247819171942     
 eh   34.5734263793372     
 exc  -7.56500832317753     
 eh   34.5734263799661     
 exc  -7.56500832327029     
 eh   24.5909315183672     
 exc  -6.72248020776959     
 eh   34.5728609695084     
 exc  -7.56496641102203     
 eh   34.5728609701372     
 exc  -7.56496641111479     
 eh   24.5909377206705     
 exc  -6.72248141746791     
 eh   34.5722492504455     
 exc  -7.56492035346145     
 eh   34.5722492510745     
 exc  -7.56492035355421     
 eh   24.5909377177434     
 exc  -6.72248141450019     
 eh   34.5722466653929     
 exc  -7.56492014711578     
 eh   34.5722466660217     
 exc  -7.56492014720854     
 eh   24.5909377399367     
 exc  -6.72248141633078     
 eh   34.5722427821667     
 exc  -7.56491984285472     
 eh   34.5722427827955     
 exc  -7.56491984294748     
 eh   24.5909377399367     
 exc  -6.72248141633078     
 eh   34.5722427821667     
 exc  -7.56491984285472     
 eh   34.5722427827955     
 exc  -7.56491984294748     

     -------------- Testing the pseudopotential ------------------------

     O                                                                          

     atomic number is  8.00   valence charge is  6.00
     dft =PBE   lsd =0 sic =0 latt =0  beta=0.50 tr2=1.0E-14
     mesh =1095 r(mesh) =  99.04343 xmin = -7.00 dx = 0.01250

     n l     nl             e AE (Ryd)       e PS (Ryd)   De AE-PS (Ryd) 
     1 0     2S   1( 1.60)       -2.19935       -2.19972        0.00037
     2 1     2P   1( 4.00)       -1.09395       -1.09428        0.00034

     eps = 3.8E-17  iter =  9
 
     Etot =    -149.100773 Ry,     -74.550386 Ha,   -2028.635291 eV
     Etotps =   -31.130733 Ry,     -15.565367 Ha,    -423.558529 eV
     dEtot_ae =       0.790218 Ry
     dEtot_ps =       0.790303 Ry,   Delta E=      -0.000084

     Ekin =     148.700753 Ry,      74.350376 Ha,    2023.192703 eV
     Encl =    -350.800394 Ry,    -175.400197 Ha,   -4772.919999 eV
     Ehrt =      69.155859 Ry,      34.577929 Ha,     940.920785 eV
     Ecxc =     -16.156990 Ry,      -8.078495 Ha,    -219.828780 eV
     Evxt =       0.000000 Ry,       0.000000 Ha,       0.000000 eV
     Epseu=       0.000000 Ry,       0.000000 Ha,       0.000000 eV

     -------------- End of pseudopotential test ------------------------

