
     program ld1 starts. version 11-Feb-05
     today is 21Dec2005 at 16:47:35 

     -------------------- All-electron run ------------------------------

     O                                                                          

     atomic number is  8.00
     dft =PBE   lsd =0 sic =0 latt =0  beta=0.50 tr2=1.0E-14
     mesh =1095 r(mesh) =  99.04343 xmin = -7.00 dx = 0.01250

     n l     nl                  e(Ryd)         e(Ha)          e(eV)
     1 0     1S 1( 2.00)       -37.7973       -18.8987      -514.2629
     2 0     2S 1( 2.00)        -1.7577        -0.8788       -23.9149
     2 1     2P 1( 4.00)        -0.6643        -0.3321        -9.0378
     3 2     3D 1(-1.00)         0.0000         0.0000         0.0000

     eps = 1.3E-15  iter = 20
 
     Etot =    -149.890991 Ry,     -74.945496 Ha,   -2039.386845 eV

     Ekin =     149.468706 Ry,      74.734353 Ha,    2033.641324 eV
     Encl =    -355.645089 Ry,    -177.822544 Ha,   -4838.835950 eV
     Eh   =      72.821012 Ry,      36.410506 Ha,     990.788123 eV
     Exc  =     -16.535620 Ry,      -8.267810 Ha,    -224.980343 eV
     Evxt =       0.000000 Ry,       0.000000 Ha,       0.000000 eV
     Epseu=       0.000000 Ry,       0.000000 Ha,       0.000000 eV


     normalization and overlap integrals

     s(1S/1S) =  1.000000  <r> =   0.1997  <r2> =    0.0539  r(max) =   0.1298
     s(1S/2S) =  0.000000
     s(2S/2S) =  1.000000  <r> =   1.1407  <r2> =    1.5839  r(max) =   0.8677
     s(2P/2P) =  1.000000  <r> =   1.2656  <r2> =    2.1371  r(max) =   0.8151
     s(3D/3D) =  0.000000  <r> =   0.0000  <r2> =    0.0000  r(max) =  99.0434

     -------------------- End of All-electron run ----------------------

 eh   27.2110992020378     
 exc  -7.06661365535204     
 eh   27.2110992195351     
 exc  -7.06661365700585     
 eh   27.2110992202171     
 exc  -7.06661365711168     
 eh   27.2115432668299     
 exc  -7.06673010725065     
 eh   27.2046373742055     
 exc  -7.06610843437814     
 eh   27.2046373748874     
 exc  -7.06610843448396     
 eh   27.2111976761813     
 exc  -7.06664806834971     
 eh   27.2053284659766     
 exc  -7.06610764259097     
 eh   27.2053284666586     
 exc  -7.06610764269679     
 eh   27.2112250724132     
 exc  -7.06665426258713     
 eh   27.2053422628398     
 exc  -7.06611287731812     
 eh   27.2053422635218     
 exc  -7.06611287742394     
 eh   27.2112255695993     
 exc  -7.06665414435285     
 eh   27.2053905674423     
 exc  -7.06611654597570     
 eh   27.2053905681243     
 exc  -7.06611654608152     
 eh   27.2112255483310     
 exc  -7.06665413888918     
 eh   27.2053890374719     
 exc  -7.06611640392598     
 eh   27.2053890381539     
 exc  -7.06611640403180     
 eh   27.2112255483310     
 exc  -7.06665413888918     
 eh   27.2053890374719     
 exc  -7.06611640392598     
 eh   27.2053890381539     
 exc  -7.06611640403180     

     -------------- Testing the pseudopotential ------------------------

     O                                                                          

     atomic number is  8.00   valence charge is  6.00
     dft =PBE   lsd =0 sic =0 latt =0  beta=0.50 tr2=1.0E-14
     mesh =1095 r(mesh) =  99.04343 xmin = -7.00 dx = 0.01250

     n l     nl             e AE (Ryd)       e PS (Ryd)   De AE-PS (Ryd) 
     1 0     2S   1( 2.00)       -1.75770       -1.75781        0.00011
     2 1     2P   1( 4.00)       -0.66426       -0.66421       -0.00005

     eps = 7.9E-15  iter =  5
 
     Etot =    -149.890991 Ry,     -74.945496 Ha,   -2039.386845 eV
     Etotps =   -31.921036 Ry,     -15.960518 Ha,    -434.311231 eV
     dEtot_ae =       0.000000 Ry
     dEtot_ps =       0.000000 Ry,   Delta E=       0.000000

     Ekin =     149.468706 Ry,      74.734353 Ha,    2033.641324 eV
     Encl =    -355.645089 Ry,    -177.822544 Ha,   -4838.835950 eV
     Ehrt =      72.821012 Ry,      36.410506 Ha,     990.788123 eV
     Ecxc =     -16.535620 Ry,      -8.267810 Ha,    -224.980343 eV
     Evxt =       0.000000 Ry,       0.000000 Ha,       0.000000 eV
     Epseu=       0.000000 Ry,       0.000000 Ha,       0.000000 eV

     -------------- End of pseudopotential test ------------------------

     -------------------- All-electron run ------------------------------

     O                                                                          

     atomic number is  8.00
     dft =PBE   lsd =0 sic =0 latt =0  beta=0.50 tr2=1.0E-14
     mesh =1095 r(mesh) =  99.04343 xmin = -7.00 dx = 0.01250

     n l     nl                  e(Ryd)         e(Ha)          e(eV)
     1 0     1S 1( 2.00)       -39.1911       -19.5955      -533.2262
     2 0     2S 1( 1.00)        -2.9212        -1.4606       -39.7454
     2 1     2P 1( 4.00)        -1.8052        -0.9026       -24.5611
     3 2     3D 1(-1.00)         0.0000         0.0000         0.0000

     eps = 7.2E-15  iter = 18
 
     Etot =    -147.567792 Ry,     -73.783896 Ha,   -2007.777862 eV

     Ekin =     147.203624 Ry,      73.601812 Ha,    2002.823066 eV
     Encl =    -342.678202 Ry,    -171.339101 Ha,   -4662.411084 eV
     Eh   =      63.438001 Ry,      31.719001 Ha,     863.124755 eV
     Exc  =     -15.531215 Ry,      -7.765607 Ha,    -211.314599 eV
     Evxt =       0.000000 Ry,       0.000000 Ha,       0.000000 eV
     Epseu=       0.000000 Ry,       0.000000 Ha,       0.000000 eV


     normalization and overlap integrals

     s(1S/1S) =  1.000000  <r> =   0.1996  <r2> =    0.0538  r(max) =   0.1298
     s(1S/2S) =  0.000000
     s(2S/2S) =  1.000000  <r> =   1.0870  <r2> =    1.4192  r(max) =   0.8569
     s(2P/2P) =  1.000000  <r> =   1.1129  <r2> =    1.5817  r(max) =   0.7851
     s(3D/3D) =  0.000000  <r> =   0.0000  <r2> =    0.0000  r(max) =  99.0434

     -------------------- End of All-electron run ----------------------

 eh   18.8965966680818     
 exc  -5.68088979829147     
 eh   18.8965966802327     
 exc  -5.68088979959407     
 eh   18.8965966807063     
 exc  -5.68088979967848     
 eh   21.6981887582466     
 exc  -6.44528411785437     
 eh   4307.73808639608     
 exc  -82.9632626992625     
 eh   4307.73808639688     
 exc  -82.9632626992944     
 eh   20.8482467228799     
 exc  -6.21072976173340     
 eh   618.213333362457     
 exc  -26.5100747945066     
 eh   618.213333363292     
 exc  -26.5100747945671     
 eh   20.6220284958923     
 exc  -6.14852147774924     
 eh   326.807332569803     
 exc  -18.9184620300356     
 eh   326.807332570566     
 exc  -18.9184620301024     
 eh   20.6331644209566     
 exc  -6.15162939980278     
 eh   342.067329845018     
 exc  -19.3634646450049     
 eh   342.067329845786     
 exc  -19.3634646450712     
 eh   20.6292660531312     
 exc  -6.15056880090265     
 eh   339.186653495374     
 exc  -19.2794718062798     
 eh   339.186653496141     
 exc  -19.2794718063462     
 eh   20.6293227343601     
 exc  -6.15058399479286     
 eh   339.226365002263     
 exc  -19.2806341156532     
 eh   339.226365003030     
 exc  -19.2806341157197     
 eh   20.6293375872210     
 exc  -6.15058779465240     
 eh   339.233947079334     
 exc  -19.2808586604720     
 eh   339.233947080101     
 exc  -19.2808586605384     
 eh   20.6293374686733     
 exc  -6.15058775422678     
 eh   339.233311505225     
 exc  -19.2808403063423     
 eh   339.233311505992     
 exc  -19.2808403064088     
 eh   20.6293373697234     
 exc  -6.15058772087272     
 eh   339.232837967694     
 exc  -19.2808266256685     
 eh   339.232837968462     
 exc  -19.2808266257349     
 eh   20.6293373697234     
 exc  -6.15058772087272     
 eh   339.232837967694     
 exc  -19.2808266256685     
 eh   339.232837968462     
 exc  -19.2808266257349     

     -------------- Testing the pseudopotential ------------------------

     O                                                                          

     atomic number is  8.00   valence charge is  6.00
     dft =PBE   lsd =0 sic =0 latt =0  beta=0.50 tr2=1.0E-14
     mesh =1095 r(mesh) =  99.04343 xmin = -7.00 dx = 0.01250

     n l     nl             e AE (Ryd)       e PS (Ryd)   De AE-PS (Ryd) 
     1 0     2S   1( 1.00)       -2.92121       -2.92287        0.00166
     2 1     2P   1( 4.00)       -1.80519       -1.80670        0.00151

     eps = 2.9E-16  iter =  9
 
     Etot =    -147.567792 Ry,     -73.783896 Ha,   -2007.777862 eV
     Etotps =   -29.597191 Ry,     -14.798596 Ha,    -402.693467 eV
     dEtot_ae =       2.323199 Ry
     dEtot_ps =       2.323845 Ry,   Delta E=      -0.000645

     Ekin =     147.203624 Ry,      73.601812 Ha,    2002.823066 eV
     Encl =    -342.678202 Ry,    -171.339101 Ha,   -4662.411084 eV
     Ehrt =      63.438001 Ry,      31.719001 Ha,     863.124755 eV
     Ecxc =     -15.531215 Ry,      -7.765607 Ha,    -211.314599 eV
     Evxt =       0.000000 Ry,       0.000000 Ha,       0.000000 eV
     Epseu=       0.000000 Ry,       0.000000 Ha,       0.000000 eV

     -------------- End of pseudopotential test ------------------------

