
     program ld1 starts. version 11-Feb-05
     today is 21Dec2005 at 16:47:41 

     -------------------- All-electron run ------------------------------

     O                                                                          

     atomic number is  8.00
     dft =PBE   lsd =0 sic =0 latt =0  beta=0.50 tr2=1.0E-14
     mesh =1095 r(mesh) =  99.04343 xmin = -7.00 dx = 0.01250

     n l     nl                  e(Ryd)         e(Ha)          e(eV)
     1 0     1S 1( 2.00)       -37.7973       -18.8987      -514.2629
     2 0     2S 1( 2.00)        -1.7577        -0.8788       -23.9149
     2 1     2P 1( 4.00)        -0.6643        -0.3321        -9.0378
     3 2     3D 1(-1.00)         0.0000         0.0000         0.0000

     eps = 1.3E-15  iter = 20
 
     Etot =    -149.890991 Ry,     -74.945496 Ha,   -2039.386845 eV

     Ekin =     149.468706 Ry,      74.734353 Ha,    2033.641324 eV
     Encl =    -355.645089 Ry,    -177.822544 Ha,   -4838.835950 eV
     Eh   =      72.821012 Ry,      36.410506 Ha,     990.788123 eV
     Exc  =     -16.535620 Ry,      -8.267810 Ha,    -224.980343 eV
     Evxt =       0.000000 Ry,       0.000000 Ha,       0.000000 eV
     Epseu=       0.000000 Ry,       0.000000 Ha,       0.000000 eV


     normalization and overlap integrals

     s(1S/1S) =  1.000000  <r> =   0.1997  <r2> =    0.0539  r(max) =   0.1298
     s(1S/2S) =  0.000000
     s(2S/2S) =  1.000000  <r> =   1.1407  <r2> =    1.5839  r(max) =   0.8677
     s(2P/2P) =  1.000000  <r> =   1.2656  <r2> =    2.1371  r(max) =   0.8151
     s(3D/3D) =  0.000000  <r> =   0.0000  <r2> =    0.0000  r(max) =  99.0434

     -------------------- End of All-electron run ----------------------

 eh   27.2110992020378     
 exc  -7.06661365535204     
 eh   27.2110992195351     
 exc  -7.06661365700585     
 eh   27.2110992202171     
 exc  -7.06661365711168     
 eh   27.2115432668299     
 exc  -7.06673010725065     
 eh   27.2046373742055     
 exc  -7.06610843437814     
 eh   27.2046373748874     
 exc  -7.06610843448396     
 eh   27.2111976761813     
 exc  -7.06664806834971     
 eh   27.2053284659766     
 exc  -7.06610764259097     
 eh   27.2053284666586     
 exc  -7.06610764269679     
 eh   27.2112250724132     
 exc  -7.06665426258713     
 eh   27.2053422628398     
 exc  -7.06611287731812     
 eh   27.2053422635218     
 exc  -7.06611287742394     
 eh   27.2112255695993     
 exc  -7.06665414435285     
 eh   27.2053905674423     
 exc  -7.06611654597570     
 eh   27.2053905681243     
 exc  -7.06611654608152     
 eh   27.2112255483310     
 exc  -7.06665413888918     
 eh   27.2053890374719     
 exc  -7.06611640392598     
 eh   27.2053890381539     
 exc  -7.06611640403180     
 eh   27.2112255483310     
 exc  -7.06665413888918     
 eh   27.2053890374719     
 exc  -7.06611640392598     
 eh   27.2053890381539     
 exc  -7.06611640403180     

     -------------- Testing the pseudopotential ------------------------

     O                                                                          

     atomic number is  8.00   valence charge is  6.00
     dft =PBE   lsd =0 sic =0 latt =0  beta=0.50 tr2=1.0E-14
     mesh =1095 r(mesh) =  99.04343 xmin = -7.00 dx = 0.01250

     n l     nl             e AE (Ryd)       e PS (Ryd)   De AE-PS (Ryd) 
     1 0     2S   1( 2.00)       -1.75770       -1.75781        0.00011
     2 1     2P   1( 4.00)       -0.66426       -0.66421       -0.00005

     eps = 7.9E-15  iter =  5
 
     Etot =    -149.890991 Ry,     -74.945496 Ha,   -2039.386845 eV
     Etotps =   -31.921036 Ry,     -15.960518 Ha,    -434.311231 eV
     dEtot_ae =       0.000000 Ry
     dEtot_ps =       0.000000 Ry,   Delta E=       0.000000

     Ekin =     149.468706 Ry,      74.734353 Ha,    2033.641324 eV
     Encl =    -355.645089 Ry,    -177.822544 Ha,   -4838.835950 eV
     Ehrt =      72.821012 Ry,      36.410506 Ha,     990.788123 eV
     Ecxc =     -16.535620 Ry,      -8.267810 Ha,    -224.980343 eV
     Evxt =       0.000000 Ry,       0.000000 Ha,       0.000000 eV
     Epseu=       0.000000 Ry,       0.000000 Ha,       0.000000 eV

     -------------- End of pseudopotential test ------------------------

     -------------------- All-electron run ------------------------------

     O                                                                          

     atomic number is  8.00
     dft =PBE   lsd =0 sic =0 latt =0  beta=0.50 tr2=1.0E-14
     mesh =1095 r(mesh) =  99.04343 xmin = -7.00 dx = 0.01250

     n l     nl                  e(Ryd)         e(Ha)          e(eV)
     1 0     1S 1( 2.00)       -40.1656       -20.0828      -546.4851
     2 0     2S 1( 0.40)        -3.7009        -1.8505       -50.3541
     2 1     2P 1( 4.00)        -2.5833        -1.2917       -35.1483
     3 2     3D 1(-1.00)         0.0000         0.0000         0.0000

     eps = 1.7E-15  iter = 18
 
     Etot =    -145.583754 Ry,     -72.791877 Ha,   -1980.783443 eV

     Ekin =     145.257362 Ry,      72.628681 Ha,    1976.342618 eV
     Encl =    -333.615470 Ry,    -166.807735 Ha,   -4539.105359 eV
     Eh   =      57.628289 Ry,      28.814144 Ha,     784.078968 eV
     Exc  =     -14.853935 Ry,      -7.426968 Ha,    -202.099670 eV
     Evxt =       0.000000 Ry,       0.000000 Ha,       0.000000 eV
     Epseu=       0.000000 Ry,       0.000000 Ha,       0.000000 eV


     normalization and overlap integrals

     s(1S/1S) =  1.000000  <r> =   0.1995  <r2> =    0.0538  r(max) =   0.1298
     s(1S/2S) =  0.000000
     s(2S/2S) =  1.000000  <r> =   1.0563  <r2> =    1.3317  r(max) =   0.8462
     s(2P/2P) =  1.000000  <r> =   1.0501  <r2> =    1.3879  r(max) =   0.7657
     s(3D/3D) =  0.000000  <r> =   0.0000  <r2> =    0.0000  r(max) =  99.0434

     -------------------- End of All-electron run ----------------------

 eh   14.6335244597626     
 exc  -4.88628480854254     
 eh   14.6335244691722     
 exc  -4.88628480964437     
 eh   14.6335244695390     
 exc  -4.88628480971651     
 eh   17.7714337033809     
 exc  -5.83496386960823     
 eh   22445.3715873131     
 exc  -235.685615592983     
 eh   22445.3715873115     
 exc  -235.685615592965     
 eh   17.0620872762208     
 exc  -5.61791274362611     
 eh   5293.22938955937     
 exc  -94.3444990603729     
 eh   5293.22938955990     
 exc  -94.3444990603930     
 eh   16.7643265456578     
 exc  -5.52714552178280     
 eh   2524.56258785046     
 exc  -59.7018707087212     
 eh   2524.56258785121     
 exc  -59.7018707087549     
 eh   16.7777475762148     
 exc  -5.53128196969873     
 eh   2638.32363063746     
 exc  -61.3296460305951     
 eh   2638.32363063821     
 exc  -61.3296460306282     
 eh   16.7736860156137     
 exc  -5.53006023246739     
 eh   2616.94722516532     
 exc  -61.0251955405848     
 eh   2616.94722516606     
 exc  -61.0251955406179     
 eh   16.7737623667276     
 exc  -5.53008318593655     
 eh   2617.39869322782     
 exc  -61.0316341564790     
 eh   2617.39869322856     
 exc  -61.0316341565122     
 eh   16.7737742945528     
 exc  -5.53008674105776     
 eh   2617.50464878412     
 exc  -61.0331453527965     
 eh   2617.50464878487     
 exc  -61.0331453528296     
 eh   16.7737740995699     
 exc  -5.53008667367722     
 eh   2617.50032057653     
 exc  -61.0330838064773     
 eh   2617.50032057728     
 exc  -61.0330838065104     
 eh   16.7737739256821     
 exc  -5.53008661443598     
 eh   2617.49682767317     
 exc  -61.0330341301090     
 eh   2617.49682767392     
 exc  -61.0330341301422     
 eh   16.7737739256821     
 exc  -5.53008661443598     
 eh   2617.49682767317     
 exc  -61.0330341301090     
 eh   2617.49682767392     
 exc  -61.0330341301422     

     -------------- Testing the pseudopotential ------------------------

     O                                                                          

     atomic number is  8.00   valence charge is  6.00
     dft =PBE   lsd =0 sic =0 latt =0  beta=0.50 tr2=1.0E-14
     mesh =1095 r(mesh) =  99.04343 xmin = -7.00 dx = 0.01250

     n l     nl             e AE (Ryd)       e PS (Ryd)   De AE-PS (Ryd) 
     1 0     2S   1( 0.40)       -3.70093       -3.70547        0.00455
     2 1     2P   1( 4.00)       -2.58333       -2.58709        0.00376

     eps = 1.8E-16  iter =  9
 
     Etot =    -145.583754 Ry,     -72.791877 Ha,   -1980.783443 eV
     Etotps =   -27.611359 Ry,     -13.805680 Ha,    -375.674632 eV
     dEtot_ae =       4.307237 Ry
     dEtot_ps =       4.309677 Ry,   Delta E=      -0.002440

     Ekin =     145.257362 Ry,      72.628681 Ha,    1976.342618 eV
     Encl =    -333.615470 Ry,    -166.807735 Ha,   -4539.105359 eV
     Ehrt =      57.628289 Ry,      28.814144 Ha,     784.078968 eV
     Ecxc =     -14.853935 Ry,      -7.426968 Ha,    -202.099670 eV
     Evxt =       0.000000 Ry,       0.000000 Ha,       0.000000 eV
     Epseu=       0.000000 Ry,       0.000000 Ha,       0.000000 eV

     -------------- End of pseudopotential test ------------------------

