
     program ld1 starts. version 11-Feb-05
     today is 21Dec2005 at 16:47:43 

     -------------------- All-electron run ------------------------------

     O                                                                          

     atomic number is  8.00
     dft =PBE   lsd =0 sic =0 latt =0  beta=0.50 tr2=1.0E-14
     mesh =1095 r(mesh) =  99.04343 xmin = -7.00 dx = 0.01250

     n l     nl                  e(Ryd)         e(Ha)          e(eV)
     1 0     1S 1( 2.00)       -37.7973       -18.8987      -514.2629
     2 0     2S 1( 2.00)        -1.7577        -0.8788       -23.9149
     2 1     2P 1( 4.00)        -0.6643        -0.3321        -9.0378
     3 2     3D 1(-1.00)         0.0000         0.0000         0.0000

     eps = 1.3E-15  iter = 20
 
     Etot =    -149.890991 Ry,     -74.945496 Ha,   -2039.386845 eV

     Ekin =     149.468706 Ry,      74.734353 Ha,    2033.641324 eV
     Encl =    -355.645089 Ry,    -177.822544 Ha,   -4838.835950 eV
     Eh   =      72.821012 Ry,      36.410506 Ha,     990.788123 eV
     Exc  =     -16.535620 Ry,      -8.267810 Ha,    -224.980343 eV
     Evxt =       0.000000 Ry,       0.000000 Ha,       0.000000 eV
     Epseu=       0.000000 Ry,       0.000000 Ha,       0.000000 eV


     normalization and overlap integrals

     s(1S/1S) =  1.000000  <r> =   0.1997  <r2> =    0.0539  r(max) =   0.1298
     s(1S/2S) =  0.000000
     s(2S/2S) =  1.000000  <r> =   1.1407  <r2> =    1.5839  r(max) =   0.8677
     s(2P/2P) =  1.000000  <r> =   1.2656  <r2> =    2.1371  r(max) =   0.8151
     s(3D/3D) =  0.000000  <r> =   0.0000  <r2> =    0.0000  r(max) =  99.0434

     -------------------- End of All-electron run ----------------------

 eh   27.2110992020378     
 exc  -7.06661365535204     
 eh   27.2110992195351     
 exc  -7.06661365700585     
 eh   27.2110992202171     
 exc  -7.06661365711168     
 eh   27.2115432668299     
 exc  -7.06673010725065     
 eh   27.2046373742055     
 exc  -7.06610843437814     
 eh   27.2046373748874     
 exc  -7.06610843448396     
 eh   27.2111976761813     
 exc  -7.06664806834971     
 eh   27.2053284659766     
 exc  -7.06610764259097     
 eh   27.2053284666586     
 exc  -7.06610764269679     
 eh   27.2112250724132     
 exc  -7.06665426258713     
 eh   27.2053422628398     
 exc  -7.06611287731812     
 eh   27.2053422635218     
 exc  -7.06611287742394     
 eh   27.2112255695993     
 exc  -7.06665414435285     
 eh   27.2053905674423     
 exc  -7.06611654597570     
 eh   27.2053905681243     
 exc  -7.06611654608152     
 eh   27.2112255483310     
 exc  -7.06665413888918     
 eh   27.2053890374719     
 exc  -7.06611640392598     
 eh   27.2053890381539     
 exc  -7.06611640403180     
 eh   27.2112255483310     
 exc  -7.06665413888918     
 eh   27.2053890374719     
 exc  -7.06611640392598     
 eh   27.2053890381539     
 exc  -7.06611640403180     

     -------------- Testing the pseudopotential ------------------------

     O                                                                          

     atomic number is  8.00   valence charge is  6.00
     dft =PBE   lsd =0 sic =0 latt =0  beta=0.50 tr2=1.0E-14
     mesh =1095 r(mesh) =  99.04343 xmin = -7.00 dx = 0.01250

     n l     nl             e AE (Ryd)       e PS (Ryd)   De AE-PS (Ryd) 
     1 0     2S   1( 2.00)       -1.75770       -1.75781        0.00011
     2 1     2P   1( 4.00)       -0.66426       -0.66421       -0.00005

     eps = 7.9E-15  iter =  5
 
     Etot =    -149.890991 Ry,     -74.945496 Ha,   -2039.386845 eV
     Etotps =   -31.921036 Ry,     -15.960518 Ha,    -434.311231 eV
     dEtot_ae =       0.000000 Ry
     dEtot_ps =       0.000000 Ry,   Delta E=       0.000000

     Ekin =     149.468706 Ry,      74.734353 Ha,    2033.641324 eV
     Encl =    -355.645089 Ry,    -177.822544 Ha,   -4838.835950 eV
     Ehrt =      72.821012 Ry,      36.410506 Ha,     990.788123 eV
     Ecxc =     -16.535620 Ry,      -8.267810 Ha,    -224.980343 eV
     Evxt =       0.000000 Ry,       0.000000 Ha,       0.000000 eV
     Epseu=       0.000000 Ry,       0.000000 Ha,       0.000000 eV

     -------------- End of pseudopotential test ------------------------

     -------------------- All-electron run ------------------------------

     O                                                                          

     atomic number is  8.00
     dft =PBE   lsd =0 sic =0 latt =0  beta=0.50 tr2=1.0E-14
     mesh =1095 r(mesh) =  99.04343 xmin = -7.00 dx = 0.01250

     n l     nl                  e(Ryd)         e(Ha)          e(eV)
     1 0     1S 1( 2.00)       -40.5109       -20.2555      -551.1833
     2 0     2S 1( 0.20)        -3.9719        -1.9860       -54.0412
     2 1     2P 1( 4.00)        -2.8558        -1.4279       -38.8561
     3 2     3D 1(-1.00)         0.0000         0.0000         0.0000

     eps = 1.6E-15  iter = 18
 
     Etot =    -144.816550 Ry,     -72.408275 Ha,   -1970.345014 eV

     Ekin =     144.503042 Ry,      72.251521 Ha,    1966.079482 eV
     Encl =    -330.395472 Ry,    -165.197736 Ha,   -4495.294708 eV
     Eh   =      55.695345 Ry,      27.847673 Ha,     757.779729 eV
     Exc  =     -14.619465 Ry,      -7.309733 Ha,    -198.909517 eV
     Evxt =       0.000000 Ry,       0.000000 Ha,       0.000000 eV
     Epseu=       0.000000 Ry,       0.000000 Ha,       0.000000 eV


     normalization and overlap integrals

     s(1S/1S) =  1.000000  <r> =   0.1995  <r2> =    0.0537  r(max) =   0.1298
     s(1S/2S) =  0.000000
     s(2S/2S) =  1.000000  <r> =   1.0465  <r2> =    1.3047  r(max) =   0.8357
     s(2P/2P) =  1.000000  <r> =   1.0319  <r2> =    1.3349  r(max) =   0.7562
     s(3D/3D) =  0.000000  <r> =   0.0000  <r2> =    0.0000  r(max) =  99.0434

     -------------------- End of All-electron run ----------------------

 eh   13.3334386089986     
 exc  -4.62808350619023     
 eh   13.3334386175722     
 exc  -4.62808350722695     
 eh   13.3334386179064     
 exc  -4.62808350729509     
 eh   16.4678419421555     
 exc  -5.61171850241077     
 eh   33481.3585158051     
 exc  -305.243736902511     
 eh   33481.3585158018     
 exc  -305.243736902478     
 eh   15.8237848766809     
 exc  -5.40715116882949     
 eh   9087.05519052112     
 exc  -132.665406702041     
 eh   9087.05519052114     
 exc  -132.665406702046     
 eh   15.5233045277532     
 exc  -5.31208776494598     
 eh   4368.28926355054     
 exc  -83.7076767968156     
 eh   4368.28926355110     
 exc  -83.7076767968371     
 eh   15.5363546718105     
 exc  -5.31626057063369     
 eh   4551.61789789751     
 exc  -85.8805922417001     
 eh   4551.61789789805     
 exc  -85.8805922417208     
 eh   15.5324364106251     
 exc  -5.31503727071420     
 eh   4515.54114647088     
 exc  -85.4550179673104     
 eh   4515.54114647142     
 exc  -85.4550179673312     
 eh   15.5325097466426     
 exc  -5.31506022413698     
 eh   4516.32015487371     
 exc  -85.4642178407293     
 eh   4516.32015487424     
 exc  -85.4642178407502     
 eh   15.5325200308035     
 exc  -5.31506346928781     
 eh   4516.50675093946     
 exc  -85.4664202437114     
 eh   4516.50675094001     
 exc  -85.4664202437322     
 eh   15.5325197912335     
 exc  -5.31506338375267     
 eh   4516.49819883411     
 exc  -85.4663194309349     
 eh   4516.49819883465     
 exc  -85.4663194309557     
 eh   15.5325195691980     
 exc  -5.31506330554658     
 eh   4516.49087705767     
 exc  -85.4662331133898     
 eh   4516.49087705821     
 exc  -85.4662331134107     
 eh   15.5325195691980     
 exc  -5.31506330554658     
 eh   4516.49087705767     
 exc  -85.4662331133898     
 eh   4516.49087705821     
 exc  -85.4662331134107     

     -------------- Testing the pseudopotential ------------------------

     O                                                                          

     atomic number is  8.00   valence charge is  6.00
     dft =PBE   lsd =0 sic =0 latt =0  beta=0.50 tr2=1.0E-14
     mesh =1095 r(mesh) =  99.04343 xmin = -7.00 dx = 0.01250

     n l     nl             e AE (Ryd)       e PS (Ryd)   De AE-PS (Ryd) 
     1 0     2S   1( 0.20)       -3.97192       -3.97794        0.00602
     2 1     2P   1( 4.00)       -2.85584       -2.86070        0.00486

     eps = 1.2E-16  iter =  9
 
     Etot =    -144.816550 Ry,     -72.408275 Ha,   -1970.345014 eV
     Etotps =   -26.843089 Ry,     -13.421544 Ha,    -365.221700 eV
     dEtot_ae =       5.074441 Ry
     dEtot_ps =       5.077947 Ry,   Delta E=      -0.003506

     Ekin =     144.503042 Ry,      72.251521 Ha,    1966.079482 eV
     Encl =    -330.395472 Ry,    -165.197736 Ha,   -4495.294708 eV
     Ehrt =      55.695345 Ry,      27.847673 Ha,     757.779729 eV
     Ecxc =     -14.619465 Ry,      -7.309733 Ha,    -198.909517 eV
     Evxt =       0.000000 Ry,       0.000000 Ha,       0.000000 eV
     Epseu=       0.000000 Ry,       0.000000 Ha,       0.000000 eV

     -------------- End of pseudopotential test ------------------------

