
     program ld1 starts. version 11-Feb-05
     today is 21Dec2005 at 16:47:26 

     -------------------- All-electron run ------------------------------

     O                                                                          

     atomic number is  8.00
     dft =PBE   lsd =0 sic =0 latt =0  beta=0.50 tr2=1.0E-14
     mesh =1095 r(mesh) =  99.04343 xmin = -7.00 dx = 0.01250

     n l     nl                  e(Ryd)         e(Ha)          e(eV)
     1 0     1S 1( 2.00)       -37.7973       -18.8987      -514.2629
     2 0     2S 1( 2.00)        -1.7577        -0.8788       -23.9149
     2 1     2P 1( 4.00)        -0.6643        -0.3321        -9.0378
     3 2     3D 1(-1.00)         0.0000         0.0000         0.0000

     eps = 1.3E-15  iter = 20
 
     Etot =    -149.890991 Ry,     -74.945496 Ha,   -2039.386845 eV

     Ekin =     149.468706 Ry,      74.734353 Ha,    2033.641324 eV
     Encl =    -355.645089 Ry,    -177.822544 Ha,   -4838.835950 eV
     Eh   =      72.821012 Ry,      36.410506 Ha,     990.788123 eV
     Exc  =     -16.535620 Ry,      -8.267810 Ha,    -224.980343 eV
     Evxt =       0.000000 Ry,       0.000000 Ha,       0.000000 eV
     Epseu=       0.000000 Ry,       0.000000 Ha,       0.000000 eV


     normalization and overlap integrals

     s(1S/1S) =  1.000000  <r> =   0.1997  <r2> =    0.0539  r(max) =   0.1298
     s(1S/2S) =  0.000000
     s(2S/2S) =  1.000000  <r> =   1.1407  <r2> =    1.5839  r(max) =   0.8677
     s(2P/2P) =  1.000000  <r> =   1.2656  <r2> =    2.1371  r(max) =   0.8151
     s(3D/3D) =  0.000000  <r> =   0.0000  <r2> =    0.0000  r(max) =  99.0434

     -------------------- End of All-electron run ----------------------

 eh   27.2110992020378     
 exc  -7.06661365535204     
 eh   27.2110992195351     
 exc  -7.06661365700585     
 eh   27.2110992202171     
 exc  -7.06661365711168     
 eh   27.2115432668299     
 exc  -7.06673010725065     
 eh   27.2046373742055     
 exc  -7.06610843437814     
 eh   27.2046373748874     
 exc  -7.06610843448396     
 eh   27.2111976761813     
 exc  -7.06664806834971     
 eh   27.2053284659766     
 exc  -7.06610764259097     
 eh   27.2053284666586     
 exc  -7.06610764269679     
 eh   27.2112250724132     
 exc  -7.06665426258713     
 eh   27.2053422628398     
 exc  -7.06611287731812     
 eh   27.2053422635218     
 exc  -7.06611287742394     
 eh   27.2112255695993     
 exc  -7.06665414435285     
 eh   27.2053905674423     
 exc  -7.06611654597570     
 eh   27.2053905681243     
 exc  -7.06611654608152     
 eh   27.2112255483310     
 exc  -7.06665413888918     
 eh   27.2053890374719     
 exc  -7.06611640392598     
 eh   27.2053890381539     
 exc  -7.06611640403180     
 eh   27.2112255483310     
 exc  -7.06665413888918     
 eh   27.2053890374719     
 exc  -7.06611640392598     
 eh   27.2053890381539     
 exc  -7.06611640403180     

     -------------- Testing the pseudopotential ------------------------

     O                                                                          

     atomic number is  8.00   valence charge is  6.00
     dft =PBE   lsd =0 sic =0 latt =0  beta=0.50 tr2=1.0E-14
     mesh =1095 r(mesh) =  99.04343 xmin = -7.00 dx = 0.01250

     n l     nl             e AE (Ryd)       e PS (Ryd)   De AE-PS (Ryd) 
     1 0     2S   1( 2.00)       -1.75770       -1.75781        0.00011
     2 1     2P   1( 4.00)       -0.66426       -0.66421       -0.00005

     eps = 7.9E-15  iter =  5
 
     Etot =    -149.890991 Ry,     -74.945496 Ha,   -2039.386845 eV
     Etotps =   -31.921036 Ry,     -15.960518 Ha,    -434.311231 eV
     dEtot_ae =       0.000000 Ry
     dEtot_ps =       0.000000 Ry,   Delta E=       0.000000

     Ekin =     149.468706 Ry,      74.734353 Ha,    2033.641324 eV
     Encl =    -355.645089 Ry,    -177.822544 Ha,   -4838.835950 eV
     Ehrt =      72.821012 Ry,      36.410506 Ha,     990.788123 eV
     Ecxc =     -16.535620 Ry,      -8.267810 Ha,    -224.980343 eV
     Evxt =       0.000000 Ry,       0.000000 Ha,       0.000000 eV
     Epseu=       0.000000 Ry,       0.000000 Ha,       0.000000 eV

     -------------- End of pseudopotential test ------------------------

     -------------------- All-electron run ------------------------------

     O                                                                          

     atomic number is  8.00
     dft =PBE   lsd =0 sic =0 latt =0  beta=0.50 tr2=1.0E-14
     mesh =1095 r(mesh) =  99.04343 xmin = -7.00 dx = 0.01250

     n l     nl                  e(Ryd)         e(Ha)          e(eV)
     1 0     1S 1( 2.00)       -38.0501       -19.0250      -517.7015
     2 0     2S 1( 1.80)        -1.9740        -0.9870       -26.8582
     2 1     2P 1( 4.00)        -0.8741        -0.4371       -11.8932
     3 2     3D 1(-1.00)         0.0000         0.0000         0.0000

     eps = 4.9E-15  iter = 19
 
     Etot =    -149.517973 Ry,     -74.758987 Ha,   -2034.311643 eV

     Ekin =     149.106616 Ry,      74.553308 Ha,    2028.714791 eV
     Encl =    -353.283455 Ry,    -176.641727 Ha,   -4806.704029 eV
     Eh   =      71.009679 Ry,      35.504839 Ha,     966.143485 eV
     Exc  =     -16.350813 Ry,      -8.175406 Ha,    -222.465890 eV
     Evxt =       0.000000 Ry,       0.000000 Ha,       0.000000 eV
     Epseu=       0.000000 Ry,       0.000000 Ha,       0.000000 eV


     normalization and overlap integrals

     s(1S/1S) =  1.000000  <r> =   0.1997  <r2> =    0.0539  r(max) =   0.1298
     s(1S/2S) =  0.000000
     s(2S/2S) =  1.000000  <r> =   1.1299  <r2> =    1.5496  r(max) =   0.8677
     s(2P/2P) =  1.000000  <r> =   1.2274  <r2> =    1.9855  r(max) =   0.8151
     s(3D/3D) =  0.000000  <r> =   0.0000  <r2> =    0.0000  r(max) =  99.0434

     -------------------- End of All-electron run ----------------------

 eh   25.4272604765709     
 exc  -6.78368798434117     
 eh   25.4272604929211     
 exc  -6.78368798592317     
 eh   25.4272604935584     
 exc  -6.78368798602462     
 eh   26.3707803725195     
 exc  -7.01143359101541     
 eh   42.0315158196516     
 exc  -8.24421972879000     
 eh   42.0315158203192     
 exc  -8.24421972888369     
 eh   25.9136980562555     
 exc  -6.90018823517865     
 eh   27.0754916323546     
 exc  -6.98972644916019     
 eh   27.0754916329922     
 exc  -6.98972644925996     
 eh   25.9085890722780     
 exc  -6.89895862643747     
 eh   27.0362216713359     
 exc  -6.98540998332248     
 eh   27.0362216719734     
 exc  -6.98540998342227     
 eh   25.9086100274950     
 exc  -6.89897488534058     
 eh   27.0518328758127     
 exc  -6.98678310823713     
 eh   27.0518328764500     
 exc  -6.98678310833690     
 eh   25.9085418883847     
 exc  -6.89895793136632     
 eh   27.0509371823761     
 exc  -6.98669192824763     
 eh   27.0509371830135     
 exc  -6.98669192834739     
 eh   25.9085455050112     
 exc  -6.89895846801847     
 eh   27.0507629073566     
 exc  -6.98667661968258     
 eh   27.0507629079940     
 exc  -6.98667661978235     
 eh   25.9085467769609     
 exc  -6.89895864428656     
 eh   27.0507111884524     
 exc  -6.98667200991590     
 eh   27.0507111890897     
 exc  -6.98667201001567     
 eh   25.9085466827190     
 exc  -6.89895862372267     
 eh   27.0507232143527     
 exc  -6.98667302448244     
 eh   27.0507232149901     
 exc  -6.98667302458221     
 eh   25.9085466827190     
 exc  -6.89895862372267     
 eh   27.0507232143527     
 exc  -6.98667302448244     
 eh   27.0507232149901     
 exc  -6.98667302458221     

     -------------- Testing the pseudopotential ------------------------

     O                                                                          

     atomic number is  8.00   valence charge is  6.00
     dft =PBE   lsd =0 sic =0 latt =0  beta=0.50 tr2=1.0E-14
     mesh =1095 r(mesh) =  99.04343 xmin = -7.00 dx = 0.01250

     n l     nl             e AE (Ryd)       e PS (Ryd)   De AE-PS (Ryd) 
     1 0     2S   1( 1.80)       -1.97402       -1.97421        0.00019
     2 1     2P   1( 4.00)       -0.87413       -0.87424        0.00011

     eps = 5.7E-16  iter =  8
 
     Etot =    -149.517973 Ry,     -74.758987 Ha,   -2034.311643 eV
     Etotps =   -31.547990 Ry,     -15.773995 Ha,    -429.235637 eV
     dEtot_ae =       0.373018 Ry
     dEtot_ps =       0.373046 Ry,   Delta E=      -0.000029

     Ekin =     149.106616 Ry,      74.553308 Ha,    2028.714791 eV
     Encl =    -353.283455 Ry,    -176.641727 Ha,   -4806.704029 eV
     Ehrt =      71.009679 Ry,      35.504839 Ha,     966.143485 eV
     Ecxc =     -16.350813 Ry,      -8.175406 Ha,    -222.465890 eV
     Evxt =       0.000000 Ry,       0.000000 Ha,       0.000000 eV
     Epseu=       0.000000 Ry,       0.000000 Ha,       0.000000 eV

     -------------- End of pseudopotential test ------------------------

