
     program ld1 starts. version 11-Feb-05
     today is 21Dec2005 at 16:47:39 

     -------------------- All-electron run ------------------------------

     O                                                                          

     atomic number is  8.00
     dft =PBE   lsd =0 sic =0 latt =0  beta=0.50 tr2=1.0E-14
     mesh =1095 r(mesh) =  99.04343 xmin = -7.00 dx = 0.01250

     n l     nl                  e(Ryd)         e(Ha)          e(eV)
     1 0     1S 1( 2.00)       -37.7973       -18.8987      -514.2629
     2 0     2S 1( 2.00)        -1.7577        -0.8788       -23.9149
     2 1     2P 1( 4.00)        -0.6643        -0.3321        -9.0378
     3 2     3D 1(-1.00)         0.0000         0.0000         0.0000

     eps = 1.3E-15  iter = 20
 
     Etot =    -149.890991 Ry,     -74.945496 Ha,   -2039.386845 eV

     Ekin =     149.468706 Ry,      74.734353 Ha,    2033.641324 eV
     Encl =    -355.645089 Ry,    -177.822544 Ha,   -4838.835950 eV
     Eh   =      72.821012 Ry,      36.410506 Ha,     990.788123 eV
     Exc  =     -16.535620 Ry,      -8.267810 Ha,    -224.980343 eV
     Evxt =       0.000000 Ry,       0.000000 Ha,       0.000000 eV
     Epseu=       0.000000 Ry,       0.000000 Ha,       0.000000 eV


     normalization and overlap integrals

     s(1S/1S) =  1.000000  <r> =   0.1997  <r2> =    0.0539  r(max) =   0.1298
     s(1S/2S) =  0.000000
     s(2S/2S) =  1.000000  <r> =   1.1407  <r2> =    1.5839  r(max) =   0.8677
     s(2P/2P) =  1.000000  <r> =   1.2656  <r2> =    2.1371  r(max) =   0.8151
     s(3D/3D) =  0.000000  <r> =   0.0000  <r2> =    0.0000  r(max) =  99.0434

     -------------------- End of All-electron run ----------------------

 eh   27.2110992020378     
 exc  -7.06661365535204     
 eh   27.2110992195351     
 exc  -7.06661365700585     
 eh   27.2110992202171     
 exc  -7.06661365711168     
 eh   27.2115432668299     
 exc  -7.06673010725065     
 eh   27.2046373742055     
 exc  -7.06610843437814     
 eh   27.2046373748874     
 exc  -7.06610843448396     
 eh   27.2111976761813     
 exc  -7.06664806834971     
 eh   27.2053284659766     
 exc  -7.06610764259097     
 eh   27.2053284666586     
 exc  -7.06610764269679     
 eh   27.2112250724132     
 exc  -7.06665426258713     
 eh   27.2053422628398     
 exc  -7.06611287731812     
 eh   27.2053422635218     
 exc  -7.06611287742394     
 eh   27.2112255695993     
 exc  -7.06665414435285     
 eh   27.2053905674423     
 exc  -7.06611654597570     
 eh   27.2053905681243     
 exc  -7.06611654608152     
 eh   27.2112255483310     
 exc  -7.06665413888918     
 eh   27.2053890374719     
 exc  -7.06611640392598     
 eh   27.2053890381539     
 exc  -7.06611640403180     
 eh   27.2112255483310     
 exc  -7.06665413888918     
 eh   27.2053890374719     
 exc  -7.06611640392598     
 eh   27.2053890381539     
 exc  -7.06611640403180     

     -------------- Testing the pseudopotential ------------------------

     O                                                                          

     atomic number is  8.00   valence charge is  6.00
     dft =PBE   lsd =0 sic =0 latt =0  beta=0.50 tr2=1.0E-14
     mesh =1095 r(mesh) =  99.04343 xmin = -7.00 dx = 0.01250

     n l     nl             e AE (Ryd)       e PS (Ryd)   De AE-PS (Ryd) 
     1 0     2S   1( 2.00)       -1.75770       -1.75781        0.00011
     2 1     2P   1( 4.00)       -0.66426       -0.66421       -0.00005

     eps = 7.9E-15  iter =  5
 
     Etot =    -149.890991 Ry,     -74.945496 Ha,   -2039.386845 eV
     Etotps =   -31.921036 Ry,     -15.960518 Ha,    -434.311231 eV
     dEtot_ae =       0.000000 Ry
     dEtot_ps =       0.000000 Ry,   Delta E=       0.000000

     Ekin =     149.468706 Ry,      74.734353 Ha,    2033.641324 eV
     Encl =    -355.645089 Ry,    -177.822544 Ha,   -4838.835950 eV
     Ehrt =      72.821012 Ry,      36.410506 Ha,     990.788123 eV
     Ecxc =     -16.535620 Ry,      -8.267810 Ha,    -224.980343 eV
     Evxt =       0.000000 Ry,       0.000000 Ha,       0.000000 eV
     Epseu=       0.000000 Ry,       0.000000 Ha,       0.000000 eV

     -------------- End of pseudopotential test ------------------------

     -------------------- All-electron run ------------------------------

     O                                                                          

     atomic number is  8.00
     dft =PBE   lsd =0 sic =0 latt =0  beta=0.50 tr2=1.0E-14
     mesh =1095 r(mesh) =  99.04343 xmin = -7.00 dx = 0.01250

     n l     nl                  e(Ryd)         e(Ha)          e(eV)
     1 0     1S 1( 2.00)       -39.8303       -19.9152      -541.9234
     2 0     2S 1( 0.60)        -3.4353        -1.7176       -46.7394
     2 1     2P 1( 4.00)        -2.3172        -1.1586       -31.5270
     3 2     3D 1(-1.00)         0.0000         0.0000         0.0000

     eps = 8.9E-15  iter = 17
 
     Etot =    -146.297287 Ry,     -73.148643 Ha,   -1990.491623 eV

     Ekin =     145.958140 Ry,      72.979070 Ha,    1985.877257 eV
     Encl =    -336.737032 Ry,    -168.368516 Ha,   -4581.576704 eV
     Eh   =      59.566017 Ry,      29.783008 Ha,     810.443310 eV
     Exc  =     -15.084411 Ry,      -7.542206 Ha,    -205.235485 eV
     Evxt =       0.000000 Ry,       0.000000 Ha,       0.000000 eV
     Epseu=       0.000000 Ry,       0.000000 Ha,       0.000000 eV


     normalization and overlap integrals

     s(1S/1S) =  1.000000  <r> =   0.1995  <r2> =    0.0538  r(max) =   0.1298
     s(1S/2S) =  0.000000
     s(2S/2S) =  1.000000  <r> =   1.0664  <r2> =    1.3598  r(max) =   0.8462
     s(2P/2P) =  1.000000  <r> =   1.0695  <r2> =    1.4460  r(max) =   0.7753
     s(3D/3D) =  0.000000  <r> =   0.0000  <r2> =    0.0000  r(max) =  99.0434

     -------------------- End of All-electron run ----------------------

 eh   15.9940794198645     
 exc  -5.14788608414597     
 eh   15.9940794301489     
 exc  -5.14788608531384     
 eh   15.9940794305498     
 exc  -5.14788608539001     
 eh   19.0846766221351     
 exc  -6.04955924893031     
 eh   14150.6728757068     
 exc  -175.290932503551     
 eh   14150.6728757064     
 exc  -175.290932503550     
 eh   18.3156335748139     
 exc  -5.82250428936186     
 eh   2859.86785293419     
 exc  -64.4763733628083     
 eh   2859.86785293497     
 exc  -64.4763733628426     
 eh   18.0302798456999     
 exc  -5.73856300844488     
 eh   1374.11833991934     
 exc  -41.5004726593741     
 eh   1374.11833992016     
 exc  -41.5004726594196     
 eh   18.0433916683947     
 exc  -5.74246551049905     
 eh   1438.30245603241     
 exc  -42.6332739362598     
 eh   1438.30245603323     
 exc  -42.6332739363047     
 eh   18.0394433872182     
 exc  -5.74132040559516     
 eh   1427.31532191945     
 exc  -42.4400971809162     
 eh   1427.31532192027     
 exc  -42.4400971809612     
 eh   18.0395183799004     
 exc  -5.74134207846043     
 eh   1427.54525687381     
 exc  -42.4441458661971     
 eh   1427.54525687463     
 exc  -42.4441458662421     
 eh   18.0395319428204     
 exc  -5.74134591579690     
 eh   1427.59994885533     
 exc  -42.4451098100113     
 eh   1427.59994885615     
 exc  -42.4451098100563     
 eh   18.0395317656217     
 exc  -5.74134585592791     
 eh   1427.59750032722     
 exc  -42.4450669082556     
 eh   1427.59750032804     
 exc  -42.4450669083006     
 eh   18.0395316138685     
 exc  -5.74134580544578     
 eh   1427.59564453808     
 exc  -42.4450343837293     
 eh   1427.59564453890     
 exc  -42.4450343837742     
 eh   18.0395316138685     
 exc  -5.74134580544578     
 eh   1427.59564453808     
 exc  -42.4450343837293     
 eh   1427.59564453890     
 exc  -42.4450343837742     

     -------------- Testing the pseudopotential ------------------------

     O                                                                          

     atomic number is  8.00   valence charge is  6.00
     dft =PBE   lsd =0 sic =0 latt =0  beta=0.50 tr2=1.0E-14
     mesh =1095 r(mesh) =  99.04343 xmin = -7.00 dx = 0.01250

     n l     nl             e AE (Ryd)       e PS (Ryd)   De AE-PS (Ryd) 
     1 0     2S   1( 0.60)       -3.43526       -3.43862        0.00336
     2 1     2P   1( 4.00)       -2.31718       -2.32003        0.00286

     eps = 2.8E-16  iter =  9
 
     Etot =    -146.297287 Ry,     -73.148643 Ha,   -1990.491623 eV
     Etotps =   -28.325691 Ry,     -14.162845 Ha,    -385.393682 eV
     dEtot_ae =       3.593704 Ry
     dEtot_ps =       3.595345 Ry,   Delta E=      -0.001641

     Ekin =     145.958140 Ry,      72.979070 Ha,    1985.877257 eV
     Encl =    -336.737032 Ry,    -168.368516 Ha,   -4581.576704 eV
     Ehrt =      59.566017 Ry,      29.783008 Ha,     810.443310 eV
     Ecxc =     -15.084411 Ry,      -7.542206 Ha,    -205.235485 eV
     Evxt =       0.000000 Ry,       0.000000 Ha,       0.000000 eV
     Epseu=       0.000000 Ry,       0.000000 Ha,       0.000000 eV

     -------------- End of pseudopotential test ------------------------

