
     program ld1 starts. version 11-Feb-05
     today is 21Dec2005 at 16:47:30 

     -------------------- All-electron run ------------------------------

     O                                                                          

     atomic number is  8.00
     dft =PBE   lsd =0 sic =0 latt =0  beta=0.50 tr2=1.0E-14
     mesh =1095 r(mesh) =  99.04343 xmin = -7.00 dx = 0.01250

     n l     nl                  e(Ryd)         e(Ha)          e(eV)
     1 0     1S 1( 2.00)       -37.7973       -18.8987      -514.2629
     2 0     2S 1( 2.00)        -1.7577        -0.8788       -23.9149
     2 1     2P 1( 4.00)        -0.6643        -0.3321        -9.0378
     3 2     3D 1(-1.00)         0.0000         0.0000         0.0000

     eps = 1.3E-15  iter = 20
 
     Etot =    -149.890991 Ry,     -74.945496 Ha,   -2039.386845 eV

     Ekin =     149.468706 Ry,      74.734353 Ha,    2033.641324 eV
     Encl =    -355.645089 Ry,    -177.822544 Ha,   -4838.835950 eV
     Eh   =      72.821012 Ry,      36.410506 Ha,     990.788123 eV
     Exc  =     -16.535620 Ry,      -8.267810 Ha,    -224.980343 eV
     Evxt =       0.000000 Ry,       0.000000 Ha,       0.000000 eV
     Epseu=       0.000000 Ry,       0.000000 Ha,       0.000000 eV


     normalization and overlap integrals

     s(1S/1S) =  1.000000  <r> =   0.1997  <r2> =    0.0539  r(max) =   0.1298
     s(1S/2S) =  0.000000
     s(2S/2S) =  1.000000  <r> =   1.1407  <r2> =    1.5839  r(max) =   0.8677
     s(2P/2P) =  1.000000  <r> =   1.2656  <r2> =    2.1371  r(max) =   0.8151
     s(3D/3D) =  0.000000  <r> =   0.0000  <r2> =    0.0000  r(max) =  99.0434

     -------------------- End of All-electron run ----------------------

 eh   27.2110992020378     
 exc  -7.06661365535204     
 eh   27.2110992195351     
 exc  -7.06661365700585     
 eh   27.2110992202171     
 exc  -7.06661365711168     
 eh   27.2115432668299     
 exc  -7.06673010725065     
 eh   27.2046373742055     
 exc  -7.06610843437814     
 eh   27.2046373748874     
 exc  -7.06610843448396     
 eh   27.2111976761813     
 exc  -7.06664806834971     
 eh   27.2053284659766     
 exc  -7.06610764259097     
 eh   27.2053284666586     
 exc  -7.06610764269679     
 eh   27.2112250724132     
 exc  -7.06665426258713     
 eh   27.2053422628398     
 exc  -7.06611287731812     
 eh   27.2053422635218     
 exc  -7.06611287742394     
 eh   27.2112255695993     
 exc  -7.06665414435285     
 eh   27.2053905674423     
 exc  -7.06611654597570     
 eh   27.2053905681243     
 exc  -7.06611654608152     
 eh   27.2112255483310     
 exc  -7.06665413888918     
 eh   27.2053890374719     
 exc  -7.06611640392598     
 eh   27.2053890381539     
 exc  -7.06611640403180     
 eh   27.2112255483310     
 exc  -7.06665413888918     
 eh   27.2053890374719     
 exc  -7.06611640392598     
 eh   27.2053890381539     
 exc  -7.06611640403180     

     -------------- Testing the pseudopotential ------------------------

     O                                                                          

     atomic number is  8.00   valence charge is  6.00
     dft =PBE   lsd =0 sic =0 latt =0  beta=0.50 tr2=1.0E-14
     mesh =1095 r(mesh) =  99.04343 xmin = -7.00 dx = 0.01250

     n l     nl             e AE (Ryd)       e PS (Ryd)   De AE-PS (Ryd) 
     1 0     2S   1( 2.00)       -1.75770       -1.75781        0.00011
     2 1     2P   1( 4.00)       -0.66426       -0.66421       -0.00005

     eps = 7.9E-15  iter =  5
 
     Etot =    -149.890991 Ry,     -74.945496 Ha,   -2039.386845 eV
     Etotps =   -31.921036 Ry,     -15.960518 Ha,    -434.311231 eV
     dEtot_ae =       0.000000 Ry
     dEtot_ps =       0.000000 Ry,   Delta E=       0.000000

     Ekin =     149.468706 Ry,      74.734353 Ha,    2033.641324 eV
     Encl =    -355.645089 Ry,    -177.822544 Ha,   -4838.835950 eV
     Ehrt =      72.821012 Ry,      36.410506 Ha,     990.788123 eV
     Ecxc =     -16.535620 Ry,      -8.267810 Ha,    -224.980343 eV
     Evxt =       0.000000 Ry,       0.000000 Ha,       0.000000 eV
     Epseu=       0.000000 Ry,       0.000000 Ha,       0.000000 eV

     -------------- End of pseudopotential test ------------------------

     -------------------- All-electron run ------------------------------

     O                                                                          

     atomic number is  8.00
     dft =PBE   lsd =0 sic =0 latt =0  beta=0.50 tr2=1.0E-14
     mesh =1095 r(mesh) =  99.04343 xmin = -7.00 dx = 0.01250

     n l     nl                  e(Ryd)         e(Ha)          e(eV)
     1 0     1S 1( 2.00)       -38.5962       -19.2981      -525.1324
     2 0     2S 1( 1.40)        -2.4328        -1.2164       -33.0997
     2 1     2P 1( 4.00)        -1.3228        -0.6614       -17.9981
     3 2     3D 1(-1.00)         0.0000         0.0000         0.0000

     eps = 6.5E-15  iter = 19
 
     Etot =    -148.637684 Ry,     -74.318842 Ha,   -2022.334607 eV

     Ekin =     148.249343 Ry,      74.124671 Ha,    2017.050906 eV
     Encl =    -348.202263 Ry,    -174.101131 Ha,   -4737.570347 eV
     Eh   =      67.270462 Ry,      33.635231 Ha,     915.268447 eV
     Exc  =     -15.955226 Ry,      -7.977613 Ha,    -217.083612 eV
     Evxt =       0.000000 Ry,       0.000000 Ha,       0.000000 eV
     Epseu=       0.000000 Ry,       0.000000 Ha,       0.000000 eV


     normalization and overlap integrals

     s(1S/1S) =  1.000000  <r> =   0.1996  <r2> =    0.0539  r(max) =   0.1298
     s(1S/2S) =  0.000000
     s(2S/2S) =  1.000000  <r> =   1.1083  <r2> =    1.4826  r(max) =   0.8677
     s(2P/2P) =  1.000000  <r> =   1.1642  <r2> =    1.7541  r(max) =   0.7950
     s(3D/3D) =  0.000000  <r> =   0.0000  <r2> =    0.0000  r(max) =  99.0434

     -------------------- End of All-electron run ----------------------

 eh   22.0409903536507     
 exc  -6.22636745288552     
 eh   22.0409903678234     
 exc  -6.22636745432621     
 eh   22.0409903683759     
 exc  -6.22636745441905     
 eh   24.1948785576468     
 exc  -6.77839919334178     
 eh   698.349611553407     
 exc  -28.6000820866822     
 eh   698.349611554323     
 exc  -28.6000820867466     
 eh   23.3838587013165     
 exc  -6.56838333290037     
 eh   85.7458458821327     
 exc  -10.4972049483547     
 eh   85.7458458828130     
 exc  -10.4972049484375     
 eh   23.2639239758152     
 exc  -6.53743769374687     
 eh   63.0606393461546     
 exc  -9.30588812772711     
 eh   63.0606393468076     
 exc  -9.30588812781213     
 eh   23.2692533792490     
 exc  -6.53884723866918     
 eh   64.5386911808689     
 exc  -9.38790293503309     
 eh   64.5386911815236     
 exc  -9.38790293511792     
 eh   23.2672686226941     
 exc  -6.53833775730528     
 eh   64.2709098753014     
 exc  -9.37286050949443     
 eh   64.2709098759557     
 exc  -9.37286050957929     
 eh   23.2673102615618     
 exc  -6.53835150650168     
 eh   64.3376187722691     
 exc  -9.37650115204686     
 eh   64.3376187729235     
 exc  -9.37650115213170     
 eh   23.2673079157904     
 exc  -6.53835193455831     
 eh   64.3601915556696     
 exc  -9.37772864877475     
 eh   64.3601915563241     
 exc  -9.37772864885959     
 eh   23.2673064827647     
 exc  -6.53835081218109     
 eh   64.3469871548382     
 exc  -9.37700983784792     
 eh   64.3469871554927     
 exc  -9.37700983793277     
 eh   23.2673082378839     
 exc  -6.53835135510177     
 eh   64.3489789915240     
 exc  -9.37711863085394     
 eh   64.3489789921785     
 exc  -9.37711863093878     
 eh   23.2673081898281     
 exc  -6.53835136729772     
 eh   64.3493650889683     
 exc  -9.37713962656651     
 eh   64.3493650896228     
 exc  -9.37713962665135     
 eh   23.2673081046711     
 exc  -6.53835135186830     
 eh   64.3494373380508     
 exc  -9.37714353728644     
 eh   64.3494373387053     
 exc  -9.37714353737128     
 eh   23.2673080819392     
 exc  -6.53835134798339     
 eh   64.3494561669608     
 exc  -9.37714455637686     
 eh   64.3494561676153     
 exc  -9.37714455646170     
 eh   23.2673080819392     
 exc  -6.53835134798339     
 eh   64.3494561669608     
 exc  -9.37714455637686     
 eh   64.3494561676153     
 exc  -9.37714455646170     

     -------------- Testing the pseudopotential ------------------------

     O                                                                          

     atomic number is  8.00   valence charge is  6.00
     dft =PBE   lsd =0 sic =0 latt =0  beta=0.50 tr2=1.0E-14
     mesh =1095 r(mesh) =  99.04343 xmin = -7.00 dx = 0.01250

     n l     nl             e AE (Ryd)       e PS (Ryd)   De AE-PS (Ryd) 
     1 0     2S   1( 1.40)       -2.43276       -2.43343        0.00067
     2 1     2P   1( 4.00)       -1.32283       -1.32347        0.00064

     eps = 1.4E-15  iter = 12
 
     Etot =    -148.637684 Ry,     -74.318842 Ha,   -2022.334607 eV
     Etotps =   -30.667541 Ry,     -15.333770 Ha,    -417.256423 eV
     dEtot_ae =       1.253307 Ry
     dEtot_ps =       1.253495 Ry,   Delta E=      -0.000189

     Ekin =     148.249343 Ry,      74.124671 Ha,    2017.050906 eV
     Encl =    -348.202263 Ry,    -174.101131 Ha,   -4737.570347 eV
     Ehrt =      67.270462 Ry,      33.635231 Ha,     915.268447 eV
     Ecxc =     -15.955226 Ry,      -7.977613 Ha,    -217.083612 eV
     Evxt =       0.000000 Ry,       0.000000 Ha,       0.000000 eV
     Epseu=       0.000000 Ry,       0.000000 Ha,       0.000000 eV

     -------------- End of pseudopotential test ------------------------

