
     program ld1 starts. version 11-Feb-05
     today is 21Dec2005 at 16:47:37 

     -------------------- All-electron run ------------------------------

     O                                                                          

     atomic number is  8.00
     dft =PBE   lsd =0 sic =0 latt =0  beta=0.50 tr2=1.0E-14
     mesh =1095 r(mesh) =  99.04343 xmin = -7.00 dx = 0.01250

     n l     nl                  e(Ryd)         e(Ha)          e(eV)
     1 0     1S 1( 2.00)       -37.7973       -18.8987      -514.2629
     2 0     2S 1( 2.00)        -1.7577        -0.8788       -23.9149
     2 1     2P 1( 4.00)        -0.6643        -0.3321        -9.0378
     3 2     3D 1(-1.00)         0.0000         0.0000         0.0000

     eps = 1.3E-15  iter = 20
 
     Etot =    -149.890991 Ry,     -74.945496 Ha,   -2039.386845 eV

     Ekin =     149.468706 Ry,      74.734353 Ha,    2033.641324 eV
     Encl =    -355.645089 Ry,    -177.822544 Ha,   -4838.835950 eV
     Eh   =      72.821012 Ry,      36.410506 Ha,     990.788123 eV
     Exc  =     -16.535620 Ry,      -8.267810 Ha,    -224.980343 eV
     Evxt =       0.000000 Ry,       0.000000 Ha,       0.000000 eV
     Epseu=       0.000000 Ry,       0.000000 Ha,       0.000000 eV


     normalization and overlap integrals

     s(1S/1S) =  1.000000  <r> =   0.1997  <r2> =    0.0539  r(max) =   0.1298
     s(1S/2S) =  0.000000
     s(2S/2S) =  1.000000  <r> =   1.1407  <r2> =    1.5839  r(max) =   0.8677
     s(2P/2P) =  1.000000  <r> =   1.2656  <r2> =    2.1371  r(max) =   0.8151
     s(3D/3D) =  0.000000  <r> =   0.0000  <r2> =    0.0000  r(max) =  99.0434

     -------------------- End of All-electron run ----------------------

 eh   27.2110992020378     
 exc  -7.06661365535204     
 eh   27.2110992195351     
 exc  -7.06661365700585     
 eh   27.2110992202171     
 exc  -7.06661365711168     
 eh   27.2115432668299     
 exc  -7.06673010725065     
 eh   27.2046373742055     
 exc  -7.06610843437814     
 eh   27.2046373748874     
 exc  -7.06610843448396     
 eh   27.2111976761813     
 exc  -7.06664806834971     
 eh   27.2053284659766     
 exc  -7.06610764259097     
 eh   27.2053284666586     
 exc  -7.06610764269679     
 eh   27.2112250724132     
 exc  -7.06665426258713     
 eh   27.2053422628398     
 exc  -7.06611287731812     
 eh   27.2053422635218     
 exc  -7.06611287742394     
 eh   27.2112255695993     
 exc  -7.06665414435285     
 eh   27.2053905674423     
 exc  -7.06611654597570     
 eh   27.2053905681243     
 exc  -7.06611654608152     
 eh   27.2112255483310     
 exc  -7.06665413888918     
 eh   27.2053890374719     
 exc  -7.06611640392598     
 eh   27.2053890381539     
 exc  -7.06611640403180     
 eh   27.2112255483310     
 exc  -7.06665413888918     
 eh   27.2053890374719     
 exc  -7.06611640392598     
 eh   27.2053890381539     
 exc  -7.06611640403180     

     -------------- Testing the pseudopotential ------------------------

     O                                                                          

     atomic number is  8.00   valence charge is  6.00
     dft =PBE   lsd =0 sic =0 latt =0  beta=0.50 tr2=1.0E-14
     mesh =1095 r(mesh) =  99.04343 xmin = -7.00 dx = 0.01250

     n l     nl             e AE (Ryd)       e PS (Ryd)   De AE-PS (Ryd) 
     1 0     2S   1( 2.00)       -1.75770       -1.75781        0.00011
     2 1     2P   1( 4.00)       -0.66426       -0.66421       -0.00005

     eps = 7.9E-15  iter =  5
 
     Etot =    -149.890991 Ry,     -74.945496 Ha,   -2039.386845 eV
     Etotps =   -31.921036 Ry,     -15.960518 Ha,    -434.311231 eV
     dEtot_ae =       0.000000 Ry
     dEtot_ps =       0.000000 Ry,   Delta E=       0.000000

     Ekin =     149.468706 Ry,      74.734353 Ha,    2033.641324 eV
     Encl =    -355.645089 Ry,    -177.822544 Ha,   -4838.835950 eV
     Ehrt =      72.821012 Ry,      36.410506 Ha,     990.788123 eV
     Ecxc =     -16.535620 Ry,      -8.267810 Ha,    -224.980343 eV
     Evxt =       0.000000 Ry,       0.000000 Ha,       0.000000 eV
     Epseu=       0.000000 Ry,       0.000000 Ha,       0.000000 eV

     -------------- End of pseudopotential test ------------------------

     -------------------- All-electron run ------------------------------

     O                                                                          

     atomic number is  8.00
     dft =PBE   lsd =0 sic =0 latt =0  beta=0.50 tr2=1.0E-14
     mesh =1095 r(mesh) =  99.04343 xmin = -7.00 dx = 0.01250

     n l     nl                  e(Ryd)         e(Ha)          e(eV)
     1 0     1S 1( 2.00)       -39.5054       -19.7527      -537.5022
     2 0     2S 1( 0.80)        -3.1752        -1.5876       -43.2016
     2 1     2P 1( 4.00)        -2.0577        -1.0288       -27.9964
     3 2     3D 1(-1.00)         0.0000         0.0000         0.0000

     eps = 1.7E-15  iter = 17
 
     Etot =    -146.958245 Ry,     -73.479122 Ha,   -1999.484487 eV

     Ekin =     146.606497 Ry,      73.303248 Ha,    1994.698675 eV
     Encl =    -339.758566 Ry,    -169.879283 Ha,   -4622.687095 eV
     Eh   =      61.504182 Ry,      30.752091 Ha,     836.813595 eV
     Exc  =     -15.310357 Ry,      -7.655179 Ha,    -208.309661 eV
     Evxt =       0.000000 Ry,       0.000000 Ha,       0.000000 eV
     Epseu=       0.000000 Ry,       0.000000 Ha,       0.000000 eV


     normalization and overlap integrals

     s(1S/1S) =  1.000000  <r> =   0.1996  <r2> =    0.0538  r(max) =   0.1298
     s(1S/2S) =  0.000000
     s(2S/2S) =  1.000000  <r> =   1.0766  <r2> =    1.3890  r(max) =   0.8569
     s(2P/2P) =  1.000000  <r> =   1.0904  <r2> =    1.5102  r(max) =   0.7753
     s(3D/3D) =  0.000000  <r> =   0.0000  <r2> =    0.0000  r(max) =  99.0434

     -------------------- End of All-electron run ----------------------

 eh   17.4151034893043     
 exc  -5.41278576238871     
 eh   17.4151035005024     
 exc  -5.41278576362350     
 eh   17.4151035009389     
 exc  -5.41278576370376     
 eh   20.3976649448497     
 exc  -6.25373061486601     
 eh   8237.67675799309     
 exc  -124.334842706412     
 eh   8237.67675799345     
 exc  -124.334842706427     
 eh   19.5793738366610     
 exc  -6.02029535037933     
 eh   1407.71501325220     
 exc  -42.1933658500720     
 eh   1407.71501325307     
 exc  -42.1933658501198     
 eh   19.3175207599487     
 exc  -5.94586259743064     
 eh   696.988199035846     
 exc  -28.1931023236431     
 eh   696.988199036659     
 exc  -28.1931023236996     
 eh   19.3298088547297     
 exc  -5.94940082669619     
 eh   729.895511523725     
 exc  -28.9281943193530     
 eh   729.895511524542     
 exc  -28.9281943194089     
 eh   19.3259935955527     
 exc  -5.94833153413588     
 eh   724.518546557002     
 exc  -28.8083274867697     
 eh   724.518546557817     
 exc  -28.8083274868257     
 eh   19.3260617406633     
 exc  -5.94835045184424     
 eh   724.614151921809     
 exc  -28.8104642823382     
 eh   724.614151922624     
 exc  -28.8104642823943     
 eh   19.3260761838967     
 exc  -5.94835432034922     
 eh   724.634782775437     
 exc  -28.8109273583315     
 eh   724.634782776252     
 exc  -28.8109273583876     
 eh   19.3260761597419     
 exc  -5.94835431306808     
 eh   724.635025289819     
 exc  -28.8109326968992     
 eh   724.635025290635     
 exc  -28.8109326969553     
 eh   19.3260761330363     
 exc  -5.94835430513090     
 eh   724.635291849274     
 exc  -28.8109385678382     
 eh   724.635291850090     
 exc  -28.8109385678943     
 eh   19.3260761330363     
 exc  -5.94835430513090     
 eh   724.635291849274     
 exc  -28.8109385678382     
 eh   724.635291850090     
 exc  -28.8109385678943     

     -------------- Testing the pseudopotential ------------------------

     O                                                                          

     atomic number is  8.00   valence charge is  6.00
     dft =PBE   lsd =0 sic =0 latt =0  beta=0.50 tr2=1.0E-14
     mesh =1095 r(mesh) =  99.04343 xmin = -7.00 dx = 0.01250

     n l     nl             e AE (Ryd)       e PS (Ryd)   De AE-PS (Ryd) 
     1 0     2S   1( 0.80)       -3.17524       -3.17765        0.00241
     2 1     2P   1( 4.00)       -2.05768       -2.05980        0.00212

     eps = 8.5E-17  iter =  9
 
     Etot =    -146.958245 Ry,     -73.479122 Ha,   -1999.484487 eV
     Etotps =   -28.987232 Ry,     -14.493616 Ha,    -394.394483 eV
     dEtot_ae =       2.932746 Ry
     dEtot_ps =       2.933804 Ry,   Delta E=      -0.001058

     Ekin =     146.606497 Ry,      73.303248 Ha,    1994.698675 eV
     Encl =    -339.758566 Ry,    -169.879283 Ha,   -4622.687095 eV
     Ehrt =      61.504182 Ry,      30.752091 Ha,     836.813595 eV
     Ecxc =     -15.310357 Ry,      -7.655179 Ha,    -208.309661 eV
     Evxt =       0.000000 Ry,       0.000000 Ha,       0.000000 eV
     Epseu=       0.000000 Ry,       0.000000 Ha,       0.000000 eV

     -------------- End of pseudopotential test ------------------------

