
     program ld1 starts. version 11-Feb-05
     today is 15Jul2007 at 23:30:59 

     -------------------- All-electron run ------------------------------

     O                                                                          

     atomic number is  8.00
     dft =PBE   lsd =0 sic =0 latt =0  beta=0.50 tr2=1.0E-14
     mesh =1095 r(mesh) =  99.04343 xmin = -7.00 dx = 0.01250

     n l     nl                  e(Ryd)         e(Ha)          e(eV)
     1 0     1S 1( 2.00)       -37.7973       -18.8987      -514.2628
     2 0     2S 1( 2.00)        -1.7577        -0.8788       -23.9149
     2 1     2P 1( 4.00)        -0.6643        -0.3321        -9.0378
     3 2     3D 1(-1.00)         0.0000         0.0000         0.0000

     eps = 9.5E-15  iter = 14
 
     Etot =    -149.890997 Ry,     -74.945498 Ha,   -2039.386923 eV

     Ekin =     149.468653 Ry,      74.734326 Ha,    2033.640596 eV
     Encl =    -355.645039 Ry,    -177.822520 Ha,   -4838.835274 eV
     Eh   =      72.821009 Ry,      36.410504 Ha,     990.788079 eV
     Exc  =     -16.535619 Ry,      -8.267809 Ha,    -224.980324 eV
     Evxt =       0.000000 Ry,       0.000000 Ha,       0.000000 eV
     Epseu=       0.000000 Ry,       0.000000 Ha,       0.000000 eV


     normalization and overlap integrals

     s(1S/1S) =  1.000000  <r> =   0.1997  <r2> =    0.0539  r(max) =   0.1298
     s(1S/2S) =  0.000000
     s(2S/2S) =  1.000000  <r> =   1.1407  <r2> =    1.5839  r(max) =   0.8677
     s(2P/2P) =  1.000000  <r> =   1.2656  <r2> =    2.1371  r(max) =   0.8151
     s(3D/3D) =  0.000000  <r> =   0.0000  <r2> =    0.0000  r(max) =  99.0434

     -------------------- End of All-electron run ----------------------


     ---------------  Generating PAW atomic setup  ---------------


      Generating local potential: lloc=2, matching radius rcloc =   1.4000

      Computing core charge for nlcc: 

       r > 0.50 : true rho core
       r < 0.50 : rho core = a sin(br)/r    a=   2.34  b=   5.42

             integrated core pseudo-charge :   0.27


      Wfc   2S  rcut= 1.400  Estimated cut-off energy=       89.87 Ry
      This function has    0 nodes for 0 < r <    1.186


      Wfc   2S  rcut= 1.400  Estimated cut-off energy=       64.20 Ry
      This function has    0 nodes for 0 < r <    1.413
      Wfc-us  2S rcutus= 1.700  Estimated cut-off energy=    17.92 Ry


      Wfc   2S  rcut= 1.400  Estimated cut-off energy=       96.76 Ry
      This function has    0 nodes for 0 < r <    1.186


      Wfc   2S  rcut= 1.400  Estimated cut-off energy=       79.41 Ry
      This function has    0 nodes for 0 < r <    1.413
      Wfc-us  2S rcutus= 1.700  Estimated cut-off energy=    33.87 Ry


      Wfc   2P  rcut= 1.400  Estimated cut-off energy=      125.00 Ry
      This function has    0 nodes for 0 < r <    1.186


      Wfc   2P  rcut= 1.400  Estimated cut-off energy=       88.65 Ry
      This function has    0 nodes for 0 < r <    1.413
      Wfc-us  2P rcutus= 1.700  Estimated cut-off energy=    28.04 Ry


      Wfc   2P  rcut= 1.400  Estimated cut-off energy=      127.71 Ry
      This function has    0 nodes for 0 < r <    1.186


      Wfc   2P  rcut= 1.400  Estimated cut-off energy=       92.81 Ry
      This function has    0 nodes for 0 < r <    1.413
      Wfc-us  2P rcutus= 1.700  Estimated cut-off energy=    35.27 Ry

      The bmat matrix before symmetrization
     1.70454    -7.81041     0.00000     0.00000
    -7.81154    30.67195     0.00000     0.00000
     0.00000     0.00000    -0.60782    -0.61066
     0.00000     0.00000    -0.61063    -0.59259

      The bmat matrix
     1.70454    -7.81097     0.00000     0.00000
    -7.81097    30.67195     0.00000     0.00000
     0.00000     0.00000    -0.60782    -0.61064
     0.00000     0.00000    -0.61064    -0.59259

      The qq matrix
    -0.06182     0.57930     0.00000     0.00000
     0.57930    -3.38122     0.00000     0.00000
     0.00000     0.00000     0.26804     0.31907
     0.00000     0.00000     0.31907     0.38051
 WARNING: __PAW_FROM_NC__
 MULTIPOLE  1  0:  1  0 -0.0618
 MULTIPOLE  2  0:  1  0  0.5792
 MULTIPOLE  2  0:  2  0 -3.3812
 MULTIPOLE  3  1:  1  0  0.0000 -0.1071
 MULTIPOLE  3  1:  2  0  0.0000  0.1978
 MULTIPOLE  3  1:  3  1  0.2680  0.1794  0.1327
 MULTIPOLE  4  1:  1  0  0.0000 -0.1268
 MULTIPOLE  4  1:  2  0  0.0000  0.2418
 MULTIPOLE  4  1:  3  1  0.3191  0.2104  0.1535
 MULTIPOLE  4  1:  4  1  0.3805  0.2473  0.1777

     Estimated PAW energy =  -31.920890 Ryd

     The PAW screened D coefficients
     1.70454    -7.81085     0.00000     0.00000
    -7.81085    30.67195     0.00000     0.00000
     0.00000     0.00000    -0.60782    -0.61065
     0.00000     0.00000    -0.61065    -0.59259

     The PAW descreened D coefficients (US)
     1.00553    -2.27639     0.00000     0.00000
    -2.27639    -1.19005     0.00000     0.00000
     0.00000     0.00000     1.58814     2.03986
     0.00000     0.00000     2.03986     2.61043

     ------------ End of pseudopotential generation --------------------

     -------------------- All-electron run ------------------------------

     O                                                                          

     atomic number is  8.00
     dft =PBE   lsd =0 sic =0 latt =0  beta=0.50 tr2=1.0E-14
     mesh =1095 r(mesh) =  99.04343 xmin = -7.00 dx = 0.01250

     n l     nl                  e(Ryd)         e(Ha)          e(eV)
     1 0     1S 1( 2.00)       -37.7973       -18.8987      -514.2628
     2 0     2S 1( 2.00)        -1.7577        -0.8788       -23.9149
     2 1     2P 1( 4.00)        -0.6643        -0.3321        -9.0378
     3 2     3D 1(-1.00)         0.0000         0.0000         0.0000

     eps = 9.5E-15  iter = 14
 
     Etot =    -149.890997 Ry,     -74.945498 Ha,   -2039.386923 eV

     Ekin =     149.468653 Ry,      74.734326 Ha,    2033.640596 eV
     Encl =    -355.645039 Ry,    -177.822520 Ha,   -4838.835274 eV
     Eh   =      72.821009 Ry,      36.410504 Ha,     990.788079 eV
     Exc  =     -16.535619 Ry,      -8.267809 Ha,    -224.980324 eV
     Evxt =       0.000000 Ry,       0.000000 Ha,       0.000000 eV
     Epseu=       0.000000 Ry,       0.000000 Ha,       0.000000 eV


     normalization and overlap integrals

     s(1S/1S) =  1.000000  <r> =   0.1997  <r2> =    0.0539  r(max) =   0.1298
     s(1S/2S) =  0.000000
     s(2S/2S) =  1.000000  <r> =   1.1407  <r2> =    1.5839  r(max) =   0.8677
     s(2P/2P) =  1.000000  <r> =   1.2656  <r2> =    2.1371  r(max) =   0.8151
     s(3D/3D) =  0.000000  <r> =   0.0000  <r2> =    0.0000  r(max) =  99.0434

     -------------------- End of All-electron run ----------------------


     -------------- Testing the pseudopotential ------------------------

     O                                                                          

     atomic number is  8.00   valence charge is  6.00
     dft =PBE   lsd =0 sic =0 latt =0  beta=0.50 tr2=1.0E-14
     mesh =1095 r(mesh) =  99.04343 xmin = -7.00 dx = 0.01250

     n l     nl             e AE (Ryd)       e PS (Ryd)   De AE-PS (Ryd) 
     1 0     2S   1( 2.00)       -1.75770       -1.75781        0.00011
     2 1     2P   1( 4.00)       -0.66426       -0.66421       -0.00005

     eps = 9.0E-15  iter =  5
 
     Etot =    -149.890997 Ry,     -74.945498 Ha,   -2039.386923 eV
     Etotps =   -31.921036 Ry,     -15.960518 Ha,    -434.311230 eV
     dEtot_ae =       0.000000 Ry
     dEtot_ps =       0.000000 Ry,   Delta E=       0.000000

     Ekin =     149.468653 Ry,      74.734326 Ha,    2033.640596 eV
     Encl =    -355.645039 Ry,    -177.822520 Ha,   -4838.835274 eV
     Ehrt =      72.821009 Ry,      36.410504 Ha,     990.788079 eV
     Ecxc =     -16.535619 Ry,      -8.267809 Ha,    -224.980324 eV
     Evxt =       0.000000 Ry,       0.000000 Ha,       0.000000 eV
     Epseu=       0.000000 Ry,       0.000000 Ha,       0.000000 eV

     -------------- End of pseudopotential test ------------------------

