
     program ld1 starts. version 11-Feb-05
     today is 21Dec2005 at 16:47:46 

     -------------------- All-electron run ------------------------------

     O                                                                          

     atomic number is  8.00
     dft =PBE   lsd =0 sic =0 latt =0  beta=0.50 tr2=1.0E-14
     mesh =1095 r(mesh) =  99.04343 xmin = -7.00 dx = 0.01250

     n l     nl                  e(Ryd)         e(Ha)          e(eV)
     1 0     1S 1( 2.00)       -37.7973       -18.8987      -514.2629
     2 0     2S 1( 2.00)        -1.7577        -0.8788       -23.9149
     2 1     2P 1( 4.00)        -0.6643        -0.3321        -9.0378
     3 2     3D 1(-1.00)         0.0000         0.0000         0.0000

     eps = 1.3E-15  iter = 20
 
     Etot =    -149.890991 Ry,     -74.945496 Ha,   -2039.386845 eV

     Ekin =     149.468706 Ry,      74.734353 Ha,    2033.641324 eV
     Encl =    -355.645089 Ry,    -177.822544 Ha,   -4838.835950 eV
     Eh   =      72.821012 Ry,      36.410506 Ha,     990.788123 eV
     Exc  =     -16.535620 Ry,      -8.267810 Ha,    -224.980343 eV
     Evxt =       0.000000 Ry,       0.000000 Ha,       0.000000 eV
     Epseu=       0.000000 Ry,       0.000000 Ha,       0.000000 eV


     normalization and overlap integrals

     s(1S/1S) =  1.000000  <r> =   0.1997  <r2> =    0.0539  r(max) =   0.1298
     s(1S/2S) =  0.000000
     s(2S/2S) =  1.000000  <r> =   1.1407  <r2> =    1.5839  r(max) =   0.8677
     s(2P/2P) =  1.000000  <r> =   1.2656  <r2> =    2.1371  r(max) =   0.8151
     s(3D/3D) =  0.000000  <r> =   0.0000  <r2> =    0.0000  r(max) =  99.0434

     -------------------- End of All-electron run ----------------------

 eh   27.2110992020378     
 exc  -7.06661365535204     
 eh   27.2110992195351     
 exc  -7.06661365700585     
 eh   27.2110992202171     
 exc  -7.06661365711168     
 eh   27.2115432668299     
 exc  -7.06673010725065     
 eh   27.2046373742055     
 exc  -7.06610843437814     
 eh   27.2046373748874     
 exc  -7.06610843448396     
 eh   27.2111976761813     
 exc  -7.06664806834971     
 eh   27.2053284659766     
 exc  -7.06610764259097     
 eh   27.2053284666586     
 exc  -7.06610764269679     
 eh   27.2112250724132     
 exc  -7.06665426258713     
 eh   27.2053422628398     
 exc  -7.06611287731812     
 eh   27.2053422635218     
 exc  -7.06611287742394     
 eh   27.2112255695993     
 exc  -7.06665414435285     
 eh   27.2053905674423     
 exc  -7.06611654597570     
 eh   27.2053905681243     
 exc  -7.06611654608152     
 eh   27.2112255483310     
 exc  -7.06665413888918     
 eh   27.2053890374719     
 exc  -7.06611640392598     
 eh   27.2053890381539     
 exc  -7.06611640403180     
 eh   27.2112255483310     
 exc  -7.06665413888918     
 eh   27.2053890374719     
 exc  -7.06611640392598     
 eh   27.2053890381539     
 exc  -7.06611640403180     

     -------------- Testing the pseudopotential ------------------------

     O                                                                          

     atomic number is  8.00   valence charge is  6.00
     dft =PBE   lsd =0 sic =0 latt =0  beta=0.50 tr2=1.0E-14
     mesh =1095 r(mesh) =  99.04343 xmin = -7.00 dx = 0.01250

     n l     nl             e AE (Ryd)       e PS (Ryd)   De AE-PS (Ryd) 
     1 0     2S   1( 2.00)       -1.75770       -1.75781        0.00011
     2 1     2P   1( 4.00)       -0.66426       -0.66421       -0.00005

     eps = 7.9E-15  iter =  5
 
     Etot =    -149.890991 Ry,     -74.945496 Ha,   -2039.386845 eV
     Etotps =   -31.921036 Ry,     -15.960518 Ha,    -434.311231 eV
     dEtot_ae =       0.000000 Ry
     dEtot_ps =       0.000000 Ry,   Delta E=       0.000000

     Ekin =     149.468706 Ry,      74.734353 Ha,    2033.641324 eV
     Encl =    -355.645089 Ry,    -177.822544 Ha,   -4838.835950 eV
     Ehrt =      72.821012 Ry,      36.410506 Ha,     990.788123 eV
     Ecxc =     -16.535620 Ry,      -8.267810 Ha,    -224.980343 eV
     Evxt =       0.000000 Ry,       0.000000 Ha,       0.000000 eV
     Epseu=       0.000000 Ry,       0.000000 Ha,       0.000000 eV

     -------------- End of pseudopotential test ------------------------

     -------------------- All-electron run ------------------------------

     O                                                                          

     atomic number is  8.00
     dft =PBE   lsd =0 sic =0 latt =0  beta=0.50 tr2=1.0E-14
     mesh =1095 r(mesh) =  99.04343 xmin = -7.00 dx = 0.01250

     n l     nl                  e(Ryd)         e(Ha)          e(eV)
     1 0     1S 1( 2.00)       -40.8660       -20.4330      -556.0144
     2 0     2S 1( 0.00)        -4.2480        -2.1240       -57.7968
     2 1     2P 1( 4.00)        -3.1344        -1.5672       -42.6463
     3 2     3D 1(-1.00)         0.0000         0.0000         0.0000

     eps = 7.5E-15  iter = 15
 
     Etot =    -143.994638 Ry,     -71.997319 Ha,   -1959.162247 eV

     Ekin =     143.694116 Ry,      71.847058 Ha,    1955.073408 eV
     Encl =    -327.078419 Ry,    -163.539210 Ha,   -4450.163558 eV
     Eh   =      53.771193 Ry,      26.885596 Ha,     731.600091 eV
     Exc  =     -14.381528 Ry,      -7.190764 Ha,    -195.672188 eV
     Evxt =       0.000000 Ry,       0.000000 Ha,       0.000000 eV
     Epseu=       0.000000 Ry,       0.000000 Ha,       0.000000 eV


     normalization and overlap integrals

     s(1S/1S) =  1.000000  <r> =   0.1994  <r2> =    0.0537  r(max) =   0.1298
     s(1S/2S) =  0.000000
     s(2S/2S) =  1.000000  <r> =   1.0368  <r2> =    1.2786  r(max) =   0.8357
     s(2P/2P) =  1.000000  <r> =   1.0147  <r2> =    1.2864  r(max) =   0.7468
     s(3D/3D) =  0.000000  <r> =   0.0000  <r2> =    0.0000  r(max) =  99.0434

     -------------------- End of All-electron run ----------------------

 eh   12.0938218675724     
 exc  -4.37339225729267     
 eh   12.0938218753489     
 exc  -4.37339225826523     
 eh   12.0938218756521     
 exc  -4.37339225832943     
 eh   15.1821332523551     
 exc  -5.38129787241650     
 eh   47568.9502866863     
 exc  -383.605291853970     
 eh   47568.9502866810     
 exc  -383.605291853921     
 eh   14.6055939090735     
 exc  -5.19087448915652     
 eh   14672.3596258210     
 exc  -180.186524027525     
 eh   14672.3596258202     
 exc  -180.186524027516     
 eh   14.3105716592264     
 exc  -5.09383738807677     
 eh   7186.23062265847     
 exc  -114.472310344319     
 eh   7186.23062265865     
 exc  -114.472310344328     
 eh   14.3228502499953     
 exc  -5.09791874442610     
 eh   7462.25745312696     
 exc  -117.231328948778     
 eh   7462.25745312712     
 exc  -117.231328948786     
 eh   14.3191275348900     
 exc  -5.09671005564812     
 eh   7404.54049557843     
 exc  -116.657017016311     
 eh   7404.54049557858     
 exc  -116.657017016320     
 eh   14.3191948573754     
 exc  -5.09673203271144     
 eh   7405.76729119715     
 exc  -116.669235962811     
 eh   7405.76729119731     
 exc  -116.669235962819     
 eh   14.3192036914277     
 exc  -5.09673499628282     
 eh   7406.07004683799     
 exc  -116.672248335842     
 eh   7406.07004683814     
 exc  -116.672248335850     
 eh   14.3192034424515     
 exc  -5.09673490420207     
 eh   7406.05663539807     
 exc  -116.672114910550     
 eh   7406.05663539823     
 exc  -116.672114910558     
 eh   14.3192031998155     
 exc  -5.09673481562520     
 eh   7406.04438961887     
 exc  -116.671993078370     
 eh   7406.04438961903     
 exc  -116.671993078378     
 eh   14.3192031998155     
 exc  -5.09673481562520     
 eh   7406.04438961887     
 exc  -116.671993078370     
 eh   7406.04438961903     
 exc  -116.671993078378     

     -------------- Testing the pseudopotential ------------------------

     O                                                                          

     atomic number is  8.00   valence charge is  6.00
     dft =PBE   lsd =0 sic =0 latt =0  beta=0.50 tr2=1.0E-14
     mesh =1095 r(mesh) =  99.04343 xmin = -7.00 dx = 0.01250

     n l     nl             e AE (Ryd)       e PS (Ryd)   De AE-PS (Ryd) 
     1 0     2S   1( 0.00)       -4.24795       -4.25577        0.00782
     2 1     2P   1( 4.00)       -3.13442       -3.14061        0.00619

     eps = 7.1E-17  iter =  9
 
     Etot =    -143.994638 Ry,     -71.997319 Ha,   -1959.162247 eV
     Etotps =   -26.019782 Ry,     -13.009891 Ha,    -354.019956 eV
     dEtot_ae =       5.896353 Ry
     dEtot_ps =       5.901253 Ry,   Delta E=      -0.004901

     Ekin =     143.694116 Ry,      71.847058 Ha,    1955.073408 eV
     Encl =    -327.078419 Ry,    -163.539210 Ha,   -4450.163558 eV
     Ehrt =      53.771193 Ry,      26.885596 Ha,     731.600091 eV
     Ecxc =     -14.381528 Ry,      -7.190764 Ha,    -195.672188 eV
     Evxt =       0.000000 Ry,       0.000000 Ha,       0.000000 eV
     Epseu=       0.000000 Ry,       0.000000 Ha,       0.000000 eV

     -------------- End of pseudopotential test ------------------------

