
     program ld1 starts. version 11-Feb-05
     today is 11May2007 at 23:18:29 

     -------------------- All-electron run ------------------------------

     O                                                                          

     atomic number is  8.00
     dft = SLA  PW   PBX  PBC   lsd =0 sic =0 latt =0  beta=0.50 tr2=1.0E-14
     mesh =1095 r(mesh) =  99.04343 xmin = -7.00 dx = 0.01250

     n l     nl                  e(Ryd)         e(Ha)          e(eV)
     1 0     1S 1( 2.00)       -37.7973       -18.8987      -514.2628
     2 0     2S 1( 2.00)        -1.7577        -0.8788       -23.9149
     2 1     2P 1( 4.00)        -0.6643        -0.3321        -9.0378
     3 2     3D 1(-1.00)         0.0000         0.0000         0.0000

     eps = 2.0E-15  iter = 15
 
     Etot =    -149.890997 Ry,     -74.945498 Ha,   -2039.386925 eV

     Ekin =     149.468653 Ry,      74.734327 Ha,    2033.640599 eV
     Encl =    -355.645040 Ry,    -177.822520 Ha,   -4838.835280 eV
     Eh   =      72.821009 Ry,      36.410504 Ha,     990.788080 eV
     Exc  =     -16.535619 Ry,      -8.267809 Ha,    -224.980324 eV
     Evxt =       0.000000 Ry,       0.000000 Ha,       0.000000 eV
     Epseu=       0.000000 Ry,       0.000000 Ha,       0.000000 eV


     normalization and overlap integrals

     s(1S/1S) =  1.000000  <r> =   0.1997  <r2> =    0.0539  r(max) =   0.1298
     s(1S/2S) =  0.000000
     s(2S/2S) =  1.000000  <r> =   1.1407  <r2> =    1.5839  r(max) =   0.8677
     s(2P/2P) =  1.000000  <r> =   1.2656  <r2> =    2.1371  r(max) =   0.8151
     s(3D/3D) =  0.000000  <r> =   0.0000  <r2> =    0.0000  r(max) =  99.0434

     -------------------- End of All-electron run ----------------------

     Core only energy     -0.37315442

     -------------- Testing the pseudopotential ------------------------

     O                                                                          

     atomic number is  8.00   valence charge is  6.00
     dft = SLA  PW   PBX  PBC   lsd =0 sic =0 latt =0  beta=0.50 tr2=1.0E-14
     mesh =1095 r(mesh) =  99.04343 xmin = -7.00 dx = 0.01250

     n l     nl             e AE (Ryd)       e PS (Ryd)   De AE-PS (Ryd) 
     1 0     2S   1( 2.00)       -1.75770       -1.75787        0.00017
     2 1     2P   1( 4.00)       -0.66426       -0.66424       -0.00002

     eps = 7.8E-18  iter =  6
 
     Etot =    -149.890997 Ry,     -74.945498 Ha,   -2039.386925 eV
     Etotps =   -31.548666 Ry,     -15.774333 Ha,    -429.244835 eV
     dEtot_ae =       0.000000 Ry
     dEtot_ps =       0.000000 Ry,   Delta E=       0.000000

     Ekin =      21.697435 Ry,      10.848717 Ha,     295.210959 eV
     Encl =     -72.066771 Ry,     -36.033385 Ha,    -980.526068 eV
     Ehrt =      27.211798 Ry,      13.605899 Ha,     370.238282 eV
     Ecxc =      -6.693642 Ry,      -3.346821 Ha,     -91.072358 eV
     Evxt =       0.000000 Ry,       0.000000 Ha,       0.000000 eV
     Epseu=      -1.697486 Ry,      -0.848743 Ha,     -23.095650 eV

     -------------- End of pseudopotential test ------------------------

     -------------------- All-electron run ------------------------------

     O                                                                          

     atomic number is  8.00
     dft = SLA  PW   PBX  PBC   lsd =0 sic =0 latt =0  beta=0.50 tr2=1.0E-14
     mesh =1095 r(mesh) =  99.04343 xmin = -7.00 dx = 0.01250

     n l     nl                  e(Ryd)         e(Ha)          e(eV)
     1 0     1S 1( 2.00)       -38.5962       -19.2981      -525.1323
     2 0     2S 1( 1.40)        -2.4328        -1.2164       -33.0997
     2 1     2P 1( 4.00)        -1.3228        -0.6614       -17.9981
     3 2     3D 1(-1.00)         0.0000         0.0000         0.0000

     eps = 2.4E-15  iter = 17
 
     Etot =    -148.637690 Ry,     -74.318845 Ha,   -2022.334687 eV

     Ekin =     148.249290 Ry,      74.124645 Ha,    2017.050189 eV
     Encl =    -348.202214 Ry,    -174.101107 Ha,   -4737.569688 eV
     Eh   =      67.270459 Ry,      33.635229 Ha,     915.268405 eV
     Exc  =     -15.955224 Ry,      -7.977612 Ha,    -217.083593 eV
     Evxt =       0.000000 Ry,       0.000000 Ha,       0.000000 eV
     Epseu=       0.000000 Ry,       0.000000 Ha,       0.000000 eV


     normalization and overlap integrals

     s(1S/1S) =  1.000000  <r> =   0.1996  <r2> =    0.0539  r(max) =   0.1298
     s(1S/2S) =  0.000000
     s(2S/2S) =  1.000000  <r> =   1.1083  <r2> =    1.4827  r(max) =   0.8677
     s(2P/2P) =  1.000000  <r> =   1.1642  <r2> =    1.7541  r(max) =   0.7950
     s(3D/3D) =  0.000000  <r> =   0.0000  <r2> =    0.0000  r(max) =  99.0434

     -------------------- End of All-electron run ----------------------

     Core only energy     -0.37315442

     -------------- Testing the pseudopotential ------------------------

     O                                                                          

     atomic number is  8.00   valence charge is  6.00
     dft = SLA  PW   PBX  PBC   lsd =0 sic =0 latt =0  beta=0.50 tr2=1.0E-14
     mesh =1095 r(mesh) =  99.04343 xmin = -7.00 dx = 0.01250

     n l     nl             e AE (Ryd)       e PS (Ryd)   De AE-PS (Ryd) 
     1 0     2S   1( 1.40)       -2.43276       -2.43341        0.00065
     2 1     2P   1( 4.00)       -1.32283       -1.32343        0.00060

     eps = 5.5E-16  iter =  7
 
     Etot =    -148.637690 Ry,     -74.318845 Ha,   -2022.334687 eV
     Etotps =   -30.295139 Ry,     -15.147570 Ha,    -412.189603 eV
     dEtot_ae =       1.253307 Ry
     dEtot_ps =       1.253527 Ry,   Delta E=      -0.000220

     Ekin =      22.772263 Ry,      11.386132 Ha,     309.834858 eV
     Encl =     -67.407452 Ry,     -33.703726 Ha,    -917.132312 eV
     Ehrt =      23.268157 Ry,      11.634079 Ha,     316.581896 eV
     Ecxc =      -6.165476 Ry,      -3.082738 Ha,     -83.886233 eV
     Evxt =       0.000000 Ry,       0.000000 Ha,       0.000000 eV
     Epseu=      -2.762631 Ry,      -1.381316 Ha,     -37.587812 eV

     -------------- End of pseudopotential test ------------------------

