
     program ld1 starts. version 11-Feb-05
     today is 21Dec2005 at 16:47:45 

     -------------------- All-electron run ------------------------------

     O                                                                          

     atomic number is  8.00
     dft = SLA  PW   PBX  PBC   lsd =0 sic =0 latt =0  beta=0.50 tr2=1.0E-14
     mesh =1095 r(mesh) =  99.04343 xmin = -7.00 dx = 0.01250

     n l     nl                  e(Ryd)         e(Ha)          e(eV)
     1 0     1S 1( 2.00)       -37.7973       -18.8987      -514.2628
     2 0     2S 1( 2.00)        -1.7577        -0.8788       -23.9149
     2 1     2P 1( 4.00)        -0.6643        -0.3321        -9.0378
     3 2     3D 1(-1.00)         0.0000         0.0000         0.0000

     eps = 2.0E-15  iter = 15
 
     Etot =    -149.890997 Ry,     -74.945498 Ha,   -2039.386925 eV

     Ekin =     149.468653 Ry,      74.734327 Ha,    2033.640599 eV
     Encl =    -355.645040 Ry,    -177.822520 Ha,   -4838.835280 eV
     Eh   =      72.821009 Ry,      36.410504 Ha,     990.788080 eV
     Exc  =     -16.535619 Ry,      -8.267809 Ha,    -224.980324 eV
     Evxt =       0.000000 Ry,       0.000000 Ha,       0.000000 eV
     Epseu=       0.000000 Ry,       0.000000 Ha,       0.000000 eV


     normalization and overlap integrals

     s(1S/1S) =  1.000000  <r> =   0.1997  <r2> =    0.0539  r(max) =   0.1298
     s(1S/2S) =  0.000000
     s(2S/2S) =  1.000000  <r> =   1.1407  <r2> =    1.5839  r(max) =   0.8677
     s(2P/2P) =  1.000000  <r> =   1.2656  <r2> =    2.1371  r(max) =   0.8151
     s(3D/3D) =  0.000000  <r> =   0.0000  <r2> =    0.0000  r(max) =  99.0434

     -------------------- End of All-electron run ----------------------

     Core only energy     -0.37315442

     -------------- Testing the pseudopotential ------------------------

     O                                                                          

     atomic number is  8.00   valence charge is  6.00
     dft = SLA  PW   PBX  PBC   lsd =0 sic =0 latt =0  beta=0.50 tr2=1.0E-14
     mesh =1095 r(mesh) =  99.04343 xmin = -7.00 dx = 0.01250

     n l     nl             e AE (Ryd)       e PS (Ryd)   De AE-PS (Ryd) 
     1 0     2S   1( 2.00)       -1.75770       -1.75787        0.00017
     2 1     2P   1( 4.00)       -0.66426       -0.66424       -0.00002

     eps = 7.8E-18  iter =  6
 
     Etot =    -149.890997 Ry,     -74.945498 Ha,   -2039.386925 eV
     Etotps =   -31.548666 Ry,     -15.774333 Ha,    -429.244834 eV
     dEtot_ae =       0.000000 Ry
     dEtot_ps =       0.000000 Ry,   Delta E=       0.000000

     Ekin =      21.697435 Ry,      10.848717 Ha,     295.210958 eV
     Encl =     -72.066770 Ry,     -36.033385 Ha,    -980.526066 eV
     Ehrt =      27.211798 Ry,      13.605899 Ha,     370.238281 eV
     Ecxc =      -6.693642 Ry,      -3.346821 Ha,     -91.072358 eV
     Evxt =       0.000000 Ry,       0.000000 Ha,       0.000000 eV
     Epseu=      -1.697486 Ry,      -0.848743 Ha,     -23.095649 eV

     -------------- End of pseudopotential test ------------------------

     -------------------- All-electron run ------------------------------

     O                                                                          

     atomic number is  8.00
     dft = SLA  PW   PBX  PBC   lsd =0 sic =0 latt =0  beta=0.50 tr2=1.0E-14
     mesh =1095 r(mesh) =  99.04343 xmin = -7.00 dx = 0.01250

     n l     nl                  e(Ryd)         e(Ha)          e(eV)
     1 0     1S 1( 2.00)       -40.8660       -20.4330      -556.0143
     2 0     2S 1( 0.00)        -4.2479        -2.1240       -57.7968
     2 1     2P 1( 4.00)        -3.1344        -1.5672       -42.6463
     3 2     3D 1(-1.00)         0.0000         0.0000         0.0000

     eps = 5.9E-15  iter = 17
 
     Etot =    -143.994644 Ry,     -71.997322 Ha,   -1959.162325 eV

     Ekin =     143.694065 Ry,      71.847033 Ha,    1955.072716 eV
     Encl =    -327.078373 Ry,    -163.539187 Ha,   -4450.162928 eV
     Eh   =      53.771190 Ry,      26.885595 Ha,     731.600059 eV
     Exc  =     -14.381526 Ry,      -7.190763 Ha,    -195.672171 eV
     Evxt =       0.000000 Ry,       0.000000 Ha,       0.000000 eV
     Epseu=       0.000000 Ry,       0.000000 Ha,       0.000000 eV


     normalization and overlap integrals

     s(1S/1S) =  1.000000  <r> =   0.1994  <r2> =    0.0537  r(max) =   0.1298
     s(1S/2S) =  0.000000
     s(2S/2S) =  1.000000  <r> =   1.0368  <r2> =    1.2786  r(max) =   0.8357
     s(2P/2P) =  1.000000  <r> =   1.0147  <r2> =    1.2864  r(max) =   0.7468
     s(3D/3D) =  0.000000  <r> =   0.0000  <r2> =    0.0000  r(max) =  99.0434

     -------------------- End of All-electron run ----------------------

     Core only energy     -0.37315442

     -------------- Testing the pseudopotential ------------------------

     O                                                                          

     atomic number is  8.00   valence charge is  6.00
     dft = SLA  PW   PBX  PBC   lsd =0 sic =0 latt =0  beta=0.50 tr2=1.0E-14
     mesh =1095 r(mesh) =  99.04343 xmin = -7.00 dx = 0.01250

     n l     nl             e AE (Ryd)       e PS (Ryd)   De AE-PS (Ryd) 
     1 0     2S   1( 0.00)       -4.24795       -4.25365        0.00570
     2 1     2P   1( 4.00)       -3.13442       -3.13880        0.00438

     eps = 7.4E-16  iter =  7
 
     Etot =    -143.994644 Ry,     -71.997322 Ha,   -1959.162325 eV
     Etotps =   -25.648330 Ry,     -12.824165 Ha,    -348.966053 eV
     dEtot_ae =       5.896353 Ry
     dEtot_ps =       5.900335 Ry,   Delta E=      -0.003982

     Ekin =      24.626267 Ry,      12.313133 Ha,     335.060058 eV
     Encl =     -54.308210 Ry,     -27.154105 Ha,    -738.906639 eV
     Ehrt =      14.327479 Ry,       7.163740 Ha,     194.936814 eV
     Ecxc =      -4.727017 Ry,      -2.363508 Ha,     -64.314847 eV
     Evxt =       0.000000 Ry,       0.000000 Ha,       0.000000 eV
     Epseu=      -5.566849 Ry,      -2.783425 Ha,     -75.741438 eV

     -------------- End of pseudopotential test ------------------------

