
     program ld1 starts. version 11-Feb-05
     today is 21Dec2005 at 16:47:40 

     -------------------- All-electron run ------------------------------

     O                                                                          

     atomic number is  8.00
     dft =PBE   lsd =0 sic =0 latt =0  beta=0.50 tr2=1.0E-14
     mesh =1095 r(mesh) =  99.04343 xmin = -7.00 dx = 0.01250

     n l     nl                  e(Ryd)         e(Ha)          e(eV)
     1 0     1S 1( 2.00)       -37.7973       -18.8987      -514.2629
     2 0     2S 1( 2.00)        -1.7577        -0.8788       -23.9149
     2 1     2P 1( 4.00)        -0.6643        -0.3321        -9.0378
     3 2     3D 1(-1.00)         0.0000         0.0000         0.0000

     eps = 1.3E-15  iter = 20
 
     Etot =    -149.890991 Ry,     -74.945496 Ha,   -2039.386845 eV

     Ekin =     149.468706 Ry,      74.734353 Ha,    2033.641324 eV
     Encl =    -355.645089 Ry,    -177.822544 Ha,   -4838.835950 eV
     Eh   =      72.821012 Ry,      36.410506 Ha,     990.788123 eV
     Exc  =     -16.535620 Ry,      -8.267810 Ha,    -224.980343 eV
     Evxt =       0.000000 Ry,       0.000000 Ha,       0.000000 eV
     Epseu=       0.000000 Ry,       0.000000 Ha,       0.000000 eV


     normalization and overlap integrals

     s(1S/1S) =  1.000000  <r> =   0.1997  <r2> =    0.0539  r(max) =   0.1298
     s(1S/2S) =  0.000000
     s(2S/2S) =  1.000000  <r> =   1.1407  <r2> =    1.5839  r(max) =   0.8677
     s(2P/2P) =  1.000000  <r> =   1.2656  <r2> =    2.1371  r(max) =   0.8151
     s(3D/3D) =  0.000000  <r> =   0.0000  <r2> =    0.0000  r(max) =  99.0434

     -------------------- End of All-electron run ----------------------

 eh   28.7954972395082     
 exc  -7.66591696642856     
 eh   27.2110992195351     
 exc  -7.06661365700585     
 eh   28.7954972575993     
 exc  -7.66591696816214     
 eh   28.7958913788267     
 exc  -7.66598028652218     
 eh   27.2046373691209     
 exc  -7.06610843407711     
 eh   28.7889700048157     
 exc  -7.66534216219379     
 eh   28.7954729248585     
 exc  -7.66588400876645     
 eh   27.2053712583839     
 exc  -7.06610896909464     
 eh   28.7896449071678     
 exc  -7.66533262067962     
 eh   28.7954940620552     
 exc  -7.66588874876386     
 eh   27.2053753247468     
 exc  -7.06611201064375     
 eh   28.7896518571640     
 exc  -7.66533632757827     
 eh   28.7955081219453     
 exc  -7.66589173996909     
 eh   27.2054265556808     
 exc  -7.06611758775069     
 eh   28.7897048731943     
 exc  -7.66534253788697     
 eh   28.7955081264735     
 exc  -7.66589174041691     
 eh   27.2054238994413     
 exc  -7.06611736110824     
 eh   28.7897022130742     
 exc  -7.66534230428293     
 eh   28.7955080376093     
 exc  -7.66589172074303     
 eh   27.2054211486558     
 exc  -7.06611711782067     
 eh   28.7896994463408     
 exc  -7.66534205032585     
 eh   28.7955080376093     
 exc  -7.66589172074303     
 eh   27.2054211486558     
 exc  -7.06611711782067     
 eh   28.7896994463408     
 exc  -7.66534205032585     

     -------------- Testing the pseudopotential ------------------------

     O                                                                          

     atomic number is  8.00   valence charge is  6.00
     dft =PBE   lsd =0 sic =0 latt =0  beta=0.50 tr2=1.0E-14
     mesh =1095 r(mesh) =  99.04343 xmin = -7.00 dx = 0.01250

     n l     nl             e AE (Ryd)       e PS (Ryd)   De AE-PS (Ryd) 
     1 0     2S   1( 2.00)       -1.75770       -1.75781        0.00011
     2 1     2P   1( 4.00)       -0.66426       -0.66421       -0.00005

     eps = 7.8E-18  iter =  6
 
     Etot =    -149.890991 Ry,     -74.945496 Ha,   -2039.386845 eV
     Etotps =   -31.921036 Ry,     -15.960518 Ha,    -434.311225 eV
     dEtot_ae =       0.000000 Ry
     dEtot_ps =       0.000000 Ry,   Delta E=       0.000000

     Ekin =     149.468706 Ry,      74.734353 Ha,    2033.641324 eV
     Encl =    -355.645089 Ry,    -177.822544 Ha,   -4838.835950 eV
     Ehrt =      72.821012 Ry,      36.410506 Ha,     990.788123 eV
     Ecxc =     -16.535620 Ry,      -8.267810 Ha,    -224.980343 eV
     Evxt =       0.000000 Ry,       0.000000 Ha,       0.000000 eV
     Epseu=       0.000000 Ry,       0.000000 Ha,       0.000000 eV

     -------------- End of pseudopotential test ------------------------

     -------------------- All-electron run ------------------------------

     O                                                                          

     atomic number is  8.00
     dft =PBE   lsd =0 sic =0 latt =0  beta=0.50 tr2=1.0E-14
     mesh =1095 r(mesh) =  99.04343 xmin = -7.00 dx = 0.01250

     n l     nl                  e(Ryd)         e(Ha)          e(eV)
     1 0     1S 1( 2.00)       -39.8303       -19.9152      -541.9234
     2 0     2S 1( 0.60)        -3.4353        -1.7176       -46.7394
     2 1     2P 1( 4.00)        -2.3172        -1.1586       -31.5270
     3 2     3D 1(-1.00)         0.0000         0.0000         0.0000

     eps = 8.9E-15  iter = 17
 
     Etot =    -146.297287 Ry,     -73.148643 Ha,   -1990.491623 eV

     Ekin =     145.958140 Ry,      72.979070 Ha,    1985.877257 eV
     Encl =    -336.737032 Ry,    -168.368516 Ha,   -4581.576704 eV
     Eh   =      59.566017 Ry,      29.783008 Ha,     810.443310 eV
     Exc  =     -15.084411 Ry,      -7.542206 Ha,    -205.235485 eV
     Evxt =       0.000000 Ry,       0.000000 Ha,       0.000000 eV
     Epseu=       0.000000 Ry,       0.000000 Ha,       0.000000 eV


     normalization and overlap integrals

     s(1S/1S) =  1.000000  <r> =   0.1995  <r2> =    0.0538  r(max) =   0.1298
     s(1S/2S) =  0.000000
     s(2S/2S) =  1.000000  <r> =   1.0664  <r2> =    1.3598  r(max) =   0.8462
     s(2P/2P) =  1.000000  <r> =   1.0695  <r2> =    1.4460  r(max) =   0.7753
     s(3D/3D) =  0.000000  <r> =   0.0000  <r2> =    0.0000  r(max) =  99.0434

     -------------------- End of All-electron run ----------------------

 eh   16.9253533774443     
 exc  -5.61069267766611     
 eh   15.9940794301489     
 exc  -5.14788608531384     
 eh   16.9253533880778     
 exc  -5.61069267889390     
 eh   21.3512421600878     
 exc  -6.94161519038624     
 eh   14836.1404356815     
 exc  -180.606397006475     
 eh   14838.3864220265     
 exc  -181.489666678148     
 eh   20.3153368338895     
 exc  -6.65954383903906     
 eh   2743.93784680191     
 exc  -62.8583867408291     
 eh   2745.94301606293     
 exc  -63.6961972464914     
 eh   19.9268135154395     
 exc  -6.55304411110393     
 eh   1228.29831377012     
 exc  -38.8503294110800     
 eh   1230.21428920749     
 exc  -39.6703276055441     
 eh   19.9722314864802     
 exc  -6.56554259089527     
 eh   1370.46157829959     
 exc  -41.4300008113361     
 eh   1372.38811211188     
 exc  -42.2520902761873     
 eh   19.9628127244798     
 exc  -6.56295694267333     
 eh   1342.33342719224     
 exc  -40.9269831303437     
 eh   1344.25780695036     
 exc  -41.7486385285225     
 eh   19.9628413668367     
 exc  -6.56296489120539     
 eh   1342.40149838109     
 exc  -40.9282203758054     
 eh   1344.32588552101     
 exc  -41.7498776910622     
 eh   19.9628177378192     
 exc  -6.56295849620737     
 eh   1342.31574754486     
 exc  -40.9266969190589     
 eh   1344.24013015283     
 exc  -41.7483537540539     
 eh   19.9628183035558     
 exc  -6.56295865449362     
 eh   1342.31796329230     
 exc  -40.9267366888112     
 eh   1344.24234604547     
 exc  -41.7483935533985     
 eh   19.9628187468527     
 exc  -6.56295877877419     
 eh   1342.31972194465     
 exc  -40.9267682582727     
 eh   1344.24410481287     
 exc  -41.7484251464295     
 eh   19.9628187468527     
 exc  -6.56295877877419     
 eh   1342.31972194465     
 exc  -40.9267682582727     
 eh   1344.24410481287     
 exc  -41.7484251464295     

     -------------- Testing the pseudopotential ------------------------

     O                                                                          

     atomic number is  8.00   valence charge is  6.00
     dft =PBE   lsd =0 sic =0 latt =0  beta=0.50 tr2=1.0E-14
     mesh =1095 r(mesh) =  99.04343 xmin = -7.00 dx = 0.01250

     n l     nl             e AE (Ryd)       e PS (Ryd)   De AE-PS (Ryd) 
     1 0     2S   1( 0.60)       -3.43526       -3.43918        0.00392
     2 1     2P   1( 4.00)       -2.31718       -2.32026        0.00309

     eps = 3.1E-16  iter =  9
 
     Etot =    -146.297287 Ry,     -73.148643 Ha,   -1990.491623 eV
     Etotps =   -28.325414 Ry,     -14.162707 Ha,    -385.389918 eV
     dEtot_ae =       3.593704 Ry
     dEtot_ps =       3.595622 Ry,   Delta E=      -0.001917

     Ekin =     145.958140 Ry,      72.979070 Ha,    1985.877257 eV
     Encl =    -336.737032 Ry,    -168.368516 Ha,   -4581.576704 eV
     Ehrt =      59.566017 Ry,      29.783008 Ha,     810.443310 eV
     Ecxc =     -15.084411 Ry,      -7.542206 Ha,    -205.235485 eV
     Evxt =       0.000000 Ry,       0.000000 Ha,       0.000000 eV
     Epseu=       0.000000 Ry,       0.000000 Ha,       0.000000 eV

     -------------- End of pseudopotential test ------------------------

