
     program ld1 starts. version 11-Feb-05
     today is 21Dec2005 at 16:47:42 

     -------------------- All-electron run ------------------------------

     O                                                                          

     atomic number is  8.00
     dft =PBE   lsd =0 sic =0 latt =0  beta=0.50 tr2=1.0E-14
     mesh =1095 r(mesh) =  99.04343 xmin = -7.00 dx = 0.01250

     n l     nl                  e(Ryd)         e(Ha)          e(eV)
     1 0     1S 1( 2.00)       -37.7973       -18.8987      -514.2629
     2 0     2S 1( 2.00)        -1.7577        -0.8788       -23.9149
     2 1     2P 1( 4.00)        -0.6643        -0.3321        -9.0378
     3 2     3D 1(-1.00)         0.0000         0.0000         0.0000

     eps = 1.3E-15  iter = 20
 
     Etot =    -149.890991 Ry,     -74.945496 Ha,   -2039.386845 eV

     Ekin =     149.468706 Ry,      74.734353 Ha,    2033.641324 eV
     Encl =    -355.645089 Ry,    -177.822544 Ha,   -4838.835950 eV
     Eh   =      72.821012 Ry,      36.410506 Ha,     990.788123 eV
     Exc  =     -16.535620 Ry,      -8.267810 Ha,    -224.980343 eV
     Evxt =       0.000000 Ry,       0.000000 Ha,       0.000000 eV
     Epseu=       0.000000 Ry,       0.000000 Ha,       0.000000 eV


     normalization and overlap integrals

     s(1S/1S) =  1.000000  <r> =   0.1997  <r2> =    0.0539  r(max) =   0.1298
     s(1S/2S) =  0.000000
     s(2S/2S) =  1.000000  <r> =   1.1407  <r2> =    1.5839  r(max) =   0.8677
     s(2P/2P) =  1.000000  <r> =   1.2656  <r2> =    2.1371  r(max) =   0.8151
     s(3D/3D) =  0.000000  <r> =   0.0000  <r2> =    0.0000  r(max) =  99.0434

     -------------------- End of All-electron run ----------------------

 eh   28.7954972395082     
 exc  -7.66591696642856     
 eh   27.2110992195351     
 exc  -7.06661365700585     
 eh   28.7954972575993     
 exc  -7.66591696816214     
 eh   28.7958913788267     
 exc  -7.66598028652218     
 eh   27.2046373691209     
 exc  -7.06610843407711     
 eh   28.7889700048157     
 exc  -7.66534216219379     
 eh   28.7954729248585     
 exc  -7.66588400876645     
 eh   27.2053712583839     
 exc  -7.06610896909464     
 eh   28.7896449071678     
 exc  -7.66533262067962     
 eh   28.7954940620552     
 exc  -7.66588874876386     
 eh   27.2053753247468     
 exc  -7.06611201064375     
 eh   28.7896518571640     
 exc  -7.66533632757827     
 eh   28.7955081219453     
 exc  -7.66589173996909     
 eh   27.2054265556808     
 exc  -7.06611758775069     
 eh   28.7897048731943     
 exc  -7.66534253788697     
 eh   28.7955081264735     
 exc  -7.66589174041691     
 eh   27.2054238994413     
 exc  -7.06611736110824     
 eh   28.7897022130742     
 exc  -7.66534230428293     
 eh   28.7955080376093     
 exc  -7.66589172074303     
 eh   27.2054211486558     
 exc  -7.06611711782067     
 eh   28.7896994463408     
 exc  -7.66534205032585     
 eh   28.7955080376093     
 exc  -7.66589172074303     
 eh   27.2054211486558     
 exc  -7.06611711782067     
 eh   28.7896994463408     
 exc  -7.66534205032585     

     -------------- Testing the pseudopotential ------------------------

     O                                                                          

     atomic number is  8.00   valence charge is  6.00
     dft =PBE   lsd =0 sic =0 latt =0  beta=0.50 tr2=1.0E-14
     mesh =1095 r(mesh) =  99.04343 xmin = -7.00 dx = 0.01250

     n l     nl             e AE (Ryd)       e PS (Ryd)   De AE-PS (Ryd) 
     1 0     2S   1( 2.00)       -1.75770       -1.75781        0.00011
     2 1     2P   1( 4.00)       -0.66426       -0.66421       -0.00005

     eps = 7.8E-18  iter =  6
 
     Etot =    -149.890991 Ry,     -74.945496 Ha,   -2039.386845 eV
     Etotps =   -31.921036 Ry,     -15.960518 Ha,    -434.311225 eV
     dEtot_ae =       0.000000 Ry
     dEtot_ps =       0.000000 Ry,   Delta E=       0.000000

     Ekin =     149.468706 Ry,      74.734353 Ha,    2033.641324 eV
     Encl =    -355.645089 Ry,    -177.822544 Ha,   -4838.835950 eV
     Ehrt =      72.821012 Ry,      36.410506 Ha,     990.788123 eV
     Ecxc =     -16.535620 Ry,      -8.267810 Ha,    -224.980343 eV
     Evxt =       0.000000 Ry,       0.000000 Ha,       0.000000 eV
     Epseu=       0.000000 Ry,       0.000000 Ha,       0.000000 eV

     -------------- End of pseudopotential test ------------------------

     -------------------- All-electron run ------------------------------

     O                                                                          

     atomic number is  8.00
     dft =PBE   lsd =0 sic =0 latt =0  beta=0.50 tr2=1.0E-14
     mesh =1095 r(mesh) =  99.04343 xmin = -7.00 dx = 0.01250

     n l     nl                  e(Ryd)         e(Ha)          e(eV)
     1 0     1S 1( 2.00)       -40.1656       -20.0828      -546.4851
     2 0     2S 1( 0.40)        -3.7009        -1.8505       -50.3541
     2 1     2P 1( 4.00)        -2.5833        -1.2917       -35.1483
     3 2     3D 1(-1.00)         0.0000         0.0000         0.0000

     eps = 1.7E-15  iter = 18
 
     Etot =    -145.583754 Ry,     -72.791877 Ha,   -1980.783443 eV

     Ekin =     145.257362 Ry,      72.628681 Ha,    1976.342618 eV
     Encl =    -333.615470 Ry,    -166.807735 Ha,   -4539.105359 eV
     Eh   =      57.628289 Ry,      28.814144 Ha,     784.078968 eV
     Exc  =     -14.853935 Ry,      -7.426968 Ha,    -202.099670 eV
     Evxt =       0.000000 Ry,       0.000000 Ha,       0.000000 eV
     Epseu=       0.000000 Ry,       0.000000 Ha,       0.000000 eV


     normalization and overlap integrals

     s(1S/1S) =  1.000000  <r> =   0.1995  <r2> =    0.0538  r(max) =   0.1298
     s(1S/2S) =  0.000000
     s(2S/2S) =  1.000000  <r> =   1.0563  <r2> =    1.3317  r(max) =   0.8462
     s(2P/2P) =  1.000000  <r> =   1.0501  <r2> =    1.3879  r(max) =   0.7657
     s(3D/3D) =  0.000000  <r> =   0.0000  <r2> =    0.0000  r(max) =  99.0434

     -------------------- End of All-electron run ----------------------

 eh   15.4855785154689     
 exc  -5.33002619735095     
 eh   14.6335244691722     
 exc  -4.88628480964437     
 eh   15.4855785251978     
 exc  -5.33002619850994     
 eh   20.1049014321300     
 exc  -6.77288792371736     
 eh   23571.6938852785     
 exc  -243.153344566298     
 eh   23574.0052502177     
 exc  -244.082575215876     
 eh   19.1214633176295     
 exc  -6.49719068907865     
 eh   5086.05603090803     
 exc  -92.0104179250507     
 eh   5088.12033824400     
 exc  -92.8905895854240     
 eh   18.7054368112400     
 exc  -6.37974647807524     
 eh   2250.43214497645     
 exc  -55.6646321112902     
 eh   2252.39336906089     
 exc  -56.5233031301215     
 eh   18.7523109340380     
 exc  -6.39303730146133     
 eh   2502.40769513402     
 exc  -59.3759815744563     
 eh   2504.38065803507     
 exc  -60.2370969339105     
 eh   18.7429072346815     
 exc  -6.39037820714615     
 eh   2453.79482167007     
 exc  -58.6701869196970     
 eh   2455.76546556186     
 exc  -59.5308135771849     
 eh   18.7429388802505     
 exc  -6.39038725027640     
 eh   2453.94145116134     
 exc  -58.6723359612975     
 eh   2455.91210355277     
 exc  -59.5329646838218     
 eh   18.7429143945843     
 exc  -6.39038042550201     
 eh   2453.80029040750     
 exc  -58.6702925672293     
 eh   2455.77093748601     
 exc  -59.5309204483314     
 eh   18.7429145055699     
 exc  -6.39038045896764     
 eh   2453.80099223485     
 exc  -58.6703028417508     
 eh   2455.77163935087     
 exc  -59.5309307318592     
 eh   18.7429146058873     
 exc  -6.39038048947213     
 eh   2453.80162711835     
 exc  -58.6703121428760     
 eh   2455.77227426951     
 exc  -59.5309400415359     
 eh   18.7429146058873     
 exc  -6.39038048947213     
 eh   2453.80162711835     
 exc  -58.6703121428760     
 eh   2455.77227426951     
 exc  -59.5309400415359     

     -------------- Testing the pseudopotential ------------------------

     O                                                                          

     atomic number is  8.00   valence charge is  6.00
     dft =PBE   lsd =0 sic =0 latt =0  beta=0.50 tr2=1.0E-14
     mesh =1095 r(mesh) =  99.04343 xmin = -7.00 dx = 0.01250

     n l     nl             e AE (Ryd)       e PS (Ryd)   De AE-PS (Ryd) 
     1 0     2S   1( 0.40)       -3.70093       -3.70626        0.00533
     2 1     2P   1( 4.00)       -2.58333       -2.58741        0.00408

     eps = 8.6E-17  iter =  9
 
     Etot =    -145.583754 Ry,     -72.791877 Ha,   -1980.783443 eV
     Etotps =   -27.610945 Ry,     -13.805472 Ha,    -375.668992 eV
     dEtot_ae =       4.307237 Ry
     dEtot_ps =       4.310091 Ry,   Delta E=      -0.002854

     Ekin =     145.257362 Ry,      72.628681 Ha,    1976.342618 eV
     Encl =    -333.615470 Ry,    -166.807735 Ha,   -4539.105359 eV
     Ehrt =      57.628289 Ry,      28.814144 Ha,     784.078968 eV
     Ecxc =     -14.853935 Ry,      -7.426968 Ha,    -202.099670 eV
     Evxt =       0.000000 Ry,       0.000000 Ha,       0.000000 eV
     Epseu=       0.000000 Ry,       0.000000 Ha,       0.000000 eV

     -------------- End of pseudopotential test ------------------------

