
     program ld1 starts. version 11-Feb-05
     today is 21Dec2005 at 16:47:38 

     -------------------- All-electron run ------------------------------

     O                                                                          

     atomic number is  8.00
     dft =PBE   lsd =0 sic =0 latt =0  beta=0.50 tr2=1.0E-14
     mesh =1095 r(mesh) =  99.04343 xmin = -7.00 dx = 0.01250

     n l     nl                  e(Ryd)         e(Ha)          e(eV)
     1 0     1S 1( 2.00)       -37.7973       -18.8987      -514.2629
     2 0     2S 1( 2.00)        -1.7577        -0.8788       -23.9149
     2 1     2P 1( 4.00)        -0.6643        -0.3321        -9.0378
     3 2     3D 1(-1.00)         0.0000         0.0000         0.0000

     eps = 1.3E-15  iter = 20
 
     Etot =    -149.890991 Ry,     -74.945496 Ha,   -2039.386845 eV

     Ekin =     149.468706 Ry,      74.734353 Ha,    2033.641324 eV
     Encl =    -355.645089 Ry,    -177.822544 Ha,   -4838.835950 eV
     Eh   =      72.821012 Ry,      36.410506 Ha,     990.788123 eV
     Exc  =     -16.535620 Ry,      -8.267810 Ha,    -224.980343 eV
     Evxt =       0.000000 Ry,       0.000000 Ha,       0.000000 eV
     Epseu=       0.000000 Ry,       0.000000 Ha,       0.000000 eV


     normalization and overlap integrals

     s(1S/1S) =  1.000000  <r> =   0.1997  <r2> =    0.0539  r(max) =   0.1298
     s(1S/2S) =  0.000000
     s(2S/2S) =  1.000000  <r> =   1.1407  <r2> =    1.5839  r(max) =   0.8677
     s(2P/2P) =  1.000000  <r> =   1.2656  <r2> =    2.1371  r(max) =   0.8151
     s(3D/3D) =  0.000000  <r> =   0.0000  <r2> =    0.0000  r(max) =  99.0434

     -------------------- End of All-electron run ----------------------

 eh   28.7954972395082     
 exc  -7.66591696642856     
 eh   27.2110992195351     
 exc  -7.06661365700585     
 eh   28.7954972575993     
 exc  -7.66591696816214     
 eh   28.7958913788267     
 exc  -7.66598028652218     
 eh   27.2046373691209     
 exc  -7.06610843407711     
 eh   28.7889700048157     
 exc  -7.66534216219379     
 eh   28.7954729248585     
 exc  -7.66588400876645     
 eh   27.2053712583839     
 exc  -7.06610896909464     
 eh   28.7896449071678     
 exc  -7.66533262067962     
 eh   28.7954940620552     
 exc  -7.66588874876386     
 eh   27.2053753247468     
 exc  -7.06611201064375     
 eh   28.7896518571640     
 exc  -7.66533632757827     
 eh   28.7955081219453     
 exc  -7.66589173996909     
 eh   27.2054265556808     
 exc  -7.06611758775069     
 eh   28.7897048731943     
 exc  -7.66534253788697     
 eh   28.7955081264735     
 exc  -7.66589174041691     
 eh   27.2054238994413     
 exc  -7.06611736110824     
 eh   28.7897022130742     
 exc  -7.66534230428293     
 eh   28.7955080376093     
 exc  -7.66589172074303     
 eh   27.2054211486558     
 exc  -7.06611711782067     
 eh   28.7896994463408     
 exc  -7.66534205032585     
 eh   28.7955080376093     
 exc  -7.66589172074303     
 eh   27.2054211486558     
 exc  -7.06611711782067     
 eh   28.7896994463408     
 exc  -7.66534205032585     

     -------------- Testing the pseudopotential ------------------------

     O                                                                          

     atomic number is  8.00   valence charge is  6.00
     dft =PBE   lsd =0 sic =0 latt =0  beta=0.50 tr2=1.0E-14
     mesh =1095 r(mesh) =  99.04343 xmin = -7.00 dx = 0.01250

     n l     nl             e AE (Ryd)       e PS (Ryd)   De AE-PS (Ryd) 
     1 0     2S   1( 2.00)       -1.75770       -1.75781        0.00011
     2 1     2P   1( 4.00)       -0.66426       -0.66421       -0.00005

     eps = 7.8E-18  iter =  6
 
     Etot =    -149.890991 Ry,     -74.945496 Ha,   -2039.386845 eV
     Etotps =   -31.921036 Ry,     -15.960518 Ha,    -434.311225 eV
     dEtot_ae =       0.000000 Ry
     dEtot_ps =       0.000000 Ry,   Delta E=       0.000000

     Ekin =     149.468706 Ry,      74.734353 Ha,    2033.641324 eV
     Encl =    -355.645089 Ry,    -177.822544 Ha,   -4838.835950 eV
     Ehrt =      72.821012 Ry,      36.410506 Ha,     990.788123 eV
     Ecxc =     -16.535620 Ry,      -8.267810 Ha,    -224.980343 eV
     Evxt =       0.000000 Ry,       0.000000 Ha,       0.000000 eV
     Epseu=       0.000000 Ry,       0.000000 Ha,       0.000000 eV

     -------------- End of pseudopotential test ------------------------

     -------------------- All-electron run ------------------------------

     O                                                                          

     atomic number is  8.00
     dft =PBE   lsd =0 sic =0 latt =0  beta=0.50 tr2=1.0E-14
     mesh =1095 r(mesh) =  99.04343 xmin = -7.00 dx = 0.01250

     n l     nl                  e(Ryd)         e(Ha)          e(eV)
     1 0     1S 1( 2.00)       -39.5054       -19.7527      -537.5022
     2 0     2S 1( 0.80)        -3.1752        -1.5876       -43.2016
     2 1     2P 1( 4.00)        -2.0577        -1.0288       -27.9964
     3 2     3D 1(-1.00)         0.0000         0.0000         0.0000

     eps = 1.7E-15  iter = 17
 
     Etot =    -146.958245 Ry,     -73.479122 Ha,   -1999.484487 eV

     Ekin =     146.606497 Ry,      73.303248 Ha,    1994.698675 eV
     Encl =    -339.758566 Ry,    -169.879283 Ha,   -4622.687095 eV
     Eh   =      61.504182 Ry,      30.752091 Ha,     836.813595 eV
     Exc  =     -15.310357 Ry,      -7.655179 Ha,    -208.309661 eV
     Evxt =       0.000000 Ry,       0.000000 Ha,       0.000000 eV
     Epseu=       0.000000 Ry,       0.000000 Ha,       0.000000 eV


     normalization and overlap integrals

     s(1S/1S) =  1.000000  <r> =   0.1996  <r2> =    0.0538  r(max) =   0.1298
     s(1S/2S) =  0.000000
     s(2S/2S) =  1.000000  <r> =   1.0766  <r2> =    1.3890  r(max) =   0.8569
     s(2P/2P) =  1.000000  <r> =   1.0904  <r2> =    1.5102  r(max) =   0.7753
     s(3D/3D) =  0.000000  <r> =   0.0000  <r2> =    0.0000  r(max) =  99.0434

     -------------------- End of All-electron run ----------------------

 eh   18.4291182332853     
 exc  -5.89475731426411     
 eh   17.4151035005024     
 exc  -5.41278576362350     
 eh   18.4291182448635     
 exc  -5.89475731556161     
 eh   22.5931213518911     
 exc  -7.10217578821163     
 eh   8620.91559345149     
 exc  -127.910043827809     
 eh   8623.09269097041     
 exc  -128.750149009397     
 eh   21.5189676015864     
 exc  -6.81768295280440     
 eh   1349.13339870589     
 exc  -41.1473220884140     
 eh   1351.07880154418     
 exc  -41.9454773831448     
 eh   21.1707096811124     
 exc  -6.72487012888078     
 eh   626.437091292511     
 exc  -26.5707300414545     
 eh   628.308275851258     
 exc  -27.3545959439746     
 eh   21.2128807968863     
 exc  -6.73614653370541     
 eh   698.691166396203     
 exc  -28.2278734319061     
 eh   700.571470883650     
 exc  -29.0134657364187     
 eh   21.2036353435645     
 exc  -6.73367931009769     
 eh   683.694822100213     
 exc  -27.8887854318046     
 eh   685.573160907144     
 exc  -28.6739972388175     
 eh   21.2036570278928     
 exc  -6.73368516940028     
 eh   683.714107365745     
 exc  -27.8892390920309     
 eh   685.592451728376     
 exc  -28.6744525611836     
 eh   21.2036346224017     
 exc  -6.73367927145197     
 eh   683.663953693036     
 exc  -27.8881165025315     
 eh   685.542294294553     
 exc  -28.6733298294638     
 eh   21.2036360741705     
 exc  -6.73367966341065     
 eh   683.667042611897     
 exc  -27.8881865470596     
 eh   685.545383549509     
 exc  -28.6733999381777     
 eh   21.2036371408352     
 exc  -6.73367995141819     
 eh   683.669340632915     
 exc  -27.8882386402790     
 eh   685.547681816944     
 exc  -28.6734520778132     
 eh   21.2036371408352     
 exc  -6.73367995141819     
 eh   683.669340632915     
 exc  -27.8882386402790     
 eh   685.547681816944     
 exc  -28.6734520778132     

     -------------- Testing the pseudopotential ------------------------

     O                                                                          

     atomic number is  8.00   valence charge is  6.00
     dft =PBE   lsd =0 sic =0 latt =0  beta=0.50 tr2=1.0E-14
     mesh =1095 r(mesh) =  99.04343 xmin = -7.00 dx = 0.01250

     n l     nl             e AE (Ryd)       e PS (Ryd)   De AE-PS (Ryd) 
     1 0     2S   1( 0.80)       -3.17524       -3.17804        0.00280
     2 1     2P   1( 4.00)       -2.05768       -2.05996        0.00228

     eps = 2.2E-16  iter =  9
 
     Etot =    -146.958245 Ry,     -73.479122 Ha,   -1999.484487 eV
     Etotps =   -28.987054 Ry,     -14.493527 Ha,    -394.392060 eV
     dEtot_ae =       2.932746 Ry
     dEtot_ps =       2.933981 Ry,   Delta E=      -0.001235

     Ekin =     146.606497 Ry,      73.303248 Ha,    1994.698675 eV
     Encl =    -339.758566 Ry,    -169.879283 Ha,   -4622.687095 eV
     Ehrt =      61.504182 Ry,      30.752091 Ha,     836.813595 eV
     Ecxc =     -15.310357 Ry,      -7.655179 Ha,    -208.309661 eV
     Evxt =       0.000000 Ry,       0.000000 Ha,       0.000000 eV
     Epseu=       0.000000 Ry,       0.000000 Ha,       0.000000 eV

     -------------- End of pseudopotential test ------------------------

