
     program ld1 starts. version 11-Feb-05
     today is 21Dec2005 at 16:47:36 

     -------------------- All-electron run ------------------------------

     O                                                                          

     atomic number is  8.00
     dft =PBE   lsd =0 sic =0 latt =0  beta=0.50 tr2=1.0E-14
     mesh =1095 r(mesh) =  99.04343 xmin = -7.00 dx = 0.01250

     n l     nl                  e(Ryd)         e(Ha)          e(eV)
     1 0     1S 1( 2.00)       -37.7973       -18.8987      -514.2629
     2 0     2S 1( 2.00)        -1.7577        -0.8788       -23.9149
     2 1     2P 1( 4.00)        -0.6643        -0.3321        -9.0378
     3 2     3D 1(-1.00)         0.0000         0.0000         0.0000

     eps = 1.3E-15  iter = 20
 
     Etot =    -149.890991 Ry,     -74.945496 Ha,   -2039.386845 eV

     Ekin =     149.468706 Ry,      74.734353 Ha,    2033.641324 eV
     Encl =    -355.645089 Ry,    -177.822544 Ha,   -4838.835950 eV
     Eh   =      72.821012 Ry,      36.410506 Ha,     990.788123 eV
     Exc  =     -16.535620 Ry,      -8.267810 Ha,    -224.980343 eV
     Evxt =       0.000000 Ry,       0.000000 Ha,       0.000000 eV
     Epseu=       0.000000 Ry,       0.000000 Ha,       0.000000 eV


     normalization and overlap integrals

     s(1S/1S) =  1.000000  <r> =   0.1997  <r2> =    0.0539  r(max) =   0.1298
     s(1S/2S) =  0.000000
     s(2S/2S) =  1.000000  <r> =   1.1407  <r2> =    1.5839  r(max) =   0.8677
     s(2P/2P) =  1.000000  <r> =   1.2656  <r2> =    2.1371  r(max) =   0.8151
     s(3D/3D) =  0.000000  <r> =   0.0000  <r2> =    0.0000  r(max) =  99.0434

     -------------------- End of All-electron run ----------------------

 eh   28.7954972395082     
 exc  -7.66591696642856     
 eh   27.2110992195351     
 exc  -7.06661365700585     
 eh   28.7954972575993     
 exc  -7.66591696816214     
 eh   28.7958913788267     
 exc  -7.66598028652218     
 eh   27.2046373691209     
 exc  -7.06610843407711     
 eh   28.7889700048157     
 exc  -7.66534216219379     
 eh   28.7954729248585     
 exc  -7.66588400876645     
 eh   27.2053712583839     
 exc  -7.06610896909464     
 eh   28.7896449071678     
 exc  -7.66533262067962     
 eh   28.7954940620552     
 exc  -7.66588874876386     
 eh   27.2053753247468     
 exc  -7.06611201064375     
 eh   28.7896518571640     
 exc  -7.66533632757827     
 eh   28.7955081219453     
 exc  -7.66589173996909     
 eh   27.2054265556808     
 exc  -7.06611758775069     
 eh   28.7897048731943     
 exc  -7.66534253788697     
 eh   28.7955081264735     
 exc  -7.66589174041691     
 eh   27.2054238994413     
 exc  -7.06611736110824     
 eh   28.7897022130742     
 exc  -7.66534230428293     
 eh   28.7955080376093     
 exc  -7.66589172074303     
 eh   27.2054211486558     
 exc  -7.06611711782067     
 eh   28.7896994463408     
 exc  -7.66534205032585     
 eh   28.7955080376093     
 exc  -7.66589172074303     
 eh   27.2054211486558     
 exc  -7.06611711782067     
 eh   28.7896994463408     
 exc  -7.66534205032585     

     -------------- Testing the pseudopotential ------------------------

     O                                                                          

     atomic number is  8.00   valence charge is  6.00
     dft =PBE   lsd =0 sic =0 latt =0  beta=0.50 tr2=1.0E-14
     mesh =1095 r(mesh) =  99.04343 xmin = -7.00 dx = 0.01250

     n l     nl             e AE (Ryd)       e PS (Ryd)   De AE-PS (Ryd) 
     1 0     2S   1( 2.00)       -1.75770       -1.75781        0.00011
     2 1     2P   1( 4.00)       -0.66426       -0.66421       -0.00005

     eps = 7.8E-18  iter =  6
 
     Etot =    -149.890991 Ry,     -74.945496 Ha,   -2039.386845 eV
     Etotps =   -31.921036 Ry,     -15.960518 Ha,    -434.311225 eV
     dEtot_ae =       0.000000 Ry
     dEtot_ps =       0.000000 Ry,   Delta E=       0.000000

     Ekin =     149.468706 Ry,      74.734353 Ha,    2033.641324 eV
     Encl =    -355.645089 Ry,    -177.822544 Ha,   -4838.835950 eV
     Ehrt =      72.821012 Ry,      36.410506 Ha,     990.788123 eV
     Ecxc =     -16.535620 Ry,      -8.267810 Ha,    -224.980343 eV
     Evxt =       0.000000 Ry,       0.000000 Ha,       0.000000 eV
     Epseu=       0.000000 Ry,       0.000000 Ha,       0.000000 eV

     -------------- End of pseudopotential test ------------------------

     -------------------- All-electron run ------------------------------

     O                                                                          

     atomic number is  8.00
     dft =PBE   lsd =0 sic =0 latt =0  beta=0.50 tr2=1.0E-14
     mesh =1095 r(mesh) =  99.04343 xmin = -7.00 dx = 0.01250

     n l     nl                  e(Ryd)         e(Ha)          e(eV)
     1 0     1S 1( 2.00)       -39.1911       -19.5955      -533.2262
     2 0     2S 1( 1.00)        -2.9212        -1.4606       -39.7454
     2 1     2P 1( 4.00)        -1.8052        -0.9026       -24.5611
     3 2     3D 1(-1.00)         0.0000         0.0000         0.0000

     eps = 7.2E-15  iter = 18
 
     Etot =    -147.567792 Ry,     -73.783896 Ha,   -2007.777862 eV

     Ekin =     147.203624 Ry,      73.601812 Ha,    2002.823066 eV
     Encl =    -342.678202 Ry,    -171.339101 Ha,   -4662.411084 eV
     Eh   =      63.438001 Ry,      31.719001 Ha,     863.124755 eV
     Exc  =     -15.531215 Ry,      -7.765607 Ha,    -211.314599 eV
     Evxt =       0.000000 Ry,       0.000000 Ha,       0.000000 eV
     Epseu=       0.000000 Ry,       0.000000 Ha,       0.000000 eV


     normalization and overlap integrals

     s(1S/1S) =  1.000000  <r> =   0.1996  <r2> =    0.0538  r(max) =   0.1298
     s(1S/2S) =  0.000000
     s(2S/2S) =  1.000000  <r> =   1.0870  <r2> =    1.4192  r(max) =   0.8569
     s(2P/2P) =  1.000000  <r> =   1.1129  <r2> =    1.5817  r(max) =   0.7851
     s(3D/3D) =  0.000000  <r> =   0.0000  <r2> =    0.0000  r(max) =  99.0434

     -------------------- End of All-electron run ----------------------

 eh   19.9968730829918     
 exc  -6.18213174070856     
 eh   18.8965966802327     
 exc  -5.68088979959407     
 eh   19.9968730955550     
 exc  -6.18213174207666     
 eh   23.8172463111842     
 exc  -7.25189891667354     
 eh   4498.81277190516     
 exc  -85.1900457790015     
 eh   4500.91621874410     
 exc  -85.9891941237280     
 eh   22.7271352973703     
 exc  -6.97070091921082     
 eh   592.250355367368     
 exc  -25.8923202979031     
 eh   594.135123722066     
 exc  -26.6531080253732     
 eh   22.4328323772484     
 exc  -6.89435515017942     
 eh   296.720826365331     
 exc  -18.0163276429870     
 eh   298.547271814263     
 exc  -18.7662070791876     
 eh   22.4688946758144     
 exc  -6.90373505344809     
 eh   327.966296178421     
 exc  -18.9508881099453     
 eh   329.800012154535     
 exc  -19.7020885836787     
 eh   22.4607842899990     
 exc  -6.90162885520039     
 eh   321.401809711986     
 exc  -18.7570393983310     
 eh   323.233920208284     
 exc  -19.5079396698868     
 eh   22.4608449362560     
 exc  -6.90164470526681     
 eh   321.447289222857     
 exc  -18.7583984087964     
 eh   323.279413162498     
 exc  -19.5093018241696     
 eh   22.4609082326755     
 exc  -6.90166127580712     
 eh   321.502697883087     
 exc  -18.7600479595774     
 eh   323.334836054245     
 exc  -19.5109545413180     
 eh   22.4609387189192     
 exc  -6.90166922277441     
 eh   321.533085841559     
 exc  -18.7609461591324     
 eh   323.365230317608     
 exc  -19.5118538518353     
 eh   22.4609438870999     
 exc  -6.90167057042126     
 eh   321.538201622566     
 exc  -18.7610974296156     
 eh   323.370347173688     
 exc  -19.5120053152370     
 eh   22.4609438870999     
 exc  -6.90167057042126     
 eh   321.538201622566     
 exc  -18.7610974296156     
 eh   323.370347173688     
 exc  -19.5120053152370     

     -------------- Testing the pseudopotential ------------------------

     O                                                                          

     atomic number is  8.00   valence charge is  6.00
     dft =PBE   lsd =0 sic =0 latt =0  beta=0.50 tr2=1.0E-14
     mesh =1095 r(mesh) =  99.04343 xmin = -7.00 dx = 0.01250

     n l     nl             e AE (Ryd)       e PS (Ryd)   De AE-PS (Ryd) 
     1 0     2S   1( 1.00)       -2.92121       -2.92313        0.00192
     2 1     2P   1( 4.00)       -1.80519       -1.80682        0.00163

     eps = 9.5E-15  iter =  9
 
     Etot =    -147.567792 Ry,     -73.783896 Ha,   -2007.777862 eV
     Etotps =   -29.597081 Ry,     -14.798541 Ha,    -402.691970 eV
     dEtot_ae =       2.323199 Ry
     dEtot_ps =       2.323954 Ry,   Delta E=      -0.000755

     Ekin =     147.203624 Ry,      73.601812 Ha,    2002.823066 eV
     Encl =    -342.678202 Ry,    -171.339101 Ha,   -4662.411084 eV
     Ehrt =      63.438001 Ry,      31.719001 Ha,     863.124755 eV
     Ecxc =     -15.531215 Ry,      -7.765607 Ha,    -211.314599 eV
     Evxt =       0.000000 Ry,       0.000000 Ha,       0.000000 eV
     Epseu=       0.000000 Ry,       0.000000 Ha,       0.000000 eV

     -------------- End of pseudopotential test ------------------------

