
     program ld1 starts. version 11-Feb-05
     today is 21Dec2005 at 16:47:46 

     -------------------- All-electron run ------------------------------

     O                                                                          

     atomic number is  8.00
     dft =PBE   lsd =0 sic =0 latt =0  beta=0.50 tr2=1.0E-14
     mesh =1095 r(mesh) =  99.04343 xmin = -7.00 dx = 0.01250

     n l     nl                  e(Ryd)         e(Ha)          e(eV)
     1 0     1S 1( 2.00)       -37.7973       -18.8987      -514.2629
     2 0     2S 1( 2.00)        -1.7577        -0.8788       -23.9149
     2 1     2P 1( 4.00)        -0.6643        -0.3321        -9.0378
     3 2     3D 1(-1.00)         0.0000         0.0000         0.0000

     eps = 1.3E-15  iter = 20
 
     Etot =    -149.890991 Ry,     -74.945496 Ha,   -2039.386845 eV

     Ekin =     149.468706 Ry,      74.734353 Ha,    2033.641324 eV
     Encl =    -355.645089 Ry,    -177.822544 Ha,   -4838.835950 eV
     Eh   =      72.821012 Ry,      36.410506 Ha,     990.788123 eV
     Exc  =     -16.535620 Ry,      -8.267810 Ha,    -224.980343 eV
     Evxt =       0.000000 Ry,       0.000000 Ha,       0.000000 eV
     Epseu=       0.000000 Ry,       0.000000 Ha,       0.000000 eV


     normalization and overlap integrals

     s(1S/1S) =  1.000000  <r> =   0.1997  <r2> =    0.0539  r(max) =   0.1298
     s(1S/2S) =  0.000000
     s(2S/2S) =  1.000000  <r> =   1.1407  <r2> =    1.5839  r(max) =   0.8677
     s(2P/2P) =  1.000000  <r> =   1.2656  <r2> =    2.1371  r(max) =   0.8151
     s(3D/3D) =  0.000000  <r> =   0.0000  <r2> =    0.0000  r(max) =  99.0434

     -------------------- End of All-electron run ----------------------

 eh   28.7954972395082     
 exc  -7.66591696642856     
 eh   27.2110992195351     
 exc  -7.06661365700585     
 eh   28.7954972575993     
 exc  -7.66591696816214     
 eh   28.7958913788267     
 exc  -7.66598028652218     
 eh   27.2046373691209     
 exc  -7.06610843407711     
 eh   28.7889700048157     
 exc  -7.66534216219379     
 eh   28.7954729248585     
 exc  -7.66588400876645     
 eh   27.2053712583839     
 exc  -7.06610896909464     
 eh   28.7896449071678     
 exc  -7.66533262067962     
 eh   28.7954940620552     
 exc  -7.66588874876386     
 eh   27.2053753247468     
 exc  -7.06611201064375     
 eh   28.7896518571640     
 exc  -7.66533632757827     
 eh   28.7955081219453     
 exc  -7.66589173996909     
 eh   27.2054265556808     
 exc  -7.06611758775069     
 eh   28.7897048731943     
 exc  -7.66534253788697     
 eh   28.7955081264735     
 exc  -7.66589174041691     
 eh   27.2054238994413     
 exc  -7.06611736110824     
 eh   28.7897022130742     
 exc  -7.66534230428293     
 eh   28.7955080376093     
 exc  -7.66589172074303     
 eh   27.2054211486558     
 exc  -7.06611711782067     
 eh   28.7896994463408     
 exc  -7.66534205032585     
 eh   28.7955080376093     
 exc  -7.66589172074303     
 eh   27.2054211486558     
 exc  -7.06611711782067     
 eh   28.7896994463408     
 exc  -7.66534205032585     

     -------------- Testing the pseudopotential ------------------------

     O                                                                          

     atomic number is  8.00   valence charge is  6.00
     dft =PBE   lsd =0 sic =0 latt =0  beta=0.50 tr2=1.0E-14
     mesh =1095 r(mesh) =  99.04343 xmin = -7.00 dx = 0.01250

     n l     nl             e AE (Ryd)       e PS (Ryd)   De AE-PS (Ryd) 
     1 0     2S   1( 2.00)       -1.75770       -1.75781        0.00011
     2 1     2P   1( 4.00)       -0.66426       -0.66421       -0.00005

     eps = 7.8E-18  iter =  6
 
     Etot =    -149.890991 Ry,     -74.945496 Ha,   -2039.386845 eV
     Etotps =   -31.921036 Ry,     -15.960518 Ha,    -434.311225 eV
     dEtot_ae =       0.000000 Ry
     dEtot_ps =       0.000000 Ry,   Delta E=       0.000000

     Ekin =     149.468706 Ry,      74.734353 Ha,    2033.641324 eV
     Encl =    -355.645089 Ry,    -177.822544 Ha,   -4838.835950 eV
     Ehrt =      72.821012 Ry,      36.410506 Ha,     990.788123 eV
     Ecxc =     -16.535620 Ry,      -8.267810 Ha,    -224.980343 eV
     Evxt =       0.000000 Ry,       0.000000 Ha,       0.000000 eV
     Epseu=       0.000000 Ry,       0.000000 Ha,       0.000000 eV

     -------------- End of pseudopotential test ------------------------

     -------------------- All-electron run ------------------------------

     O                                                                          

     atomic number is  8.00
     dft =PBE   lsd =0 sic =0 latt =0  beta=0.50 tr2=1.0E-14
     mesh =1095 r(mesh) =  99.04343 xmin = -7.00 dx = 0.01250

     n l     nl                  e(Ryd)         e(Ha)          e(eV)
     1 0     1S 1( 2.00)       -40.8660       -20.4330      -556.0144
     2 0     2S 1( 0.00)        -4.2480        -2.1240       -57.7968
     2 1     2P 1( 4.00)        -3.1344        -1.5672       -42.6463
     3 2     3D 1(-1.00)         0.0000         0.0000         0.0000

     eps = 7.5E-15  iter = 15
 
     Etot =    -143.994638 Ry,     -71.997319 Ha,   -1959.162247 eV

     Ekin =     143.694116 Ry,      71.847058 Ha,    1955.073408 eV
     Encl =    -327.078419 Ry,    -163.539210 Ha,   -4450.163558 eV
     Eh   =      53.771193 Ry,      26.885596 Ha,     731.600091 eV
     Exc  =     -14.381528 Ry,      -7.190764 Ha,    -195.672188 eV
     Evxt =       0.000000 Ry,       0.000000 Ha,       0.000000 eV
     Epseu=       0.000000 Ry,       0.000000 Ha,       0.000000 eV


     normalization and overlap integrals

     s(1S/1S) =  1.000000  <r> =   0.1994  <r2> =    0.0537  r(max) =   0.1298
     s(1S/2S) =  0.000000
     s(2S/2S) =  1.000000  <r> =   1.0368  <r2> =    1.2786  r(max) =   0.8357
     s(2P/2P) =  1.000000  <r> =   1.0147  <r2> =    1.2864  r(max) =   0.7468
     s(3D/3D) =  0.000000  <r> =   0.0000  <r2> =    0.0000  r(max) =  99.0434

     -------------------- End of All-electron run ----------------------

 eh   12.7979987731148     
 exc  -4.77927255922355     
 eh   12.0938218753489     
 exc  -4.37339225826523     
 eh   12.7979987811552     
 exc  -4.77927256024778     
 eh   17.6399251520071     
 exc  -6.41946626881858     
 eh   50101.1293473585     
 exc  -396.656070309009     
 eh   50103.5647542619     
 exc  -397.687860762343     
 eh   16.7839164745300     
 exc  -6.16393406915103     
 eh   14148.9612933677     
 exc  -176.056371342461     
 eh   14151.1433108195     
 exc  -177.031265166640     
 eh   16.3453203845821     
 exc  -6.03205880651627     
 eh   6397.43158463231     
 exc  -106.380756083755     
 eh   6399.48619329485     
 exc  -107.326142248856     
 eh   16.3894599157626     
 exc  -6.04539876128150     
 eh   7004.48054933204     
 exc  -112.641285998915     
 eh   7006.54807390090     
 exc  -113.589687985900     
 eh   16.3814550358906     
 exc  -6.04298740806841     
 eh   6897.64659974175     
 exc  -111.553583519757     
 eh   6899.71181624524     
 exc  -112.501445955733     
 eh   16.3819455169940     
 exc  -6.04313597570167     
 eh   6904.76125457493     
 exc  -111.626193174089     
 eh   6906.82661640049     
 exc  -112.574089487388     
 eh   16.3819933176933     
 exc  -6.04315057361177     
 eh   6905.47328340134     
 exc  -111.633458611579     
 eh   6907.53865994300     
 exc  -112.581358357507     
 eh   16.3817705174472     
 exc  -6.04308314385908     
 eh   6902.21245315194     
 exc  -111.600184909612     
 eh   6904.27776393243     
 exc  -112.548069335085     
 eh   16.3818057923958     
 exc  -6.04309382132039     
 eh   6902.72762604924     
 exc  -111.605442153295     
 eh   6904.79294724822     
 exc  -112.553329006311     
 eh   16.3818064153588     
 exc  -6.04309400902476     
 eh   6902.73655966978     
 exc  -111.605533317337     
 eh   6904.80188104865     
 exc  -112.553420212260     
 eh   16.3818064007968     
 exc  -6.04309400372575     
 eh   6902.73621541371     
 exc  -111.605529802934     
 eh   6904.80153678409     
 exc  -112.553416695857     
 eh   16.3818064007968     
 exc  -6.04309400372575     
 eh   6902.73621541371     
 exc  -111.605529802934     
 eh   6904.80153678409     
 exc  -112.553416695857     

     -------------- Testing the pseudopotential ------------------------

     O                                                                          

     atomic number is  8.00   valence charge is  6.00
     dft =PBE   lsd =0 sic =0 latt =0  beta=0.50 tr2=1.0E-14
     mesh =1095 r(mesh) =  99.04343 xmin = -7.00 dx = 0.01250

     n l     nl             e AE (Ryd)       e PS (Ryd)   De AE-PS (Ryd) 
     1 0     2S   1( 0.00)       -4.24795       -4.25721        0.00926
     2 1     2P   1( 4.00)       -3.13442       -3.14119        0.00677

     eps = 3.9E-17  iter = 11
 
     Etot =    -143.994638 Ry,     -71.997319 Ha,   -1959.162247 eV
     Etotps =   -26.018924 Ry,     -13.009462 Ha,    -354.008278 eV
     dEtot_ae =       5.896353 Ry
     dEtot_ps =       5.902111 Ry,   Delta E=      -0.005758

     Ekin =     143.694116 Ry,      71.847058 Ha,    1955.073408 eV
     Encl =    -327.078419 Ry,    -163.539210 Ha,   -4450.163558 eV
     Ehrt =      53.771193 Ry,      26.885596 Ha,     731.600091 eV
     Ecxc =     -14.381528 Ry,      -7.190764 Ha,    -195.672188 eV
     Evxt =       0.000000 Ry,       0.000000 Ha,       0.000000 eV
     Epseu=       0.000000 Ry,       0.000000 Ha,       0.000000 eV

     -------------- End of pseudopotential test ------------------------

