
     program ld1 starts. version 11-Feb-05
     today is 21Dec2005 at 16:47:27 

     -------------------- All-electron run ------------------------------

     O                                                                          

     atomic number is  8.00
     dft =PBE   lsd =0 sic =0 latt =0  beta=0.50 tr2=1.0E-14
     mesh =1095 r(mesh) =  99.04343 xmin = -7.00 dx = 0.01250

     n l     nl                  e(Ryd)         e(Ha)          e(eV)
     1 0     1S 1( 2.00)       -37.7973       -18.8987      -514.2629
     2 0     2S 1( 2.00)        -1.7577        -0.8788       -23.9149
     2 1     2P 1( 4.00)        -0.6643        -0.3321        -9.0378
     3 2     3D 1(-1.00)         0.0000         0.0000         0.0000

     eps = 1.3E-15  iter = 20
 
     Etot =    -149.890991 Ry,     -74.945496 Ha,   -2039.386845 eV

     Ekin =     149.468706 Ry,      74.734353 Ha,    2033.641324 eV
     Encl =    -355.645089 Ry,    -177.822544 Ha,   -4838.835950 eV
     Eh   =      72.821012 Ry,      36.410506 Ha,     990.788123 eV
     Exc  =     -16.535620 Ry,      -8.267810 Ha,    -224.980343 eV
     Evxt =       0.000000 Ry,       0.000000 Ha,       0.000000 eV
     Epseu=       0.000000 Ry,       0.000000 Ha,       0.000000 eV


     normalization and overlap integrals

     s(1S/1S) =  1.000000  <r> =   0.1997  <r2> =    0.0539  r(max) =   0.1298
     s(1S/2S) =  0.000000
     s(2S/2S) =  1.000000  <r> =   1.1407  <r2> =    1.5839  r(max) =   0.8677
     s(2P/2P) =  1.000000  <r> =   1.2656  <r2> =    2.1371  r(max) =   0.8151
     s(3D/3D) =  0.000000  <r> =   0.0000  <r2> =    0.0000  r(max) =  99.0434

     -------------------- End of All-electron run ----------------------

 eh   28.7954972395082     
 exc  -7.66591696642856     
 eh   27.2110992195351     
 exc  -7.06661365700585     
 eh   28.7954972575993     
 exc  -7.66591696816214     
 eh   28.7958913788267     
 exc  -7.66598028652218     
 eh   27.2046373691209     
 exc  -7.06610843407711     
 eh   28.7889700048157     
 exc  -7.66534216219379     
 eh   28.7954729248585     
 exc  -7.66588400876645     
 eh   27.2053712583839     
 exc  -7.06610896909464     
 eh   28.7896449071678     
 exc  -7.66533262067962     
 eh   28.7954940620552     
 exc  -7.66588874876386     
 eh   27.2053753247468     
 exc  -7.06611201064375     
 eh   28.7896518571640     
 exc  -7.66533632757827     
 eh   28.7955081219453     
 exc  -7.66589173996909     
 eh   27.2054265556808     
 exc  -7.06611758775069     
 eh   28.7897048731943     
 exc  -7.66534253788697     
 eh   28.7955081264735     
 exc  -7.66589174041691     
 eh   27.2054238994413     
 exc  -7.06611736110824     
 eh   28.7897022130742     
 exc  -7.66534230428293     
 eh   28.7955080376093     
 exc  -7.66589172074303     
 eh   27.2054211486558     
 exc  -7.06611711782067     
 eh   28.7896994463408     
 exc  -7.66534205032585     
 eh   28.7955080376093     
 exc  -7.66589172074303     
 eh   27.2054211486558     
 exc  -7.06611711782067     
 eh   28.7896994463408     
 exc  -7.66534205032585     

     -------------- Testing the pseudopotential ------------------------

     O                                                                          

     atomic number is  8.00   valence charge is  6.00
     dft =PBE   lsd =0 sic =0 latt =0  beta=0.50 tr2=1.0E-14
     mesh =1095 r(mesh) =  99.04343 xmin = -7.00 dx = 0.01250

     n l     nl             e AE (Ryd)       e PS (Ryd)   De AE-PS (Ryd) 
     1 0     2S   1( 2.00)       -1.75770       -1.75781        0.00011
     2 1     2P   1( 4.00)       -0.66426       -0.66421       -0.00005

     eps = 7.8E-18  iter =  6
 
     Etot =    -149.890991 Ry,     -74.945496 Ha,   -2039.386845 eV
     Etotps =   -31.921036 Ry,     -15.960518 Ha,    -434.311225 eV
     dEtot_ae =       0.000000 Ry
     dEtot_ps =       0.000000 Ry,   Delta E=       0.000000

     Ekin =     149.468706 Ry,      74.734353 Ha,    2033.641324 eV
     Encl =    -355.645089 Ry,    -177.822544 Ha,   -4838.835950 eV
     Ehrt =      72.821012 Ry,      36.410506 Ha,     990.788123 eV
     Ecxc =     -16.535620 Ry,      -8.267810 Ha,    -224.980343 eV
     Evxt =       0.000000 Ry,       0.000000 Ha,       0.000000 eV
     Epseu=       0.000000 Ry,       0.000000 Ha,       0.000000 eV

     -------------- End of pseudopotential test ------------------------

     -------------------- All-electron run ------------------------------

     O                                                                          

     atomic number is  8.00
     dft =PBE   lsd =0 sic =0 latt =0  beta=0.50 tr2=1.0E-14
     mesh =1095 r(mesh) =  99.04343 xmin = -7.00 dx = 0.01250

     n l     nl                  e(Ryd)         e(Ha)          e(eV)
     1 0     1S 1( 2.00)       -38.0501       -19.0250      -517.7015
     2 0     2S 1( 1.80)        -1.9740        -0.9870       -26.8582
     2 1     2P 1( 4.00)        -0.8741        -0.4371       -11.8932
     3 2     3D 1(-1.00)         0.0000         0.0000         0.0000

     eps = 4.9E-15  iter = 19
 
     Etot =    -149.517973 Ry,     -74.758987 Ha,   -2034.311643 eV

     Ekin =     149.106616 Ry,      74.553308 Ha,    2028.714791 eV
     Encl =    -353.283455 Ry,    -176.641727 Ha,   -4806.704029 eV
     Eh   =      71.009679 Ry,      35.504839 Ha,     966.143485 eV
     Exc  =     -16.350813 Ry,      -8.175406 Ha,    -222.465890 eV
     Evxt =       0.000000 Ry,       0.000000 Ha,       0.000000 eV
     Epseu=       0.000000 Ry,       0.000000 Ha,       0.000000 eV


     normalization and overlap integrals

     s(1S/1S) =  1.000000  <r> =   0.1997  <r2> =    0.0539  r(max) =   0.1298
     s(1S/2S) =  0.000000
     s(2S/2S) =  1.000000  <r> =   1.1299  <r2> =    1.5496  r(max) =   0.8677
     s(2P/2P) =  1.000000  <r> =   1.2274  <r2> =    1.9855  r(max) =   0.8151
     s(3D/3D) =  0.000000  <r> =   0.0000  <r2> =    0.0000  r(max) =  99.0434

     -------------------- End of All-electron run ----------------------

 eh   26.9077924204738     
 exc  -7.36314282286052     
 eh   25.4272604929211     
 exc  -6.78368798592317     
 eh   26.9077924373788     
 exc  -7.36314282451940     
 eh   28.0940873978154     
 exc  -7.65555738906753     
 eh   42.4783409012642     
 exc  -8.27457996470379     
 eh   44.1988694376591     
 exc  -8.91707807424323     
 eh   27.5496695955860     
 exc  -7.52787879196215     
 eh   27.0221513061014     
 exc  -6.98463248338670     
 eh   28.6603039976793     
 exc  -7.61278373426328     
 eh   27.5459781544837     
 exc  -7.52700448461250     
 eh   26.9980468696879     
 exc  -6.98201141438626     
 eh   28.6356652614382     
 exc  -7.61005124686567     
 eh   27.5462155691554     
 exc  -7.52705415689335     
 eh   27.0081229745238     
 exc  -6.98294601148510     
 eh   28.6457974344704     
 exc  -7.61098348459910     
 eh   27.5461721529525     
 exc  -7.52704407037378     
 eh   27.0076554844024     
 exc  -6.98289857588714     
 eh   28.6453247956510     
 exc  -7.61093587735538     
 eh   27.5461775861196     
 exc  -7.52704545188051     
 eh   27.0076457941080     
 exc  -6.98289830372974     
 eh   28.6453171121236     
 exc  -7.61093660897688     
 eh   27.5461778745084     
 exc  -7.52704553048413     
 eh   27.0076501683783     
 exc  -6.98289871947684     
 eh   28.6453217014656     
 exc  -7.61093713317377     
 eh   27.5461777620788     
 exc  -7.52704550671350     
 eh   27.0076552582127     
 exc  -6.98289915615682     
 eh   28.6453268197737     
 exc  -7.61093758254924     
 eh   27.5461777620788     
 exc  -7.52704550671350     
 eh   27.0076552582127     
 exc  -6.98289915615682     
 eh   28.6453268197737     
 exc  -7.61093758254924     

     -------------- Testing the pseudopotential ------------------------

     O                                                                          

     atomic number is  8.00   valence charge is  6.00
     dft =PBE   lsd =0 sic =0 latt =0  beta=0.50 tr2=1.0E-14
     mesh =1095 r(mesh) =  99.04343 xmin = -7.00 dx = 0.01250

     n l     nl             e AE (Ryd)       e PS (Ryd)   De AE-PS (Ryd) 
     1 0     2S   1( 1.80)       -1.97402       -1.97423        0.00021
     2 1     2P   1( 4.00)       -0.87413       -0.87425        0.00012

     eps = 3.0E-15  iter =  8
 
     Etot =    -149.517973 Ry,     -74.758987 Ha,   -2034.311643 eV
     Etotps =   -31.547985 Ry,     -15.773992 Ha,    -429.235568 eV
     dEtot_ae =       0.373018 Ry
     dEtot_ps =       0.373051 Ry,   Delta E=      -0.000033

     Ekin =     149.106616 Ry,      74.553308 Ha,    2028.714791 eV
     Encl =    -353.283455 Ry,    -176.641727 Ha,   -4806.704029 eV
     Ehrt =      71.009679 Ry,      35.504839 Ha,     966.143485 eV
     Ecxc =     -16.350813 Ry,      -8.175406 Ha,    -222.465890 eV
     Evxt =       0.000000 Ry,       0.000000 Ha,       0.000000 eV
     Epseu=       0.000000 Ry,       0.000000 Ha,       0.000000 eV

     -------------- End of pseudopotential test ------------------------

