
     program ld1 starts. version 11-Feb-05
     today is 21Dec2005 at 16:47:31 

     -------------------- All-electron run ------------------------------

     O                                                                          

     atomic number is  8.00
     dft =PBE   lsd =0 sic =0 latt =0  beta=0.50 tr2=1.0E-14
     mesh =1095 r(mesh) =  99.04343 xmin = -7.00 dx = 0.01250

     n l     nl                  e(Ryd)         e(Ha)          e(eV)
     1 0     1S 1( 2.00)       -37.7973       -18.8987      -514.2629
     2 0     2S 1( 2.00)        -1.7577        -0.8788       -23.9149
     2 1     2P 1( 4.00)        -0.6643        -0.3321        -9.0378
     3 2     3D 1(-1.00)         0.0000         0.0000         0.0000

     eps = 1.3E-15  iter = 20
 
     Etot =    -149.890991 Ry,     -74.945496 Ha,   -2039.386845 eV

     Ekin =     149.468706 Ry,      74.734353 Ha,    2033.641324 eV
     Encl =    -355.645089 Ry,    -177.822544 Ha,   -4838.835950 eV
     Eh   =      72.821012 Ry,      36.410506 Ha,     990.788123 eV
     Exc  =     -16.535620 Ry,      -8.267810 Ha,    -224.980343 eV
     Evxt =       0.000000 Ry,       0.000000 Ha,       0.000000 eV
     Epseu=       0.000000 Ry,       0.000000 Ha,       0.000000 eV


     normalization and overlap integrals

     s(1S/1S) =  1.000000  <r> =   0.1997  <r2> =    0.0539  r(max) =   0.1298
     s(1S/2S) =  0.000000
     s(2S/2S) =  1.000000  <r> =   1.1407  <r2> =    1.5839  r(max) =   0.8677
     s(2P/2P) =  1.000000  <r> =   1.2656  <r2> =    2.1371  r(max) =   0.8151
     s(3D/3D) =  0.000000  <r> =   0.0000  <r2> =    0.0000  r(max) =  99.0434

     -------------------- End of All-electron run ----------------------

 eh   28.7954972395082     
 exc  -7.66591696642856     
 eh   27.2110992195351     
 exc  -7.06661365700585     
 eh   28.7954972575993     
 exc  -7.66591696816214     
 eh   28.7958913788267     
 exc  -7.66598028652218     
 eh   27.2046373691209     
 exc  -7.06610843407711     
 eh   28.7889700048157     
 exc  -7.66534216219379     
 eh   28.7954729248585     
 exc  -7.66588400876645     
 eh   27.2053712583839     
 exc  -7.06610896909464     
 eh   28.7896449071678     
 exc  -7.66533262067962     
 eh   28.7954940620552     
 exc  -7.66588874876386     
 eh   27.2053753247468     
 exc  -7.06611201064375     
 eh   28.7896518571640     
 exc  -7.66533632757827     
 eh   28.7955081219453     
 exc  -7.66589173996909     
 eh   27.2054265556808     
 exc  -7.06611758775069     
 eh   28.7897048731943     
 exc  -7.66534253788697     
 eh   28.7955081264735     
 exc  -7.66589174041691     
 eh   27.2054238994413     
 exc  -7.06611736110824     
 eh   28.7897022130742     
 exc  -7.66534230428293     
 eh   28.7955080376093     
 exc  -7.66589172074303     
 eh   27.2054211486558     
 exc  -7.06611711782067     
 eh   28.7896994463408     
 exc  -7.66534205032585     
 eh   28.7955080376093     
 exc  -7.66589172074303     
 eh   27.2054211486558     
 exc  -7.06611711782067     
 eh   28.7896994463408     
 exc  -7.66534205032585     

     -------------- Testing the pseudopotential ------------------------

     O                                                                          

     atomic number is  8.00   valence charge is  6.00
     dft =PBE   lsd =0 sic =0 latt =0  beta=0.50 tr2=1.0E-14
     mesh =1095 r(mesh) =  99.04343 xmin = -7.00 dx = 0.01250

     n l     nl             e AE (Ryd)       e PS (Ryd)   De AE-PS (Ryd) 
     1 0     2S   1( 2.00)       -1.75770       -1.75781        0.00011
     2 1     2P   1( 4.00)       -0.66426       -0.66421       -0.00005

     eps = 7.8E-18  iter =  6
 
     Etot =    -149.890991 Ry,     -74.945496 Ha,   -2039.386845 eV
     Etotps =   -31.921036 Ry,     -15.960518 Ha,    -434.311225 eV
     dEtot_ae =       0.000000 Ry
     dEtot_ps =       0.000000 Ry,   Delta E=       0.000000

     Ekin =     149.468706 Ry,      74.734353 Ha,    2033.641324 eV
     Encl =    -355.645089 Ry,    -177.822544 Ha,   -4838.835950 eV
     Ehrt =      72.821012 Ry,      36.410506 Ha,     990.788123 eV
     Ecxc =     -16.535620 Ry,      -8.267810 Ha,    -224.980343 eV
     Evxt =       0.000000 Ry,       0.000000 Ha,       0.000000 eV
     Epseu=       0.000000 Ry,       0.000000 Ha,       0.000000 eV

     -------------- End of pseudopotential test ------------------------

     -------------------- All-electron run ------------------------------

     O                                                                          

     atomic number is  8.00
     dft =PBE   lsd =0 sic =0 latt =0  beta=0.50 tr2=1.0E-14
     mesh =1095 r(mesh) =  99.04343 xmin = -7.00 dx = 0.01250

     n l     nl                  e(Ryd)         e(Ha)          e(eV)
     1 0     1S 1( 2.00)       -38.5962       -19.2981      -525.1324
     2 0     2S 1( 1.40)        -2.4328        -1.2164       -33.0997
     2 1     2P 1( 4.00)        -1.3228        -0.6614       -17.9981
     3 2     3D 1(-1.00)         0.0000         0.0000         0.0000

     eps = 6.5E-15  iter = 19
 
     Etot =    -148.637684 Ry,     -74.318842 Ha,   -2022.334607 eV

     Ekin =     148.249343 Ry,      74.124671 Ha,    2017.050906 eV
     Encl =    -348.202263 Ry,    -174.101131 Ha,   -4737.570347 eV
     Eh   =      67.270462 Ry,      33.635231 Ha,     915.268447 eV
     Exc  =     -15.955226 Ry,      -7.977613 Ha,    -217.083612 eV
     Evxt =       0.000000 Ry,       0.000000 Ha,       0.000000 eV
     Epseu=       0.000000 Ry,       0.000000 Ha,       0.000000 eV


     normalization and overlap integrals

     s(1S/1S) =  1.000000  <r> =   0.1996  <r2> =    0.0539  r(max) =   0.1298
     s(1S/2S) =  0.000000
     s(2S/2S) =  1.000000  <r> =   1.1083  <r2> =    1.4826  r(max) =   0.8677
     s(2P/2P) =  1.000000  <r> =   1.1642  <r2> =    1.7541  r(max) =   0.7950
     s(3D/3D) =  0.000000  <r> =   0.0000  <r2> =    0.0000  r(max) =  99.0434

     -------------------- End of All-electron run ----------------------

 eh   23.3243527640017     
 exc  -6.76648360685991     
 eh   22.0409903678234     
 exc  -6.22636745432621     
 eh   23.3243527786554     
 exc  -6.76648360837176     
 eh   26.1391081884255     
 exc  -7.50442097387559     
 eh   724.937201129020     
 exc  -29.1814991791015     
 eh   726.872218555176     
 exc  -29.9026847714710     
 eh   25.1397601725980     
 exc  -7.25904009454104     
 eh   82.9570039463192     
 exc  -10.3593663655251     
 eh   84.7178442819915     
 exc  -11.0508696700515     
 eh   24.9909373518531     
 exc  -7.22235075447968     
 eh   60.0812071722183     
 exc  -9.13745141574074     
 eh   61.8164511489634     
 exc  -9.82431851718152     
 eh   25.0085657971431     
 exc  -7.22669915133389     
 eh   62.8766254335530     
 exc  -9.29605456039593     
 eh   64.6149843486423     
 exc  -9.98344445881281     
 eh   25.0047077031112     
 exc  -7.22574774958226     
 eh   62.3411093020658     
 exc  -9.26581090481018     
 eh   64.0788045036968     
 exc  -9.95308319620244     
 eh   25.0049134431622     
 exc  -7.22579855560542     
 eh   62.3781978562581     
 exc  -9.26789847289978     
 eh   64.1159315110960     
 exc  -9.95517745348864     
 eh   25.0048699782924     
 exc  -7.22578786470650     
 eh   62.3688097851482     
 exc  -9.26737436357750     
 eh   64.1065361283651     
 exc  -9.95465260982784     
 eh   25.0048075444150     
 exc  -7.22577251460607     
 eh   62.3552718120368     
 exc  -9.26661871869116     
 eh   64.0929877022140     
 exc  -9.95389595002968     
 eh   25.0048074336096     
 exc  -7.22577248687778     
 eh   62.3553670139969     
 exc  -9.26662382829326     
 eh   64.0930828479302     
 exc  -9.95390102117223     
 eh   25.0048072470447     
 exc  -7.22577244019852     
 eh   62.3554262000822     
 exc  -9.26662695227834     
 eh   64.0931419678994     
 exc  -9.95390410940663     
 eh   25.0048072470447     
 exc  -7.22577244019852     
 eh   62.3554262000822     
 exc  -9.26662695227834     
 eh   64.0931419678994     
 exc  -9.95390410940663     

     -------------- Testing the pseudopotential ------------------------

     O                                                                          

     atomic number is  8.00   valence charge is  6.00
     dft =PBE   lsd =0 sic =0 latt =0  beta=0.50 tr2=1.0E-14
     mesh =1095 r(mesh) =  99.04343 xmin = -7.00 dx = 0.01250

     n l     nl             e AE (Ryd)       e PS (Ryd)   De AE-PS (Ryd) 
     1 0     2S   1( 1.40)       -2.43276       -2.43353        0.00076
     2 1     2P   1( 4.00)       -1.32283       -1.32352        0.00069

     eps = 9.5E-15  iter = 10
 
     Etot =    -148.637684 Ry,     -74.318842 Ha,   -2022.334607 eV
     Etotps =   -30.667507 Ry,     -15.333754 Ha,    -417.255973 eV
     dEtot_ae =       1.253307 Ry
     dEtot_ps =       1.253528 Ry,   Delta E=      -0.000222

     Ekin =     148.249343 Ry,      74.124671 Ha,    2017.050906 eV
     Encl =    -348.202263 Ry,    -174.101131 Ha,   -4737.570347 eV
     Ehrt =      67.270462 Ry,      33.635231 Ha,     915.268447 eV
     Ecxc =     -15.955226 Ry,      -7.977613 Ha,    -217.083612 eV
     Evxt =       0.000000 Ry,       0.000000 Ha,       0.000000 eV
     Epseu=       0.000000 Ry,       0.000000 Ha,       0.000000 eV

     -------------- End of pseudopotential test ------------------------

