
     program ld1 starts. version 11-Feb-05
     today is 21Dec2005 at 16:47:33 

     -------------------- All-electron run ------------------------------

     O                                                                          

     atomic number is  8.00
     dft =PBE   lsd =0 sic =0 latt =0  beta=0.50 tr2=1.0E-14
     mesh =1095 r(mesh) =  99.04343 xmin = -7.00 dx = 0.01250

     n l     nl                  e(Ryd)         e(Ha)          e(eV)
     1 0     1S 1( 2.00)       -37.7973       -18.8987      -514.2629
     2 0     2S 1( 2.00)        -1.7577        -0.8788       -23.9149
     2 1     2P 1( 4.00)        -0.6643        -0.3321        -9.0378
     3 2     3D 1(-1.00)         0.0000         0.0000         0.0000

     eps = 1.3E-15  iter = 20
 
     Etot =    -149.890991 Ry,     -74.945496 Ha,   -2039.386845 eV

     Ekin =     149.468706 Ry,      74.734353 Ha,    2033.641324 eV
     Encl =    -355.645089 Ry,    -177.822544 Ha,   -4838.835950 eV
     Eh   =      72.821012 Ry,      36.410506 Ha,     990.788123 eV
     Exc  =     -16.535620 Ry,      -8.267810 Ha,    -224.980343 eV
     Evxt =       0.000000 Ry,       0.000000 Ha,       0.000000 eV
     Epseu=       0.000000 Ry,       0.000000 Ha,       0.000000 eV


     normalization and overlap integrals

     s(1S/1S) =  1.000000  <r> =   0.1997  <r2> =    0.0539  r(max) =   0.1298
     s(1S/2S) =  0.000000
     s(2S/2S) =  1.000000  <r> =   1.1407  <r2> =    1.5839  r(max) =   0.8677
     s(2P/2P) =  1.000000  <r> =   1.2656  <r2> =    2.1371  r(max) =   0.8151
     s(3D/3D) =  0.000000  <r> =   0.0000  <r2> =    0.0000  r(max) =  99.0434

     -------------------- End of All-electron run ----------------------

 eh   28.7954972395082     
 exc  -7.66591696642856     
 eh   27.2110992195351     
 exc  -7.06661365700585     
 eh   28.7954972575993     
 exc  -7.66591696816214     
 eh   28.7958913788267     
 exc  -7.66598028652218     
 eh   27.2046373691209     
 exc  -7.06610843407711     
 eh   28.7889700048157     
 exc  -7.66534216219379     
 eh   28.7954729248585     
 exc  -7.66588400876645     
 eh   27.2053712583839     
 exc  -7.06610896909464     
 eh   28.7896449071678     
 exc  -7.66533262067962     
 eh   28.7954940620552     
 exc  -7.66588874876386     
 eh   27.2053753247468     
 exc  -7.06611201064375     
 eh   28.7896518571640     
 exc  -7.66533632757827     
 eh   28.7955081219453     
 exc  -7.66589173996909     
 eh   27.2054265556808     
 exc  -7.06611758775069     
 eh   28.7897048731943     
 exc  -7.66534253788697     
 eh   28.7955081264735     
 exc  -7.66589174041691     
 eh   27.2054238994413     
 exc  -7.06611736110824     
 eh   28.7897022130742     
 exc  -7.66534230428293     
 eh   28.7955080376093     
 exc  -7.66589172074303     
 eh   27.2054211486558     
 exc  -7.06611711782067     
 eh   28.7896994463408     
 exc  -7.66534205032585     
 eh   28.7955080376093     
 exc  -7.66589172074303     
 eh   27.2054211486558     
 exc  -7.06611711782067     
 eh   28.7896994463408     
 exc  -7.66534205032585     

     -------------- Testing the pseudopotential ------------------------

     O                                                                          

     atomic number is  8.00   valence charge is  6.00
     dft =PBE   lsd =0 sic =0 latt =0  beta=0.50 tr2=1.0E-14
     mesh =1095 r(mesh) =  99.04343 xmin = -7.00 dx = 0.01250

     n l     nl             e AE (Ryd)       e PS (Ryd)   De AE-PS (Ryd) 
     1 0     2S   1( 2.00)       -1.75770       -1.75781        0.00011
     2 1     2P   1( 4.00)       -0.66426       -0.66421       -0.00005

     eps = 7.8E-18  iter =  6
 
     Etot =    -149.890991 Ry,     -74.945496 Ha,   -2039.386845 eV
     Etotps =   -31.921036 Ry,     -15.960518 Ha,    -434.311225 eV
     dEtot_ae =       0.000000 Ry
     dEtot_ps =       0.000000 Ry,   Delta E=       0.000000

     Ekin =     149.468706 Ry,      74.734353 Ha,    2033.641324 eV
     Encl =    -355.645089 Ry,    -177.822544 Ha,   -4838.835950 eV
     Ehrt =      72.821012 Ry,      36.410506 Ha,     990.788123 eV
     Ecxc =     -16.535620 Ry,      -8.267810 Ha,    -224.980343 eV
     Evxt =       0.000000 Ry,       0.000000 Ha,       0.000000 eV
     Epseu=       0.000000 Ry,       0.000000 Ha,       0.000000 eV

     -------------- End of pseudopotential test ------------------------

     -------------------- All-electron run ------------------------------

     O                                                                          

     atomic number is  8.00
     dft =PBE   lsd =0 sic =0 latt =0  beta=0.50 tr2=1.0E-14
     mesh =1095 r(mesh) =  99.04343 xmin = -7.00 dx = 0.01250

     n l     nl                  e(Ryd)         e(Ha)          e(eV)
     1 0     1S 1( 2.00)       -38.8879       -19.4439      -529.1007
     2 0     2S 1( 1.20)        -2.6736        -1.3368       -36.3760
     2 1     2P 1( 4.00)        -1.5601        -0.7800       -21.2263
     3 2     3D 1(-1.00)         0.0000         0.0000         0.0000

     eps = 3.7E-15  iter = 17
 
     Etot =    -148.127165 Ry,     -74.063582 Ha,   -2015.388576 eV

     Ekin =     147.750787 Ry,      73.875394 Ha,    2010.267662 eV
     Encl =    -345.493692 Ry,    -172.746846 Ha,   -4700.718074 eV
     Eh   =      65.362128 Ry,      32.681064 Ha,     889.304042 eV
     Exc  =     -15.746388 Ry,      -7.873194 Ha,    -214.242206 eV
     Evxt =       0.000000 Ry,       0.000000 Ha,       0.000000 eV
     Epseu=       0.000000 Ry,       0.000000 Ha,       0.000000 eV


     normalization and overlap integrals

     s(1S/1S) =  1.000000  <r> =   0.1996  <r2> =    0.0538  r(max) =   0.1298
     s(1S/2S) =  0.000000
     s(2S/2S) =  1.000000  <r> =   1.0976  <r2> =    1.4504  r(max) =   0.8569
     s(2P/2P) =  1.000000  <r> =   1.1374  <r2> =    1.6623  r(max) =   0.7950
     s(3D/3D) =  0.000000  <r> =   0.0000  <r2> =    0.0000  r(max) =  99.0434

     -------------------- End of All-electron run ----------------------

 eh   21.6286179265640     
 exc  -6.47273311839929     
 eh   20.4385589693397     
 exc  -5.95211083106553     
 eh   21.6286179401523     
 exc  -6.47273311983885     
 eh   25.0066915002636     
 exc  -7.38743994191287     
 eh   2018.35355756686     
 exc  -52.3861576021195     
 eh   2020.37700142641     
 exc  -53.1459137329723     
 eh   23.9351337291157     
 exc  -7.11790406884406     
 eh   229.457671676299     
 exc  -16.0140523144394     
 eh   231.280851096835     
 exc  -16.7393902385808     
 eh   23.7082268425393     
 exc  -7.06054826304709     
 eh   132.270828038422     
 exc  -12.4347247584429     
 eh   134.052134958331     
 exc  -13.1523914239110     
 eh   23.7361608415161     
 exc  -7.06762202877099     
 eh   143.331344924189     
 exc  -12.8820789234319     
 eh   145.117914775372     
 exc  -13.6006658921860     
 eh   23.7298397116641     
 exc  -7.06602307384292     
 eh   141.051773382648     
 exc  -12.7907957815139     
 eh   142.837177449687     
 exc  -13.5091708244357     
 eh   23.7298496034465     
 exc  -7.06602563350060     
 eh   141.049161735393     
 exc  -12.7907020122301     
 eh   142.834568764723     
 exc  -13.5090783909306     
 eh   23.7298395286108     
 exc  -7.06602315182006     
 eh   141.039971496255     
 exc  -12.7903437057565     
 eh   142.825377867330     
 exc  -13.5087207566418     
 eh   23.7298409554912     
 exc  -7.06602351876012     
 eh   141.040793738214     
 exc  -12.7903766245212     
 eh   142.826200416113     
 exc  -13.5087537323890     
 eh   23.7298418047137     
 exc  -7.06602373673252     
 eh   141.041300605856     
 exc  -12.7903968778199     
 eh   142.826707460821     
 exc  -13.5087740154014     
 eh   23.7298418047137     
 exc  -7.06602373673252     
 eh   141.041300605856     
 exc  -12.7903968778199     
 eh   142.826707460821     
 exc  -13.5087740154014     

     -------------- Testing the pseudopotential ------------------------

     O                                                                          

     atomic number is  8.00   valence charge is  6.00
     dft =PBE   lsd =0 sic =0 latt =0  beta=0.50 tr2=1.0E-14
     mesh =1095 r(mesh) =  99.04343 xmin = -7.00 dx = 0.01250

     n l     nl             e AE (Ryd)       e PS (Ryd)   De AE-PS (Ryd) 
     1 0     2S   1( 1.20)       -2.67357       -2.67482        0.00126
     2 1     2P   1( 4.00)       -1.56009       -1.56120        0.00111

     eps = 4.9E-17  iter =  9
 
     Etot =    -148.127165 Ry,     -74.063582 Ha,   -2015.388576 eV
     Etotps =   -30.156780 Ry,     -15.078390 Ha,    -410.307115 eV
     dEtot_ae =       1.763826 Ry
     dEtot_ps =       1.764256 Ry,   Delta E=      -0.000429

     Ekin =     147.750787 Ry,      73.875394 Ha,    2010.267662 eV
     Encl =    -345.493692 Ry,    -172.746846 Ha,   -4700.718074 eV
     Ehrt =      65.362128 Ry,      32.681064 Ha,     889.304042 eV
     Ecxc =     -15.746388 Ry,      -7.873194 Ha,    -214.242206 eV
     Evxt =       0.000000 Ry,       0.000000 Ha,       0.000000 eV
     Epseu=       0.000000 Ry,       0.000000 Ha,       0.000000 eV

     -------------- End of pseudopotential test ------------------------

