
     program ld1 starts. version 11-Feb-05
     today is 21Dec2005 at 16:47:44 

     -------------------- All-electron run ------------------------------

     O                                                                          

     atomic number is  8.00
     dft =PBE   lsd =0 sic =0 latt =0  beta=0.50 tr2=1.0E-14
     mesh =1095 r(mesh) =  99.04343 xmin = -7.00 dx = 0.01250

     n l     nl                  e(Ryd)         e(Ha)          e(eV)
     1 0     1S 1( 2.00)       -37.7973       -18.8987      -514.2629
     2 0     2S 1( 2.00)        -1.7577        -0.8788       -23.9149
     2 1     2P 1( 4.00)        -0.6643        -0.3321        -9.0378
     3 2     3D 1(-1.00)         0.0000         0.0000         0.0000

     eps = 1.3E-15  iter = 20
 
     Etot =    -149.890991 Ry,     -74.945496 Ha,   -2039.386845 eV

     Ekin =     149.468706 Ry,      74.734353 Ha,    2033.641324 eV
     Encl =    -355.645089 Ry,    -177.822544 Ha,   -4838.835950 eV
     Eh   =      72.821012 Ry,      36.410506 Ha,     990.788123 eV
     Exc  =     -16.535620 Ry,      -8.267810 Ha,    -224.980343 eV
     Evxt =       0.000000 Ry,       0.000000 Ha,       0.000000 eV
     Epseu=       0.000000 Ry,       0.000000 Ha,       0.000000 eV


     normalization and overlap integrals

     s(1S/1S) =  1.000000  <r> =   0.1997  <r2> =    0.0539  r(max) =   0.1298
     s(1S/2S) =  0.000000
     s(2S/2S) =  1.000000  <r> =   1.1407  <r2> =    1.5839  r(max) =   0.8677
     s(2P/2P) =  1.000000  <r> =   1.2656  <r2> =    2.1371  r(max) =   0.8151
     s(3D/3D) =  0.000000  <r> =   0.0000  <r2> =    0.0000  r(max) =  99.0434

     -------------------- End of All-electron run ----------------------

 eh   28.7954972395082     
 exc  -7.66591696642856     
 eh   27.2110992195351     
 exc  -7.06661365700585     
 eh   28.7954972575993     
 exc  -7.66591696816214     
 eh   28.7958913788267     
 exc  -7.66598028652218     
 eh   27.2046373691209     
 exc  -7.06610843407711     
 eh   28.7889700048157     
 exc  -7.66534216219379     
 eh   28.7954729248585     
 exc  -7.66588400876645     
 eh   27.2053712583839     
 exc  -7.06610896909464     
 eh   28.7896449071678     
 exc  -7.66533262067962     
 eh   28.7954940620552     
 exc  -7.66588874876386     
 eh   27.2053753247468     
 exc  -7.06611201064375     
 eh   28.7896518571640     
 exc  -7.66533632757827     
 eh   28.7955081219453     
 exc  -7.66589173996909     
 eh   27.2054265556808     
 exc  -7.06611758775069     
 eh   28.7897048731943     
 exc  -7.66534253788697     
 eh   28.7955081264735     
 exc  -7.66589174041691     
 eh   27.2054238994413     
 exc  -7.06611736110824     
 eh   28.7897022130742     
 exc  -7.66534230428293     
 eh   28.7955080376093     
 exc  -7.66589172074303     
 eh   27.2054211486558     
 exc  -7.06611711782067     
 eh   28.7896994463408     
 exc  -7.66534205032585     
 eh   28.7955080376093     
 exc  -7.66589172074303     
 eh   27.2054211486558     
 exc  -7.06611711782067     
 eh   28.7896994463408     
 exc  -7.66534205032585     

     -------------- Testing the pseudopotential ------------------------

     O                                                                          

     atomic number is  8.00   valence charge is  6.00
     dft =PBE   lsd =0 sic =0 latt =0  beta=0.50 tr2=1.0E-14
     mesh =1095 r(mesh) =  99.04343 xmin = -7.00 dx = 0.01250

     n l     nl             e AE (Ryd)       e PS (Ryd)   De AE-PS (Ryd) 
     1 0     2S   1( 2.00)       -1.75770       -1.75781        0.00011
     2 1     2P   1( 4.00)       -0.66426       -0.66421       -0.00005

     eps = 7.8E-18  iter =  6
 
     Etot =    -149.890991 Ry,     -74.945496 Ha,   -2039.386845 eV
     Etotps =   -31.921036 Ry,     -15.960518 Ha,    -434.311225 eV
     dEtot_ae =       0.000000 Ry
     dEtot_ps =       0.000000 Ry,   Delta E=       0.000000

     Ekin =     149.468706 Ry,      74.734353 Ha,    2033.641324 eV
     Encl =    -355.645089 Ry,    -177.822544 Ha,   -4838.835950 eV
     Ehrt =      72.821012 Ry,      36.410506 Ha,     990.788123 eV
     Ecxc =     -16.535620 Ry,      -8.267810 Ha,    -224.980343 eV
     Evxt =       0.000000 Ry,       0.000000 Ha,       0.000000 eV
     Epseu=       0.000000 Ry,       0.000000 Ha,       0.000000 eV

     -------------- End of pseudopotential test ------------------------

     -------------------- All-electron run ------------------------------

     O                                                                          

     atomic number is  8.00
     dft =PBE   lsd =0 sic =0 latt =0  beta=0.50 tr2=1.0E-14
     mesh =1095 r(mesh) =  99.04343 xmin = -7.00 dx = 0.01250

     n l     nl                  e(Ryd)         e(Ha)          e(eV)
     1 0     1S 1( 2.00)       -40.5109       -20.2555      -551.1833
     2 0     2S 1( 0.20)        -3.9719        -1.9860       -54.0412
     2 1     2P 1( 4.00)        -2.8558        -1.4279       -38.8561
     3 2     3D 1(-1.00)         0.0000         0.0000         0.0000

     eps = 1.6E-15  iter = 18
 
     Etot =    -144.816550 Ry,     -72.408275 Ha,   -1970.345014 eV

     Ekin =     144.503042 Ry,      72.251521 Ha,    1966.079482 eV
     Encl =    -330.395472 Ry,    -165.197736 Ha,   -4495.294708 eV
     Eh   =      55.695345 Ry,      27.847673 Ha,     757.779729 eV
     Exc  =     -14.619465 Ry,      -7.309733 Ha,    -198.909517 eV
     Evxt =       0.000000 Ry,       0.000000 Ha,       0.000000 eV
     Epseu=       0.000000 Ry,       0.000000 Ha,       0.000000 eV


     normalization and overlap integrals

     s(1S/1S) =  1.000000  <r> =   0.1995  <r2> =    0.0537  r(max) =   0.1298
     s(1S/2S) =  0.000000
     s(2S/2S) =  1.000000  <r> =   1.0465  <r2> =    1.3047  r(max) =   0.8357
     s(2P/2P) =  1.000000  <r> =   1.0319  <r2> =    1.3349  r(max) =   0.7562
     s(3D/3D) =  0.000000  <r> =   0.0000  <r2> =    0.0000  r(max) =  99.0434

     -------------------- End of All-electron run ----------------------

 eh   14.1097936473590     
 exc  -5.05285237667262     
 eh   13.3334386175722     
 exc  -4.62808350722695     
 eh   14.1097936562236     
 exc  -5.05285237776375     
 eh   18.8648379515763     
 exc  -6.59820724071372     
 eh   35214.7815021105     
 exc  -315.287895521379     
 eh   35217.1557370524     
 exc  -316.266447234276     
 eh   17.9426198378314     
 exc  -6.33163405583012     
 eh   8746.15797952228     
 exc  -129.484221870494     
 eh   8748.28111648893     
 exc  -130.409920862060     
 eh   17.5104269112467     
 exc  -6.20580971359796     
 eh   3889.46986186745     
 exc  -77.8732725905364     
 eh   3891.47717359167     
 exc  -78.7735837918510     
 eh   17.5565909075084     
 exc  -6.21931408242166     
 eh   4294.66161052692     
 exc  -82.8228153984263     
 eh   4296.68140417628     
 exc  -83.7258722986164     
 eh   17.5479799200981     
 exc  -6.21680294352512     
 eh   4221.78094141181     
 exc  -81.9447421265796     
 eh   4223.79844250433     
 exc  -82.8472910926419     
 eh   17.5480113007949     
 exc  -6.21681219498504     
 eh   4222.03019226569     
 exc  -81.9477619401287     
 eh   4224.04770227962     
 exc  -82.8503130130900     
 eh   17.5479869893569     
 exc  -6.21680520751370     
 eh   4221.80913933666     
 exc  -81.9450988414692     
 eh   4223.82664346024     
 exc  -82.8476487436245     
 eh   17.5479864758954     
 exc  -6.21680505870061     
 eh   4221.80391600217     
 exc  -81.9450358136663     
 eh   4223.82141999298     
 exc  -82.8475856879203     
 eh   17.5479860866155     
 exc  -6.21680494609027     
 eh   4221.79987195112     
 exc  -81.9449870215010     
 eh   4223.81737584217     
 exc  -82.8475368749281     
 eh   17.5479860866155     
 exc  -6.21680494609027     
 eh   4221.79987195112     
 exc  -81.9449870215010     
 eh   4223.81737584217     
 exc  -82.8475368749281     

     -------------- Testing the pseudopotential ------------------------

     O                                                                          

     atomic number is  8.00   valence charge is  6.00
     dft =PBE   lsd =0 sic =0 latt =0  beta=0.50 tr2=1.0E-14
     mesh =1095 r(mesh) =  99.04343 xmin = -7.00 dx = 0.01250

     n l     nl             e AE (Ryd)       e PS (Ryd)   De AE-PS (Ryd) 
     1 0     2S   1( 0.20)       -3.97192       -3.97901        0.00709
     2 1     2P   1( 4.00)       -2.85584       -2.86113        0.00529

     eps = 7.1E-16  iter =  9
 
     Etot =    -144.816550 Ry,     -72.408275 Ha,   -1970.345014 eV
     Etotps =   -26.842485 Ry,     -13.421243 Ha,    -365.213487 eV
     dEtot_ae =       5.074441 Ry
     dEtot_ps =       5.078550 Ry,   Delta E=      -0.004109

     Ekin =     144.503042 Ry,      72.251521 Ha,    1966.079482 eV
     Encl =    -330.395472 Ry,    -165.197736 Ha,   -4495.294708 eV
     Ehrt =      55.695345 Ry,      27.847673 Ha,     757.779729 eV
     Ecxc =     -14.619465 Ry,      -7.309733 Ha,    -198.909517 eV
     Evxt =       0.000000 Ry,       0.000000 Ha,       0.000000 eV
     Epseu=       0.000000 Ry,       0.000000 Ha,       0.000000 eV

     -------------- End of pseudopotential test ------------------------

