
     program ld1 starts. version 11-Feb-05
     today is  4Jul2007 at 22: 9: 8 

     -------------------- All-electron run ------------------------------

     O                                                                          

     atomic number is  8.00
     dft = SLA  PW   PBX  PBC   lsd =0 sic =0 latt =0  beta=0.50 tr2=1.0E-14
     mesh =1095 r(mesh) =  99.04343 xmin = -7.00 dx = 0.01250

     n l     nl                  e(Ryd)         e(Ha)          e(eV)
     1 0     1S 1( 2.00)       -37.7973       -18.8987      -514.2628
     2 0     2S 1( 2.00)        -1.7577        -0.8788       -23.9149
     2 1     2P 1( 4.00)        -0.6643        -0.3321        -9.0378
     3 2     3D 1(-1.00)         0.0000         0.0000         0.0000

     eps = 3.8E-15  iter = 14
 
     Etot =    -149.890997 Ry,     -74.945498 Ha,   -2039.386923 eV

     Ekin =     149.468653 Ry,      74.734327 Ha,    2033.640601 eV
     Encl =    -355.645040 Ry,    -177.822520 Ha,   -4838.835280 eV
     Eh   =      72.821009 Ry,      36.410504 Ha,     990.788079 eV
     Exc  =     -16.535619 Ry,      -8.267809 Ha,    -224.980324 eV
     Evxt =       0.000000 Ry,       0.000000 Ha,       0.000000 eV
     Epseu=       0.000000 Ry,       0.000000 Ha,       0.000000 eV


     normalization and overlap integrals

     s(1S/1S) =  1.000000  <r> =   0.1997  <r2> =    0.0539  r(max) =   0.1298
     s(1S/2S) =  0.000000
     s(2S/2S) =  1.000000  <r> =   1.1407  <r2> =    1.5839  r(max) =   0.8677
     s(2P/2P) =  1.000000  <r> =   1.2656  <r2> =    2.1371  r(max) =   0.8151
     s(3D/3D) =  0.000000  <r> =   0.0000  <r2> =    0.0000  r(max) =  99.0434

     -------------------- End of All-electron run ----------------------

     Core only energy     -0.37315442

     -------------- Testing the pseudopotential ------------------------

     O                                                                          

     atomic number is  8.00   valence charge is  6.00
     dft = SLA  PW   PBX  PBC   lsd =0 sic =0 latt =0  beta=0.50 tr2=1.0E-14
     mesh =1095 r(mesh) =  99.04343 xmin = -7.00 dx = 0.01250

     n l     nl             e AE (Ryd)       e PS (Ryd)   De AE-PS (Ryd) 
     1 0     2S   1( 2.00)       -1.75770       -1.75785        0.00015
     2 1     2P   1( 4.00)       -0.66426       -0.66423       -0.00004

     eps = 1.0E-17  iter =  6
 
     Etot =    -149.890997 Ry,     -74.945498 Ha,   -2039.386923 eV
     Etotps =   -31.821500 Ry,     -15.910750 Ha,    -432.956969 eV
     dEtot_ae =       0.000000 Ry
     dEtot_ps =       0.000000 Ry,   Delta E=       0.000000

     Ekin =      20.636082 Ry,      10.318041 Ha,     280.770400 eV
     Encl =     -71.617038 Ry,     -35.808519 Ha,    -974.407094 eV
     Ehrt =      27.109249 Ry,      13.554624 Ha,     368.843019 eV
     Ecxc =      -7.039926 Ry,      -3.519963 Ha,     -95.783821 eV
     Evxt =       0.000000 Ry,       0.000000 Ha,       0.000000 eV
     Epseu=      -0.909867 Ry,      -0.454934 Ha,     -12.379472 eV

     -------------- End of pseudopotential test ------------------------

     -------------------- All-electron run ------------------------------

     O                                                                          

     atomic number is  8.00
     dft = SLA  PW   PBX  PBC   lsd =0 sic =0 latt =0  beta=0.50 tr2=1.0E-14
     mesh =1095 r(mesh) =  99.04343 xmin = -7.00 dx = 0.01250

     n l     nl                  e(Ryd)         e(Ha)          e(eV)
     1 0     1S 1( 2.00)       -39.1911       -19.5955      -533.2261
     2 0     2S 1( 1.00)        -2.9212        -1.4606       -39.7454
     2 1     2P 1( 4.00)        -1.8052        -0.9026       -24.5611
     3 2     3D 1(-1.00)         0.0000         0.0000         0.0000

     eps = 6.4E-15  iter = 18
 
     Etot =    -147.567798 Ry,     -73.783899 Ha,   -2007.777940 eV

     Ekin =     147.203572 Ry,      73.601786 Ha,    2002.822355 eV
     Encl =    -342.678154 Ry,    -171.339077 Ha,   -4662.410430 eV
     Eh   =      63.437998 Ry,      31.718999 Ha,     863.124716 eV
     Exc  =     -15.531213 Ry,      -7.765607 Ha,    -211.314581 eV
     Evxt =       0.000000 Ry,       0.000000 Ha,       0.000000 eV
     Epseu=       0.000000 Ry,       0.000000 Ha,       0.000000 eV


     normalization and overlap integrals

     s(1S/1S) =  1.000000  <r> =   0.1996  <r2> =    0.0538  r(max) =   0.1298
     s(1S/2S) =  0.000000
     s(2S/2S) =  1.000000  <r> =   1.0870  <r2> =    1.4192  r(max) =   0.8569
     s(2P/2P) =  1.000000  <r> =   1.1129  <r2> =    1.5817  r(max) =   0.7851
     s(3D/3D) =  0.000000  <r> =   0.0000  <r2> =    0.0000  r(max) =  99.0434

     -------------------- End of All-electron run ----------------------

     Core only energy     -0.37315442

     -------------- Testing the pseudopotential ------------------------

     O                                                                          

     atomic number is  8.00   valence charge is  6.00
     dft = SLA  PW   PBX  PBC   lsd =0 sic =0 latt =0  beta=0.50 tr2=1.0E-14
     mesh =1095 r(mesh) =  99.04343 xmin = -7.00 dx = 0.01250

     n l     nl             e AE (Ryd)       e PS (Ryd)   De AE-PS (Ryd) 
     1 0     2S   1( 1.00)       -2.92121       -2.92862        0.00741
     2 1     2P   1( 4.00)       -1.80519       -1.80896        0.00377

     eps = 1.2E-15  iter =  8
 
     Etot =    -147.567798 Ry,     -73.783899 Ha,   -2007.777940 eV
     Etotps =   -29.495175 Ry,     -14.747587 Ha,    -401.305450 eV
     dEtot_ae =       2.323199 Ry
     dEtot_ps =       2.326325 Ry,   Delta E=      -0.003126

     Ekin =      22.287106 Ry,      11.143553 Ha,     303.233905 eV
     Encl =     -63.417887 Ry,     -31.708944 Ha,    -862.851088 eV
     Ehrt =      20.515683 Ry,      10.257842 Ha,     279.132285 eV
     Ecxc =      -6.116652 Ry,      -3.058326 Ha,     -83.221944 eV
     Evxt =       0.000000 Ry,       0.000000 Ha,       0.000000 eV
     Epseu=      -2.763425 Ry,      -1.381712 Ha,     -37.598607 eV

     -------------- End of pseudopotential test ------------------------

