
     program ld1 starts. version 11-Feb-05
     today is  4Jul2007 at 22: 9:33 

     -------------------- All-electron run ------------------------------

     O                                                                          

     atomic number is  8.00
     dft = SLA  PW   PBX  PBC   lsd =0 sic =0 latt =0  beta=0.50 tr2=1.0E-14
     mesh =1095 r(mesh) =  99.04343 xmin = -7.00 dx = 0.01250

     n l     nl                  e(Ryd)         e(Ha)          e(eV)
     1 0     1S 1( 2.00)       -37.7973       -18.8987      -514.2628
     2 0     2S 1( 2.00)        -1.7577        -0.8788       -23.9149
     2 1     2P 1( 4.00)        -0.6643        -0.3321        -9.0378
     3 2     3D 1(-1.00)         0.0000         0.0000         0.0000

     eps = 3.8E-15  iter = 14
 
     Etot =    -149.890997 Ry,     -74.945498 Ha,   -2039.386923 eV

     Ekin =     149.468653 Ry,      74.734327 Ha,    2033.640601 eV
     Encl =    -355.645040 Ry,    -177.822520 Ha,   -4838.835280 eV
     Eh   =      72.821009 Ry,      36.410504 Ha,     990.788079 eV
     Exc  =     -16.535619 Ry,      -8.267809 Ha,    -224.980324 eV
     Evxt =       0.000000 Ry,       0.000000 Ha,       0.000000 eV
     Epseu=       0.000000 Ry,       0.000000 Ha,       0.000000 eV


     normalization and overlap integrals

     s(1S/1S) =  1.000000  <r> =   0.1997  <r2> =    0.0539  r(max) =   0.1298
     s(1S/2S) =  0.000000
     s(2S/2S) =  1.000000  <r> =   1.1407  <r2> =    1.5839  r(max) =   0.8677
     s(2P/2P) =  1.000000  <r> =   1.2656  <r2> =    2.1371  r(max) =   0.8151
     s(3D/3D) =  0.000000  <r> =   0.0000  <r2> =    0.0000  r(max) =  99.0434

     -------------------- End of All-electron run ----------------------

     Core only energy     -0.37315442

     -------------- Testing the pseudopotential ------------------------

     O                                                                          

     atomic number is  8.00   valence charge is  6.00
     dft = SLA  PW   PBX  PBC   lsd =0 sic =0 latt =0  beta=0.50 tr2=1.0E-14
     mesh =1095 r(mesh) =  99.04343 xmin = -7.00 dx = 0.01250

     n l     nl             e AE (Ryd)       e PS (Ryd)   De AE-PS (Ryd) 
     1 0     2S   1( 2.00)       -1.75770       -1.75785        0.00015
     2 1     2P   1( 4.00)       -0.66426       -0.66423       -0.00004

     eps = 1.0E-17  iter =  6
 
     Etot =    -149.890997 Ry,     -74.945498 Ha,   -2039.386923 eV
     Etotps =   -31.821500 Ry,     -15.910750 Ha,    -432.956969 eV
     dEtot_ae =       0.000000 Ry
     dEtot_ps =       0.000000 Ry,   Delta E=       0.000000

     Ekin =      20.636082 Ry,      10.318041 Ha,     280.770400 eV
     Encl =     -71.617038 Ry,     -35.808519 Ha,    -974.407094 eV
     Ehrt =      27.109249 Ry,      13.554624 Ha,     368.843019 eV
     Ecxc =      -7.039926 Ry,      -3.519963 Ha,     -95.783821 eV
     Evxt =       0.000000 Ry,       0.000000 Ha,       0.000000 eV
     Epseu=      -0.909867 Ry,      -0.454934 Ha,     -12.379472 eV

     -------------- End of pseudopotential test ------------------------

     -------------------- All-electron run ------------------------------

     O                                                                          

     atomic number is  8.00
     dft = SLA  PW   PBX  PBC   lsd =0 sic =0 latt =0  beta=0.50 tr2=1.0E-14
     mesh =1095 r(mesh) =  99.04343 xmin = -7.00 dx = 0.01250

     n l     nl                  e(Ryd)         e(Ha)          e(eV)
     1 0     1S 1( 2.00)       -40.8660       -20.4330      -556.0143
     2 0     2S 1( 0.00)        -4.2479        -2.1240       -57.7968
     2 1     2P 1( 4.00)        -3.1344        -1.5672       -42.6463
     3 2     3D 1(-1.00)         0.0000         0.0000         0.0000

     eps = 8.4E-15  iter = 16
 
     Etot =    -143.994644 Ry,     -71.997322 Ha,   -1959.162325 eV

     Ekin =     143.694065 Ry,      71.847033 Ha,    1955.072716 eV
     Encl =    -327.078373 Ry,    -163.539187 Ha,   -4450.162928 eV
     Eh   =      53.771190 Ry,      26.885595 Ha,     731.600059 eV
     Exc  =     -14.381526 Ry,      -7.190763 Ha,    -195.672171 eV
     Evxt =       0.000000 Ry,       0.000000 Ha,       0.000000 eV
     Epseu=       0.000000 Ry,       0.000000 Ha,       0.000000 eV


     normalization and overlap integrals

     s(1S/1S) =  1.000000  <r> =   0.1994  <r2> =    0.0537  r(max) =   0.1298
     s(1S/2S) =  0.000000
     s(2S/2S) =  1.000000  <r> =   1.0368  <r2> =    1.2786  r(max) =   0.8357
     s(2P/2P) =  1.000000  <r> =   1.0147  <r2> =    1.2864  r(max) =   0.7468
     s(3D/3D) =  0.000000  <r> =   0.0000  <r2> =    0.0000  r(max) =  99.0434

     -------------------- End of All-electron run ----------------------

     Core only energy     -0.37315442

     -------------- Testing the pseudopotential ------------------------

     O                                                                          

     atomic number is  8.00   valence charge is  6.00
     dft = SLA  PW   PBX  PBC   lsd =0 sic =0 latt =0  beta=0.50 tr2=1.0E-14
     mesh =1095 r(mesh) =  99.04343 xmin = -7.00 dx = 0.01250

     n l     nl             e AE (Ryd)       e PS (Ryd)   De AE-PS (Ryd) 
     1 0     2S   1( 0.00)       -4.24795       -4.27344        0.02549
     2 1     2P   1( 4.00)       -3.13442       -3.14796        0.01354

     eps = 8.4E-15  iter =  8
 
     Etot =    -143.994644 Ry,     -71.997322 Ha,   -1959.162325 eV
     Etotps =   -25.906569 Ry,     -12.953284 Ha,    -352.479596 eV
     dEtot_ae =       5.896353 Ry
     dEtot_ps =       5.914931 Ry,   Delta E=      -0.018578

     Ekin =      23.492237 Ry,      11.746118 Ha,     319.630677 eV
     Encl =     -53.645465 Ry,     -26.822733 Ha,    -729.889469 eV
     Ehrt =      14.185034 Ry,       7.092517 Ha,     192.998736 eV
     Ecxc =      -5.049417 Ry,      -2.524709 Ha,     -68.701360 eV
     Evxt =       0.000000 Ry,       0.000000 Ha,       0.000000 eV
     Epseu=      -4.888958 Ry,      -2.444479 Ha,     -66.518180 eV

     -------------- End of pseudopotential test ------------------------

