
     program ld1 starts. version 11-Feb-05
     today is 11May2007 at 23:18:26 

     -------------------- All-electron run ------------------------------

     O                                                                          

     atomic number is  8.00
     dft = SLA  PW   PBX  PBC   lsd =0 sic =0 latt =0  beta=0.50 tr2=1.0E-14
     mesh =1095 r(mesh) =  99.04343 xmin = -7.00 dx = 0.01250

     n l     nl                  e(Ryd)         e(Ha)          e(eV)
     1 0     1S 1( 2.00)       -37.7973       -18.8987      -514.2628
     2 0     2S 1( 2.00)        -1.7577        -0.8788       -23.9149
     2 1     2P 1( 4.00)        -0.6643        -0.3321        -9.0378
     3 2     3D 1(-1.00)         0.0000         0.0000         0.0000

     eps = 2.0E-15  iter = 15
 
     Etot =    -149.890997 Ry,     -74.945498 Ha,   -2039.386925 eV

     Ekin =     149.468653 Ry,      74.734327 Ha,    2033.640599 eV
     Encl =    -355.645040 Ry,    -177.822520 Ha,   -4838.835280 eV
     Eh   =      72.821009 Ry,      36.410504 Ha,     990.788080 eV
     Exc  =     -16.535619 Ry,      -8.267809 Ha,    -224.980324 eV
     Evxt =       0.000000 Ry,       0.000000 Ha,       0.000000 eV
     Epseu=       0.000000 Ry,       0.000000 Ha,       0.000000 eV


     normalization and overlap integrals

     s(1S/1S) =  1.000000  <r> =   0.1997  <r2> =    0.0539  r(max) =   0.1298
     s(1S/2S) =  0.000000
     s(2S/2S) =  1.000000  <r> =   1.1407  <r2> =    1.5839  r(max) =   0.8677
     s(2P/2P) =  1.000000  <r> =   1.2656  <r2> =    2.1371  r(max) =   0.8151
     s(3D/3D) =  0.000000  <r> =   0.0000  <r2> =    0.0000  r(max) =  99.0434

     -------------------- End of All-electron run ----------------------

     Core only energy     -0.37315442

     -------------- Testing the pseudopotential ------------------------

     O                                                                          

     atomic number is  8.00   valence charge is  6.00
     dft = SLA  PW   PBX  PBC   lsd =0 sic =0 latt =0  beta=0.50 tr2=1.0E-14
     mesh =1095 r(mesh) =  99.04343 xmin = -7.00 dx = 0.01250

     n l     nl             e AE (Ryd)       e PS (Ryd)   De AE-PS (Ryd) 
     1 0     2S   1( 2.00)       -1.75770       -1.75785        0.00015
     2 1     2P   1( 4.00)       -0.66426       -0.66423       -0.00004

     eps = 1.1E-17  iter =  6
 
     Etot =    -149.890997 Ry,     -74.945498 Ha,   -2039.386925 eV
     Etotps =   -31.448346 Ry,     -15.724173 Ha,    -427.879906 eV
     dEtot_ae =       0.000000 Ry
     dEtot_ps =       0.000000 Ry,   Delta E=       0.000000

     Ekin =      20.636082 Ry,      10.318041 Ha,     280.770401 eV
     Encl =     -71.617038 Ry,     -35.808519 Ha,    -974.407097 eV
     Ehrt =      27.109249 Ry,      13.554624 Ha,     368.843020 eV
     Ecxc =      -6.666771 Ry,      -3.333386 Ha,     -90.706757 eV
     Evxt =       0.000000 Ry,       0.000000 Ha,       0.000000 eV
     Epseu=      -0.909867 Ry,      -0.454934 Ha,     -12.379473 eV

     -------------- End of pseudopotential test ------------------------

     -------------------- All-electron run ------------------------------

     O                                                                          

     atomic number is  8.00
     dft = SLA  PW   PBX  PBC   lsd =0 sic =0 latt =0  beta=0.50 tr2=1.0E-14
     mesh =1095 r(mesh) =  99.04343 xmin = -7.00 dx = 0.01250

     n l     nl                  e(Ryd)         e(Ha)          e(eV)
     1 0     1S 1( 2.00)       -38.3167       -19.1583      -521.3292
     2 0     2S 1( 1.60)        -2.1994        -1.0997       -29.9239
     2 1     2P 1( 4.00)        -1.0939        -0.5470       -14.8840
     3 2     3D 1(-1.00)         0.0000         0.0000         0.0000

     eps = 9.9E-15  iter = 15
 
     Etot =    -149.100778 Ry,     -74.550389 Ha,   -2028.635371 eV

     Ekin =     148.700700 Ry,      74.350350 Ha,    2023.191983 eV
     Encl =    -350.800345 Ry,    -175.400173 Ha,   -4772.919335 eV
     Eh   =      69.155856 Ry,      34.577928 Ha,     940.920742 eV
     Exc  =     -16.156989 Ry,      -8.078495 Ha,    -219.828761 eV
     Evxt =       0.000000 Ry,       0.000000 Ha,       0.000000 eV
     Epseu=       0.000000 Ry,       0.000000 Ha,       0.000000 eV


     normalization and overlap integrals

     s(1S/1S) =  1.000000  <r> =   0.1997  <r2> =    0.0539  r(max) =   0.1298
     s(1S/2S) =  0.000000
     s(2S/2S) =  1.000000  <r> =   1.1191  <r2> =    1.5158  r(max) =   0.8677
     s(2P/2P) =  1.000000  <r> =   1.1940  <r2> =    1.8603  r(max) =   0.8050
     s(3D/3D) =  0.000000  <r> =   0.0000  <r2> =    0.0000  r(max) =  99.0434

     -------------------- End of All-electron run ----------------------

     Core only energy     -0.37315442

     -------------- Testing the pseudopotential ------------------------

     O                                                                          

     atomic number is  8.00   valence charge is  6.00
     dft = SLA  PW   PBX  PBC   lsd =0 sic =0 latt =0  beta=0.50 tr2=1.0E-14
     mesh =1095 r(mesh) =  99.04343 xmin = -7.00 dx = 0.01250

     n l     nl             e AE (Ryd)       e PS (Ryd)   De AE-PS (Ryd) 
     1 0     2S   1( 1.60)       -2.19935       -2.20139        0.00204
     2 1     2P   1( 4.00)       -1.09395       -1.09487        0.00093

     eps = 8.8E-15  iter =  7
 
     Etot =    -149.100778 Ry,     -74.550389 Ha,   -2028.635371 eV
     Etotps =   -30.657712 Ry,     -15.328856 Ha,    -417.122700 eV
     dEtot_ae =       0.790218 Ry
     dEtot_ps =       0.790634 Ry,   Delta E=      -0.000415

     Ekin =      21.357818 Ry,      10.678909 Ha,     290.590201 eV
     Encl =     -68.553554 Ry,     -34.276777 Ha,    -932.725944 eV
     Ehrt =      24.485988 Ry,      12.242994 Ha,     333.151459 eV
     Ecxc =      -6.320379 Ry,      -3.160189 Ha,     -85.993808 eV
     Evxt =       0.000000 Ry,       0.000000 Ha,       0.000000 eV
     Epseu=      -1.627586 Ry,      -0.813793 Ha,     -22.144607 eV

     -------------- End of pseudopotential test ------------------------

