
     program ld1 starts. version 11-Feb-05
     today is 22Dec2005 at 19:17:43 

     -------------------- All-electron run ------------------------------

     O                                                                          

     atomic number is  8.00
     dft = SLA  PW   PBX  PBC   lsd =0 sic =0 latt =0  beta=0.50 tr2=1.0E-14
     mesh =1095 r(mesh) =  99.04343 xmin = -7.00 dx = 0.01250

     n l     nl                  e(Ryd)         e(Ha)          e(eV)
     1 0     1S 1( 2.00)       -37.7973       -18.8987      -514.2628
     2 0     2S 1( 2.00)        -1.7577        -0.8788       -23.9149
     2 1     2P 1( 4.00)        -0.6643        -0.3321        -9.0378
     3 2     3D 1(-1.00)         0.0000         0.0000         0.0000

     eps = 2.0E-15  iter = 15
 
     Etot =    -149.890997 Ry,     -74.945498 Ha,   -2039.386925 eV

     Ekin =     149.468653 Ry,      74.734327 Ha,    2033.640599 eV
     Encl =    -355.645040 Ry,    -177.822520 Ha,   -4838.835280 eV
     Eh   =      72.821009 Ry,      36.410504 Ha,     990.788080 eV
     Exc  =     -16.535619 Ry,      -8.267809 Ha,    -224.980324 eV
     Evxt =       0.000000 Ry,       0.000000 Ha,       0.000000 eV
     Epseu=       0.000000 Ry,       0.000000 Ha,       0.000000 eV


     normalization and overlap integrals

     s(1S/1S) =  1.000000  <r> =   0.1997  <r2> =    0.0539  r(max) =   0.1298
     s(1S/2S) =  0.000000
     s(2S/2S) =  1.000000  <r> =   1.1407  <r2> =    1.5839  r(max) =   0.8677
     s(2P/2P) =  1.000000  <r> =   1.2656  <r2> =    2.1371  r(max) =   0.8151
     s(3D/3D) =  0.000000  <r> =   0.0000  <r2> =    0.0000  r(max) =  99.0434

     -------------------- End of All-electron run ----------------------

     Core only energy     -0.37315442

     -------------- Testing the pseudopotential ------------------------

     O                                                                          

     atomic number is  8.00   valence charge is  6.00
     dft = SLA  PW   PBX  PBC   lsd =0 sic =0 latt =0  beta=0.50 tr2=1.0E-14
     mesh =1095 r(mesh) =  99.04343 xmin = -7.00 dx = 0.01250

     n l     nl             e AE (Ryd)       e PS (Ryd)   De AE-PS (Ryd) 
     1 0     2S   1( 2.00)       -1.75770       -1.75786        0.00016
     2 1     2P   1( 4.00)       -0.66426       -0.66424       -0.00002

     eps = 2.2E-18  iter =  6
 
     Etot =    -149.890997 Ry,     -74.945498 Ha,   -2039.386925 eV
     Etotps =   -31.448007 Ry,     -15.724003 Ha,    -427.875289 eV
     dEtot_ae =       0.000000 Ry
     dEtot_ps =       0.000000 Ry,   Delta E=       0.000000

     Ekin =      12.987052 Ry,       6.493526 Ha,     176.699227 eV
     Encl =     -71.615143 Ry,     -35.807572 Ha,    -974.381318 eV
     Ehrt =      27.108852 Ry,      13.554426 Ha,     368.837614 eV
     Ecxc =      -6.666669 Ry,      -3.333334 Ha,     -90.705363 eV
     Evxt =       0.000000 Ry,       0.000000 Ha,       0.000000 eV
     Epseu=       6.737902 Ry,       3.368951 Ha,      91.674550 eV

     -------------- End of pseudopotential test ------------------------

     -------------------- All-electron run ------------------------------

     O                                                                          

     atomic number is  8.00
     dft = SLA  PW   PBX  PBC   lsd =0 sic =0 latt =0  beta=0.50 tr2=1.0E-14
     mesh =1095 r(mesh) =  99.04343 xmin = -7.00 dx = 0.01250

     n l     nl                  e(Ryd)         e(Ha)          e(eV)
     1 0     1S 1( 2.00)       -38.8879       -19.4439      -529.1007
     2 0     2S 1( 1.20)        -2.6736        -1.3368       -36.3760
     2 1     2P 1( 4.00)        -1.5601        -0.7800       -21.2263
     3 2     3D 1(-1.00)         0.0000         0.0000         0.0000

     eps = 8.2E-15  iter = 16
 
     Etot =    -148.127170 Ry,     -74.063585 Ha,   -2015.388654 eV

     Ekin =     147.750735 Ry,      73.875367 Ha,    2010.266948 eV
     Encl =    -345.493644 Ry,    -172.746822 Ha,   -4700.717417 eV
     Eh   =      65.362125 Ry,      32.681063 Ha,     889.304002 eV
     Exc  =     -15.746387 Ry,      -7.873193 Ha,    -214.242187 eV
     Evxt =       0.000000 Ry,       0.000000 Ha,       0.000000 eV
     Epseu=       0.000000 Ry,       0.000000 Ha,       0.000000 eV


     normalization and overlap integrals

     s(1S/1S) =  1.000000  <r> =   0.1996  <r2> =    0.0538  r(max) =   0.1298
     s(1S/2S) =  0.000000
     s(2S/2S) =  1.000000  <r> =   1.0976  <r2> =    1.4504  r(max) =   0.8569
     s(2P/2P) =  1.000000  <r> =   1.1374  <r2> =    1.6623  r(max) =   0.7950
     s(3D/3D) =  0.000000  <r> =   0.0000  <r2> =    0.0000  r(max) =  99.0434

     -------------------- End of All-electron run ----------------------

     Core only energy     -0.37315442

     -------------- Testing the pseudopotential ------------------------

     O                                                                          

     atomic number is  8.00   valence charge is  6.00
     dft = SLA  PW   PBX  PBC   lsd =0 sic =0 latt =0  beta=0.50 tr2=1.0E-14
     mesh =1095 r(mesh) =  99.04343 xmin = -7.00 dx = 0.01250

     n l     nl             e AE (Ryd)       e PS (Ryd)   De AE-PS (Ryd) 
     1 0     2S   1( 1.20)       -2.67357       -2.67893        0.00537
     2 1     2P   1( 4.00)       -1.56009       -1.56282        0.00273

     eps = 3.3E-16  iter =  8
 
     Etot =    -148.127170 Ry,     -74.063585 Ha,   -2015.388654 eV
     Etotps =   -29.682322 Ry,     -14.841161 Ha,    -403.851731 eV
     dEtot_ae =       1.763827 Ry
     dEtot_ps =       1.765685 Ry,   Delta E=      -0.001859

     Ekin =      12.531648 Ry,       6.265824 Ha,     170.503095 eV
     Encl =     -65.190921 Ry,     -32.595461 Ha,    -886.974636 eV
     Ehrt =      21.833649 Ry,      10.916824 Ha,     297.064256 eV
     Ecxc =      -5.942049 Ry,      -2.971024 Ha,     -80.846330 eV
     Evxt =       0.000000 Ry,       0.000000 Ha,       0.000000 eV
     Epseu=       7.085352 Ry,       3.542676 Ha,      96.401883 eV

     -------------- End of pseudopotential test ------------------------

