
     program ld1 starts. version 11-Feb-05
     today is 11May2007 at 23:18:26 

     -------------------- All-electron run ------------------------------

     O                                                                          

     atomic number is  8.00
     dft = SLA  PW   PBX  PBC   lsd =0 sic =0 latt =0  beta=0.50 tr2=1.0E-14
     mesh =1095 r(mesh) =  99.04343 xmin = -7.00 dx = 0.01250

     n l     nl                  e(Ryd)         e(Ha)          e(eV)
     1 0     1S 1( 2.00)       -37.7973       -18.8987      -514.2628
     2 0     2S 1( 2.00)        -1.7577        -0.8788       -23.9149
     2 1     2P 1( 4.00)        -0.6643        -0.3321        -9.0378
     3 2     3D 1(-1.00)         0.0000         0.0000         0.0000

     eps = 2.0E-15  iter = 15
 
     Etot =    -149.890997 Ry,     -74.945498 Ha,   -2039.386925 eV

     Ekin =     149.468653 Ry,      74.734327 Ha,    2033.640599 eV
     Encl =    -355.645040 Ry,    -177.822520 Ha,   -4838.835280 eV
     Eh   =      72.821009 Ry,      36.410504 Ha,     990.788080 eV
     Exc  =     -16.535619 Ry,      -8.267809 Ha,    -224.980324 eV
     Evxt =       0.000000 Ry,       0.000000 Ha,       0.000000 eV
     Epseu=       0.000000 Ry,       0.000000 Ha,       0.000000 eV


     normalization and overlap integrals

     s(1S/1S) =  1.000000  <r> =   0.1997  <r2> =    0.0539  r(max) =   0.1298
     s(1S/2S) =  0.000000
     s(2S/2S) =  1.000000  <r> =   1.1407  <r2> =    1.5839  r(max) =   0.8677
     s(2P/2P) =  1.000000  <r> =   1.2656  <r2> =    2.1371  r(max) =   0.8151
     s(3D/3D) =  0.000000  <r> =   0.0000  <r2> =    0.0000  r(max) =  99.0434

     -------------------- End of All-electron run ----------------------

     Core only energy     -0.37315442

     -------------- Testing the pseudopotential ------------------------

     O                                                                          

     atomic number is  8.00   valence charge is  6.00
     dft = SLA  PW   PBX  PBC   lsd =0 sic =0 latt =0  beta=0.50 tr2=1.0E-14
     mesh =1095 r(mesh) =  99.04343 xmin = -7.00 dx = 0.01250

     n l     nl             e AE (Ryd)       e PS (Ryd)   De AE-PS (Ryd) 
     1 0     2S   1( 2.00)       -1.75770       -1.75786        0.00016
     2 1     2P   1( 4.00)       -0.66426       -0.66424       -0.00002

     eps = 2.2E-18  iter =  6
 
     Etot =    -149.890997 Ry,     -74.945498 Ha,   -2039.386925 eV
     Etotps =   -31.448007 Ry,     -15.724003 Ha,    -427.875290 eV
     dEtot_ae =       0.000000 Ry
     dEtot_ps =       0.000000 Ry,   Delta E=       0.000000

     Ekin =      12.987052 Ry,       6.493526 Ha,     176.699227 eV
     Encl =     -71.615144 Ry,     -35.807572 Ha,    -974.381320 eV
     Ehrt =      27.108852 Ry,      13.554426 Ha,     368.837615 eV
     Ecxc =      -6.666669 Ry,      -3.333334 Ha,     -90.705363 eV
     Evxt =       0.000000 Ry,       0.000000 Ha,       0.000000 eV
     Epseu=       6.737902 Ry,       3.368951 Ha,      91.674551 eV

     -------------- End of pseudopotential test ------------------------

     -------------------- All-electron run ------------------------------

     O                                                                          

     atomic number is  8.00
     dft = SLA  PW   PBX  PBC   lsd =0 sic =0 latt =0  beta=0.50 tr2=1.0E-14
     mesh =1095 r(mesh) =  99.04343 xmin = -7.00 dx = 0.01250

     n l     nl                  e(Ryd)         e(Ha)          e(eV)
     1 0     1S 1( 2.00)       -38.3167       -19.1583      -521.3292
     2 0     2S 1( 1.60)        -2.1994        -1.0997       -29.9239
     2 1     2P 1( 4.00)        -1.0939        -0.5470       -14.8840
     3 2     3D 1(-1.00)         0.0000         0.0000         0.0000

     eps = 9.9E-15  iter = 15
 
     Etot =    -149.100778 Ry,     -74.550389 Ha,   -2028.635371 eV

     Ekin =     148.700700 Ry,      74.350350 Ha,    2023.191983 eV
     Encl =    -350.800345 Ry,    -175.400173 Ha,   -4772.919335 eV
     Eh   =      69.155856 Ry,      34.577928 Ha,     940.920742 eV
     Exc  =     -16.156989 Ry,      -8.078495 Ha,    -219.828761 eV
     Evxt =       0.000000 Ry,       0.000000 Ha,       0.000000 eV
     Epseu=       0.000000 Ry,       0.000000 Ha,       0.000000 eV


     normalization and overlap integrals

     s(1S/1S) =  1.000000  <r> =   0.1997  <r2> =    0.0539  r(max) =   0.1298
     s(1S/2S) =  0.000000
     s(2S/2S) =  1.000000  <r> =   1.1191  <r2> =    1.5158  r(max) =   0.8677
     s(2P/2P) =  1.000000  <r> =   1.1940  <r2> =    1.8603  r(max) =   0.8050
     s(3D/3D) =  0.000000  <r> =   0.0000  <r2> =    0.0000  r(max) =  99.0434

     -------------------- End of All-electron run ----------------------

     Core only energy     -0.37315442

     -------------- Testing the pseudopotential ------------------------

     O                                                                          

     atomic number is  8.00   valence charge is  6.00
     dft = SLA  PW   PBX  PBC   lsd =0 sic =0 latt =0  beta=0.50 tr2=1.0E-14
     mesh =1095 r(mesh) =  99.04343 xmin = -7.00 dx = 0.01250

     n l     nl             e AE (Ryd)       e PS (Ryd)   De AE-PS (Ryd) 
     1 0     2S   1( 1.60)       -2.19935       -2.20143        0.00207
     2 1     2P   1( 4.00)       -1.09395       -1.09491        0.00097

     eps = 7.7E-15  iter =  7
 
     Etot =    -149.100778 Ry,     -74.550389 Ha,   -2028.635371 eV
     Etotps =   -30.657378 Ry,     -15.328689 Ha,    -417.118155 eV
     dEtot_ae =       0.790218 Ry
     dEtot_ps =       0.790629 Ry,   Delta E=      -0.000410

     Ekin =      12.812936 Ry,       6.406468 Ha,     174.330249 eV
     Encl =     -68.550764 Ry,     -34.275382 Ha,    -932.687981 eV
     Ehrt =      24.485471 Ry,      12.242736 Ha,     333.144425 eV
     Ecxc =      -6.320245 Ry,      -3.160122 Ha,     -85.991989 eV
     Evxt =       0.000000 Ry,       0.000000 Ha,       0.000000 eV
     Epseu=       6.915223 Ry,       3.457611 Ha,      94.087141 eV

     -------------- End of pseudopotential test ------------------------

