
     program ld1 starts. version 11-Feb-05
     today is 21Dec2005 at 16:47:37 

     -------------------- All-electron run ------------------------------

     O                                                                          

     atomic number is  8.00
     dft = SLA  PW   PBX  PBC   lsd =0 sic =0 latt =0  beta=0.50 tr2=1.0E-14
     mesh =1095 r(mesh) =  99.04343 xmin = -7.00 dx = 0.01250

     n l     nl                  e(Ryd)         e(Ha)          e(eV)
     1 0     1S 1( 2.00)       -37.7973       -18.8987      -514.2628
     2 0     2S 1( 2.00)        -1.7577        -0.8788       -23.9149
     2 1     2P 1( 4.00)        -0.6643        -0.3321        -9.0378
     3 2     3D 1(-1.00)         0.0000         0.0000         0.0000

     eps = 2.0E-15  iter = 15
 
     Etot =    -149.890997 Ry,     -74.945498 Ha,   -2039.386925 eV

     Ekin =     149.468653 Ry,      74.734327 Ha,    2033.640599 eV
     Encl =    -355.645040 Ry,    -177.822520 Ha,   -4838.835280 eV
     Eh   =      72.821009 Ry,      36.410504 Ha,     990.788080 eV
     Exc  =     -16.535619 Ry,      -8.267809 Ha,    -224.980324 eV
     Evxt =       0.000000 Ry,       0.000000 Ha,       0.000000 eV
     Epseu=       0.000000 Ry,       0.000000 Ha,       0.000000 eV


     normalization and overlap integrals

     s(1S/1S) =  1.000000  <r> =   0.1997  <r2> =    0.0539  r(max) =   0.1298
     s(1S/2S) =  0.000000
     s(2S/2S) =  1.000000  <r> =   1.1407  <r2> =    1.5839  r(max) =   0.8677
     s(2P/2P) =  1.000000  <r> =   1.2656  <r2> =    2.1371  r(max) =   0.8151
     s(3D/3D) =  0.000000  <r> =   0.0000  <r2> =    0.0000  r(max) =  99.0434

     -------------------- End of All-electron run ----------------------

     Core only energy     -0.37315442

     -------------- Testing the pseudopotential ------------------------

     O                                                                          

     atomic number is  8.00   valence charge is  6.00
     dft = SLA  PW   PBX  PBC   lsd =0 sic =0 latt =0  beta=0.50 tr2=1.0E-14
     mesh =1095 r(mesh) =  99.04343 xmin = -7.00 dx = 0.01250

     n l     nl             e AE (Ryd)       e PS (Ryd)   De AE-PS (Ryd) 
     1 0     2S   1( 2.00)       -1.75770       -1.75783        0.00013
     2 1     2P   1( 4.00)       -0.66426       -0.66423       -0.00003

     eps = 6.8E-19  iter =  6
 
     Etot =    -149.890997 Ry,     -74.945498 Ha,   -2039.386925 eV
     Etotps =   -31.447891 Ry,     -15.723946 Ha,    -427.873718 eV
     dEtot_ae =       0.000000 Ry
     dEtot_ps =       0.000000 Ry,   Delta E=       0.000000

     Ekin =      11.636035 Ry,       5.818018 Ha,     158.317570 eV
     Encl =     -71.615165 Ry,     -35.807583 Ha,    -974.381618 eV
     Ehrt =      27.108827 Ry,      13.554413 Ha,     368.837276 eV
     Ecxc =      -6.666666 Ry,      -3.333333 Ha,     -90.705320 eV
     Evxt =       0.000000 Ry,       0.000000 Ha,       0.000000 eV
     Epseu=       8.089078 Ry,       4.044539 Ha,     110.058374 eV

     -------------- End of pseudopotential test ------------------------

     -------------------- All-electron run ------------------------------

     O                                                                          

     atomic number is  8.00
     dft = SLA  PW   PBX  PBC   lsd =0 sic =0 latt =0  beta=0.50 tr2=1.0E-14
     mesh =1095 r(mesh) =  99.04343 xmin = -7.00 dx = 0.01250

     n l     nl                  e(Ryd)         e(Ha)          e(eV)
     1 0     1S 1( 2.00)       -39.5054       -19.7527      -537.5021
     2 0     2S 1( 0.80)        -3.1752        -1.5876       -43.2016
     2 1     2P 1( 4.00)        -2.0577        -1.0288       -27.9964
     3 2     3D 1(-1.00)         0.0000         0.0000         0.0000

     eps = 2.1E-15  iter = 18
 
     Etot =    -146.958251 Ry,     -73.479125 Ha,   -1999.484566 eV

     Ekin =     146.606445 Ry,      73.303222 Ha,    1994.697967 eV
     Encl =    -339.758518 Ry,    -169.879259 Ha,   -4622.686447 eV
     Eh   =      61.504179 Ry,      30.752089 Ha,     836.813557 eV
     Exc  =     -15.310356 Ry,      -7.655178 Ha,    -208.309643 eV
     Evxt =       0.000000 Ry,       0.000000 Ha,       0.000000 eV
     Epseu=       0.000000 Ry,       0.000000 Ha,       0.000000 eV


     normalization and overlap integrals

     s(1S/1S) =  1.000000  <r> =   0.1996  <r2> =    0.0538  r(max) =   0.1298
     s(1S/2S) =  0.000000
     s(2S/2S) =  1.000000  <r> =   1.0766  <r2> =    1.3890  r(max) =   0.8569
     s(2P/2P) =  1.000000  <r> =   1.0904  <r2> =    1.5102  r(max) =   0.7753
     s(3D/3D) =  0.000000  <r> =   0.0000  <r2> =    0.0000  r(max) =  99.0434

     -------------------- End of All-electron run ----------------------

     Core only energy     -0.37315442

     -------------- Testing the pseudopotential ------------------------

     O                                                                          

     atomic number is  8.00   valence charge is  6.00
     dft = SLA  PW   PBX  PBC   lsd =0 sic =0 latt =0  beta=0.50 tr2=1.0E-14
     mesh =1095 r(mesh) =  99.04343 xmin = -7.00 dx = 0.01250

     n l     nl             e AE (Ryd)       e PS (Ryd)   De AE-PS (Ryd) 
     1 0     2S   1( 0.80)       -3.17524       -3.18580        0.01056
     2 1     2P   1( 4.00)       -2.05768       -2.06330        0.00562

     eps = 4.4E-16  iter =  7
 
     Etot =    -146.958251 Ry,     -73.479125 Ha,   -1999.484566 eV
     Etotps =   -28.510140 Ry,     -14.255070 Ha,    -387.903266 eV
     dEtot_ae =       2.932746 Ry
     dEtot_ps =       2.937751 Ry,   Delta E=      -0.005005

     Ekin =      11.013488 Ry,       5.506744 Ha,     149.847314 eV
     Encl =     -61.563630 Ry,     -30.781815 Ha,    -837.622442 eV
     Ehrt =      19.206008 Ry,       9.603004 Ha,     261.313105 eV
     Ecxc =      -5.538343 Ry,      -2.769172 Ha,     -75.353588 eV
     Evxt =       0.000000 Ry,       0.000000 Ha,       0.000000 eV
     Epseu=       8.372337 Ry,       4.186169 Ha,     113.912344 eV

     -------------- End of pseudopotential test ------------------------

