
     program ld1 starts. version 11-Feb-05
     today is  4Jul2007 at 22: 8:54 

     -------------------- All-electron run ------------------------------

     O                                                                          

     atomic number is  8.00
     dft = SLA  PW   PBX  PBC   lsd =0 sic =0 latt =0  beta=0.50 tr2=1.0E-14
     mesh =1095 r(mesh) =  99.04343 xmin = -7.00 dx = 0.01250

     n l     nl                  e(Ryd)         e(Ha)          e(eV)
     1 0     1S 1( 2.00)       -37.7973       -18.8987      -514.2628
     2 0     2S 1( 2.00)        -1.7577        -0.8788       -23.9149
     2 1     2P 1( 4.00)        -0.6643        -0.3321        -9.0378
     3 2     3D 1(-1.00)         0.0000         0.0000         0.0000

     eps = 3.8E-15  iter = 14
 
     Etot =    -149.890997 Ry,     -74.945498 Ha,   -2039.386923 eV

     Ekin =     149.468653 Ry,      74.734327 Ha,    2033.640601 eV
     Encl =    -355.645040 Ry,    -177.822520 Ha,   -4838.835280 eV
     Eh   =      72.821009 Ry,      36.410504 Ha,     990.788079 eV
     Exc  =     -16.535619 Ry,      -8.267809 Ha,    -224.980324 eV
     Evxt =       0.000000 Ry,       0.000000 Ha,       0.000000 eV
     Epseu=       0.000000 Ry,       0.000000 Ha,       0.000000 eV


     normalization and overlap integrals

     s(1S/1S) =  1.000000  <r> =   0.1997  <r2> =    0.0539  r(max) =   0.1298
     s(1S/2S) =  0.000000
     s(2S/2S) =  1.000000  <r> =   1.1407  <r2> =    1.5839  r(max) =   0.8677
     s(2P/2P) =  1.000000  <r> =   1.2656  <r2> =    2.1371  r(max) =   0.8151
     s(3D/3D) =  0.000000  <r> =   0.0000  <r2> =    0.0000  r(max) =  99.0434

     -------------------- End of All-electron run ----------------------

     Core only energy     -0.37315442

     -------------- Testing the pseudopotential ------------------------

     O                                                                          

     atomic number is  8.00   valence charge is  6.00
     dft = SLA  PW   PBX  PBC   lsd =0 sic =0 latt =0  beta=0.50 tr2=1.0E-14
     mesh =1095 r(mesh) =  99.04343 xmin = -7.00 dx = 0.01250

     n l     nl             e AE (Ryd)       e PS (Ryd)   De AE-PS (Ryd) 
     1 0     2S   1( 2.00)       -1.75770       -1.75783        0.00013
     2 1     2P   1( 4.00)       -0.66426       -0.66423       -0.00003

     eps = 8.9E-15  iter =  5
 
     Etot =    -149.890997 Ry,     -74.945498 Ha,   -2039.386923 eV
     Etotps =   -31.921460 Ry,     -15.960730 Ha,    -434.317005 eV
     dEtot_ae =       0.000000 Ry
     dEtot_ps =       0.000000 Ry,   Delta E=       0.000000

     Ekin =      11.635655 Ry,       5.817827 Ha,     158.312389 eV
     Encl =     -72.065724 Ry,     -36.032862 Ha,    -980.511824 eV
     Ehrt =      27.211543 Ry,      13.605772 Ha,     370.234816 eV
     Ecxc =      -7.066730 Ry,      -3.533365 Ha,     -96.148517 eV
     Evxt =       0.000000 Ry,       0.000000 Ha,       0.000000 eV
     Epseu=       8.363796 Ry,       4.181898 Ha,     113.796131 eV

     -------------- End of pseudopotential test ------------------------

     -------------------- All-electron run ------------------------------

     O                                                                          

     atomic number is  8.00
     dft = SLA  PW   PBX  PBC   lsd =0 sic =0 latt =0  beta=0.50 tr2=1.0E-14
     mesh =1095 r(mesh) =  99.04343 xmin = -7.00 dx = 0.01250

     n l     nl                  e(Ryd)         e(Ha)          e(eV)
     1 0     1S 1( 2.00)       -38.3167       -19.1583      -521.3292
     2 0     2S 1( 1.60)        -2.1994        -1.0997       -29.9239
     2 1     2P 1( 4.00)        -1.0939        -0.5470       -14.8840
     3 2     3D 1(-1.00)         0.0000         0.0000         0.0000

     eps = 9.5E-15  iter = 15
 
     Etot =    -149.100778 Ry,     -74.550389 Ha,   -2028.635371 eV

     Ekin =     148.700700 Ry,      74.350350 Ha,    2023.191983 eV
     Encl =    -350.800345 Ry,    -175.400173 Ha,   -4772.919335 eV
     Eh   =      69.155856 Ry,      34.577928 Ha,     940.920742 eV
     Exc  =     -16.156989 Ry,      -8.078495 Ha,    -219.828761 eV
     Evxt =       0.000000 Ry,       0.000000 Ha,       0.000000 eV
     Epseu=       0.000000 Ry,       0.000000 Ha,       0.000000 eV


     normalization and overlap integrals

     s(1S/1S) =  1.000000  <r> =   0.1997  <r2> =    0.0539  r(max) =   0.1298
     s(1S/2S) =  0.000000
     s(2S/2S) =  1.000000  <r> =   1.1191  <r2> =    1.5158  r(max) =   0.8677
     s(2P/2P) =  1.000000  <r> =   1.1940  <r2> =    1.8603  r(max) =   0.8050
     s(3D/3D) =  0.000000  <r> =   0.0000  <r2> =    0.0000  r(max) =  99.0434

     -------------------- End of All-electron run ----------------------

     Core only energy     -0.37315442

     -------------- Testing the pseudopotential ------------------------

     O                                                                          

     atomic number is  8.00   valence charge is  6.00
     dft = SLA  PW   PBX  PBC   lsd =0 sic =0 latt =0  beta=0.50 tr2=1.0E-14
     mesh =1095 r(mesh) =  99.04343 xmin = -7.00 dx = 0.01250

     n l     nl             e AE (Ryd)       e PS (Ryd)   De AE-PS (Ryd) 
     1 0     2S   1( 1.60)       -2.19935       -2.19975        0.00040
     2 1     2P   1( 4.00)       -1.09395       -1.09431        0.00037

     eps = 1.1E-17  iter =  8
 
     Etot =    -149.100778 Ry,     -74.550389 Ha,   -2028.635371 eV
     Etotps =   -31.131147 Ry,     -15.565574 Ha,    -423.564167 eV
     dEtot_ae =       0.790218 Ry
     dEtot_ps =       0.790313 Ry,   Delta E=      -0.000094

     Ekin =      11.521861 Ry,       5.760931 Ha,     156.764137 eV
     Encl =     -69.032129 Ry,     -34.516064 Ha,    -939.237335 eV
     Ehrt =      24.591213 Ry,      12.295607 Ha,     334.583126 eV
     Ecxc =      -6.722551 Ry,      -3.361276 Ha,     -91.465685 eV
     Evxt =       0.000000 Ry,       0.000000 Ha,       0.000000 eV
     Epseu=       8.510458 Ry,       4.255229 Ha,     115.791590 eV

     -------------- End of pseudopotential test ------------------------

