
     program ld1 starts. version 11-Feb-05
     today is 11May2007 at 23:18:57 

     -------------------- All-electron run ------------------------------

     O                                                                          

     atomic number is  8.00
     dft = SLA  PW   PBX  PBC   lsd =0 sic =0 latt =0  beta=0.50 tr2=1.0E-14
     mesh =1095 r(mesh) =  99.04343 xmin = -7.00 dx = 0.01250

     n l     nl                  e(Ryd)         e(Ha)          e(eV)
     1 0     1S 1( 2.00)       -37.7973       -18.8987      -514.2628
     2 0     2S 1( 2.00)        -1.7577        -0.8788       -23.9149
     2 1     2P 1( 4.00)        -0.6643        -0.3321        -9.0378
     3 2     3D 1(-1.00)         0.0000         0.0000         0.0000

     eps = 2.0E-15  iter = 15
 
     Etot =    -149.890997 Ry,     -74.945498 Ha,   -2039.386925 eV

     Ekin =     149.468653 Ry,      74.734327 Ha,    2033.640599 eV
     Encl =    -355.645040 Ry,    -177.822520 Ha,   -4838.835280 eV
     Eh   =      72.821009 Ry,      36.410504 Ha,     990.788080 eV
     Exc  =     -16.535619 Ry,      -8.267809 Ha,    -224.980324 eV
     Evxt =       0.000000 Ry,       0.000000 Ha,       0.000000 eV
     Epseu=       0.000000 Ry,       0.000000 Ha,       0.000000 eV


     normalization and overlap integrals

     s(1S/1S) =  1.000000  <r> =   0.1997  <r2> =    0.0539  r(max) =   0.1298
     s(1S/2S) =  0.000000
     s(2S/2S) =  1.000000  <r> =   1.1407  <r2> =    1.5839  r(max) =   0.8677
     s(2P/2P) =  1.000000  <r> =   1.2656  <r2> =    2.1371  r(max) =   0.8151
     s(3D/3D) =  0.000000  <r> =   0.0000  <r2> =    0.0000  r(max) =  99.0434

     -------------------- End of All-electron run ----------------------

     Core only energy     -0.37315442

     -------------- Testing the pseudopotential ------------------------

     O                                                                          

     atomic number is  8.00   valence charge is  6.00
     dft = SLA  PW   PBX  PBC   lsd =0 sic =0 latt =0  beta=0.50 tr2=1.0E-14
     mesh =1095 r(mesh) =  99.04343 xmin = -7.00 dx = 0.01250

     n l     nl             e AE (Ryd)       e PS (Ryd)   De AE-PS (Ryd) 
     1 0     2S   1( 2.00)       -1.75770       -1.75786        0.00016
     2 1     2P   1( 4.00)       -0.66426       -0.66424       -0.00002

     eps = 2.1E-18  iter =  6
 
     Etot =    -149.890997 Ry,     -74.945498 Ha,   -2039.386925 eV
     Etotps =   -31.548422 Ry,     -15.774211 Ha,    -429.241519 eV
     dEtot_ae =       0.000000 Ry
     dEtot_ps =       0.000000 Ry,   Delta E=       0.000000

     Ekin =      12.986649 Ry,       6.493325 Ha,     176.693751 eV
     Encl =     -72.065706 Ry,     -36.032853 Ha,    -980.511589 eV
     Ehrt =      27.211569 Ry,      13.605785 Ha,     370.235167 eV
     Ecxc =      -6.693578 Ry,      -3.346789 Ha,     -91.071488 eV
     Evxt =       0.000000 Ry,       0.000000 Ha,       0.000000 eV
     Epseu=       7.012645 Ry,       3.506322 Ha,      95.412639 eV

     -------------- End of pseudopotential test ------------------------

     -------------------- All-electron run ------------------------------

     O                                                                          

     atomic number is  8.00
     dft = SLA  PW   PBX  PBC   lsd =0 sic =0 latt =0  beta=0.50 tr2=1.0E-14
     mesh =1095 r(mesh) =  99.04343 xmin = -7.00 dx = 0.01250

     n l     nl                  e(Ryd)         e(Ha)          e(eV)
     1 0     1S 1( 2.00)       -40.8660       -20.4330      -556.0143
     2 0     2S 1( 0.00)        -4.2479        -2.1240       -57.7968
     2 1     2P 1( 4.00)        -3.1344        -1.5672       -42.6463
     3 2     3D 1(-1.00)         0.0000         0.0000         0.0000

     eps = 5.9E-15  iter = 17
 
     Etot =    -143.994644 Ry,     -71.997322 Ha,   -1959.162325 eV

     Ekin =     143.694065 Ry,      71.847033 Ha,    1955.072716 eV
     Encl =    -327.078373 Ry,    -163.539187 Ha,   -4450.162928 eV
     Eh   =      53.771190 Ry,      26.885595 Ha,     731.600059 eV
     Exc  =     -14.381526 Ry,      -7.190763 Ha,    -195.672171 eV
     Evxt =       0.000000 Ry,       0.000000 Ha,       0.000000 eV
     Epseu=       0.000000 Ry,       0.000000 Ha,       0.000000 eV


     normalization and overlap integrals

     s(1S/1S) =  1.000000  <r> =   0.1994  <r2> =    0.0537  r(max) =   0.1298
     s(1S/2S) =  0.000000
     s(2S/2S) =  1.000000  <r> =   1.0368  <r2> =    1.2786  r(max) =   0.8357
     s(2P/2P) =  1.000000  <r> =   1.0147  <r2> =    1.2864  r(max) =   0.7468
     s(3D/3D) =  0.000000  <r> =   0.0000  <r2> =    0.0000  r(max) =  99.0434

     -------------------- End of All-electron run ----------------------

     Core only energy     -0.37315442

     -------------- Testing the pseudopotential ------------------------

     O                                                                          

     atomic number is  8.00   valence charge is  6.00
     dft = SLA  PW   PBX  PBC   lsd =0 sic =0 latt =0  beta=0.50 tr2=1.0E-14
     mesh =1095 r(mesh) =  99.04343 xmin = -7.00 dx = 0.01250

     n l     nl             e AE (Ryd)       e PS (Ryd)   De AE-PS (Ryd) 
     1 0     2S   1( 0.00)       -4.24795       -4.25499        0.00704
     2 1     2P   1( 4.00)       -3.13442       -3.13992        0.00550

     eps = 1.2E-15  iter =  7
 
     Etot =    -143.994644 Ry,     -71.997322 Ha,   -1959.162325 eV
     Etotps =   -25.647511 Ry,     -12.823755 Ha,    -348.954899 eV
     dEtot_ae =       5.896353 Ry
     dEtot_ps =       5.900911 Ry,   Delta E=      -0.004558

     Ekin =      10.999356 Ry,       5.499678 Ha,     149.655032 eV
     Encl =     -54.286598 Ry,     -27.143299 Ha,    -738.612599 eV
     Ehrt =      14.322748 Ry,       7.161374 Ha,     194.872445 eV
     Ecxc =      -4.725025 Ry,      -2.362513 Ha,     -64.287748 eV
     Evxt =       0.000000 Ry,       0.000000 Ha,       0.000000 eV
     Epseu=       8.042009 Ry,       4.021005 Ha,     109.417971 eV

     -------------- End of pseudopotential test ------------------------

