
     program ld1 starts. version 11-Feb-05
     today is 21Dec2005 at 16:47:41 

     -------------------- All-electron run ------------------------------

     O                                                                          

     atomic number is  8.00
     dft = SLA  PW   PBX  PBC   lsd =0 sic =0 latt =0  beta=0.50 tr2=1.0E-14
     mesh =1095 r(mesh) =  99.04343 xmin = -7.00 dx = 0.01250

     n l     nl                  e(Ryd)         e(Ha)          e(eV)
     1 0     1S 1( 2.00)       -37.7973       -18.8987      -514.2628
     2 0     2S 1( 2.00)        -1.7577        -0.8788       -23.9149
     2 1     2P 1( 4.00)        -0.6643        -0.3321        -9.0378
     3 2     3D 1(-1.00)         0.0000         0.0000         0.0000

     eps = 2.0E-15  iter = 15
 
     Etot =    -149.890997 Ry,     -74.945498 Ha,   -2039.386925 eV

     Ekin =     149.468653 Ry,      74.734327 Ha,    2033.640599 eV
     Encl =    -355.645040 Ry,    -177.822520 Ha,   -4838.835280 eV
     Eh   =      72.821009 Ry,      36.410504 Ha,     990.788080 eV
     Exc  =     -16.535619 Ry,      -8.267809 Ha,    -224.980324 eV
     Evxt =       0.000000 Ry,       0.000000 Ha,       0.000000 eV
     Epseu=       0.000000 Ry,       0.000000 Ha,       0.000000 eV


     normalization and overlap integrals

     s(1S/1S) =  1.000000  <r> =   0.1997  <r2> =    0.0539  r(max) =   0.1298
     s(1S/2S) =  0.000000
     s(2S/2S) =  1.000000  <r> =   1.1407  <r2> =    1.5839  r(max) =   0.8677
     s(2P/2P) =  1.000000  <r> =   1.2656  <r2> =    2.1371  r(max) =   0.8151
     s(3D/3D) =  0.000000  <r> =   0.0000  <r2> =    0.0000  r(max) =  99.0434

     -------------------- End of All-electron run ----------------------

     Core only energy     -0.37315442

     -------------- Testing the pseudopotential ------------------------

     O                                                                          

     atomic number is  8.00   valence charge is  6.00
     dft = SLA  PW   PBX  PBC   lsd =0 sic =0 latt =0  beta=0.50 tr2=1.0E-14
     mesh =1095 r(mesh) =  99.04343 xmin = -7.00 dx = 0.01250

     n l     nl             e AE (Ryd)       e PS (Ryd)   De AE-PS (Ryd) 
     1 0     2S   1( 2.00)       -1.75770       -1.75783        0.00013
     2 1     2P   1( 4.00)       -0.66426       -0.66423       -0.00003

     eps = 8.9E-15  iter =  5
 
     Etot =    -149.890997 Ry,     -74.945498 Ha,   -2039.386925 eV
     Etotps =   -31.548306 Ry,     -15.774153 Ha,    -429.239941 eV
     dEtot_ae =       0.000000 Ry
     dEtot_ps =       0.000000 Ry,   Delta E=       0.000000

     Ekin =      11.635655 Ry,       5.817827 Ha,     158.312389 eV
     Encl =     -72.065724 Ry,     -36.032862 Ha,    -980.511825 eV
     Ehrt =      27.211543 Ry,      13.605772 Ha,     370.234817 eV
     Ecxc =      -6.693576 Ry,      -3.346788 Ha,     -91.071452 eV
     Evxt =       0.000000 Ry,       0.000000 Ha,       0.000000 eV
     Epseu=       8.363796 Ry,       4.181898 Ha,     113.796131 eV

     -------------- End of pseudopotential test ------------------------

     -------------------- All-electron run ------------------------------

     O                                                                          

     atomic number is  8.00
     dft = SLA  PW   PBX  PBC   lsd =0 sic =0 latt =0  beta=0.50 tr2=1.0E-14
     mesh =1095 r(mesh) =  99.04343 xmin = -7.00 dx = 0.01250

     n l     nl                  e(Ryd)         e(Ha)          e(eV)
     1 0     1S 1( 2.00)       -40.1656       -20.0828      -546.4850
     2 0     2S 1( 0.40)        -3.7009        -1.8505       -50.3540
     2 1     2P 1( 4.00)        -2.5833        -1.2917       -35.1483
     3 2     3D 1(-1.00)         0.0000         0.0000         0.0000

     eps = 3.7E-15  iter = 16
 
     Etot =    -145.583760 Ry,     -72.791880 Ha,   -1980.783521 eV

     Ekin =     145.257311 Ry,      72.628655 Ha,    1976.341917 eV
     Encl =    -333.615423 Ry,    -166.807711 Ha,   -4539.104719 eV
     Eh   =      57.628286 Ry,      28.814143 Ha,     784.078933 eV
     Exc  =     -14.853934 Ry,      -7.426967 Ha,    -202.099653 eV
     Evxt =       0.000000 Ry,       0.000000 Ha,       0.000000 eV
     Epseu=       0.000000 Ry,       0.000000 Ha,       0.000000 eV


     normalization and overlap integrals

     s(1S/1S) =  1.000000  <r> =   0.1995  <r2> =    0.0538  r(max) =   0.1298
     s(1S/2S) =  0.000000
     s(2S/2S) =  1.000000  <r> =   1.0563  <r2> =    1.3317  r(max) =   0.8462
     s(2P/2P) =  1.000000  <r> =   1.0501  <r2> =    1.3879  r(max) =   0.7657
     s(3D/3D) =  0.000000  <r> =   0.0000  <r2> =    0.0000  r(max) =  99.0434

     -------------------- End of All-electron run ----------------------

     Core only energy     -0.37315442

     -------------- Testing the pseudopotential ------------------------

     O                                                                          

     atomic number is  8.00   valence charge is  6.00
     dft = SLA  PW   PBX  PBC   lsd =0 sic =0 latt =0  beta=0.50 tr2=1.0E-14
     mesh =1095 r(mesh) =  99.04343 xmin = -7.00 dx = 0.01250

     n l     nl             e AE (Ryd)       e PS (Ryd)   De AE-PS (Ryd) 
     1 0     2S   1( 0.40)       -3.70093       -3.70552        0.00460
     2 1     2P   1( 4.00)       -2.58333       -2.58714        0.00381

     eps = 2.1E-16  iter =  7
 
     Etot =    -145.583760 Ry,     -72.791880 Ha,   -1980.783521 eV
     Etotps =   -27.238574 Ry,     -13.619287 Ha,    -370.602597 eV
     dEtot_ae =       4.307237 Ry
     dEtot_ps =       4.309731 Ry,   Delta E=      -0.002495

     Ekin =      10.556670 Ry,       5.278335 Ha,     143.631942 eV
     Encl =     -58.308361 Ry,     -29.154181 Ha,    -793.331900 eV
     Ehrt =      16.773944 Ry,       8.386972 Ha,     228.222921 eV
     Ecxc =      -5.156984 Ry,      -2.578492 Ha,     -70.164894 eV
     Evxt =       0.000000 Ry,       0.000000 Ha,       0.000000 eV
     Epseu=       8.896157 Ry,       4.448079 Ha,     121.039334 eV

     -------------- End of pseudopotential test ------------------------

