
     program ld1 starts. version 11-Feb-05
     today is  4Jul2007 at 22: 9: 3 

     -------------------- All-electron run ------------------------------

     O                                                                          

     atomic number is  8.00
     dft = SLA  PW   PBX  PBC   lsd =0 sic =0 latt =0  beta=0.50 tr2=1.0E-14
     mesh =1095 r(mesh) =  99.04343 xmin = -7.00 dx = 0.01250

     n l     nl                  e(Ryd)         e(Ha)          e(eV)
     1 0     1S 1( 2.00)       -37.7973       -18.8987      -514.2628
     2 0     2S 1( 2.00)        -1.7577        -0.8788       -23.9149
     2 1     2P 1( 4.00)        -0.6643        -0.3321        -9.0378
     3 2     3D 1(-1.00)         0.0000         0.0000         0.0000

     eps = 3.8E-15  iter = 14
 
     Etot =    -149.890997 Ry,     -74.945498 Ha,   -2039.386923 eV

     Ekin =     149.468653 Ry,      74.734327 Ha,    2033.640601 eV
     Encl =    -355.645040 Ry,    -177.822520 Ha,   -4838.835280 eV
     Eh   =      72.821009 Ry,      36.410504 Ha,     990.788079 eV
     Exc  =     -16.535619 Ry,      -8.267809 Ha,    -224.980324 eV
     Evxt =       0.000000 Ry,       0.000000 Ha,       0.000000 eV
     Epseu=       0.000000 Ry,       0.000000 Ha,       0.000000 eV


     normalization and overlap integrals

     s(1S/1S) =  1.000000  <r> =   0.1997  <r2> =    0.0539  r(max) =   0.1298
     s(1S/2S) =  0.000000
     s(2S/2S) =  1.000000  <r> =   1.1407  <r2> =    1.5839  r(max) =   0.8677
     s(2P/2P) =  1.000000  <r> =   1.2656  <r2> =    2.1371  r(max) =   0.8151
     s(3D/3D) =  0.000000  <r> =   0.0000  <r2> =    0.0000  r(max) =  99.0434

     -------------------- End of All-electron run ----------------------

     Core only energy     -0.37315442

     -------------- Testing the pseudopotential ------------------------

     O                                                                          

     atomic number is  8.00   valence charge is  6.00
     dft = SLA  PW   PBX  PBC   lsd =0 sic =0 latt =0  beta=0.50 tr2=1.0E-14
     mesh =1095 r(mesh) =  99.04343 xmin = -7.00 dx = 0.01250

     n l     nl             e AE (Ryd)       e PS (Ryd)   De AE-PS (Ryd) 
     1 0     2S   1( 2.00)       -1.75770       -1.75783        0.00013
     2 1     2P   1( 4.00)       -0.66426       -0.66423       -0.00003

     eps = 8.9E-15  iter =  5
 
     Etot =    -149.890997 Ry,     -74.945498 Ha,   -2039.386923 eV
     Etotps =   -31.921460 Ry,     -15.960730 Ha,    -434.317005 eV
     dEtot_ae =       0.000000 Ry
     dEtot_ps =       0.000000 Ry,   Delta E=       0.000000

     Ekin =      11.635655 Ry,       5.817827 Ha,     158.312389 eV
     Encl =     -72.065724 Ry,     -36.032862 Ha,    -980.511824 eV
     Ehrt =      27.211543 Ry,      13.605772 Ha,     370.234816 eV
     Ecxc =      -7.066730 Ry,      -3.533365 Ha,     -96.148517 eV
     Evxt =       0.000000 Ry,       0.000000 Ha,       0.000000 eV
     Epseu=       8.363796 Ry,       4.181898 Ha,     113.796131 eV

     -------------- End of pseudopotential test ------------------------

     -------------------- All-electron run ------------------------------

     O                                                                          

     atomic number is  8.00
     dft = SLA  PW   PBX  PBC   lsd =0 sic =0 latt =0  beta=0.50 tr2=1.0E-14
     mesh =1095 r(mesh) =  99.04343 xmin = -7.00 dx = 0.01250

     n l     nl                  e(Ryd)         e(Ha)          e(eV)
     1 0     1S 1( 2.00)       -38.8879       -19.4439      -529.1007
     2 0     2S 1( 1.20)        -2.6736        -1.3368       -36.3760
     2 1     2P 1( 4.00)        -1.5601        -0.7800       -21.2263
     3 2     3D 1(-1.00)         0.0000         0.0000         0.0000

     eps = 5.4E-15  iter = 17
 
     Etot =    -148.127170 Ry,     -74.063585 Ha,   -2015.388656 eV

     Ekin =     147.750735 Ry,      73.875367 Ha,    2010.266948 eV
     Encl =    -345.493644 Ry,    -172.746822 Ha,   -4700.717419 eV
     Eh   =      65.362125 Ry,      32.681063 Ha,     889.304002 eV
     Exc  =     -15.746387 Ry,      -7.873193 Ha,    -214.242187 eV
     Evxt =       0.000000 Ry,       0.000000 Ha,       0.000000 eV
     Epseu=       0.000000 Ry,       0.000000 Ha,       0.000000 eV


     normalization and overlap integrals

     s(1S/1S) =  1.000000  <r> =   0.1996  <r2> =    0.0538  r(max) =   0.1298
     s(1S/2S) =  0.000000
     s(2S/2S) =  1.000000  <r> =   1.0976  <r2> =    1.4504  r(max) =   0.8569
     s(2P/2P) =  1.000000  <r> =   1.1374  <r2> =    1.6623  r(max) =   0.7950
     s(3D/3D) =  0.000000  <r> =   0.0000  <r2> =    0.0000  r(max) =  99.0434

     -------------------- End of All-electron run ----------------------

     Core only energy     -0.37315442

     -------------- Testing the pseudopotential ------------------------

     O                                                                          

     atomic number is  8.00   valence charge is  6.00
     dft = SLA  PW   PBX  PBC   lsd =0 sic =0 latt =0  beta=0.50 tr2=1.0E-14
     mesh =1095 r(mesh) =  99.04343 xmin = -7.00 dx = 0.01250

     n l     nl             e AE (Ryd)       e PS (Ryd)   De AE-PS (Ryd) 
     1 0     2S   1( 1.20)       -2.67357       -2.67469        0.00113
     2 1     2P   1( 4.00)       -1.56009       -1.56115        0.00106

     eps = 5.6E-16  iter =  8
 
     Etot =    -148.127170 Ry,     -74.063585 Ha,   -2015.388656 eV
     Etotps =   -30.157245 Ry,     -15.078622 Ha,    -410.313443 eV
     dEtot_ae =       1.763826 Ry
     dEtot_ps =       1.764215 Ry,   Delta E=      -0.000389

     Ekin =      11.308041 Ry,       5.654020 Ha,     153.854940 eV
     Encl =     -65.707072 Ry,     -32.853536 Ha,    -893.997282 eV
     Ehrt =      21.945027 Ry,      10.972514 Ha,     298.579650 eV
     Ecxc =      -6.347533 Ry,      -3.173767 Ha,     -86.363266 eV
     Evxt =       0.000000 Ry,       0.000000 Ha,       0.000000 eV
     Epseu=       8.644293 Ry,       4.322146 Ha,     117.612516 eV

     -------------- End of pseudopotential test ------------------------

