
     program ld1 starts. version 11-Feb-05
     today is 22Dec2005 at 19:17:52 

     -------------------- All-electron run ------------------------------

     O                                                                          

     atomic number is  8.00
     dft = SLA  PW   PBX  PBC   lsd =0 sic =0 latt =0  beta=0.50 tr2=1.0E-14
     mesh =1095 r(mesh) =  99.04343 xmin = -7.00 dx = 0.01250

     n l     nl                  e(Ryd)         e(Ha)          e(eV)
     1 0     1S 1( 2.00)       -37.7973       -18.8987      -514.2628
     2 0     2S 1( 2.00)        -1.7577        -0.8788       -23.9149
     2 1     2P 1( 4.00)        -0.6643        -0.3321        -9.0378
     3 2     3D 1(-1.00)         0.0000         0.0000         0.0000

     eps = 2.0E-15  iter = 15
 
     Etot =    -149.890997 Ry,     -74.945498 Ha,   -2039.386925 eV

     Ekin =     149.468653 Ry,      74.734327 Ha,    2033.640599 eV
     Encl =    -355.645040 Ry,    -177.822520 Ha,   -4838.835280 eV
     Eh   =      72.821009 Ry,      36.410504 Ha,     990.788080 eV
     Exc  =     -16.535619 Ry,      -8.267809 Ha,    -224.980324 eV
     Evxt =       0.000000 Ry,       0.000000 Ha,       0.000000 eV
     Epseu=       0.000000 Ry,       0.000000 Ha,       0.000000 eV


     normalization and overlap integrals

     s(1S/1S) =  1.000000  <r> =   0.1997  <r2> =    0.0539  r(max) =   0.1298
     s(1S/2S) =  0.000000
     s(2S/2S) =  1.000000  <r> =   1.1407  <r2> =    1.5839  r(max) =   0.8677
     s(2P/2P) =  1.000000  <r> =   1.2656  <r2> =    2.1371  r(max) =   0.8151
     s(3D/3D) =  0.000000  <r> =   0.0000  <r2> =    0.0000  r(max) =  99.0434

     -------------------- End of All-electron run ----------------------

     Core only energy     -0.37315442

     -------------- Testing the pseudopotential ------------------------

     O                                                                          

     atomic number is  8.00   valence charge is  6.00
     dft = SLA  PW   PBX  PBC   lsd =0 sic =0 latt =0  beta=0.50 tr2=1.0E-14
     mesh =1095 r(mesh) =  99.04343 xmin = -7.00 dx = 0.01250

     n l     nl             e AE (Ryd)       e PS (Ryd)   De AE-PS (Ryd) 
     1 0     2S   1( 2.00)       -1.75770       -1.75786        0.00016
     2 1     2P   1( 4.00)       -0.66426       -0.66424       -0.00002

     eps = 2.1E-18  iter =  6
 
     Etot =    -149.890997 Ry,     -74.945498 Ha,   -2039.386925 eV
     Etotps =   -31.548422 Ry,     -15.774211 Ha,    -429.241519 eV
     dEtot_ae =       0.000000 Ry
     dEtot_ps =       0.000000 Ry,   Delta E=       0.000000

     Ekin =      12.986649 Ry,       6.493325 Ha,     176.693752 eV
     Encl =     -72.065706 Ry,     -36.032853 Ha,    -980.511588 eV
     Ehrt =      27.211569 Ry,      13.605785 Ha,     370.235167 eV
     Ecxc =      -6.693578 Ry,      -3.346789 Ha,     -91.071488 eV
     Evxt =       0.000000 Ry,       0.000000 Ha,       0.000000 eV
     Epseu=       7.012645 Ry,       3.506322 Ha,      95.412639 eV

     -------------- End of pseudopotential test ------------------------

     -------------------- All-electron run ------------------------------

     O                                                                          

     atomic number is  8.00
     dft = SLA  PW   PBX  PBC   lsd =0 sic =0 latt =0  beta=0.50 tr2=1.0E-14
     mesh =1095 r(mesh) =  99.04343 xmin = -7.00 dx = 0.01250

     n l     nl                  e(Ryd)         e(Ha)          e(eV)
     1 0     1S 1( 2.00)       -39.1911       -19.5955      -533.2261
     2 0     2S 1( 1.00)        -2.9212        -1.4606       -39.7454
     2 1     2P 1( 4.00)        -1.8052        -0.9026       -24.5611
     3 2     3D 1(-1.00)         0.0000         0.0000         0.0000

     eps = 7.2E-15  iter = 17
 
     Etot =    -147.567798 Ry,     -73.783899 Ha,   -2007.777940 eV

     Ekin =     147.203572 Ry,      73.601786 Ha,    2002.822355 eV
     Encl =    -342.678154 Ry,    -171.339077 Ha,   -4662.410430 eV
     Eh   =      63.437998 Ry,      31.718999 Ha,     863.124716 eV
     Exc  =     -15.531213 Ry,      -7.765607 Ha,    -211.314581 eV
     Evxt =       0.000000 Ry,       0.000000 Ha,       0.000000 eV
     Epseu=       0.000000 Ry,       0.000000 Ha,       0.000000 eV


     normalization and overlap integrals

     s(1S/1S) =  1.000000  <r> =   0.1996  <r2> =    0.0538  r(max) =   0.1298
     s(1S/2S) =  0.000000
     s(2S/2S) =  1.000000  <r> =   1.0870  <r2> =    1.4192  r(max) =   0.8569
     s(2P/2P) =  1.000000  <r> =   1.1129  <r2> =    1.5817  r(max) =   0.7851
     s(3D/3D) =  0.000000  <r> =   0.0000  <r2> =    0.0000  r(max) =  99.0434

     -------------------- End of All-electron run ----------------------

     Core only energy     -0.37315442

     -------------- Testing the pseudopotential ------------------------

     O                                                                          

     atomic number is  8.00   valence charge is  6.00
     dft = SLA  PW   PBX  PBC   lsd =0 sic =0 latt =0  beta=0.50 tr2=1.0E-14
     mesh =1095 r(mesh) =  99.04343 xmin = -7.00 dx = 0.01250

     n l     nl             e AE (Ryd)       e PS (Ryd)   De AE-PS (Ryd) 
     1 0     2S   1( 1.00)       -2.92121       -2.92279        0.00158
     2 1     2P   1( 4.00)       -1.80519       -1.80662        0.00143

     eps = 6.0E-16  iter =  8
 
     Etot =    -147.567798 Ry,     -73.783899 Ha,   -2007.777940 eV
     Etotps =   -29.224558 Ry,     -14.612279 Ha,    -397.623485 eV
     dEtot_ae =       2.323199 Ry
     dEtot_ps =       2.323864 Ry,   Delta E=      -0.000665

     Ekin =      12.329126 Ry,       6.164563 Ha,     167.747627 eV
     Encl =     -63.950534 Ry,     -31.975267 Ha,    -870.098169 eV
     Ehrt =      20.630236 Ry,      10.315118 Ha,     280.690866 eV
     Ecxc =      -5.777747 Ry,      -2.888874 Ha,     -78.610876 eV
     Evxt =       0.000000 Ry,       0.000000 Ha,       0.000000 eV
     Epseu=       7.544361 Ry,       3.772180 Ha,     102.647066 eV

     -------------- End of pseudopotential test ------------------------

