
     program ld1 starts. version 11-Feb-05
     today is 22Dec2005 at 19:17:31 

     -------------------- All-electron run ------------------------------

     O                                                                          

     atomic number is  8.00
     dft = SLA  PW   PBX  PBC   lsd =0 sic =0 latt =0  beta=0.50 tr2=1.0E-14
     mesh =1095 r(mesh) =  99.04343 xmin = -7.00 dx = 0.01250

     n l     nl                  e(Ryd)         e(Ha)          e(eV)
     1 0     1S 1( 2.00)       -37.7973       -18.8987      -514.2628
     2 0     2S 1( 2.00)        -1.7577        -0.8788       -23.9149
     2 1     2P 1( 4.00)        -0.6643        -0.3321        -9.0378
     3 2     3D 1(-1.00)         0.0000         0.0000         0.0000

     eps = 2.0E-15  iter = 15
 
     Etot =    -149.890997 Ry,     -74.945498 Ha,   -2039.386925 eV

     Ekin =     149.468653 Ry,      74.734327 Ha,    2033.640599 eV
     Encl =    -355.645040 Ry,    -177.822520 Ha,   -4838.835280 eV
     Eh   =      72.821009 Ry,      36.410504 Ha,     990.788080 eV
     Exc  =     -16.535619 Ry,      -8.267809 Ha,    -224.980324 eV
     Evxt =       0.000000 Ry,       0.000000 Ha,       0.000000 eV
     Epseu=       0.000000 Ry,       0.000000 Ha,       0.000000 eV


     normalization and overlap integrals

     s(1S/1S) =  1.000000  <r> =   0.1997  <r2> =    0.0539  r(max) =   0.1298
     s(1S/2S) =  0.000000
     s(2S/2S) =  1.000000  <r> =   1.1407  <r2> =    1.5839  r(max) =   0.8677
     s(2P/2P) =  1.000000  <r> =   1.2656  <r2> =    2.1371  r(max) =   0.8151
     s(3D/3D) =  0.000000  <r> =   0.0000  <r2> =    0.0000  r(max) =  99.0434

     -------------------- End of All-electron run ----------------------

     Core only energy     -0.37315442

     -------------- Testing the pseudopotential ------------------------

     O                                                                          

     atomic number is  8.00   valence charge is  6.00
     dft = SLA  PW   PBX  PBC   lsd =0 sic =0 latt =0  beta=0.50 tr2=1.0E-14
     mesh =1095 r(mesh) =  99.04343 xmin = -7.00 dx = 0.01250

     n l     nl             e AE (Ryd)       e PS (Ryd)   De AE-PS (Ryd) 
     1 0     2S   1( 2.00)       -1.75770       -1.75786        0.00016
     2 1     2P   1( 4.00)       -0.66426       -0.66424       -0.00002

     eps = 2.1E-18  iter =  6
 
     Etot =    -149.890997 Ry,     -74.945498 Ha,   -2039.386925 eV
     Etotps =   -31.548422 Ry,     -15.774211 Ha,    -429.241519 eV
     dEtot_ae =       0.000000 Ry
     dEtot_ps =       0.000000 Ry,   Delta E=       0.000000

     Ekin =      12.986649 Ry,       6.493325 Ha,     176.693752 eV
     Encl =     -72.065706 Ry,     -36.032853 Ha,    -980.511588 eV
     Ehrt =      27.211569 Ry,      13.605785 Ha,     370.235167 eV
     Ecxc =      -6.693578 Ry,      -3.346789 Ha,     -91.071488 eV
     Evxt =       0.000000 Ry,       0.000000 Ha,       0.000000 eV
     Epseu=       7.012645 Ry,       3.506322 Ha,      95.412639 eV

     -------------- End of pseudopotential test ------------------------

     -------------------- All-electron run ------------------------------

     O                                                                          

     atomic number is  8.00
     dft = SLA  PW   PBX  PBC   lsd =0 sic =0 latt =0  beta=0.50 tr2=1.0E-14
     mesh =1095 r(mesh) =  99.04343 xmin = -7.00 dx = 0.01250

     n l     nl                  e(Ryd)         e(Ha)          e(eV)
     1 0     1S 1( 2.00)       -38.5962       -19.2981      -525.1323
     2 0     2S 1( 1.40)        -2.4328        -1.2164       -33.0997
     2 1     2P 1( 4.00)        -1.3228        -0.6614       -17.9981
     3 2     3D 1(-1.00)         0.0000         0.0000         0.0000

     eps = 2.4E-15  iter = 17
 
     Etot =    -148.637690 Ry,     -74.318845 Ha,   -2022.334687 eV

     Ekin =     148.249290 Ry,      74.124645 Ha,    2017.050189 eV
     Encl =    -348.202214 Ry,    -174.101107 Ha,   -4737.569688 eV
     Eh   =      67.270459 Ry,      33.635229 Ha,     915.268405 eV
     Exc  =     -15.955224 Ry,      -7.977612 Ha,    -217.083593 eV
     Evxt =       0.000000 Ry,       0.000000 Ha,       0.000000 eV
     Epseu=       0.000000 Ry,       0.000000 Ha,       0.000000 eV


     normalization and overlap integrals

     s(1S/1S) =  1.000000  <r> =   0.1996  <r2> =    0.0539  r(max) =   0.1298
     s(1S/2S) =  0.000000
     s(2S/2S) =  1.000000  <r> =   1.1083  <r2> =    1.4827  r(max) =   0.8677
     s(2P/2P) =  1.000000  <r> =   1.1642  <r2> =    1.7541  r(max) =   0.7950
     s(3D/3D) =  0.000000  <r> =   0.0000  <r2> =    0.0000  r(max) =  99.0434

     -------------------- End of All-electron run ----------------------

     Core only energy     -0.37315442

     -------------- Testing the pseudopotential ------------------------

     O                                                                          

     atomic number is  8.00   valence charge is  6.00
     dft = SLA  PW   PBX  PBC   lsd =0 sic =0 latt =0  beta=0.50 tr2=1.0E-14
     mesh =1095 r(mesh) =  99.04343 xmin = -7.00 dx = 0.01250

     n l     nl             e AE (Ryd)       e PS (Ryd)   De AE-PS (Ryd) 
     1 0     2S   1( 1.40)       -2.43276       -2.43344        0.00068
     2 1     2P   1( 4.00)       -1.32283       -1.32346        0.00064

     eps = 4.7E-15  iter =  6
 
     Etot =    -148.637690 Ry,     -74.318845 Ha,   -2022.334687 eV
     Etotps =   -30.294898 Ry,     -15.147449 Ha,    -412.186320 eV
     dEtot_ae =       1.253307 Ry
     dEtot_ps =       1.253524 Ry,   Delta E=      -0.000218

     Ekin =      12.671010 Ry,       6.335505 Ha,     172.399230 eV
     Encl =     -67.405151 Ry,     -33.702576 Ha,    -917.101004 eV
     Ehrt =      23.267794 Ry,      11.633897 Ha,     316.576945 eV
     Ecxc =      -6.165351 Ry,      -3.082675 Ha,     -83.884528 eV
     Evxt =       0.000000 Ry,       0.000000 Ha,       0.000000 eV
     Epseu=       7.336800 Ry,       3.668400 Ha,      99.823037 eV

     -------------- End of pseudopotential test ------------------------

