
     program ld1 starts. version 11-Feb-05
     today is 22Dec2005 at 19:16:35 

     -------------------- All-electron run ------------------------------

     O                                                                          

     atomic number is  8.00
     dft =PBE   lsd =0 sic =0 latt =0  beta=0.50 tr2=1.0E-14
     mesh =1095 r(mesh) =  99.04343 xmin = -7.00 dx = 0.01250

     n l     nl                  e(Ryd)         e(Ha)          e(eV)
     1 0     1S 1( 2.00)       -37.7973       -18.8987      -514.2628
     2 0     2S 1( 2.00)        -1.7577        -0.8788       -23.9149
     2 1     2P 1( 4.00)        -0.6643        -0.3321        -9.0378
     3 2     3D 1(-1.00)         0.0000         0.0000         0.0000

     eps = 5.7E-15  iter = 14
 
     Etot =    -149.890997 Ry,     -74.945498 Ha,   -2039.386923 eV

     Ekin =     149.468653 Ry,      74.734326 Ha,    2033.640596 eV
     Encl =    -355.645039 Ry,    -177.822520 Ha,   -4838.835274 eV
     Eh   =      72.821009 Ry,      36.410504 Ha,     990.788079 eV
     Exc  =     -16.535619 Ry,      -8.267809 Ha,    -224.980324 eV
     Evxt =       0.000000 Ry,       0.000000 Ha,       0.000000 eV
     Epseu=       0.000000 Ry,       0.000000 Ha,       0.000000 eV


     normalization and overlap integrals

     s(1S/1S) =  1.000000  <r> =   0.1997  <r2> =    0.0539  r(max) =   0.1298
     s(1S/2S) =  0.000000
     s(2S/2S) =  1.000000  <r> =   1.1407  <r2> =    1.5839  r(max) =   0.8677
     s(2P/2P) =  1.000000  <r> =   1.2656  <r2> =    2.1371  r(max) =   0.8151
     s(3D/3D) =  0.000000  <r> =   0.0000  <r2> =    0.0000  r(max) =  99.0434

     -------------------- End of All-electron run ----------------------


     --------------- Generating US pseudopotential ---------------------


      Generating local potential: lloc=2, matching radius rcloc =   1.4000

      Computing core charge for nlcc: 

       r > 0.50 : true rho core
       r < 0.50 : rho core = a sin(br)/r    a=   2.34  b=   5.42

             integrated core pseudo-charge :   0.27


      Wfc   2S  rcut= 1.200  Estimated cut-off energy=       89.87 Ry
      This function has    0 nodes for 0 < r <    1.186
      Wfc-us  2S rcutus= 1.450  Estimated cut-off energy=    23.50 Ry


      Wfc   2S  rcut= 1.200  Estimated cut-off energy=       96.76 Ry
      This function has    0 nodes for 0 < r <    1.186
      Wfc-us  2S rcutus= 1.450  Estimated cut-off energy=    34.96 Ry


      Wfc   2P  rcut= 1.200  Estimated cut-off energy=      125.00 Ry
      This function has    0 nodes for 0 < r <    1.186
      Wfc-us  2P rcutus= 1.600  Estimated cut-off energy=    30.86 Ry


      Wfc   2P  rcut= 1.200  Estimated cut-off energy=      127.71 Ry
      This function has    0 nodes for 0 < r <    1.186
      Wfc-us  2P rcutus= 1.600  Estimated cut-off energy=    36.78 Ry

      The bmat matrix before symmetrization
     2.14383    -2.17190     0.00000     0.00000
    -2.17215     2.19079     0.00000     0.00000
     0.00000     0.00000    -0.60378    -0.43213
     0.00000     0.00000    -0.43212    -0.29841

      The bmat matrix
     2.14383    -2.17202     0.00000     0.00000
    -2.17202     2.19079     0.00000     0.00000
     0.00000     0.00000    -0.60378    -0.43212
     0.00000     0.00000    -0.43212    -0.29841

      The qq matrix
    -0.14385     0.15374     0.00000     0.00000
     0.15374    -0.16501     0.00000     0.00000
     0.00000     0.00000     0.23573     0.19651
     0.00000     0.00000     0.19651     0.16384

      The ddd matrix
     0.73245    -0.64224     0.00000     0.00000
    -0.64224     0.53118     0.00000     0.00000
     0.00000     0.00000     1.38687     1.24264
     0.00000     0.00000     1.24264     1.11100

     ------------ End of pseudopotential generation --------------------

     -------------------- All-electron run ------------------------------

     O                                                                          

     atomic number is  8.00
     dft =PBE   lsd =0 sic =0 latt =0  beta=0.50 tr2=1.0E-14
     mesh =1095 r(mesh) =  99.04343 xmin = -7.00 dx = 0.01250

     n l     nl                  e(Ryd)         e(Ha)          e(eV)
     1 0     1S 1( 2.00)       -37.7973       -18.8987      -514.2628
     2 0     2S 1( 2.00)        -1.7577        -0.8788       -23.9149
     2 1     2P 1( 4.00)        -0.6643        -0.3321        -9.0378
     3 2     3D 1(-1.00)         0.0000         0.0000         0.0000

     eps = 5.7E-15  iter = 14
 
     Etot =    -149.890997 Ry,     -74.945498 Ha,   -2039.386923 eV

     Ekin =     149.468653 Ry,      74.734326 Ha,    2033.640596 eV
     Encl =    -355.645039 Ry,    -177.822520 Ha,   -4838.835274 eV
     Eh   =      72.821009 Ry,      36.410504 Ha,     990.788079 eV
     Exc  =     -16.535619 Ry,      -8.267809 Ha,    -224.980324 eV
     Evxt =       0.000000 Ry,       0.000000 Ha,       0.000000 eV
     Epseu=       0.000000 Ry,       0.000000 Ha,       0.000000 eV


     normalization and overlap integrals

     s(1S/1S) =  1.000000  <r> =   0.1997  <r2> =    0.0539  r(max) =   0.1298
     s(1S/2S) =  0.000000
     s(2S/2S) =  1.000000  <r> =   1.1407  <r2> =    1.5839  r(max) =   0.8677
     s(2P/2P) =  1.000000  <r> =   1.2656  <r2> =    2.1371  r(max) =   0.8151
     s(3D/3D) =  0.000000  <r> =   0.0000  <r2> =    0.0000  r(max) =  99.0434

     -------------------- End of All-electron run ----------------------

     Core only energy     -0.37315442

     -------------- Testing the pseudopotential ------------------------

     O                                                                          

     atomic number is  8.00   valence charge is  6.00
     dft =PBE   lsd =0 sic =0 latt =0  beta=0.50 tr2=1.0E-14
     mesh =1095 r(mesh) =  99.04343 xmin = -7.00 dx = 0.01250

     n l     nl             e AE (Ryd)       e PS (Ryd)   De AE-PS (Ryd) 
     1 0     2S   1( 2.00)       -1.75770       -1.75786        0.00016
     2 1     2P   1( 4.00)       -0.66426       -0.66424       -0.00002

     eps = 2.1E-18  iter =  6
 
     Etot =    -149.890997 Ry,     -74.945498 Ha,   -2039.386923 eV
     Etotps =   -31.548422 Ry,     -15.774211 Ha,    -429.241519 eV
     dEtot_ae =       0.000000 Ry
     dEtot_ps =       0.000000 Ry,   Delta E=       0.000000

     Ekin =      12.986649 Ry,       6.493325 Ha,     176.693752 eV
     Encl =     -72.065706 Ry,     -36.032853 Ha,    -980.511588 eV
     Ehrt =      27.211569 Ry,      13.605785 Ha,     370.235167 eV
     Ecxc =      -6.693578 Ry,      -3.346789 Ha,     -91.071488 eV
     Evxt =       0.000000 Ry,       0.000000 Ha,       0.000000 eV
     Epseu=       7.012645 Ry,       3.506322 Ha,      95.412639 eV

     -------------- End of pseudopotential test ------------------------

