
     program ld1 starts. version 11-Feb-05
     today is 21Dec2005 at 16:47:44 

     -------------------- All-electron run ------------------------------

     O                                                                          

     atomic number is  8.00
     dft =PBE   lsd =0 sic =0 latt =0  beta=0.50 tr2=1.0E-14
     mesh =1095 r(mesh) =  99.04343 xmin = -7.00 dx = 0.01250

     n l     nl                  e(Ryd)         e(Ha)          e(eV)
     1 0     1S 1( 2.00)       -37.7973       -18.8987      -514.2629
     2 0     2S 1( 2.00)        -1.7577        -0.8788       -23.9149
     2 1     2P 1( 4.00)        -0.6643        -0.3321        -9.0378
     3 2     3D 1(-1.00)         0.0000         0.0000         0.0000

     eps = 1.3E-15  iter = 20
 
     Etot =    -149.890991 Ry,     -74.945496 Ha,   -2039.386845 eV

     Ekin =     149.468706 Ry,      74.734353 Ha,    2033.641324 eV
     Encl =    -355.645089 Ry,    -177.822544 Ha,   -4838.835950 eV
     Eh   =      72.821012 Ry,      36.410506 Ha,     990.788123 eV
     Exc  =     -16.535620 Ry,      -8.267810 Ha,    -224.980343 eV
     Evxt =       0.000000 Ry,       0.000000 Ha,       0.000000 eV
     Epseu=       0.000000 Ry,       0.000000 Ha,       0.000000 eV


     normalization and overlap integrals

     s(1S/1S) =  1.000000  <r> =   0.1997  <r2> =    0.0539  r(max) =   0.1298
     s(1S/2S) =  0.000000
     s(2S/2S) =  1.000000  <r> =   1.1407  <r2> =    1.5839  r(max) =   0.8677
     s(2P/2P) =  1.000000  <r> =   1.2656  <r2> =    2.1371  r(max) =   0.8151
     s(3D/3D) =  0.000000  <r> =   0.0000  <r2> =    0.0000  r(max) =  99.0434

     -------------------- End of All-electron run ----------------------

 eh   27.1079971001443     
 exc  -7.03960714409164     
 eh   27.2110992195351     
 exc  -7.06661365700585     
 eh   27.1079971183288     
 exc  -7.03960714585511     
 eh   27.1084339759141     
 exc  -7.03972061151529     
 eh   27.2046373768047     
 exc  -7.06610843452518     
 eh   27.1015284946515     
 exc  -7.03910062592361     
 eh   27.1080934158615     
 exc  -7.03963966538051     
 eh   27.2053272699200     
 exc  -7.06610753571121     
 eh   27.1022233615645     
 exc  -7.03910072756782     
 eh   27.1081208678174     
 exc  -7.03964588869978     
 eh   27.2053418563931     
 exc  -7.06611289280039     
 eh   27.1022376030172     
 exc  -7.03910601643893     
 eh   27.1081209292629     
 exc  -7.03964568118624     
 eh   27.2053902871894     
 exc  -7.06611649857581     
 eh   27.1022860729689     
 exc  -7.03910963071166     
 eh   27.1081209006340     
 exc  -7.03964567393918     
 eh   27.2053887512396     
 exc  -7.06611635528209     
 eh   27.1022845369150     
 exc  -7.03910948726686     
 eh   27.1081208729539     
 exc  -7.03964566693015     
 eh   27.2053871736048     
 exc  -7.06611620848032     
 eh   27.1022829591516     
 exc  -7.03910934030639     
 eh   27.1081208729539     
 exc  -7.03964566693015     
 eh   27.2053871736048     
 exc  -7.06611620848032     
 eh   27.1022829591516     
 exc  -7.03910934030639     

     -------------- Testing the pseudopotential ------------------------

     O                                                                          

     atomic number is  8.00   valence charge is  6.00
     dft =PBE   lsd =0 sic =0 latt =0  beta=0.50 tr2=1.0E-14
     mesh =1095 r(mesh) =  99.04343 xmin = -7.00 dx = 0.01250

     n l     nl             e AE (Ryd)       e PS (Ryd)   De AE-PS (Ryd) 
     1 0     2S   1( 2.00)       -1.75770       -1.75781        0.00011
     2 1     2P   1( 4.00)       -0.66426       -0.66421       -0.00005

     eps = 1.3E-18  iter =  6
 
     Etot =    -149.890991 Ry,     -74.945496 Ha,   -2039.386845 eV
     Etotps =   -31.921036 Ry,     -15.960518 Ha,    -434.311225 eV
     dEtot_ae =       0.000000 Ry
     dEtot_ps =       0.000000 Ry,   Delta E=       0.000000

     Ekin =     149.468706 Ry,      74.734353 Ha,    2033.641324 eV
     Encl =    -355.645089 Ry,    -177.822544 Ha,   -4838.835950 eV
     Ehrt =      72.821012 Ry,      36.410506 Ha,     990.788123 eV
     Ecxc =     -16.535620 Ry,      -8.267810 Ha,    -224.980343 eV
     Evxt =       0.000000 Ry,       0.000000 Ha,       0.000000 eV
     Epseu=       0.000000 Ry,       0.000000 Ha,       0.000000 eV

     -------------- End of pseudopotential test ------------------------

     -------------------- All-electron run ------------------------------

     O                                                                          

     atomic number is  8.00
     dft =PBE   lsd =0 sic =0 latt =0  beta=0.50 tr2=1.0E-14
     mesh =1095 r(mesh) =  99.04343 xmin = -7.00 dx = 0.01250

     n l     nl                  e(Ryd)         e(Ha)          e(eV)
     1 0     1S 1( 2.00)       -40.5109       -20.2555      -551.1833
     2 0     2S 1( 0.20)        -3.9719        -1.9860       -54.0412
     2 1     2P 1( 4.00)        -2.8558        -1.4279       -38.8561
     3 2     3D 1(-1.00)         0.0000         0.0000         0.0000

     eps = 1.6E-15  iter = 18
 
     Etot =    -144.816550 Ry,     -72.408275 Ha,   -1970.345014 eV

     Ekin =     144.503042 Ry,      72.251521 Ha,    1966.079482 eV
     Encl =    -330.395472 Ry,    -165.197736 Ha,   -4495.294708 eV
     Eh   =      55.695345 Ry,      27.847673 Ha,     757.779729 eV
     Exc  =     -14.619465 Ry,      -7.309733 Ha,    -198.909517 eV
     Evxt =       0.000000 Ry,       0.000000 Ha,       0.000000 eV
     Epseu=       0.000000 Ry,       0.000000 Ha,       0.000000 eV


     normalization and overlap integrals

     s(1S/1S) =  1.000000  <r> =   0.1995  <r2> =    0.0537  r(max) =   0.1298
     s(1S/2S) =  0.000000
     s(2S/2S) =  1.000000  <r> =   1.0465  <r2> =    1.3047  r(max) =   0.8357
     s(2P/2P) =  1.000000  <r> =   1.0319  <r2> =    1.3349  r(max) =   0.7562
     s(3D/3D) =  0.000000  <r> =   0.0000  <r2> =    0.0000  r(max) =  99.0434

     -------------------- End of All-electron run ----------------------

 eh   13.2829185790707     
 exc  -4.60953951863397     
 eh   13.3334386175722     
 exc  -4.62808350722695     
 eh   13.2829185879811     
 exc  -4.60953951974127     
 eh   16.2558271654021     
 exc  -5.54443964389063     
 eh   33352.5166522082     
 exc  -304.487520332245     
 eh   33352.3066079912     
 exc  -304.421832262452     
 eh   15.6383807574272     
 exc  -5.34608414984271     
 eh   9131.55669054679     
 exc  -133.079057847617     
 eh   9131.37094430767     
 exc  -133.018424518888     
 eh   15.3528109794308     
 exc  -5.25473393728737     
 eh   4449.74474369514     
 exc  -84.6804177213924     
 eh   4449.56968642575     
 exc  -84.6219984504703     
 eh   15.3625344915275     
 exc  -5.25787580825949     
 eh   4598.08545764615     
 exc  -86.4304136292338     
 eh   4597.91002172794     
 exc  -86.3719117350004     
 eh   15.3572389254931     
 exc  -5.25619380795037     
 eh   4541.85826768991     
 exc  -85.7693420478952     
 eh   4541.68302116942     
 exc  -85.7108781940259     
 eh   15.3573229507605     
 exc  -5.25622058228835     
 eh   4542.91855552832     
 exc  -85.7818331360225     
 eh   4542.74330593368     
 exc  -85.7233686369977     
 eh   15.3573255210144     
 exc  -5.25622148492165     
 eh   4543.12265325654     
 exc  -85.7842363488512     
 eh   4542.94740349932     
 exc  -85.7257717887286     
 eh   15.3573257019324     
 exc  -5.25622154051416     
 eh   4543.12384394914     
 exc  -85.7842503519331     
 eh   4542.94859418631     
 exc  -85.7257857907758     
 eh   15.3573259119347     
 exc  -5.25622160468145     
 eh   4543.12489485504     
 exc  -85.7842627059671     
 eh   4542.94964508594     
 exc  -85.7257981436991     
 eh   15.3573259119347     
 exc  -5.25622160468145     
 eh   4543.12489485504     
 exc  -85.7842627059671     
 eh   4542.94964508594     
 exc  -85.7257981436991     

     -------------- Testing the pseudopotential ------------------------

     O                                                                          

     atomic number is  8.00   valence charge is  6.00
     dft =PBE   lsd =0 sic =0 latt =0  beta=0.50 tr2=1.0E-14
     mesh =1095 r(mesh) =  99.04343 xmin = -7.00 dx = 0.01250

     n l     nl             e AE (Ryd)       e PS (Ryd)   De AE-PS (Ryd) 
     1 0     2S   1( 0.20)       -3.97192       -3.97781        0.00589
     2 1     2P   1( 4.00)       -2.85584       -2.86067        0.00483

     eps = 1.6E-16  iter =  9
 
     Etot =    -144.816550 Ry,     -72.408275 Ha,   -1970.345014 eV
     Etotps =   -26.843130 Ry,     -13.421565 Ha,    -365.222264 eV
     dEtot_ae =       5.074441 Ry
     dEtot_ps =       5.077905 Ry,   Delta E=      -0.003464

     Ekin =     144.503042 Ry,      72.251521 Ha,    1966.079482 eV
     Encl =    -330.395472 Ry,    -165.197736 Ha,   -4495.294708 eV
     Ehrt =      55.695345 Ry,      27.847673 Ha,     757.779729 eV
     Ecxc =     -14.619465 Ry,      -7.309733 Ha,    -198.909517 eV
     Evxt =       0.000000 Ry,       0.000000 Ha,       0.000000 eV
     Epseu=       0.000000 Ry,       0.000000 Ha,       0.000000 eV

     -------------- End of pseudopotential test ------------------------

