
     program ld1 starts. version 11-Feb-05
     today is 21Dec2005 at 16:47:35 

     -------------------- All-electron run ------------------------------

     O                                                                          

     atomic number is  8.00
     dft =PBE   lsd =0 sic =0 latt =0  beta=0.50 tr2=1.0E-14
     mesh =1095 r(mesh) =  99.04343 xmin = -7.00 dx = 0.01250

     n l     nl                  e(Ryd)         e(Ha)          e(eV)
     1 0     1S 1( 2.00)       -37.7973       -18.8987      -514.2629
     2 0     2S 1( 2.00)        -1.7577        -0.8788       -23.9149
     2 1     2P 1( 4.00)        -0.6643        -0.3321        -9.0378
     3 2     3D 1(-1.00)         0.0000         0.0000         0.0000

     eps = 1.3E-15  iter = 20
 
     Etot =    -149.890991 Ry,     -74.945496 Ha,   -2039.386845 eV

     Ekin =     149.468706 Ry,      74.734353 Ha,    2033.641324 eV
     Encl =    -355.645089 Ry,    -177.822544 Ha,   -4838.835950 eV
     Eh   =      72.821012 Ry,      36.410506 Ha,     990.788123 eV
     Exc  =     -16.535620 Ry,      -8.267810 Ha,    -224.980343 eV
     Evxt =       0.000000 Ry,       0.000000 Ha,       0.000000 eV
     Epseu=       0.000000 Ry,       0.000000 Ha,       0.000000 eV


     normalization and overlap integrals

     s(1S/1S) =  1.000000  <r> =   0.1997  <r2> =    0.0539  r(max) =   0.1298
     s(1S/2S) =  0.000000
     s(2S/2S) =  1.000000  <r> =   1.1407  <r2> =    1.5839  r(max) =   0.8677
     s(2P/2P) =  1.000000  <r> =   1.2656  <r2> =    2.1371  r(max) =   0.8151
     s(3D/3D) =  0.000000  <r> =   0.0000  <r2> =    0.0000  r(max) =  99.0434

     -------------------- End of All-electron run ----------------------

 eh   27.1079971001443     
 exc  -7.03960714409164     
 eh   27.2110992195351     
 exc  -7.06661365700585     
 eh   27.1079971183288     
 exc  -7.03960714585511     
 eh   27.1084339759141     
 exc  -7.03972061151529     
 eh   27.2046373768047     
 exc  -7.06610843452518     
 eh   27.1015284946515     
 exc  -7.03910062592361     
 eh   27.1080934158615     
 exc  -7.03963966538051     
 eh   27.2053272699200     
 exc  -7.06610753571121     
 eh   27.1022233615645     
 exc  -7.03910072756782     
 eh   27.1081208678174     
 exc  -7.03964588869978     
 eh   27.2053418563931     
 exc  -7.06611289280039     
 eh   27.1022376030172     
 exc  -7.03910601643893     
 eh   27.1081209292629     
 exc  -7.03964568118624     
 eh   27.2053902871894     
 exc  -7.06611649857581     
 eh   27.1022860729689     
 exc  -7.03910963071166     
 eh   27.1081209006340     
 exc  -7.03964567393918     
 eh   27.2053887512396     
 exc  -7.06611635528209     
 eh   27.1022845369150     
 exc  -7.03910948726686     
 eh   27.1081208729539     
 exc  -7.03964566693015     
 eh   27.2053871736048     
 exc  -7.06611620848032     
 eh   27.1022829591516     
 exc  -7.03910934030639     
 eh   27.1081208729539     
 exc  -7.03964566693015     
 eh   27.2053871736048     
 exc  -7.06611620848032     
 eh   27.1022829591516     
 exc  -7.03910934030639     

     -------------- Testing the pseudopotential ------------------------

     O                                                                          

     atomic number is  8.00   valence charge is  6.00
     dft =PBE   lsd =0 sic =0 latt =0  beta=0.50 tr2=1.0E-14
     mesh =1095 r(mesh) =  99.04343 xmin = -7.00 dx = 0.01250

     n l     nl             e AE (Ryd)       e PS (Ryd)   De AE-PS (Ryd) 
     1 0     2S   1( 2.00)       -1.75770       -1.75781        0.00011
     2 1     2P   1( 4.00)       -0.66426       -0.66421       -0.00005

     eps = 1.3E-18  iter =  6
 
     Etot =    -149.890991 Ry,     -74.945496 Ha,   -2039.386845 eV
     Etotps =   -31.921036 Ry,     -15.960518 Ha,    -434.311225 eV
     dEtot_ae =       0.000000 Ry
     dEtot_ps =       0.000000 Ry,   Delta E=       0.000000

     Ekin =     149.468706 Ry,      74.734353 Ha,    2033.641324 eV
     Encl =    -355.645089 Ry,    -177.822544 Ha,   -4838.835950 eV
     Ehrt =      72.821012 Ry,      36.410506 Ha,     990.788123 eV
     Ecxc =     -16.535620 Ry,      -8.267810 Ha,    -224.980343 eV
     Evxt =       0.000000 Ry,       0.000000 Ha,       0.000000 eV
     Epseu=       0.000000 Ry,       0.000000 Ha,       0.000000 eV

     -------------- End of pseudopotential test ------------------------

     -------------------- All-electron run ------------------------------

     O                                                                          

     atomic number is  8.00
     dft =PBE   lsd =0 sic =0 latt =0  beta=0.50 tr2=1.0E-14
     mesh =1095 r(mesh) =  99.04343 xmin = -7.00 dx = 0.01250

     n l     nl                  e(Ryd)         e(Ha)          e(eV)
     1 0     1S 1( 2.00)       -39.1911       -19.5955      -533.2262
     2 0     2S 1( 1.00)        -2.9212        -1.4606       -39.7454
     2 1     2P 1( 4.00)        -1.8052        -0.9026       -24.5611
     3 2     3D 1(-1.00)         0.0000         0.0000         0.0000

     eps = 7.2E-15  iter = 18
 
     Etot =    -147.567792 Ry,     -73.783896 Ha,   -2007.777862 eV

     Ekin =     147.203624 Ry,      73.601812 Ha,    2002.823066 eV
     Encl =    -342.678202 Ry,    -171.339101 Ha,   -4662.411084 eV
     Eh   =      63.438001 Ry,      31.719001 Ha,     863.124755 eV
     Exc  =     -15.531215 Ry,      -7.765607 Ha,    -211.314599 eV
     Evxt =       0.000000 Ry,       0.000000 Ha,       0.000000 eV
     Epseu=       0.000000 Ry,       0.000000 Ha,       0.000000 eV


     normalization and overlap integrals

     s(1S/1S) =  1.000000  <r> =   0.1996  <r2> =    0.0538  r(max) =   0.1298
     s(1S/2S) =  0.000000
     s(2S/2S) =  1.000000  <r> =   1.0870  <r2> =    1.4192  r(max) =   0.8569
     s(2P/2P) =  1.000000  <r> =   1.1129  <r2> =    1.5817  r(max) =   0.7851
     s(3D/3D) =  0.000000  <r> =   0.0000  <r2> =    0.0000  r(max) =  99.0434

     -------------------- End of All-electron run ----------------------

 eh   18.8249979862113     
 exc  -5.65866299839424     
 eh   18.8965966802327     
 exc  -5.68088979959407     
 eh   18.8249979988395     
 exc  -5.65866299978428     
 eh   21.5238354491188     
 exc  -6.39613469214648     
 eh   4294.04120027074     
 exc  -82.8002921137480     
 eh   4293.86780310925     
 exc  -82.7520717176692     
 eh   20.6966311777834     
 exc  -6.16645015245227     
 eh   620.798797250593     
 exc  -26.5723241626627     
 eh   620.646848712660     
 exc  -26.5282135132890     
 eh   20.4791119155041     
 exc  -6.10627636196324     
 eh   331.934911682985     
 exc  -19.0711105664222     
 eh   331.788322796831     
 exc  -19.0280356690383     
 eh   20.4875676534651     
 exc  -6.10865189482341     
 eh   344.987730106178     
 exc  -19.4504126643795     
 eh   344.840910695591     
 exc  -19.4072896458599     
 eh   20.4825427002734     
 exc  -6.10726907604555     
 eh   340.606072912761     
 exc  -19.3232646234570     
 eh   340.459371919845     
 exc  -19.2801639287731     
 eh   20.4825899423310     
 exc  -6.10728200746494     
 eh   340.663435438670     
 exc  -19.3249320159267     
 eh   340.516733289942     
 exc  -19.2818310814514     
 eh   20.4825907776438     
 exc  -6.10728216531150     
 eh   340.681283336666     
 exc  -19.3254499297181     
 eh   340.534581123941     
 exc  -19.2823489604684     
 eh   20.4825908651084     
 exc  -6.10728218835453     
 eh   340.681498327932     
 exc  -19.3254561017305     
 eh   340.534796113053     
 exc  -19.2823551319482     
 eh   20.4825909818562     
 exc  -6.10728221888179     
 eh   340.681722018513     
 exc  -19.3254625194728     
 eh   340.535019801012     
 exc  -19.2823615490810     
 eh   20.4825909818562     
 exc  -6.10728221888179     
 eh   340.681722018513     
 exc  -19.3254625194728     
 eh   340.535019801012     
 exc  -19.2823615490810     

     -------------- Testing the pseudopotential ------------------------

     O                                                                          

     atomic number is  8.00   valence charge is  6.00
     dft =PBE   lsd =0 sic =0 latt =0  beta=0.50 tr2=1.0E-14
     mesh =1095 r(mesh) =  99.04343 xmin = -7.00 dx = 0.01250

     n l     nl             e AE (Ryd)       e PS (Ryd)   De AE-PS (Ryd) 
     1 0     2S   1( 1.00)       -2.92121       -2.92287        0.00166
     2 1     2P   1( 4.00)       -1.80519       -1.80671        0.00152

     eps = 4.3E-16  iter =  9
 
     Etot =    -147.567792 Ry,     -73.783896 Ha,   -2007.777862 eV
     Etotps =   -29.597191 Ry,     -14.798596 Ha,    -402.693464 eV
     dEtot_ae =       2.323199 Ry
     dEtot_ps =       2.323844 Ry,   Delta E=      -0.000645

     Ekin =     147.203624 Ry,      73.601812 Ha,    2002.823066 eV
     Encl =    -342.678202 Ry,    -171.339101 Ha,   -4662.411084 eV
     Ehrt =      63.438001 Ry,      31.719001 Ha,     863.124755 eV
     Ecxc =     -15.531215 Ry,      -7.765607 Ha,    -211.314599 eV
     Evxt =       0.000000 Ry,       0.000000 Ha,       0.000000 eV
     Epseu=       0.000000 Ry,       0.000000 Ha,       0.000000 eV

     -------------- End of pseudopotential test ------------------------

