
     program ld1 starts. version 11-Feb-05
     today is 21Dec2005 at 16:47:33 

     -------------------- All-electron run ------------------------------

     O                                                                          

     atomic number is  8.00
     dft =PBE   lsd =0 sic =0 latt =0  beta=0.50 tr2=1.0E-14
     mesh =1095 r(mesh) =  99.04343 xmin = -7.00 dx = 0.01250

     n l     nl                  e(Ryd)         e(Ha)          e(eV)
     1 0     1S 1( 2.00)       -37.7973       -18.8987      -514.2629
     2 0     2S 1( 2.00)        -1.7577        -0.8788       -23.9149
     2 1     2P 1( 4.00)        -0.6643        -0.3321        -9.0378
     3 2     3D 1(-1.00)         0.0000         0.0000         0.0000

     eps = 1.3E-15  iter = 20
 
     Etot =    -149.890991 Ry,     -74.945496 Ha,   -2039.386845 eV

     Ekin =     149.468706 Ry,      74.734353 Ha,    2033.641324 eV
     Encl =    -355.645089 Ry,    -177.822544 Ha,   -4838.835950 eV
     Eh   =      72.821012 Ry,      36.410506 Ha,     990.788123 eV
     Exc  =     -16.535620 Ry,      -8.267810 Ha,    -224.980343 eV
     Evxt =       0.000000 Ry,       0.000000 Ha,       0.000000 eV
     Epseu=       0.000000 Ry,       0.000000 Ha,       0.000000 eV


     normalization and overlap integrals

     s(1S/1S) =  1.000000  <r> =   0.1997  <r2> =    0.0539  r(max) =   0.1298
     s(1S/2S) =  0.000000
     s(2S/2S) =  1.000000  <r> =   1.1407  <r2> =    1.5839  r(max) =   0.8677
     s(2P/2P) =  1.000000  <r> =   1.2656  <r2> =    2.1371  r(max) =   0.8151
     s(3D/3D) =  0.000000  <r> =   0.0000  <r2> =    0.0000  r(max) =  99.0434

     -------------------- End of All-electron run ----------------------

 eh   27.1079971001443     
 exc  -7.03960714409164     
 eh   27.2110992195351     
 exc  -7.06661365700585     
 eh   27.1079971183288     
 exc  -7.03960714585511     
 eh   27.1084339759141     
 exc  -7.03972061151529     
 eh   27.2046373768047     
 exc  -7.06610843452518     
 eh   27.1015284946515     
 exc  -7.03910062592361     
 eh   27.1080934158615     
 exc  -7.03963966538051     
 eh   27.2053272699200     
 exc  -7.06610753571121     
 eh   27.1022233615645     
 exc  -7.03910072756782     
 eh   27.1081208678174     
 exc  -7.03964588869978     
 eh   27.2053418563931     
 exc  -7.06611289280039     
 eh   27.1022376030172     
 exc  -7.03910601643893     
 eh   27.1081209292629     
 exc  -7.03964568118624     
 eh   27.2053902871894     
 exc  -7.06611649857581     
 eh   27.1022860729689     
 exc  -7.03910963071166     
 eh   27.1081209006340     
 exc  -7.03964567393918     
 eh   27.2053887512396     
 exc  -7.06611635528209     
 eh   27.1022845369150     
 exc  -7.03910948726686     
 eh   27.1081208729539     
 exc  -7.03964566693015     
 eh   27.2053871736048     
 exc  -7.06611620848032     
 eh   27.1022829591516     
 exc  -7.03910934030639     
 eh   27.1081208729539     
 exc  -7.03964566693015     
 eh   27.2053871736048     
 exc  -7.06611620848032     
 eh   27.1022829591516     
 exc  -7.03910934030639     

     -------------- Testing the pseudopotential ------------------------

     O                                                                          

     atomic number is  8.00   valence charge is  6.00
     dft =PBE   lsd =0 sic =0 latt =0  beta=0.50 tr2=1.0E-14
     mesh =1095 r(mesh) =  99.04343 xmin = -7.00 dx = 0.01250

     n l     nl             e AE (Ryd)       e PS (Ryd)   De AE-PS (Ryd) 
     1 0     2S   1( 2.00)       -1.75770       -1.75781        0.00011
     2 1     2P   1( 4.00)       -0.66426       -0.66421       -0.00005

     eps = 1.3E-18  iter =  6
 
     Etot =    -149.890991 Ry,     -74.945496 Ha,   -2039.386845 eV
     Etotps =   -31.921036 Ry,     -15.960518 Ha,    -434.311225 eV
     dEtot_ae =       0.000000 Ry
     dEtot_ps =       0.000000 Ry,   Delta E=       0.000000

     Ekin =     149.468706 Ry,      74.734353 Ha,    2033.641324 eV
     Encl =    -355.645089 Ry,    -177.822544 Ha,   -4838.835950 eV
     Ehrt =      72.821012 Ry,      36.410506 Ha,     990.788123 eV
     Ecxc =     -16.535620 Ry,      -8.267810 Ha,    -224.980343 eV
     Evxt =       0.000000 Ry,       0.000000 Ha,       0.000000 eV
     Epseu=       0.000000 Ry,       0.000000 Ha,       0.000000 eV

     -------------- End of pseudopotential test ------------------------

     -------------------- All-electron run ------------------------------

     O                                                                          

     atomic number is  8.00
     dft =PBE   lsd =0 sic =0 latt =0  beta=0.50 tr2=1.0E-14
     mesh =1095 r(mesh) =  99.04343 xmin = -7.00 dx = 0.01250

     n l     nl                  e(Ryd)         e(Ha)          e(eV)
     1 0     1S 1( 2.00)       -38.8879       -19.4439      -529.1007
     2 0     2S 1( 1.20)        -2.6736        -1.3368       -36.3760
     2 1     2P 1( 4.00)        -1.5601        -0.7800       -21.2263
     3 2     3D 1(-1.00)         0.0000         0.0000         0.0000

     eps = 3.7E-15  iter = 17
 
     Etot =    -148.127165 Ry,     -74.063582 Ha,   -2015.388576 eV

     Ekin =     147.750787 Ry,      73.875394 Ha,    2010.267662 eV
     Encl =    -345.493692 Ry,    -172.746846 Ha,   -4700.718074 eV
     Eh   =      65.362128 Ry,      32.681064 Ha,     889.304042 eV
     Exc  =     -15.746388 Ry,      -7.873194 Ha,    -214.242206 eV
     Evxt =       0.000000 Ry,       0.000000 Ha,       0.000000 eV
     Epseu=       0.000000 Ry,       0.000000 Ha,       0.000000 eV


     normalization and overlap integrals

     s(1S/1S) =  1.000000  <r> =   0.1996  <r2> =    0.0538  r(max) =   0.1298
     s(1S/2S) =  0.000000
     s(2S/2S) =  1.000000  <r> =   1.0976  <r2> =    1.4504  r(max) =   0.8569
     s(2P/2P) =  1.000000  <r> =   1.1374  <r2> =    1.6623  r(max) =   0.7950
     s(3D/3D) =  0.000000  <r> =   0.0000  <r2> =    0.0000  r(max) =  99.0434

     -------------------- End of All-electron run ----------------------

 eh   20.3611178218861     
 exc  -5.92894470489075     
 eh   20.4385589693397     
 exc  -5.95211083106553     
 eh   20.3611178355448     
 exc  -5.92894470635377     
 eh   22.8083588741200     
 exc  -6.57662434027776     
 eh   1931.70579596018     
 exc  -51.0542919958830     
 eh   1931.54411712489     
 exc  -51.0102185237004     
 eh   21.9755230596577     
 exc  -6.35293152081373     
 eh   239.989139089682     
 exc  -16.3657376324971     
 eh   239.846816181625     
 exc  -16.3253520503082     
 eh   21.8036414216478     
 exc  -6.30693372367076     
 eh   144.819412996782     
 exc  -12.9427148656243     
 eh   144.680891991471     
 exc  -12.9030608224752     
 eh   21.8100399479541     
 exc  -6.30867994160845     
 eh   149.580215758259     
 exc  -13.1302058566697     
 eh   149.441532842017     
 exc  -13.0905177041871     
 eh   21.8061184089597     
 exc  -6.30763626010100     
 eh   148.153491274128     
 exc  -13.0738400560695     
 eh   148.014891046344     
 exc  -13.0341673713658     
 eh   21.8061484129869     
 exc  -6.30764411943213     
 eh   148.169928361750     
 exc  -13.0744890021535     
 eh   148.031327478234     
 exc  -13.0348161770532     
 eh   21.8061496934912     
 exc  -6.30764433332090     
 eh   148.176384579138     
 exc  -13.0747426119693     
 eh   148.037783642733     
 exc  -13.0350697584043     
 eh   21.8061496804659     
 exc  -6.30764433026189     
 eh   148.176541195824     
 exc  -13.0747486780296     
 eh   148.037940258593     
 exc  -13.0350758240418     
 eh   21.8061496810195     
 exc  -6.30764433066651     
 eh   148.176695444581     
 exc  -13.0747546542200     
 eh   148.038094506317     
 exc  -13.0350817997812     
 eh   21.8061496810195     
 exc  -6.30764433066651     
 eh   148.176695444581     
 exc  -13.0747546542200     
 eh   148.038094506317     
 exc  -13.0350817997812     

     -------------- Testing the pseudopotential ------------------------

     O                                                                          

     atomic number is  8.00   valence charge is  6.00
     dft =PBE   lsd =0 sic =0 latt =0  beta=0.50 tr2=1.0E-14
     mesh =1095 r(mesh) =  99.04343 xmin = -7.00 dx = 0.01250

     n l     nl             e AE (Ryd)       e PS (Ryd)   De AE-PS (Ryd) 
     1 0     2S   1( 1.20)       -2.67357       -2.67466        0.00110
     2 1     2P   1( 4.00)       -1.56009       -1.56112        0.00103

     eps = 4.0E-16  iter =  9
 
     Etot =    -148.127165 Ry,     -74.063582 Ha,   -2015.388576 eV
     Etotps =   -30.156842 Ry,     -15.078421 Ha,    -410.307967 eV
     dEtot_ae =       1.763826 Ry
     dEtot_ps =       1.764193 Ry,   Delta E=      -0.000367

     Ekin =     147.750787 Ry,      73.875394 Ha,    2010.267662 eV
     Encl =    -345.493692 Ry,    -172.746846 Ha,   -4700.718074 eV
     Ehrt =      65.362128 Ry,      32.681064 Ha,     889.304042 eV
     Ecxc =     -15.746388 Ry,      -7.873194 Ha,    -214.242206 eV
     Evxt =       0.000000 Ry,       0.000000 Ha,       0.000000 eV
     Epseu=       0.000000 Ry,       0.000000 Ha,       0.000000 eV

     -------------- End of pseudopotential test ------------------------

