
     program ld1 starts. version 11-Feb-05
     today is 21Dec2005 at 16:47:27 

     -------------------- All-electron run ------------------------------

     O                                                                          

     atomic number is  8.00
     dft =PBE   lsd =0 sic =0 latt =0  beta=0.50 tr2=1.0E-14
     mesh =1095 r(mesh) =  99.04343 xmin = -7.00 dx = 0.01250

     n l     nl                  e(Ryd)         e(Ha)          e(eV)
     1 0     1S 1( 2.00)       -37.7973       -18.8987      -514.2629
     2 0     2S 1( 2.00)        -1.7577        -0.8788       -23.9149
     2 1     2P 1( 4.00)        -0.6643        -0.3321        -9.0378
     3 2     3D 1(-1.00)         0.0000         0.0000         0.0000

     eps = 1.3E-15  iter = 20
 
     Etot =    -149.890991 Ry,     -74.945496 Ha,   -2039.386845 eV

     Ekin =     149.468706 Ry,      74.734353 Ha,    2033.641324 eV
     Encl =    -355.645089 Ry,    -177.822544 Ha,   -4838.835950 eV
     Eh   =      72.821012 Ry,      36.410506 Ha,     990.788123 eV
     Exc  =     -16.535620 Ry,      -8.267810 Ha,    -224.980343 eV
     Evxt =       0.000000 Ry,       0.000000 Ha,       0.000000 eV
     Epseu=       0.000000 Ry,       0.000000 Ha,       0.000000 eV


     normalization and overlap integrals

     s(1S/1S) =  1.000000  <r> =   0.1997  <r2> =    0.0539  r(max) =   0.1298
     s(1S/2S) =  0.000000
     s(2S/2S) =  1.000000  <r> =   1.1407  <r2> =    1.5839  r(max) =   0.8677
     s(2P/2P) =  1.000000  <r> =   1.2656  <r2> =    2.1371  r(max) =   0.8151
     s(3D/3D) =  0.000000  <r> =   0.0000  <r2> =    0.0000  r(max) =  99.0434

     -------------------- End of All-electron run ----------------------

 eh   27.1079971001443     
 exc  -7.03960714409164     
 eh   27.2110992195351     
 exc  -7.06661365700585     
 eh   27.1079971183288     
 exc  -7.03960714585511     
 eh   27.1084339759141     
 exc  -7.03972061151529     
 eh   27.2046373768047     
 exc  -7.06610843452518     
 eh   27.1015284946515     
 exc  -7.03910062592361     
 eh   27.1080934158615     
 exc  -7.03963966538051     
 eh   27.2053272699200     
 exc  -7.06610753571121     
 eh   27.1022233615645     
 exc  -7.03910072756782     
 eh   27.1081208678174     
 exc  -7.03964588869978     
 eh   27.2053418563931     
 exc  -7.06611289280039     
 eh   27.1022376030172     
 exc  -7.03910601643893     
 eh   27.1081209292629     
 exc  -7.03964568118624     
 eh   27.2053902871894     
 exc  -7.06611649857581     
 eh   27.1022860729689     
 exc  -7.03910963071166     
 eh   27.1081209006340     
 exc  -7.03964567393918     
 eh   27.2053887512396     
 exc  -7.06611635528209     
 eh   27.1022845369150     
 exc  -7.03910948726686     
 eh   27.1081208729539     
 exc  -7.03964566693015     
 eh   27.2053871736048     
 exc  -7.06611620848032     
 eh   27.1022829591516     
 exc  -7.03910934030639     
 eh   27.1081208729539     
 exc  -7.03964566693015     
 eh   27.2053871736048     
 exc  -7.06611620848032     
 eh   27.1022829591516     
 exc  -7.03910934030639     

     -------------- Testing the pseudopotential ------------------------

     O                                                                          

     atomic number is  8.00   valence charge is  6.00
     dft =PBE   lsd =0 sic =0 latt =0  beta=0.50 tr2=1.0E-14
     mesh =1095 r(mesh) =  99.04343 xmin = -7.00 dx = 0.01250

     n l     nl             e AE (Ryd)       e PS (Ryd)   De AE-PS (Ryd) 
     1 0     2S   1( 2.00)       -1.75770       -1.75781        0.00011
     2 1     2P   1( 4.00)       -0.66426       -0.66421       -0.00005

     eps = 1.3E-18  iter =  6
 
     Etot =    -149.890991 Ry,     -74.945496 Ha,   -2039.386845 eV
     Etotps =   -31.921036 Ry,     -15.960518 Ha,    -434.311225 eV
     dEtot_ae =       0.000000 Ry
     dEtot_ps =       0.000000 Ry,   Delta E=       0.000000

     Ekin =     149.468706 Ry,      74.734353 Ha,    2033.641324 eV
     Encl =    -355.645089 Ry,    -177.822544 Ha,   -4838.835950 eV
     Ehrt =      72.821012 Ry,      36.410506 Ha,     990.788123 eV
     Ecxc =     -16.535620 Ry,      -8.267810 Ha,    -224.980343 eV
     Evxt =       0.000000 Ry,       0.000000 Ha,       0.000000 eV
     Epseu=       0.000000 Ry,       0.000000 Ha,       0.000000 eV

     -------------- End of pseudopotential test ------------------------

     -------------------- All-electron run ------------------------------

     O                                                                          

     atomic number is  8.00
     dft =PBE   lsd =0 sic =0 latt =0  beta=0.50 tr2=1.0E-14
     mesh =1095 r(mesh) =  99.04343 xmin = -7.00 dx = 0.01250

     n l     nl                  e(Ryd)         e(Ha)          e(eV)
     1 0     1S 1( 2.00)       -38.0501       -19.0250      -517.7015
     2 0     2S 1( 1.80)        -1.9740        -0.9870       -26.8582
     2 1     2P 1( 4.00)        -0.8741        -0.4371       -11.8932
     3 2     3D 1(-1.00)         0.0000         0.0000         0.0000

     eps = 4.9E-15  iter = 19
 
     Etot =    -149.517973 Ry,     -74.758987 Ha,   -2034.311643 eV

     Ekin =     149.106616 Ry,      74.553308 Ha,    2028.714791 eV
     Encl =    -353.283455 Ry,    -176.641727 Ha,   -4806.704029 eV
     Eh   =      71.009679 Ry,      35.504839 Ha,     966.143485 eV
     Exc  =     -16.350813 Ry,      -8.175406 Ha,    -222.465890 eV
     Evxt =       0.000000 Ry,       0.000000 Ha,       0.000000 eV
     Epseu=       0.000000 Ry,       0.000000 Ha,       0.000000 eV


     normalization and overlap integrals

     s(1S/1S) =  1.000000  <r> =   0.1997  <r2> =    0.0539  r(max) =   0.1298
     s(1S/2S) =  0.000000
     s(2S/2S) =  1.000000  <r> =   1.1299  <r2> =    1.5496  r(max) =   0.8677
     s(2P/2P) =  1.000000  <r> =   1.2274  <r2> =    1.9855  r(max) =   0.8151
     s(3D/3D) =  0.000000  <r> =   0.0000  <r2> =    0.0000  r(max) =  99.0434

     -------------------- End of All-electron run ----------------------

 eh   25.3309172902459     
 exc  -6.75765449847193     
 eh   25.4272604929211     
 exc  -6.78368798592317     
 eh   25.3309173072384     
 exc  -6.75765450015905     
 eh   26.2508325657209     
 exc  -6.97978652523742     
 eh   41.9999568583197     
 exc  -8.24204316356033     
 eh   41.8801256578224     
 exc  -8.21054255861101     
 eh   25.8012589519154     
 exc  -6.87011168103630     
 eh   27.0795511020216     
 exc  -6.99010555888549     
 eh   26.9670516145471     
 exc  -6.96003760202998     
 eh   25.7962246774206     
 exc  -6.86889459763770     
 eh   27.0405233141377     
 exc  -6.98581413069275     
 eh   26.9280986880060     
 exc  -6.95576019591270     
 eh   25.7961757361314     
 exc  -6.86889121244196     
 eh   27.0559853744341     
 exc  -6.98716838979078     
 eh   26.9435559970096     
 exc  -6.95711277828290     
 eh   25.7961065529676     
 exc  -6.86887411791816     
 eh   27.0552855527488     
 exc  -6.98709419596757     
 eh   26.9428572720178     
 exc  -6.95703878981130     
 eh   25.7961080320156     
 exc  -6.86887430184357     
 eh   27.0553073491809     
 exc  -6.98709585885711     
 eh   26.9428790508869     
 exc  -6.95704044378326     
 eh   25.7961089481806     
 exc  -6.86887441945183     
 eh   27.0552999794861     
 exc  -6.98709508744683     
 eh   26.9428716770872     
 exc  -6.95703966960003     
 eh   25.7961092253411     
 exc  -6.86887446253489     
 eh   27.0552770904418     
 exc  -6.98709308145419     
 eh   26.9428487933646     
 exc  -6.95703766557856     
 eh   25.7961092253411     
 exc  -6.86887446253489     
 eh   27.0552770904418     
 exc  -6.98709308145419     
 eh   26.9428487933646     
 exc  -6.95703766557856     

     -------------- Testing the pseudopotential ------------------------

     O                                                                          

     atomic number is  8.00   valence charge is  6.00
     dft =PBE   lsd =0 sic =0 latt =0  beta=0.50 tr2=1.0E-14
     mesh =1095 r(mesh) =  99.04343 xmin = -7.00 dx = 0.01250

     n l     nl             e AE (Ryd)       e PS (Ryd)   De AE-PS (Ryd) 
     1 0     2S   1( 1.80)       -1.97402       -1.97422        0.00019
     2 1     2P   1( 4.00)       -0.87413       -0.87424        0.00011

     eps = 1.8E-16  iter =  8
 
     Etot =    -149.517973 Ry,     -74.758987 Ha,   -2034.311643 eV
     Etotps =   -31.547990 Ry,     -15.773995 Ha,    -429.235644 eV
     dEtot_ae =       0.373018 Ry
     dEtot_ps =       0.373045 Ry,   Delta E=      -0.000028

     Ekin =     149.106616 Ry,      74.553308 Ha,    2028.714791 eV
     Encl =    -353.283455 Ry,    -176.641727 Ha,   -4806.704029 eV
     Ehrt =      71.009679 Ry,      35.504839 Ha,     966.143485 eV
     Ecxc =     -16.350813 Ry,      -8.175406 Ha,    -222.465890 eV
     Evxt =       0.000000 Ry,       0.000000 Ha,       0.000000 eV
     Epseu=       0.000000 Ry,       0.000000 Ha,       0.000000 eV

     -------------- End of pseudopotential test ------------------------

