
     program ld1 starts. version 11-Feb-05
     today is 21Dec2005 at 16:47:29 

     -------------------- All-electron run ------------------------------

     O                                                                          

     atomic number is  8.00
     dft =PBE   lsd =0 sic =0 latt =0  beta=0.50 tr2=1.0E-14
     mesh =1095 r(mesh) =  99.04343 xmin = -7.00 dx = 0.01250

     n l     nl                  e(Ryd)         e(Ha)          e(eV)
     1 0     1S 1( 2.00)       -37.7973       -18.8987      -514.2629
     2 0     2S 1( 2.00)        -1.7577        -0.8788       -23.9149
     2 1     2P 1( 4.00)        -0.6643        -0.3321        -9.0378
     3 2     3D 1(-1.00)         0.0000         0.0000         0.0000

     eps = 1.3E-15  iter = 20
 
     Etot =    -149.890991 Ry,     -74.945496 Ha,   -2039.386845 eV

     Ekin =     149.468706 Ry,      74.734353 Ha,    2033.641324 eV
     Encl =    -355.645089 Ry,    -177.822544 Ha,   -4838.835950 eV
     Eh   =      72.821012 Ry,      36.410506 Ha,     990.788123 eV
     Exc  =     -16.535620 Ry,      -8.267810 Ha,    -224.980343 eV
     Evxt =       0.000000 Ry,       0.000000 Ha,       0.000000 eV
     Epseu=       0.000000 Ry,       0.000000 Ha,       0.000000 eV


     normalization and overlap integrals

     s(1S/1S) =  1.000000  <r> =   0.1997  <r2> =    0.0539  r(max) =   0.1298
     s(1S/2S) =  0.000000
     s(2S/2S) =  1.000000  <r> =   1.1407  <r2> =    1.5839  r(max) =   0.8677
     s(2P/2P) =  1.000000  <r> =   1.2656  <r2> =    2.1371  r(max) =   0.8151
     s(3D/3D) =  0.000000  <r> =   0.0000  <r2> =    0.0000  r(max) =  99.0434

     -------------------- End of All-electron run ----------------------

 eh   27.1079971001443     
 exc  -7.03960714409164     
 eh   27.2110992195351     
 exc  -7.06661365700585     
 eh   27.1079971183288     
 exc  -7.03960714585511     
 eh   27.1084339759141     
 exc  -7.03972061151529     
 eh   27.2046373768047     
 exc  -7.06610843452518     
 eh   27.1015284946515     
 exc  -7.03910062592361     
 eh   27.1080934158615     
 exc  -7.03963966538051     
 eh   27.2053272699200     
 exc  -7.06610753571121     
 eh   27.1022233615645     
 exc  -7.03910072756782     
 eh   27.1081208678174     
 exc  -7.03964588869978     
 eh   27.2053418563931     
 exc  -7.06611289280039     
 eh   27.1022376030172     
 exc  -7.03910601643893     
 eh   27.1081209292629     
 exc  -7.03964568118624     
 eh   27.2053902871894     
 exc  -7.06611649857581     
 eh   27.1022860729689     
 exc  -7.03910963071166     
 eh   27.1081209006340     
 exc  -7.03964567393918     
 eh   27.2053887512396     
 exc  -7.06611635528209     
 eh   27.1022845369150     
 exc  -7.03910948726686     
 eh   27.1081208729539     
 exc  -7.03964566693015     
 eh   27.2053871736048     
 exc  -7.06611620848032     
 eh   27.1022829591516     
 exc  -7.03910934030639     
 eh   27.1081208729539     
 exc  -7.03964566693015     
 eh   27.2053871736048     
 exc  -7.06611620848032     
 eh   27.1022829591516     
 exc  -7.03910934030639     

     -------------- Testing the pseudopotential ------------------------

     O                                                                          

     atomic number is  8.00   valence charge is  6.00
     dft =PBE   lsd =0 sic =0 latt =0  beta=0.50 tr2=1.0E-14
     mesh =1095 r(mesh) =  99.04343 xmin = -7.00 dx = 0.01250

     n l     nl             e AE (Ryd)       e PS (Ryd)   De AE-PS (Ryd) 
     1 0     2S   1( 2.00)       -1.75770       -1.75781        0.00011
     2 1     2P   1( 4.00)       -0.66426       -0.66421       -0.00005

     eps = 1.3E-18  iter =  6
 
     Etot =    -149.890991 Ry,     -74.945496 Ha,   -2039.386845 eV
     Etotps =   -31.921036 Ry,     -15.960518 Ha,    -434.311225 eV
     dEtot_ae =       0.000000 Ry
     dEtot_ps =       0.000000 Ry,   Delta E=       0.000000

     Ekin =     149.468706 Ry,      74.734353 Ha,    2033.641324 eV
     Encl =    -355.645089 Ry,    -177.822544 Ha,   -4838.835950 eV
     Ehrt =      72.821012 Ry,      36.410506 Ha,     990.788123 eV
     Ecxc =     -16.535620 Ry,      -8.267810 Ha,    -224.980343 eV
     Evxt =       0.000000 Ry,       0.000000 Ha,       0.000000 eV
     Epseu=       0.000000 Ry,       0.000000 Ha,       0.000000 eV

     -------------- End of pseudopotential test ------------------------

     -------------------- All-electron run ------------------------------

     O                                                                          

     atomic number is  8.00
     dft =PBE   lsd =0 sic =0 latt =0  beta=0.50 tr2=1.0E-14
     mesh =1095 r(mesh) =  99.04343 xmin = -7.00 dx = 0.01250

     n l     nl                  e(Ryd)         e(Ha)          e(eV)
     1 0     1S 1( 2.00)       -38.3167       -19.1583      -521.3292
     2 0     2S 1( 1.60)        -2.1994        -1.0997       -29.9239
     2 1     2P 1( 4.00)        -1.0939        -0.5470       -14.8840
     3 2     3D 1(-1.00)         0.0000         0.0000         0.0000

     eps = 2.0E-15  iter = 18
 
     Etot =    -149.100773 Ry,     -74.550386 Ha,   -2028.635291 eV

     Ekin =     148.700753 Ry,      74.350376 Ha,    2023.192703 eV
     Encl =    -350.800394 Ry,    -175.400197 Ha,   -4772.919999 eV
     Eh   =      69.155859 Ry,      34.577929 Ha,     940.920785 eV
     Exc  =     -16.156990 Ry,      -8.078495 Ha,    -219.828780 eV
     Evxt =       0.000000 Ry,       0.000000 Ha,       0.000000 eV
     Epseu=       0.000000 Ry,       0.000000 Ha,       0.000000 eV


     normalization and overlap integrals

     s(1S/1S) =  1.000000  <r> =   0.1997  <r2> =    0.0539  r(max) =   0.1298
     s(1S/2S) =  0.000000
     s(2S/2S) =  1.000000  <r> =   1.1191  <r2> =    1.5158  r(max) =   0.8677
     s(2P/2P) =  1.000000  <r> =   1.1940  <r2> =    1.8603  r(max) =   0.8050
     s(3D/3D) =  0.000000  <r> =   0.0000  <r2> =    0.0000  r(max) =  99.0434

     -------------------- End of All-electron run ----------------------

 eh   23.6140774739034     
 exc  -6.47851437778915     
 eh   23.7038908756838     
 exc  -6.50358359890908     
 eh   23.6140774897442     
 exc  -6.47851437940074     
 eh   25.2069659084949     
 exc  -6.87491955922989     
 eh   182.914890899923     
 exc  -14.6802410215942     
 eh   182.779886976256     
 exc  -14.6444670552869     
 eh   24.5245221876492     
 exc  -6.70304150306124     
 eh   37.3460291467667     
 exc  -7.78267976366675     
 eh   37.2236186129286     
 exc  -7.74932689082533     
 eh   24.4691318347705     
 exc  -6.68914363073450     
 eh   34.4191812143159     
 exc  -7.55330658277196     
 eh   34.2977488511953     
 exc  -7.52014272950122     
 eh   24.4706361000933     
 exc  -6.68954254565319     
 eh   34.6589225136557     
 exc  -7.57198631350830     
 eh   34.5374512295439     
 exc  -7.53881334202359     
 eh   24.4694608759160     
 exc  -6.68924793912490     
 eh   34.6067182081574     
 exc  -7.56777294722798     
 eh   34.4852673040536     
 exc  -7.53460385821578     
 eh   24.4694646909608     
 exc  -6.68924871653139     
 eh   34.6071443495802     
 exc  -7.56780604891868     
 eh   34.4856933769896     
 exc  -7.53463693720410     
 eh   24.4694663377415     
 exc  -6.68924894475698     
 eh   34.6074179759197     
 exc  -7.56782704415625     
 eh   34.4859669770061     
 exc  -7.53465791846164     
 eh   24.4694666619604     
 exc  -6.68924901515300     
 eh   34.6073803562289     
 exc  -7.56782419372056     
 eh   34.4859293563207     
 exc  -7.53465506827560     
 eh   24.4694668083701     
 exc  -6.68924904747263     
 eh   34.6073617626242     
 exc  -7.56782278686685     
 eh   34.4859107622651     
 exc  -7.53465366156387     
 eh   24.4694668083701     
 exc  -6.68924904747263     
 eh   34.6073617626242     
 exc  -7.56782278686685     
 eh   34.4859107622651     
 exc  -7.53465366156387     

     -------------- Testing the pseudopotential ------------------------

     O                                                                          

     atomic number is  8.00   valence charge is  6.00
     dft =PBE   lsd =0 sic =0 latt =0  beta=0.50 tr2=1.0E-14
     mesh =1095 r(mesh) =  99.04343 xmin = -7.00 dx = 0.01250

     n l     nl             e AE (Ryd)       e PS (Ryd)   De AE-PS (Ryd) 
     1 0     2S   1( 1.60)       -2.19935       -2.19973        0.00038
     2 1     2P   1( 4.00)       -1.09395       -1.09429        0.00034

     eps = 1.8E-16  iter =  9
 
     Etot =    -149.100773 Ry,     -74.550386 Ha,   -2028.635291 eV
     Etotps =   -31.130733 Ry,     -15.565367 Ha,    -423.558533 eV
     dEtot_ae =       0.790218 Ry
     dEtot_ps =       0.790302 Ry,   Delta E=      -0.000084

     Ekin =     148.700753 Ry,      74.350376 Ha,    2023.192703 eV
     Encl =    -350.800394 Ry,    -175.400197 Ha,   -4772.919999 eV
     Ehrt =      69.155859 Ry,      34.577929 Ha,     940.920785 eV
     Ecxc =     -16.156990 Ry,      -8.078495 Ha,    -219.828780 eV
     Evxt =       0.000000 Ry,       0.000000 Ha,       0.000000 eV
     Epseu=       0.000000 Ry,       0.000000 Ha,       0.000000 eV

     -------------- End of pseudopotential test ------------------------

