
     program ld1 starts. version 11-Feb-05
     today is 21Dec2005 at 16:47:31 

     -------------------- All-electron run ------------------------------

     O                                                                          

     atomic number is  8.00
     dft =PBE   lsd =0 sic =0 latt =0  beta=0.50 tr2=1.0E-14
     mesh =1095 r(mesh) =  99.04343 xmin = -7.00 dx = 0.01250

     n l     nl                  e(Ryd)         e(Ha)          e(eV)
     1 0     1S 1( 2.00)       -37.7973       -18.8987      -514.2629
     2 0     2S 1( 2.00)        -1.7577        -0.8788       -23.9149
     2 1     2P 1( 4.00)        -0.6643        -0.3321        -9.0378
     3 2     3D 1(-1.00)         0.0000         0.0000         0.0000

     eps = 1.3E-15  iter = 20
 
     Etot =    -149.890991 Ry,     -74.945496 Ha,   -2039.386845 eV

     Ekin =     149.468706 Ry,      74.734353 Ha,    2033.641324 eV
     Encl =    -355.645089 Ry,    -177.822544 Ha,   -4838.835950 eV
     Eh   =      72.821012 Ry,      36.410506 Ha,     990.788123 eV
     Exc  =     -16.535620 Ry,      -8.267810 Ha,    -224.980343 eV
     Evxt =       0.000000 Ry,       0.000000 Ha,       0.000000 eV
     Epseu=       0.000000 Ry,       0.000000 Ha,       0.000000 eV


     normalization and overlap integrals

     s(1S/1S) =  1.000000  <r> =   0.1997  <r2> =    0.0539  r(max) =   0.1298
     s(1S/2S) =  0.000000
     s(2S/2S) =  1.000000  <r> =   1.1407  <r2> =    1.5839  r(max) =   0.8677
     s(2P/2P) =  1.000000  <r> =   1.2656  <r2> =    2.1371  r(max) =   0.8151
     s(3D/3D) =  0.000000  <r> =   0.0000  <r2> =    0.0000  r(max) =  99.0434

     -------------------- End of All-electron run ----------------------

 eh   27.1079971001443     
 exc  -7.03960714409164     
 eh   27.2110992195351     
 exc  -7.06661365700585     
 eh   27.1079971183288     
 exc  -7.03960714585511     
 eh   27.1084339759141     
 exc  -7.03972061151529     
 eh   27.2046373768047     
 exc  -7.06610843452518     
 eh   27.1015284946515     
 exc  -7.03910062592361     
 eh   27.1080934158615     
 exc  -7.03963966538051     
 eh   27.2053272699200     
 exc  -7.06610753571121     
 eh   27.1022233615645     
 exc  -7.03910072756782     
 eh   27.1081208678174     
 exc  -7.03964588869978     
 eh   27.2053418563931     
 exc  -7.06611289280039     
 eh   27.1022376030172     
 exc  -7.03910601643893     
 eh   27.1081209292629     
 exc  -7.03964568118624     
 eh   27.2053902871894     
 exc  -7.06611649857581     
 eh   27.1022860729689     
 exc  -7.03910963071166     
 eh   27.1081209006340     
 exc  -7.03964567393918     
 eh   27.2053887512396     
 exc  -7.06611635528209     
 eh   27.1022845369150     
 exc  -7.03910948726686     
 eh   27.1081208729539     
 exc  -7.03964566693015     
 eh   27.2053871736048     
 exc  -7.06611620848032     
 eh   27.1022829591516     
 exc  -7.03910934030639     
 eh   27.1081208729539     
 exc  -7.03964566693015     
 eh   27.2053871736048     
 exc  -7.06611620848032     
 eh   27.1022829591516     
 exc  -7.03910934030639     

     -------------- Testing the pseudopotential ------------------------

     O                                                                          

     atomic number is  8.00   valence charge is  6.00
     dft =PBE   lsd =0 sic =0 latt =0  beta=0.50 tr2=1.0E-14
     mesh =1095 r(mesh) =  99.04343 xmin = -7.00 dx = 0.01250

     n l     nl             e AE (Ryd)       e PS (Ryd)   De AE-PS (Ryd) 
     1 0     2S   1( 2.00)       -1.75770       -1.75781        0.00011
     2 1     2P   1( 4.00)       -0.66426       -0.66421       -0.00005

     eps = 1.3E-18  iter =  6
 
     Etot =    -149.890991 Ry,     -74.945496 Ha,   -2039.386845 eV
     Etotps =   -31.921036 Ry,     -15.960518 Ha,    -434.311225 eV
     dEtot_ae =       0.000000 Ry
     dEtot_ps =       0.000000 Ry,   Delta E=       0.000000

     Ekin =     149.468706 Ry,      74.734353 Ha,    2033.641324 eV
     Encl =    -355.645089 Ry,    -177.822544 Ha,   -4838.835950 eV
     Ehrt =      72.821012 Ry,      36.410506 Ha,     990.788123 eV
     Ecxc =     -16.535620 Ry,      -8.267810 Ha,    -224.980343 eV
     Evxt =       0.000000 Ry,       0.000000 Ha,       0.000000 eV
     Epseu=       0.000000 Ry,       0.000000 Ha,       0.000000 eV

     -------------- End of pseudopotential test ------------------------

     -------------------- All-electron run ------------------------------

     O                                                                          

     atomic number is  8.00
     dft =PBE   lsd =0 sic =0 latt =0  beta=0.50 tr2=1.0E-14
     mesh =1095 r(mesh) =  99.04343 xmin = -7.00 dx = 0.01250

     n l     nl                  e(Ryd)         e(Ha)          e(eV)
     1 0     1S 1( 2.00)       -38.5962       -19.2981      -525.1324
     2 0     2S 1( 1.40)        -2.4328        -1.2164       -33.0997
     2 1     2P 1( 4.00)        -1.3228        -0.6614       -17.9981
     3 2     3D 1(-1.00)         0.0000         0.0000         0.0000

     eps = 6.5E-15  iter = 19
 
     Etot =    -148.637684 Ry,     -74.318842 Ha,   -2022.334607 eV

     Ekin =     148.249343 Ry,      74.124671 Ha,    2017.050906 eV
     Encl =    -348.202263 Ry,    -174.101131 Ha,   -4737.570347 eV
     Eh   =      67.270462 Ry,      33.635231 Ha,     915.268447 eV
     Exc  =     -15.955226 Ry,      -7.977613 Ha,    -217.083612 eV
     Evxt =       0.000000 Ry,       0.000000 Ha,       0.000000 eV
     Epseu=       0.000000 Ry,       0.000000 Ha,       0.000000 eV


     normalization and overlap integrals

     s(1S/1S) =  1.000000  <r> =   0.1996  <r2> =    0.0539  r(max) =   0.1298
     s(1S/2S) =  0.000000
     s(2S/2S) =  1.000000  <r> =   1.1083  <r2> =    1.4826  r(max) =   0.8677
     s(2P/2P) =  1.000000  <r> =   1.1642  <r2> =    1.7541  r(max) =   0.7950
     s(3D/3D) =  0.000000  <r> =   0.0000  <r2> =    0.0000  r(max) =  99.0434

     -------------------- End of All-electron run ----------------------

 eh   21.9574776511169     
 exc  -6.20225394256633     
 eh   22.0409903678234     
 exc  -6.22636745432621     
 eh   21.9574776658463     
 exc  -6.20225394410322     
 eh   24.0454966144438     
 exc  -6.73794520738102     
 eh   696.468319474964     
 exc  -28.5580182543342     
 eh   696.319413996710     
 exc  -28.5180768842573     
 eh   23.2516460003477     
 exc  -6.53152299533902     
 eh   85.9812191378734     
 exc  -10.5090899537109     
 eh   85.8487917484255     
 exc  -10.4722909686110     
 eh   23.1357352822633     
 exc  -6.50149238791891     
 eh   63.5251155967404     
 exc  -9.33242871051290     
 eh   63.3949841810038     
 exc  -9.29607168240943     
 eh   23.1395622072686     
 exc  -6.50251225682464     
 eh   64.8088282927668     
 exc  -9.40346041614633     
 eh   64.6786044877777     
 exc  -9.36708338388939     
 eh   23.1371883201194     
 exc  -6.50189917405402     
 eh   64.4673273333988     
 exc  -9.38434609345454     
 eh   64.3371491183765     
 exc  -9.34797767872075     
 eh   23.1371703003235     
 exc  -6.50189511424837     
 eh   64.4824108512532     
 exc  -9.38516629599092     
 eh   64.3522325513381     
 exc  -9.34879779879461     
 eh   23.1371054067654     
 exc  -6.50187943610118     
 eh   64.5050759791929     
 exc  -9.38639084793920     
 eh   64.3748981455771     
 exc  -9.35002231910876     
 eh   23.1370996506864     
 exc  -6.50187804634079     
 eh   64.5070691110294     
 exc  -9.38649847654972     
 eh   64.3768913193348     
 exc  -9.35012994521497     
 eh   23.1370991443227     
 exc  -6.50187795347038     
 eh   64.5081430707205     
 exc  -9.38655699112487     
 eh   64.3779652611449     
 exc  -9.35018845214307     
 eh   23.1370994188910     
 exc  -6.50187801934033     
 eh   64.5080625107639     
 exc  -9.38655264983686     
 eh   64.3778846989686     
 exc  -9.35018411084809     
 eh   23.1370994188910     
 exc  -6.50187801934033     
 eh   64.5080625107639     
 exc  -9.38655264983686     
 eh   64.3778846989686     
 exc  -9.35018411084809     

     -------------- Testing the pseudopotential ------------------------

     O                                                                          

     atomic number is  8.00   valence charge is  6.00
     dft =PBE   lsd =0 sic =0 latt =0  beta=0.50 tr2=1.0E-14
     mesh =1095 r(mesh) =  99.04343 xmin = -7.00 dx = 0.01250

     n l     nl             e AE (Ryd)       e PS (Ryd)   De AE-PS (Ryd) 
     1 0     2S   1( 1.40)       -2.43276       -2.43344        0.00067
     2 1     2P   1( 4.00)       -1.32283       -1.32347        0.00064

     eps = 2.1E-15  iter = 10
 
     Etot =    -148.637684 Ry,     -74.318842 Ha,   -2022.334607 eV
     Etotps =   -30.667540 Ry,     -15.333770 Ha,    -417.256421 eV
     dEtot_ae =       1.253307 Ry
     dEtot_ps =       1.253495 Ry,   Delta E=      -0.000189

     Ekin =     148.249343 Ry,      74.124671 Ha,    2017.050906 eV
     Encl =    -348.202263 Ry,    -174.101131 Ha,   -4737.570347 eV
     Ehrt =      67.270462 Ry,      33.635231 Ha,     915.268447 eV
     Ecxc =     -15.955226 Ry,      -7.977613 Ha,    -217.083612 eV
     Evxt =       0.000000 Ry,       0.000000 Ha,       0.000000 eV
     Epseu=       0.000000 Ry,       0.000000 Ha,       0.000000 eV

     -------------- End of pseudopotential test ------------------------

