
     program ld1 starts. version 11-Feb-05
     today is 21Dec2005 at 16:47:38 

     -------------------- All-electron run ------------------------------

     O                                                                          

     atomic number is  8.00
     dft =PBE   lsd =0 sic =0 latt =0  beta=0.50 tr2=1.0E-14
     mesh =1095 r(mesh) =  99.04343 xmin = -7.00 dx = 0.01250

     n l     nl                  e(Ryd)         e(Ha)          e(eV)
     1 0     1S 1( 2.00)       -37.7973       -18.8987      -514.2629
     2 0     2S 1( 2.00)        -1.7577        -0.8788       -23.9149
     2 1     2P 1( 4.00)        -0.6643        -0.3321        -9.0378
     3 2     3D 1(-1.00)         0.0000         0.0000         0.0000

     eps = 1.3E-15  iter = 20
 
     Etot =    -149.890991 Ry,     -74.945496 Ha,   -2039.386845 eV

     Ekin =     149.468706 Ry,      74.734353 Ha,    2033.641324 eV
     Encl =    -355.645089 Ry,    -177.822544 Ha,   -4838.835950 eV
     Eh   =      72.821012 Ry,      36.410506 Ha,     990.788123 eV
     Exc  =     -16.535620 Ry,      -8.267810 Ha,    -224.980343 eV
     Evxt =       0.000000 Ry,       0.000000 Ha,       0.000000 eV
     Epseu=       0.000000 Ry,       0.000000 Ha,       0.000000 eV


     normalization and overlap integrals

     s(1S/1S) =  1.000000  <r> =   0.1997  <r2> =    0.0539  r(max) =   0.1298
     s(1S/2S) =  0.000000
     s(2S/2S) =  1.000000  <r> =   1.1407  <r2> =    1.5839  r(max) =   0.8677
     s(2P/2P) =  1.000000  <r> =   1.2656  <r2> =    2.1371  r(max) =   0.8151
     s(3D/3D) =  0.000000  <r> =   0.0000  <r2> =    0.0000  r(max) =  99.0434

     -------------------- End of All-electron run ----------------------

 eh   27.1079971001443     
 exc  -7.03960714409164     
 eh   27.2110992195351     
 exc  -7.06661365700585     
 eh   27.1079971183288     
 exc  -7.03960714585511     
 eh   27.1084339759141     
 exc  -7.03972061151529     
 eh   27.2046373768047     
 exc  -7.06610843452518     
 eh   27.1015284946515     
 exc  -7.03910062592361     
 eh   27.1080934158615     
 exc  -7.03963966538051     
 eh   27.2053272699200     
 exc  -7.06610753571121     
 eh   27.1022233615645     
 exc  -7.03910072756782     
 eh   27.1081208678174     
 exc  -7.03964588869978     
 eh   27.2053418563931     
 exc  -7.06611289280039     
 eh   27.1022376030172     
 exc  -7.03910601643893     
 eh   27.1081209292629     
 exc  -7.03964568118624     
 eh   27.2053902871894     
 exc  -7.06611649857581     
 eh   27.1022860729689     
 exc  -7.03910963071166     
 eh   27.1081209006340     
 exc  -7.03964567393918     
 eh   27.2053887512396     
 exc  -7.06611635528209     
 eh   27.1022845369150     
 exc  -7.03910948726686     
 eh   27.1081208729539     
 exc  -7.03964566693015     
 eh   27.2053871736048     
 exc  -7.06611620848032     
 eh   27.1022829591516     
 exc  -7.03910934030639     
 eh   27.1081208729539     
 exc  -7.03964566693015     
 eh   27.2053871736048     
 exc  -7.06611620848032     
 eh   27.1022829591516     
 exc  -7.03910934030639     

     -------------- Testing the pseudopotential ------------------------

     O                                                                          

     atomic number is  8.00   valence charge is  6.00
     dft =PBE   lsd =0 sic =0 latt =0  beta=0.50 tr2=1.0E-14
     mesh =1095 r(mesh) =  99.04343 xmin = -7.00 dx = 0.01250

     n l     nl             e AE (Ryd)       e PS (Ryd)   De AE-PS (Ryd) 
     1 0     2S   1( 2.00)       -1.75770       -1.75781        0.00011
     2 1     2P   1( 4.00)       -0.66426       -0.66421       -0.00005

     eps = 1.3E-18  iter =  6
 
     Etot =    -149.890991 Ry,     -74.945496 Ha,   -2039.386845 eV
     Etotps =   -31.921036 Ry,     -15.960518 Ha,    -434.311225 eV
     dEtot_ae =       0.000000 Ry
     dEtot_ps =       0.000000 Ry,   Delta E=       0.000000

     Ekin =     149.468706 Ry,      74.734353 Ha,    2033.641324 eV
     Encl =    -355.645089 Ry,    -177.822544 Ha,   -4838.835950 eV
     Ehrt =      72.821012 Ry,      36.410506 Ha,     990.788123 eV
     Ecxc =     -16.535620 Ry,      -8.267810 Ha,    -224.980343 eV
     Evxt =       0.000000 Ry,       0.000000 Ha,       0.000000 eV
     Epseu=       0.000000 Ry,       0.000000 Ha,       0.000000 eV

     -------------- End of pseudopotential test ------------------------

     -------------------- All-electron run ------------------------------

     O                                                                          

     atomic number is  8.00
     dft =PBE   lsd =0 sic =0 latt =0  beta=0.50 tr2=1.0E-14
     mesh =1095 r(mesh) =  99.04343 xmin = -7.00 dx = 0.01250

     n l     nl                  e(Ryd)         e(Ha)          e(eV)
     1 0     1S 1( 2.00)       -39.5054       -19.7527      -537.5022
     2 0     2S 1( 0.80)        -3.1752        -1.5876       -43.2016
     2 1     2P 1( 4.00)        -2.0577        -1.0288       -27.9964
     3 2     3D 1(-1.00)         0.0000         0.0000         0.0000

     eps = 1.7E-15  iter = 17
 
     Etot =    -146.958245 Ry,     -73.479122 Ha,   -1999.484487 eV

     Ekin =     146.606497 Ry,      73.303248 Ha,    1994.698675 eV
     Encl =    -339.758566 Ry,    -169.879283 Ha,   -4622.687095 eV
     Eh   =      61.504182 Ry,      30.752091 Ha,     836.813595 eV
     Exc  =     -15.310357 Ry,      -7.655179 Ha,    -208.309661 eV
     Evxt =       0.000000 Ry,       0.000000 Ha,       0.000000 eV
     Epseu=       0.000000 Ry,       0.000000 Ha,       0.000000 eV


     normalization and overlap integrals

     s(1S/1S) =  1.000000  <r> =   0.1996  <r2> =    0.0538  r(max) =   0.1298
     s(1S/2S) =  0.000000
     s(2S/2S) =  1.000000  <r> =   1.0766  <r2> =    1.3890  r(max) =   0.8569
     s(2P/2P) =  1.000000  <r> =   1.0904  <r2> =    1.5102  r(max) =   0.7753
     s(3D/3D) =  0.000000  <r> =   0.0000  <r2> =    0.0000  r(max) =  99.0434

     -------------------- End of All-electron run ----------------------

 eh   17.3491181440924     
 exc  -5.39149051743738     
 eh   17.4151035005024     
 exc  -5.41278576362350     
 eh   17.3491181557304     
 exc  -5.39149051875533     
 eh   20.2123523692445     
 exc  -6.20017489676976     
 eh   8209.98757322399     
 exc  -124.071486900238     
 eh   8209.80347993224     
 exc  -124.019065132198     
 eh   19.4185453756118     
 exc  -5.97207537096418     
 eh   1413.98400557420     
 exc  -42.3061235493931     
 eh   1413.82281286438     
 exc  -42.2581416642682     
 eh   19.1674191472708     
 exc  -5.90018743501458     
 eh   709.183147328162     
 exc  -28.4702514480141     
 eh   709.028835209854     
 exc  -28.4236117446797     
 eh   19.1769017219118     
 exc  -5.90293753885455     
 eh   737.396874252957     
 exc  -29.0979513469389     
 eh   737.242280857345     
 exc  -29.0512528698533     
 eh   19.1715124030854     
 exc  -5.90140458341406     
 eh   727.880130871130     
 exc  -28.8868829877332     
 eh   727.725677760314     
 exc  -28.8402110541657     
 eh   19.1715789536281     
 exc  -5.90142346662440     
 eh   728.027501889206     
 exc  -28.8901593498706     
 eh   727.873047007662     
 exc  -28.8434870592497     
 eh   19.1715809206916     
 exc  -5.90142398795337     
 eh   728.064876179498     
 exc  -28.8909902431830     
 eh   727.910421200037     
 exc  -28.8443179102425     
 eh   19.1715806270502     
 exc  -5.90142390919963     
 eh   728.065996181450     
 exc  -28.8910149682495     
 eh   727.911541205627     
 exc  -28.8443426351802     
 eh   19.1715802139775     
 exc  -5.90142379813199     
 eh   728.067316044109     
 exc  -28.8910440902781     
 eh   727.912861073897     
 exc  -28.8443717572645     
 eh   19.1715802139775     
 exc  -5.90142379813199     
 eh   728.067316044109     
 exc  -28.8910440902781     
 eh   727.912861073897     
 exc  -28.8443717572645     

     -------------- Testing the pseudopotential ------------------------

     O                                                                          

     atomic number is  8.00   valence charge is  6.00
     dft =PBE   lsd =0 sic =0 latt =0  beta=0.50 tr2=1.0E-14
     mesh =1095 r(mesh) =  99.04343 xmin = -7.00 dx = 0.01250

     n l     nl             e AE (Ryd)       e PS (Ryd)   De AE-PS (Ryd) 
     1 0     2S   1( 0.80)       -3.17524       -3.17763        0.00240
     2 1     2P   1( 4.00)       -2.05768       -2.05980        0.00212

     eps = 2.3E-16  iter =  9
 
     Etot =    -146.958245 Ry,     -73.479122 Ha,   -1999.484487 eV
     Etotps =   -28.987234 Ry,     -14.493617 Ha,    -394.394514 eV
     dEtot_ae =       2.932746 Ry
     dEtot_ps =       2.933801 Ry,   Delta E=      -0.001055

     Ekin =     146.606497 Ry,      73.303248 Ha,    1994.698675 eV
     Encl =    -339.758566 Ry,    -169.879283 Ha,   -4622.687095 eV
     Ehrt =      61.504182 Ry,      30.752091 Ha,     836.813595 eV
     Ecxc =     -15.310357 Ry,      -7.655179 Ha,    -208.309661 eV
     Evxt =       0.000000 Ry,       0.000000 Ha,       0.000000 eV
     Epseu=       0.000000 Ry,       0.000000 Ha,       0.000000 eV

     -------------- End of pseudopotential test ------------------------

