
     program ld1 starts. version 11-Feb-05
     today is 21Dec2005 at 16:47:40 

     -------------------- All-electron run ------------------------------

     O                                                                          

     atomic number is  8.00
     dft =PBE   lsd =0 sic =0 latt =0  beta=0.50 tr2=1.0E-14
     mesh =1095 r(mesh) =  99.04343 xmin = -7.00 dx = 0.01250

     n l     nl                  e(Ryd)         e(Ha)          e(eV)
     1 0     1S 1( 2.00)       -37.7973       -18.8987      -514.2629
     2 0     2S 1( 2.00)        -1.7577        -0.8788       -23.9149
     2 1     2P 1( 4.00)        -0.6643        -0.3321        -9.0378
     3 2     3D 1(-1.00)         0.0000         0.0000         0.0000

     eps = 1.3E-15  iter = 20
 
     Etot =    -149.890991 Ry,     -74.945496 Ha,   -2039.386845 eV

     Ekin =     149.468706 Ry,      74.734353 Ha,    2033.641324 eV
     Encl =    -355.645089 Ry,    -177.822544 Ha,   -4838.835950 eV
     Eh   =      72.821012 Ry,      36.410506 Ha,     990.788123 eV
     Exc  =     -16.535620 Ry,      -8.267810 Ha,    -224.980343 eV
     Evxt =       0.000000 Ry,       0.000000 Ha,       0.000000 eV
     Epseu=       0.000000 Ry,       0.000000 Ha,       0.000000 eV


     normalization and overlap integrals

     s(1S/1S) =  1.000000  <r> =   0.1997  <r2> =    0.0539  r(max) =   0.1298
     s(1S/2S) =  0.000000
     s(2S/2S) =  1.000000  <r> =   1.1407  <r2> =    1.5839  r(max) =   0.8677
     s(2P/2P) =  1.000000  <r> =   1.2656  <r2> =    2.1371  r(max) =   0.8151
     s(3D/3D) =  0.000000  <r> =   0.0000  <r2> =    0.0000  r(max) =  99.0434

     -------------------- End of All-electron run ----------------------

 eh   27.1079971001443     
 exc  -7.03960714409164     
 eh   27.2110992195351     
 exc  -7.06661365700585     
 eh   27.1079971183288     
 exc  -7.03960714585511     
 eh   27.1084339759141     
 exc  -7.03972061151529     
 eh   27.2046373768047     
 exc  -7.06610843452518     
 eh   27.1015284946515     
 exc  -7.03910062592361     
 eh   27.1080934158615     
 exc  -7.03963966538051     
 eh   27.2053272699200     
 exc  -7.06610753571121     
 eh   27.1022233615645     
 exc  -7.03910072756782     
 eh   27.1081208678174     
 exc  -7.03964588869978     
 eh   27.2053418563931     
 exc  -7.06611289280039     
 eh   27.1022376030172     
 exc  -7.03910601643893     
 eh   27.1081209292629     
 exc  -7.03964568118624     
 eh   27.2053902871894     
 exc  -7.06611649857581     
 eh   27.1022860729689     
 exc  -7.03910963071166     
 eh   27.1081209006340     
 exc  -7.03964567393918     
 eh   27.2053887512396     
 exc  -7.06611635528209     
 eh   27.1022845369150     
 exc  -7.03910948726686     
 eh   27.1081208729539     
 exc  -7.03964566693015     
 eh   27.2053871736048     
 exc  -7.06611620848032     
 eh   27.1022829591516     
 exc  -7.03910934030639     
 eh   27.1081208729539     
 exc  -7.03964566693015     
 eh   27.2053871736048     
 exc  -7.06611620848032     
 eh   27.1022829591516     
 exc  -7.03910934030639     

     -------------- Testing the pseudopotential ------------------------

     O                                                                          

     atomic number is  8.00   valence charge is  6.00
     dft =PBE   lsd =0 sic =0 latt =0  beta=0.50 tr2=1.0E-14
     mesh =1095 r(mesh) =  99.04343 xmin = -7.00 dx = 0.01250

     n l     nl             e AE (Ryd)       e PS (Ryd)   De AE-PS (Ryd) 
     1 0     2S   1( 2.00)       -1.75770       -1.75781        0.00011
     2 1     2P   1( 4.00)       -0.66426       -0.66421       -0.00005

     eps = 1.3E-18  iter =  6
 
     Etot =    -149.890991 Ry,     -74.945496 Ha,   -2039.386845 eV
     Etotps =   -31.921036 Ry,     -15.960518 Ha,    -434.311225 eV
     dEtot_ae =       0.000000 Ry
     dEtot_ps =       0.000000 Ry,   Delta E=       0.000000

     Ekin =     149.468706 Ry,      74.734353 Ha,    2033.641324 eV
     Encl =    -355.645089 Ry,    -177.822544 Ha,   -4838.835950 eV
     Ehrt =      72.821012 Ry,      36.410506 Ha,     990.788123 eV
     Ecxc =     -16.535620 Ry,      -8.267810 Ha,    -224.980343 eV
     Evxt =       0.000000 Ry,       0.000000 Ha,       0.000000 eV
     Epseu=       0.000000 Ry,       0.000000 Ha,       0.000000 eV

     -------------- End of pseudopotential test ------------------------

     -------------------- All-electron run ------------------------------

     O                                                                          

     atomic number is  8.00
     dft =PBE   lsd =0 sic =0 latt =0  beta=0.50 tr2=1.0E-14
     mesh =1095 r(mesh) =  99.04343 xmin = -7.00 dx = 0.01250

     n l     nl                  e(Ryd)         e(Ha)          e(eV)
     1 0     1S 1( 2.00)       -39.8303       -19.9152      -541.9234
     2 0     2S 1( 0.60)        -3.4353        -1.7176       -46.7394
     2 1     2P 1( 4.00)        -2.3172        -1.1586       -31.5270
     3 2     3D 1(-1.00)         0.0000         0.0000         0.0000

     eps = 8.9E-15  iter = 17
 
     Etot =    -146.297287 Ry,     -73.148643 Ha,   -1990.491623 eV

     Ekin =     145.958140 Ry,      72.979070 Ha,    1985.877257 eV
     Encl =    -336.737032 Ry,    -168.368516 Ha,   -4581.576704 eV
     Eh   =      59.566017 Ry,      29.783008 Ha,     810.443310 eV
     Exc  =     -15.084411 Ry,      -7.542206 Ha,    -205.235485 eV
     Evxt =       0.000000 Ry,       0.000000 Ha,       0.000000 eV
     Epseu=       0.000000 Ry,       0.000000 Ha,       0.000000 eV


     normalization and overlap integrals

     s(1S/1S) =  1.000000  <r> =   0.1995  <r2> =    0.0538  r(max) =   0.1298
     s(1S/2S) =  0.000000
     s(2S/2S) =  1.000000  <r> =   1.0664  <r2> =    1.3598  r(max) =   0.8462
     s(2P/2P) =  1.000000  <r> =   1.0695  <r2> =    1.4460  r(max) =   0.7753
     s(3D/3D) =  0.000000  <r> =   0.0000  <r2> =    0.0000  r(max) =  99.0434

     -------------------- End of All-electron run ----------------------

 eh   15.9334782955292     
 exc  -5.12751493802126     
 eh   15.9940794301489     
 exc  -5.14788608531384     
 eh   15.9334783062177     
 exc  -5.12751493926803     
 eh   18.8894176105654     
 exc  -5.99152524133702     
 eh   14100.7146916155     
 exc  -174.896662480806     
 eh   14100.5209168596     
 exc  -174.839950509001     
 eh   18.1460460047437     
 exc  -5.77018029799129     
 eh   2873.14239315880     
 exc  -64.6622323280049     
 eh   2872.97243092997     
 exc  -64.6102192729298     
 eh   17.8731419787968     
 exc  -5.68923747744376     
 eh   1399.39604589215     
 exc  -41.9529907341262     
 eh   1399.23438712828     
 exc  -41.9026211593043     
 eh   17.8831987438226     
 exc  -5.69225492395770     
 eh   1453.56840996994     
 exc  -42.9049640764819     
 eh   1453.40642522031     
 exc  -42.8545258150614     
 eh   17.8776005167096     
 exc  -5.69060545998665     
 eh   1434.51418731179     
 exc  -42.5714049608324     
 eh   1434.35236453454     
 exc  -42.5209977804174     
 eh   17.8776782188824     
 exc  -5.69062836255833     
 eh   1434.84028621676     
 exc  -42.5771275167876     
 eh   1434.67846113610     
 exc  -42.5267198693207     
 eh   17.8776801522008     
 exc  -5.69062894413452     
 eh   1434.91385489763     
 exc  -42.5784190332397     
 eh   1434.75202970087     
 exc  -42.5280113370874     
 eh   17.8776800945414     
 exc  -5.69062892853907     
 eh   1434.91483275440     
 exc  -42.5784361091876     
 eh   1434.75300755788     
 exc  -42.5280284127155     
 eh   17.8776800109991     
 exc  -5.69062890545720     
 eh   1434.91580834225     
 exc  -42.5784531401557     
 eh   1434.75398314661     
 exc  -42.5280454434585     
 eh   17.8776800109991     
 exc  -5.69062890545720     
 eh   1434.91580834225     
 exc  -42.5784531401557     
 eh   1434.75398314661     
 exc  -42.5280454434585     

     -------------- Testing the pseudopotential ------------------------

     O                                                                          

     atomic number is  8.00   valence charge is  6.00
     dft =PBE   lsd =0 sic =0 latt =0  beta=0.50 tr2=1.0E-14
     mesh =1095 r(mesh) =  99.04343 xmin = -7.00 dx = 0.01250

     n l     nl             e AE (Ryd)       e PS (Ryd)   De AE-PS (Ryd) 
     1 0     2S   1( 0.60)       -3.43526       -3.43858        0.00332
     2 1     2P   1( 4.00)       -2.31718       -2.32003        0.00286

     eps = 4.3E-17  iter =  9
 
     Etot =    -146.297287 Ry,     -73.148643 Ha,   -1990.491623 eV
     Etotps =   -28.325699 Ry,     -14.162849 Ha,    -385.393795 eV
     dEtot_ae =       3.593704 Ry
     dEtot_ps =       3.595337 Ry,   Delta E=      -0.001632

     Ekin =     145.958140 Ry,      72.979070 Ha,    1985.877257 eV
     Encl =    -336.737032 Ry,    -168.368516 Ha,   -4581.576704 eV
     Ehrt =      59.566017 Ry,      29.783008 Ha,     810.443310 eV
     Ecxc =     -15.084411 Ry,      -7.542206 Ha,    -205.235485 eV
     Evxt =       0.000000 Ry,       0.000000 Ha,       0.000000 eV
     Epseu=       0.000000 Ry,       0.000000 Ha,       0.000000 eV

     -------------- End of pseudopotential test ------------------------

