
     program ld1 starts. version 11-Feb-05
     today is 21Dec2005 at 16:47:42 

     -------------------- All-electron run ------------------------------

     O                                                                          

     atomic number is  8.00
     dft =PBE   lsd =0 sic =0 latt =0  beta=0.50 tr2=1.0E-14
     mesh =1095 r(mesh) =  99.04343 xmin = -7.00 dx = 0.01250

     n l     nl                  e(Ryd)         e(Ha)          e(eV)
     1 0     1S 1( 2.00)       -37.7973       -18.8987      -514.2629
     2 0     2S 1( 2.00)        -1.7577        -0.8788       -23.9149
     2 1     2P 1( 4.00)        -0.6643        -0.3321        -9.0378
     3 2     3D 1(-1.00)         0.0000         0.0000         0.0000

     eps = 1.3E-15  iter = 20
 
     Etot =    -149.890991 Ry,     -74.945496 Ha,   -2039.386845 eV

     Ekin =     149.468706 Ry,      74.734353 Ha,    2033.641324 eV
     Encl =    -355.645089 Ry,    -177.822544 Ha,   -4838.835950 eV
     Eh   =      72.821012 Ry,      36.410506 Ha,     990.788123 eV
     Exc  =     -16.535620 Ry,      -8.267810 Ha,    -224.980343 eV
     Evxt =       0.000000 Ry,       0.000000 Ha,       0.000000 eV
     Epseu=       0.000000 Ry,       0.000000 Ha,       0.000000 eV


     normalization and overlap integrals

     s(1S/1S) =  1.000000  <r> =   0.1997  <r2> =    0.0539  r(max) =   0.1298
     s(1S/2S) =  0.000000
     s(2S/2S) =  1.000000  <r> =   1.1407  <r2> =    1.5839  r(max) =   0.8677
     s(2P/2P) =  1.000000  <r> =   1.2656  <r2> =    2.1371  r(max) =   0.8151
     s(3D/3D) =  0.000000  <r> =   0.0000  <r2> =    0.0000  r(max) =  99.0434

     -------------------- End of All-electron run ----------------------

 eh   27.1079971001443     
 exc  -7.03960714409164     
 eh   27.2110992195351     
 exc  -7.06661365700585     
 eh   27.1079971183288     
 exc  -7.03960714585511     
 eh   27.1084339759141     
 exc  -7.03972061151529     
 eh   27.2046373768047     
 exc  -7.06610843452518     
 eh   27.1015284946515     
 exc  -7.03910062592361     
 eh   27.1080934158615     
 exc  -7.03963966538051     
 eh   27.2053272699200     
 exc  -7.06610753571121     
 eh   27.1022233615645     
 exc  -7.03910072756782     
 eh   27.1081208678174     
 exc  -7.03964588869978     
 eh   27.2053418563931     
 exc  -7.06611289280039     
 eh   27.1022376030172     
 exc  -7.03910601643893     
 eh   27.1081209292629     
 exc  -7.03964568118624     
 eh   27.2053902871894     
 exc  -7.06611649857581     
 eh   27.1022860729689     
 exc  -7.03910963071166     
 eh   27.1081209006340     
 exc  -7.03964567393918     
 eh   27.2053887512396     
 exc  -7.06611635528209     
 eh   27.1022845369150     
 exc  -7.03910948726686     
 eh   27.1081208729539     
 exc  -7.03964566693015     
 eh   27.2053871736048     
 exc  -7.06611620848032     
 eh   27.1022829591516     
 exc  -7.03910934030639     
 eh   27.1081208729539     
 exc  -7.03964566693015     
 eh   27.2053871736048     
 exc  -7.06611620848032     
 eh   27.1022829591516     
 exc  -7.03910934030639     

     -------------- Testing the pseudopotential ------------------------

     O                                                                          

     atomic number is  8.00   valence charge is  6.00
     dft =PBE   lsd =0 sic =0 latt =0  beta=0.50 tr2=1.0E-14
     mesh =1095 r(mesh) =  99.04343 xmin = -7.00 dx = 0.01250

     n l     nl             e AE (Ryd)       e PS (Ryd)   De AE-PS (Ryd) 
     1 0     2S   1( 2.00)       -1.75770       -1.75781        0.00011
     2 1     2P   1( 4.00)       -0.66426       -0.66421       -0.00005

     eps = 1.3E-18  iter =  6
 
     Etot =    -149.890991 Ry,     -74.945496 Ha,   -2039.386845 eV
     Etotps =   -31.921036 Ry,     -15.960518 Ha,    -434.311225 eV
     dEtot_ae =       0.000000 Ry
     dEtot_ps =       0.000000 Ry,   Delta E=       0.000000

     Ekin =     149.468706 Ry,      74.734353 Ha,    2033.641324 eV
     Encl =    -355.645089 Ry,    -177.822544 Ha,   -4838.835950 eV
     Ehrt =      72.821012 Ry,      36.410506 Ha,     990.788123 eV
     Ecxc =     -16.535620 Ry,      -8.267810 Ha,    -224.980343 eV
     Evxt =       0.000000 Ry,       0.000000 Ha,       0.000000 eV
     Epseu=       0.000000 Ry,       0.000000 Ha,       0.000000 eV

     -------------- End of pseudopotential test ------------------------

     -------------------- All-electron run ------------------------------

     O                                                                          

     atomic number is  8.00
     dft =PBE   lsd =0 sic =0 latt =0  beta=0.50 tr2=1.0E-14
     mesh =1095 r(mesh) =  99.04343 xmin = -7.00 dx = 0.01250

     n l     nl                  e(Ryd)         e(Ha)          e(eV)
     1 0     1S 1( 2.00)       -40.1656       -20.0828      -546.4851
     2 0     2S 1( 0.40)        -3.7009        -1.8505       -50.3541
     2 1     2P 1( 4.00)        -2.5833        -1.2917       -35.1483
     3 2     3D 1(-1.00)         0.0000         0.0000         0.0000

     eps = 1.7E-15  iter = 18
 
     Etot =    -145.583754 Ry,     -72.791877 Ha,   -1980.783443 eV

     Ekin =     145.257362 Ry,      72.628681 Ha,    1976.342618 eV
     Encl =    -333.615470 Ry,    -166.807735 Ha,   -4539.105359 eV
     Eh   =      57.628289 Ry,      28.814144 Ha,     784.078968 eV
     Exc  =     -14.853935 Ry,      -7.426968 Ha,    -202.099670 eV
     Evxt =       0.000000 Ry,       0.000000 Ha,       0.000000 eV
     Epseu=       0.000000 Ry,       0.000000 Ha,       0.000000 eV


     normalization and overlap integrals

     s(1S/1S) =  1.000000  <r> =   0.1995  <r2> =    0.0538  r(max) =   0.1298
     s(1S/2S) =  0.000000
     s(2S/2S) =  1.000000  <r> =   1.0563  <r2> =    1.3317  r(max) =   0.8462
     s(2P/2P) =  1.000000  <r> =   1.0501  <r2> =    1.3879  r(max) =   0.7657
     s(3D/3D) =  0.000000  <r> =   0.0000  <r2> =    0.0000  r(max) =  99.0434

     -------------------- End of All-electron run ----------------------

 eh   14.5780784405220     
 exc  -4.86683063561008     
 eh   14.6335244691722     
 exc  -4.88628480964437     
 eh   14.5780784503013     
 exc  -4.86683063678663     
 eh   17.5672623819596     
 exc  -5.77236084448803     
 eh   22362.5016006168     
 exc  -235.127637216730     
 eh   22362.2991684520     
 exc  -235.066513924015     
 eh   16.8842798554000     
 exc  -5.56131043140717     
 eh   5318.55977412172     
 exc  -94.6297336079037     
 eh   5318.38160092630     
 exc  -94.5735110057538     
 eh   16.6003642362627     
 exc  -5.47393194125944     
 eh   2571.80729500780     
 exc  -60.3854310784975     
 eh   2571.63870579850     
 exc  -60.3311435793228     
 eh   16.6105383845860     
 exc  -5.47709654480653     
 eh   2666.01803685794     
 exc  -61.7273901878281     
 eh   2665.84908644517     
 exc  -61.6730254636625     
 eh   16.6049197250385     
 exc  -5.47537874651625     
 eh   2631.15600265196     
 exc  -61.2327130353092     
 eh   2630.98723320754     
 exc  -61.1783837788381     
 eh   16.6050032357426     
 exc  -5.47540432441090     
 eh   2631.77829893283     
 exc  -61.2415637720165     
 eh   2631.60952673739     
 exc  -61.1872339502284     
 eh   16.6050056641733     
 exc  -5.47540511664177     
 eh   2631.90578961628     
 exc  -61.2433773088189     
 eh   2631.73701727705     
 exc  -61.1890474314390     
 eh   16.6050056561495     
 exc  -5.47540511494714     
 eh   2631.90698758057     
 exc  -61.2433942926370     
 eh   2631.73821524078     
 exc  -61.1890644148813     
 eh   16.6050056317713     
 exc  -5.47540510823437     
 eh   2631.90808365561     
 exc  -61.2434098276367     
 eh   2631.73931131579     
 exc  -61.1890799496090     
 eh   16.6050056317713     
 exc  -5.47540510823437     
 eh   2631.90808365561     
 exc  -61.2434098276367     
 eh   2631.73931131579     
 exc  -61.1890799496090     

     -------------- Testing the pseudopotential ------------------------

     O                                                                          

     atomic number is  8.00   valence charge is  6.00
     dft =PBE   lsd =0 sic =0 latt =0  beta=0.50 tr2=1.0E-14
     mesh =1095 r(mesh) =  99.04343 xmin = -7.00 dx = 0.01250

     n l     nl             e AE (Ryd)       e PS (Ryd)   De AE-PS (Ryd) 
     1 0     2S   1( 0.40)       -3.70093       -3.70540        0.00448
     2 1     2P   1( 4.00)       -2.58333       -2.58708        0.00375

     eps = 2.9E-17  iter =  9
 
     Etot =    -145.583754 Ry,     -72.791877 Ha,   -1980.783443 eV
     Etotps =   -27.611380 Ry,     -13.805690 Ha,    -375.674908 eV
     dEtot_ae =       4.307237 Ry
     dEtot_ps =       4.309656 Ry,   Delta E=      -0.002419

     Ekin =     145.257362 Ry,      72.628681 Ha,    1976.342618 eV
     Encl =    -333.615470 Ry,    -166.807735 Ha,   -4539.105359 eV
     Ehrt =      57.628289 Ry,      28.814144 Ha,     784.078968 eV
     Ecxc =     -14.853935 Ry,      -7.426968 Ha,    -202.099670 eV
     Evxt =       0.000000 Ry,       0.000000 Ha,       0.000000 eV
     Epseu=       0.000000 Ry,       0.000000 Ha,       0.000000 eV

     -------------- End of pseudopotential test ------------------------

