
     program ld1 starts. version 11-Feb-05
     today is 24Jun2007 at 22:40:55 

     -------------------- All-electron run ------------------------------

     F                                                                          
     scalar relativistic calculation

     atomic number is  9.00
     dft =LDA   lsd =1 sic =1 latt =0  beta=0.20 tr2=1.0E-14
     mesh =1025 r(mesh) =  99.76081 xmin = -6.00 dx = 0.01250

     n l     nl                  e(Ryd)         e(Ha)          e(eV)
     1 0     1S 1( 1.00)       -52.7206       -26.3603      -717.3062
     2 0     2S 1( 1.00)        -2.8381        -1.4190       -38.6140
     2 1     2P 1( 3.00)        -1.5041        -0.7521       -20.4645
     1 0     1S 2( 1.00)       -52.6639       -26.3320      -716.5351
     2 0     2S 2( 1.00)        -2.7162        -1.3581       -36.9562
     2 1     2P 2( 2.00)        -1.3724        -0.6862       -18.6729

     eps = 7.7E-16  iter = 62
 
     Etot =    -200.174338 Ry,    -100.087169 Ha,   -2723.532007 eV
     Total magnetization:    1.00 Bohr mag. 

     Ekin =     200.023808 Ry,     100.011904 Ha,    2721.483921 eV
     Encl =    -479.088493 Ry,    -239.544246 Ha,   -6518.382216 eV
     Eh   =     100.121075 Ry,      50.060538 Ha,    1362.227328 eV
     Exc  =     -21.230728 Ry,     -10.615364 Ha,    -288.861040 eV
     Evxt =       0.000000 Ry,       0.000000 Ha,       0.000000 eV
     Epseu=       0.000000 Ry,       0.000000 Ha,       0.000000 eV
 
     SIC information:
     Esich=     -16.844925 Ry,      -8.422462 Ha,    -229.188679 eV
     Esicxc=     15.058394 Ry,       7.529197 Ha,     204.881504 eV
     Esictot=    -1.786530 Ry,      -0.893265 Ha,     -24.307175 eV
 
     tot-Exc=   -19.444198 Ry,      -9.722099 Ha,    -264.553865 eV
     int-Exc=    -4.385803 Ry,      -2.192902 Ha,     -59.672362 eV
     int-Eh=     83.276151 Ry,      41.638075 Ha,    1133.038649 eV


     normalization and overlap integrals

     s(1S/1S) =  1.000000  <r> =   0.1760  <r2> =    0.0417  r(max) =   0.1139
     s(1S/2S) =  0.007235
     s(2S/2S) =  1.000000  <r> =   1.0081  <r2> =    1.2381  r(max) =   0.7713
     s(2P/2P) =  1.000000  <r> =   1.0643  <r2> =    1.4922  r(max) =   0.6979
     s(1S/1S) =  1.000000  <r> =   0.1758  <r2> =    0.0416  r(max) =   0.1139
     s(1S/2S) =  0.007130
     s(2S/2S) =  1.000000  <r> =   1.0199  <r2> =    1.2702  r(max) =   0.7713
     s(2P/2P) =  1.000000  <r> =   1.0980  <r2> =    1.5997  r(max) =   0.7066

     -------------------- End of All-electron run ----------------------

