
     program ld1 starts. version 11-Feb-05
     today is 24Jun2007 at 22:40:57 

     from scf : info #        -1
     warning: convergence not achieved
     -------------------- All-electron run ------------------------------

     He                                                                         

     atomic number is  2.00
     dft =PBE   lsd =1 sic =1 latt =0  beta=0.20 tr2=1.0E-14
     mesh = 905 r(mesh) = 100.16840 xmin = -6.00 dx = 0.01250

     n l     nl                  e(Ryd)         e(Ha)          e(eV)
     1 0     1S 1( 1.00)        -1.8771        -0.9386       -25.5399
     1 0     1S 2( 1.00)        -1.8771        -0.9386       -25.5399

     eps = 1.4E+02  iter =201
 
     Etot =      -5.785418 Ry,      -2.892709 Ha,     -78.715245 eV
     Total magnetization:    0.00 Bohr mag. 

     Ekin =       5.732587 Ry,       2.866294 Ha,      77.996436 eV
     Encl =     -13.513167 Ry,      -6.756583 Ha,    -183.857443 eV
     Eh   =       4.114324 Ry,       2.057162 Ha,      55.978672 eV
     Exc  =      -2.119163 Ry,      -1.059582 Ha,     -28.832911 eV
     Evxt =       0.000000 Ry,       0.000000 Ha,       0.000000 eV
     Epseu=       0.000000 Ry,       0.000000 Ha,       0.000000 eV
 
     SIC information:
     Esich=      -2.057162 Ry,      -1.028581 Ha,     -27.989336 eV
     Esicxc=      2.053866 Ry,       1.026933 Ha,      27.944489 eV
     Esictot=    -0.003296 Ry,      -0.001648 Ha,      -0.044847 eV
 
     tot-Exc=    -2.115867 Ry,      -1.057934 Ha,     -28.788064 eV
     int-Exc=    -0.062001 Ry,      -0.031001 Ha,      -0.843575 eV
     int-Eh=      2.057162 Ry,       1.028581 Ha,      27.989336 eV


     normalization and overlap integrals

     s(1S/1S) =  1.000000  <r> =   0.9235  <r2> =    1.1720  r(max) =   0.5737
     s(1S/1S) =  1.000000  <r> =   0.9235  <r2> =    1.1720  r(max) =   0.5737

     -------------------- End of All-electron run ----------------------

